#
# A fatal error has been detected by the Java Runtime Environment:
#
#  SIGSEGV (0xb) at pc=0x62823be0, pid=4136, tid=3061402432
#
# JRE version: Java(TM) SE Runtime Environment (8.0_40-b11) (build 1.8.0_40-ea-b11)
# Java VM: Java HotSpot(TM) Server VM (25.40-b15 mixed mode linux-x86 )
# Problematic frame:
# C  0x62823be0
#
# Failed to write core dump. Core dumps have been disabled. To enable core dumping, try "ulimit -c unlimited" before starting Java again
#
# If you would like to submit a bug report, please visit:
#   http://bugreport.sun.com/bugreport/crash.jsp
#

---------------  T H R E A D  ---------------

Current thread is native thread

siginfo: si_signo: 11 (SIGSEGV), si_code: 1 (SEGV_MAPERR), si_addr: 0x62823be0

Registers:
EAX=0x63797618, EBX=0xb77a3000, ECX=0x00000001, EDX=0x62823be0
ESP=0xb679432c, EBP=0x00000003, ESI=0xb6794be8, EDI=0xb77a31bc
EIP=0x62823be0, EFLAGS=0x00210282, CR2=0x62823be0

Top of Stack: (sp=0xb679432c)
0xb679432c:   b7790d56 63797618 b776c000 b6794b40
0xb679433c:   b75f36f3 00000000 b77a31a4 00000004
0xb679434c:   b77a31a4 b6794b40 003d0f00 b7790cc9
0xb679435c:   b77a3000 b6794b40 003d0f00 b6794428
0xb679436c:   b7790f83 b6794390 00000000 00000000
0xb679437c:   00000000 00000000 00000000 00000000
0xb679438c:   00000000 b77a3000 b6794b40 003d0f00
0xb679439c:   b6794428 aeef630f ae77fd0d 00000000 

Instructions: (pc=0x62823be0)
0x62823bc0:   
[error occurred during error reporting (printing registers, top of stack, instructions near pc), id 0xb]

Register to memory mapping:

EAX=0x63797618 is an unknown value
EBX=0xb77a3000: <offset 0x19000> in /lib/i386-linux-gnu/libpthread.so.0 at 0xb778a000
ECX=0x00000001 is an unknown value
EDX=0x62823be0 is an unknown value
ESP=0xb679432c is an unknown value
EBP=0x00000003 is an unknown value
ESI=0xb6794be8 is an unknown value
EDI=0xb77a31bc: <offset 0x191bc> in /lib/i386-linux-gnu/libpthread.so.0 at 0xb778a000


Stack: [0xb6744000,0xb6795000],  sp=0xb679432c,  free space=320k
Native frames: (J=compiled Java code, j=interpreted, Vv=VM code, C=native code)
C  0x62823be0


---------------  P R O C E S S  ---------------

VM state:at safepoint (shutting down)

VM Mutex/Monitor currently owned by a thread:  ([mutex/lock_event])
[0xb6605eb8] Threads_lock - owner thread: 0x64e10400

Heap:
 PSYoungGen      total 69120K, used 24386K [0x91f80000, 0x96580000, 0xa7000000)
  eden space 66560K, 32% used [0x91f80000,0x934d4308,0x96080000)
  from space 2560K, 99% used [0x96300000,0x9657c890,0x96580000)
  to   space 2560K, 0% used [0x96080000,0x96080000,0x96300000)
 ParOldGen       total 43776K, used 16855K [0x67e00000, 0x6a8c0000, 0x91f80000)
  object space 43776K, 38% used [0x67e00000,0x68e75d78,0x6a8c0000)
 Metaspace       used 15401K, capacity 15695K, committed 15768K, reserved 16688K

Card table byte_map: [0x67c06000,0x67e00000] byte_map_base: 0x678c7000

Marking Bits: (ParMarkBitMap*) 0xb71aa4c0
 Begin Bits: [0x65970000, 0x66938000)
 End Bits:   [0x66938000, 0x67900000)

Polling page: 0xb77af000

CodeCache: size=245760Kb used=5998Kb max_used=6025Kb free=239761Kb
 bounds [0xa75ab000, 0xa7b93000, 0xb65ab000]
 total_blobs=2478 nmethods=1971 adapters=422
 compilation: enabled

Compilation events (10 events):
Event: 7.446 Thread 0x64e33400 1999       4       java.lang.CharacterDataLatin1::getType (11 bytes)
Event: 7.447 Thread 0x64e33400 nmethod 1999 0xa7684188 code [0xa7684280, 0xa76842f0]
Event: 7.447 Thread 0x64e33400 1648       4       java.util.ArrayList::rangeCheck (22 bytes)
Event: 7.448 Thread 0x64e33400 nmethod 1648 0xa7b75908 code [0xa7b75a00, 0xa7b75a70]
Event: 8.308 Thread 0x64e35000 2001       3       java.util.logging.LogManager$LoggerContext::getRootLogger (8 bytes)
Event: 8.309 Thread 0x64e35000 nmethod 2001 0xa7b75608 code [0xa7b75720, 0xa7b75880]
Event: 8.309 Thread 0x64e35000 2002       3       java.util.logging.LogManager$LoggerContext::getGlobalLogger (6 bytes)
Event: 8.309 Thread 0x64e35000 nmethod 2002 0xa7b75388 code [0xa7b754a0, 0xa7b75580]
Event: 8.312 Thread 0x64e35000 2003       3       java.util.concurrent.locks.ReentrantLock$Sync::tryRelease (45 bytes)
Event: 8.313 Thread 0x64e35000 nmethod 2003 0xa7b74ac8 code [0xa7b74c20, 0xa7b7508c]

GC Heap History (8 events):
Event: 1.478 GC heap before
{Heap before GC invocations=1 (full 0):
 PSYoungGen      total 19200K, used 16640K [0x91f80000, 0x934c0000, 0xa7000000)
  eden space 16640K, 100% used [0x91f80000,0x92fc0000,0x92fc0000)
  from space 2560K, 0% used [0x93240000,0x93240000,0x934c0000)
  to   space 2560K, 0% used [0x92fc0000,0x92fc0000,0x93240000)
 ParOldGen       total 43776K, used 0K [0x67e00000, 0x6a8c0000, 0x91f80000)
  object space 43776K, 0% used [0x67e00000,0x67e00000,0x6a8c0000)
 Metaspace       used 5798K, capacity 5917K, committed 6040K, reserved 6448K
Event: 1.502 GC heap after
Heap after GC invocations=1 (full 0):
 PSYoungGen      total 19200K, used 2551K [0x91f80000, 0x94500000, 0xa7000000)
  eden space 16640K, 0% used [0x91f80000,0x91f80000,0x92fc0000)
  from space 2560K, 99% used [0x92fc0000,0x9323de20,0x93240000)
  to   space 2560K, 0% used [0x94280000,0x94280000,0x94500000)
 ParOldGen       total 43776K, used 615K [0x67e00000, 0x6a8c0000, 0x91f80000)
  object space 43776K, 1% used [0x67e00000,0x67e99ee8,0x6a8c0000)
 Metaspace       used 5798K, capacity 5917K, committed 6040K, reserved 6448K
}
Event: 2.337 GC heap before
{Heap before GC invocations=2 (full 0):
 PSYoungGen      total 19200K, used 19191K [0x91f80000, 0x94500000, 0xa7000000)
  eden space 16640K, 100% used [0x91f80000,0x92fc0000,0x92fc0000)
  from space 2560K, 99% used [0x92fc0000,0x9323de20,0x93240000)
  to   space 2560K, 0% used [0x94280000,0x94280000,0x94500000)
 ParOldGen       total 43776K, used 615K [0x67e00000, 0x6a8c0000, 0x91f80000)
  object space 43776K, 1% used [0x67e00000,0x67e99ee8,0x6a8c0000)
 Metaspace       used 7701K, capacity 7818K, committed 7832K, reserved 8496K
Event: 2.361 GC heap after
Heap after GC invocations=2 (full 0):
 PSYoungGen      total 35840K, used 2554K [0x91f80000, 0x94500000, 0xa7000000)
  eden space 33280K, 0% used [0x91f80000,0x91f80000,0x94000000)
  from space 2560K, 99% used [0x94280000,0x944fe8c8,0x94500000)
  to   space 2560K, 0% used [0x94000000,0x94000000,0x94280000)
 ParOldGen       total 43776K, used 2747K [0x67e00000, 0x6a8c0000, 0x91f80000)
  object space 43776K, 6% used [0x67e00000,0x680aef70,0x6a8c0000)
 Metaspace       used 7701K, capacity 7818K, committed 7832K, reserved 8496K
}
Event: 4.897 GC heap before
{Heap before GC invocations=3 (full 0):
 PSYoungGen      total 35840K, used 35834K [0x91f80000, 0x94500000, 0xa7000000)
  eden space 33280K, 100% used [0x91f80000,0x94000000,0x94000000)
  from space 2560K, 99% used [0x94280000,0x944fe8c8,0x94500000)
  to   space 2560K, 0% used [0x94000000,0x94000000,0x94280000)
 ParOldGen       total 43776K, used 2747K [0x67e00000, 0x6a8c0000, 0x91f80000)
  object space 43776K, 6% used [0x67e00000,0x680aef70,0x6a8c0000)
 Metaspace       used 11646K, capacity 11830K, committed 11928K, reserved 12592K
Event: 4.965 GC heap after
Heap after GC invocations=3 (full 0):
 PSYoungGen      total 35840K, used 2552K [0x91f80000, 0x96580000, 0xa7000000)
  eden space 33280K, 0% used [0x91f80000,0x91f80000,0x94000000)
  from space 2560K, 99% used [0x94000000,0x9427e080,0x94280000)
  to   space 2560K, 0% used [0x96300000,0x96300000,0x96580000)
 ParOldGen       total 43776K, used 9007K [0x67e00000, 0x6a8c0000, 0x91f80000)
  object space 43776K, 20% used [0x67e00000,0x686cbc98,0x6a8c0000)
 Metaspace       used 11646K, capacity 11830K, committed 11928K, reserved 12592K
}
Event: 6.240 GC heap before
{Heap before GC invocations=4 (full 0):
 PSYoungGen      total 35840K, used 35832K [0x91f80000, 0x96580000, 0xa7000000)
  eden space 33280K, 100% used [0x91f80000,0x94000000,0x94000000)
  from space 2560K, 99% used [0x94000000,0x9427e080,0x94280000)
  to   space 2560K, 0% used [0x96300000,0x96300000,0x96580000)
 ParOldGen       total 43776K, used 9007K [0x67e00000, 0x6a8c0000, 0x91f80000)
  object space 43776K, 20% used [0x67e00000,0x686cbc98,0x6a8c0000)
 Metaspace       used 13821K, capacity 14033K, committed 14104K, reserved 14640K
Event: 6.300 GC heap after
Heap after GC invocations=4 (full 0):
 PSYoungGen      total 69120K, used 2546K [0x91f80000, 0x96580000, 0xa7000000)
  eden space 66560K, 0% used [0x91f80000,0x91f80000,0x96080000)
  from space 2560K, 99% used [0x96300000,0x9657c890,0x96580000)
  to   space 2560K, 0% used [0x96080000,0x96080000,0x96300000)
 ParOldGen       total 43776K, used 16855K [0x67e00000, 0x6a8c0000, 0x91f80000)
  object space 43776K, 38% used [0x67e00000,0x68e75d78,0x6a8c0000)
 Metaspace       used 13821K, capacity 14033K, committed 14104K, reserved 14640K
}

Deoptimization events (10 events):
Event: 5.350 Thread 0xb6608800 Uncommon trap: reason=unstable_if action=reinterpret pc=0xa793b258 method=java.util.HashMap.putVal(ILjava/lang/Object;Ljava/lang/Object;ZZ)Ljava/lang/Object; @ 162
Event: 5.505 Thread 0xb6608800 Uncommon trap: reason=class_check action=maybe_recompile pc=0xa7a84718 method=java.util.Properties$LineReader.readLine()I @ 62
Event: 6.485 Thread 0x62e12400 Uncommon trap: reason=unstable_if action=reinterpret pc=0xa7a92e14 method=java.lang.ThreadLocal.get()Ljava/lang/Object; @ 11
Event: 6.490 Thread 0x62e12400 Uncommon trap: reason=unstable_if action=reinterpret pc=0xa7af4d14 method=groovy.lang.MetaClassImpl.checkIfStdMethod(Lgroovy/lang/MetaMethod;)V @ 10
Event: 6.491 Thread 0x62e12400 Uncommon trap: reason=unstable_if action=reinterpret pc=0xa7af1004 method=groovy.lang.MetaClassImpl.checkIfStdMethod(Lgroovy/lang/MetaMethod;)V @ 10
Event: 6.533 Thread 0x6421d400 Uncommon trap: reason=class_check action=maybe_recompile pc=0xa7a84718 method=java.util.Properties$LineReader.readLine()I @ 62
Event: 6.533 Thread 0x6421d400 Uncommon trap: reason=unstable_if action=reinterpret pc=0xa7a844bc method=java.util.Properties$LineReader.readLine()I @ 206
Event: 6.539 Thread 0x6421d400 Uncommon trap: reason=unstable_if action=reinterpret pc=0xa7a83e00 method=java.util.Properties.loadConvert([CII[C)Ljava/lang/String; @ 57
Event: 6.540 Thread 0x6421d400 Uncommon trap: reason=unstable_if action=reinterpret pc=0xa77f4afc method=java.lang.AbstractStringBuilder.append(Ljava/lang/String;)Ljava/lang/AbstractStringBuilder; @ 1
Event: 6.541 Thread 0x6421d400 Uncommon trap: reason=unstable_if action=reinterpret pc=0xa77f13f8 method=java.lang.AbstractStringBuilder.append(Ljava/lang/String;)Ljava/lang/AbstractStringBuilder; @ 1

Internal exceptions (10 events):
Event: 7.298 Thread 0x62e12400 Exception <a 'java/lang/reflect/InvocationTargetException'> (0x932e81d0) thrown at [/HUDSON/workspace/8-2-build-linux-i586/jdk8u40/1826.nc/hotspot/src/share/vm/runtime/reflection.cpp, line 1080]
Event: 7.298 Thread 0x62e12400 Exception <a 'java/lang/reflect/InvocationTargetException'> (0x932e99b8) thrown at [/HUDSON/workspace/8-2-build-linux-i586/jdk8u40/1826.nc/hotspot/src/share/vm/runtime/reflection.cpp, line 1080]
Event: 7.298 Thread 0x62e12400 Exception <a 'java/lang/reflect/InvocationTargetException'> (0x932eb248) thrown at [/HUDSON/workspace/8-2-build-linux-i586/jdk8u40/1826.nc/hotspot/src/share/vm/runtime/reflection.cpp, line 1080]
Event: 7.298 Thread 0x62e12400 Exception <a 'java/lang/reflect/InvocationTargetException'> (0x932eca30) thrown at [/HUDSON/workspace/8-2-build-linux-i586/jdk8u40/1826.nc/hotspot/src/share/vm/runtime/reflection.cpp, line 1080]
Event: 7.300 Thread 0x62e12400 Exception <a 'java/lang/reflect/InvocationTargetException'> (0x932edc38) thrown at [/HUDSON/workspace/8-2-build-linux-i586/jdk8u40/1826.nc/hotspot/src/share/vm/runtime/reflection.cpp, line 1080]
Event: 7.300 Thread 0x62e12400 Exception <a 'java/lang/reflect/InvocationTargetException'> (0x932ef420) thrown at [/HUDSON/workspace/8-2-build-linux-i586/jdk8u40/1826.nc/hotspot/src/share/vm/runtime/reflection.cpp, line 1080]
Event: 7.300 Thread 0x62e12400 Exception <a 'java/lang/reflect/InvocationTargetException'> (0x932efc10) thrown at [/HUDSON/workspace/8-2-build-linux-i586/jdk8u40/1826.nc/hotspot/src/share/vm/runtime/reflection.cpp, line 1080]
Event: 7.300 Thread 0x62e12400 Exception <a 'java/lang/reflect/InvocationTargetException'> (0x932f0270) thrown at [/HUDSON/workspace/8-2-build-linux-i586/jdk8u40/1826.nc/hotspot/src/share/vm/runtime/reflection.cpp, line 1080]
Event: 7.300 Thread 0x62e12400 Exception <a 'java/lang/reflect/InvocationTargetException'> (0x932f0740) thrown at [/HUDSON/workspace/8-2-build-linux-i586/jdk8u40/1826.nc/hotspot/src/share/vm/runtime/reflection.cpp, line 1080]
Event: 7.300 Thread 0x62e12400 Exception <a 'java/lang/reflect/InvocationTargetException'> (0x932f0a80) thrown at [/HUDSON/workspace/8-2-build-linux-i586/jdk8u40/1826.nc/hotspot/src/share/vm/runtime/reflection.cpp, line 1080]

Events (10 events):
Event: 8.309 loading class sun/awt/X11/XSystemTrayPeer
Event: 8.310 loading class java/awt/peer/SystemTrayPeer
Event: 8.310 loading class java/awt/peer/SystemTrayPeer done
Event: 8.310 loading class sun/awt/X11/XSystemTrayPeer done
Event: 8.312 Executing VM operation: RevokeBias
Event: 8.312 Executing VM operation: RevokeBias done
Event: 8.312 Executing VM operation: RevokeBias
Event: 8.312 Executing VM operation: RevokeBias done
Event: 8.312 Thread 0x62e11400 Thread exited: 0x62e11400
Event: 8.313 Thread 0xb6608800 Thread exited: 0xb6608800


Dynamic libraries:
08048000-08049000 r-xp 00000000 08:04 6168565    /home/zhaoqunqi/software/java/jdk1.8.0_40/bin/java
08049000-0804a000 rw-p 00000000 08:04 6168565    /home/zhaoqunqi/software/java/jdk1.8.0_40/bin/java
0807e000-089e0000 rw-p 00000000 00:00 0          [heap]
626c6000-626e6000 rw-p 00000000 00:00 0 
626e6000-627c6000 ---p 00000000 00:00 0 
62a00000-62a25000 rw-p 00000000 00:00 0 
62a25000-62b00000 ---p 00000000 00:00 0 
62b00000-62c00000 rw-p 00000000 00:00 0 
62c00000-62d00000 rw-p 00000000 00:00 0 
62d00000-62e00000 rw-p 00000000 00:00 0 
62e00000-62efe000 rw-p 00000000 00:00 0 
62efe000-62f00000 ---p 00000000 00:00 0 
62f1d000-62f20000 ---p 00000000 00:00 0 
62f20000-62f6e000 rw-p 00000000 00:00 0          [stack:4158]
62f6e000-62f76000 r--s 00000000 08:04 6553701    /var/cache/fontconfig/945677eb7aeaf62f1d50efc3fb3ec7d8-le32d4.cache-4
62f90000-62f93000 ---p 00000000 00:00 0 
62f93000-630e1000 rw-p 00000000 00:00 0 
630e1000-631e1000 rw-p 00000000 00:00 0 
631e5000-631e6000 r--s 00000000 08:04 6558625    /var/cache/fontconfig/c05880de57d1f5e948fdfacc138775d9-le32d4.cache-4
631e6000-631ea000 r--s 00000000 08:04 6558623    /var/cache/fontconfig/2cd17615ca594fa2959ae173292e504c-le32d4.cache-4
631ea000-631eb000 r--s 00000000 08:04 6558585    /var/cache/fontconfig/e7071f4a29fa870f4323321c154eba04-le32d4.cache-4
6323a000-6323d000 ---p 00000000 00:00 0 
6323d000-6328b000 rw-p 00000000 00:00 0 
6328b000-63292000 r--s 00000000 08:04 1451373    /usr/lib/i386-linux-gnu/gconv/gconv-modules.cache
63292000-63297000 r-xp 00000000 08:04 1447116    /usr/lib/i386-linux-gnu/libXdmcp.so.6.0.0
63297000-63298000 r--p 00004000 08:04 1447116    /usr/lib/i386-linux-gnu/libXdmcp.so.6.0.0
63298000-63299000 rw-p 00005000 08:04 1447116    /usr/lib/i386-linux-gnu/libXdmcp.so.6.0.0
63299000-632b9000 r-xp 00000000 08:04 1448169    /usr/lib/i386-linux-gnu/libxcb.so.1.1.0
632b9000-632ba000 r--p 0001f000 08:04 1448169    /usr/lib/i386-linux-gnu/libxcb.so.1.1.0
632ba000-632bb000 rw-p 00020000 08:04 1448169    /usr/lib/i386-linux-gnu/libxcb.so.1.1.0
632bb000-632ca000 r-xp 00000000 08:04 1447126    /usr/lib/i386-linux-gnu/libXi.so.6.1.0
632ca000-632cb000 r--p 0000e000 08:04 1447126    /usr/lib/i386-linux-gnu/libXi.so.6.1.0
632cb000-632cc000 rw-p 0000f000 08:04 1447126    /usr/lib/i386-linux-gnu/libXi.so.6.1.0
632cc000-633fc000 r-xp 00000000 08:04 1447101    /usr/lib/i386-linux-gnu/libX11.so.6.3.0
633fc000-633fd000 r--p 00130000 08:04 1447101    /usr/lib/i386-linux-gnu/libX11.so.6.3.0
633fd000-633ff000 rw-p 00131000 08:04 1447101    /usr/lib/i386-linux-gnu/libX11.so.6.3.0
633ff000-63400000 rw-p 00000000 00:00 0 
63400000-634d7000 rw-p 00000000 00:00 0 
634d7000-63500000 ---p 00000000 00:00 0 
63500000-63501000 r--s 00000000 08:04 6558584    /var/cache/fontconfig/0d8c3b2ac0904cb8a57a757ad11a4a08-le32d4.cache-4
63501000-63503000 r-xp 00000000 08:04 1447105    /usr/lib/i386-linux-gnu/libXau.so.6.0.0
63503000-63504000 r--p 00001000 08:04 1447105    /usr/lib/i386-linux-gnu/libXau.so.6.0.0
63504000-63505000 rw-p 00002000 08:04 1447105    /usr/lib/i386-linux-gnu/libXau.so.6.0.0
63505000-6358b000 r-xp 00000000 08:04 6168671    /home/zhaoqunqi/software/java/jdk1.8.0_40/jre/lib/i386/libawt.so
6358b000-63592000 rw-p 00086000 08:04 6168671    /home/zhaoqunqi/software/java/jdk1.8.0_40/jre/lib/i386/libawt.so
63592000-635b6000 rw-p 00000000 00:00 0 
635b6000-635c5000 r--s 00000000 08:04 6558510    /var/cache/fontconfig/04aabc0a78ac019cf9454389977116d2-le32d4.cache-4
635c5000-635e1000 r-xp 00000000 08:04 4063261    /lib/i386-linux-gnu/libgcc_s.so.1
635e1000-635e2000 rw-p 0001b000 08:04 4063261    /lib/i386-linux-gnu/libgcc_s.so.1
635e2000-635e7000 r--s 00000000 08:04 6558511    /var/cache/fontconfig/a755afe4a08bf5b97852ceb7400b47bc-le32d4.cache-4
635e7000-635f7000 r--s 00000000 08:04 6557488    /var/cache/fontconfig/d52a8644073d54c13679302ca1180695-le32d4.cache-4
635f7000-63657000 r-xp 00000000 08:04 6168688    /home/zhaoqunqi/software/java/jdk1.8.0_40/jre/lib/i386/libfontmanager.so
63657000-63659000 rw-p 00060000 08:04 6168688    /home/zhaoqunqi/software/java/jdk1.8.0_40/jre/lib/i386/libfontmanager.so
63659000-6365e000 rw-p 00000000 00:00 0 
63689000-63698000 r-xp 00000000 08:04 6168678    /home/zhaoqunqi/software/java/jdk1.8.0_40/jre/lib/i386/libnio.so
63698000-63699000 rw-p 0000e000 08:04 6168678    /home/zhaoqunqi/software/java/jdk1.8.0_40/jre/lib/i386/libnio.so
63699000-636ae000 r-xp 00000000 08:04 6168712    /home/zhaoqunqi/software/java/jdk1.8.0_40/jre/lib/i386/libnet.so
636ae000-636af000 rw-p 00014000 08:04 6168712    /home/zhaoqunqi/software/java/jdk1.8.0_40/jre/lib/i386/libnet.so
636af000-636b2000 ---p 00000000 00:00 0 
636b2000-63700000 rw-p 00000000 00:00 0          [stack:4155]
63700000-63800000 rw-p 00000000 00:00 0 
63800000-63803000 r--s 00000000 08:04 6558256    /var/cache/fontconfig/385c0604a188198f04d133e54aba7fe7-le32d4.cache-4
63803000-63814000 r-xp 00000000 08:04 1447118    /usr/lib/i386-linux-gnu/libXext.so.6.4.0
63814000-63815000 r--p 00010000 08:04 1447118    /usr/lib/i386-linux-gnu/libXext.so.6.4.0
63815000-63816000 rw-p 00011000 08:04 1447118    /usr/lib/i386-linux-gnu/libXext.so.6.4.0
63816000-63817000 r--s 00000000 08:04 6558474    /var/cache/fontconfig/1ac9eb803944fde146138c791f5cc56a-le32d4.cache-4
63817000-6382b000 r--p 00000000 08:04 1842350    /usr/share/locale-langpack/zh_CN/LC_MESSAGES/libc.mo
6382b000-63877000 r-xp 00000000 08:04 6168684    /home/zhaoqunqi/software/java/jdk1.8.0_40/jre/lib/i386/libawt_xawt.so
63877000-63879000 rw-p 0004c000 08:04 6168684    /home/zhaoqunqi/software/java/jdk1.8.0_40/jre/lib/i386/libawt_xawt.so
63879000-6387a000 rw-p 00000000 00:00 0 
6387a000-6387c000 r--s 00000000 08:04 6557487    /var/cache/fontconfig/767a8244fc0220cfb567a839d0392e0b-le32d4.cache-4
6387c000-63880000 r--s 00000000 08:04 6557983    /var/cache/fontconfig/8801497958630a81b71ace7c5f9b32a8-le32d4.cache-4
63880000-63885000 r--s 00000000 08:04 6557982    /var/cache/fontconfig/3047814df9a2f067bd2d96a2b9c36e5a-le32d4.cache-4
63885000-63889000 r--s 00000000 08:04 6557965    /var/cache/fontconfig/b47c4e1ecd0709278f4910c18777a504-le32d4.cache-4
63889000-6388d000 r-xp 00000000 08:04 1447120    /usr/lib/i386-linux-gnu/libXfixes.so.3.1.0
6388d000-6388e000 r--p 00003000 08:04 1447120    /usr/lib/i386-linux-gnu/libXfixes.so.3.1.0
6388e000-6388f000 rw-p 00004000 08:04 1447120    /usr/lib/i386-linux-gnu/libXfixes.so.3.1.0
6388f000-63898000 r-xp 00000000 08:04 1447112    /usr/lib/i386-linux-gnu/libXcursor.so.1.0.2
63898000-63899000 r--p 00008000 08:04 1447112    /usr/lib/i386-linux-gnu/libXcursor.so.1.0.2
63899000-6389a000 rw-p 00009000 08:04 1447112    /usr/lib/i386-linux-gnu/libXcursor.so.1.0.2
6389a000-6389b000 r--s 00000000 08:04 6558252    /var/cache/fontconfig/dc05db6664285cc2f12bf69c139ae4c3-le32d4.cache-4
6389b000-6389c000 r--s 00000000 08:04 6557986    /var/cache/fontconfig/4794a0821666d79190d59a36cb4f44b5-le32d4.cache-4
6389c000-638a3000 r--s 00000000 08:04 6557699    /var/cache/fontconfig/3f7329c5293ffd510edef78f73874cfd-le32d4.cache-4
638a3000-638a6000 r--s 00000000 08:04 6557602    /var/cache/fontconfig/d589a48862398ed80a3d6066f4f56f4c-le32d4.cache-4
638a6000-638af000 r--s 00000000 08:04 6562851    /var/cache/fontconfig/089dead882dea3570ffc31a9898cfb69-le32d4.cache-4
638af000-638b2000 ---p 00000000 00:00 0 
638b2000-63a00000 rw-p 00000000 00:00 0          [stack:4154]
63a00000-63afc000 rw-p 00000000 00:00 0 
63afc000-63b00000 ---p 00000000 00:00 0 
63b00000-63bfc000 rw-p 00000000 00:00 0 
63bfc000-63c00000 ---p 00000000 00:00 0 
63c00000-63d00000 rw-p 00000000 00:00 0 
63d00000-63e00000 rw-p 00000000 00:00 0 
63e00000-63f00000 rw-p 00000000 00:00 0 
63f00000-64000000 rw-p 00000000 00:00 0 
64000000-64100000 rw-p 00000000 00:00 0 
64100000-64200000 rw-p 00000000 00:00 0 
64200000-64300000 rw-p 00000000 00:00 0 
64300000-643fd000 rw-p 00000000 00:00 0 
643fd000-64400000 ---p 00000000 00:00 0 
64400000-644f7000 rw-p 00000000 00:00 0 
644f7000-64500000 ---p 00000000 00:00 0 
64500000-64503000 r--s 00000000 08:04 6562901    /var/cache/fontconfig/7ef2298fde41cc6eeb7af42e48b7d293-le32d4.cache-4
64503000-6450c000 r-xp 00000000 08:04 1447140    /usr/lib/i386-linux-gnu/libXrender.so.1.3.0
6450c000-6450d000 r--p 00008000 08:04 1447140    /usr/lib/i386-linux-gnu/libXrender.so.1.3.0
6450d000-6450e000 rw-p 00009000 08:04 1447140    /usr/lib/i386-linux-gnu/libXrender.so.1.3.0
6450e000-64521000 r--s 00344000 08:04 6168730    /home/zhaoqunqi/software/java/jdk1.8.0_40/jre/lib/resources.jar
64521000-64524000 ---p 00000000 00:00 0 
64524000-64572000 rw-p 00000000 00:00 0          [stack:4153]
64572000-64575000 ---p 00000000 00:00 0 
64575000-645c3000 rw-p 00000000 00:00 0          [stack:4152]
645c3000-6462e000 r--s 00685000 08:04 786764     /home/zhaoqunqi/.gradle/caches/modules-2/files-2.1/org.codehaus.groovy/groovy-all/2.3.7/feb6df9c6936c797159091a451ed8590d67101dc/groovy-all-2.3.7.jar
6462e000-6462f000 ---p 00000000 00:00 0 
6462f000-646af000 rw-p 00000000 00:00 0 
646af000-646b2000 ---p 00000000 00:00 0 
646b2000-64700000 rw-p 00000000 00:00 0          [stack:4150]
64700000-647fb000 rw-p 00000000 00:00 0 
647fb000-64800000 ---p 00000000 00:00 0 
64800000-64801000 r--s 00000000 08:04 6557981    /var/cache/fontconfig/56cf4f4769d0f4abc89a4895d7bd3ae1-le32d4.cache-4
64801000-64802000 r--s 00000000 08:04 6557980    /var/cache/fontconfig/b9d506c9ac06c20b433354fa67a72993-le32d4.cache-4
64802000-64807000 r-xp 00000000 08:04 1447146    /usr/lib/i386-linux-gnu/libXtst.so.6.1.0
64807000-64808000 r--p 00004000 08:04 1447146    /usr/lib/i386-linux-gnu/libXtst.so.6.1.0
64808000-64809000 rw-p 00005000 08:04 1447146    /usr/lib/i386-linux-gnu/libXtst.so.6.1.0
64809000-64825000 r--s 00393000 08:04 6684909    /home/zhaoqunqi/software/java/jdk1.8.0_40/jre/lib/ext/cldrdata.jar
64825000-64828000 ---p 00000000 00:00 0 
64828000-648a6000 rw-p 00000000 00:00 0          [stack:4149]
648a6000-648a9000 ---p 00000000 00:00 0 
648a9000-64927000 rw-p 00000000 00:00 0          [stack:4148]
64927000-6492a000 ---p 00000000 00:00 0 
6492a000-64978000 rw-p 00000000 00:00 0          [stack:4147]
64978000-64add000 r--p 001c8000 08:04 1450231    /usr/lib/locale/locale-archive
64add000-64cdd000 r--p 00000000 08:04 1450231    /usr/lib/locale/locale-archive
64cdd000-64ce0000 ---p 00000000 00:00 0 
64ce0000-64d2e000 rw-p 00000000 00:00 0          [stack:4146]
64d2e000-64d31000 ---p 00000000 00:00 0 
64d31000-64d7f000 rw-p 00000000 00:00 0          [stack:4145]
64d7f000-64d80000 ---p 00000000 00:00 0 
64d80000-64e00000 rw-p 00000000 00:00 0 
64e00000-64f00000 rw-p 00000000 00:00 0 
64f00000-64f02000 r--s 00000000 08:04 6553696    /var/cache/fontconfig/e13b20fdb08344e0e664864cc2ede53d-le32d4.cache-4
64f02000-64f0c000 r--s 00116000 08:04 6684913    /home/zhaoqunqi/software/java/jdk1.8.0_40/jre/lib/ext/localedata.jar
64f0c000-64f5b000 rw-p 00000000 00:00 0 
64f5b000-65132000 r--s 03cfa000 08:04 6168736    /home/zhaoqunqi/software/java/jdk1.8.0_40/jre/lib/rt.jar
65132000-65578000 rw-p 00000000 00:00 0 
65578000-6557e000 ---p 00000000 00:00 0 
6557e000-67900000 rw-p 00000000 00:00 0 
67900000-679f9000 rw-p 00000000 00:00 0 
679f9000-67a00000 ---p 00000000 00:00 0 
67a00000-67a05000 r--s 002f8000 08:04 6168724    /home/zhaoqunqi/software/java/jdk1.8.0_40/jre/lib/charsets.jar
67a05000-67a0c000 r--s 0003e000 08:04 786766     /home/zhaoqunqi/.gradle/caches/modules-2/files-2.1/org.sonatype.sisu.inject/cglib/2.2.1-v20090111/7ce5e983fd0e6c78346f4c9cbfa39d83049dda2/cglib-2.2.1-v20090111.jar
67a0c000-67a1b000 r--s 0009f000 08:04 786760     /home/zhaoqunqi/.gradle/caches/modules-2/files-2.1/com.google.inject/guice/3.0/9d84f15fe35e2c716a02979fb62f50a29f38aefa/guice-3.0.jar
67a1b000-67a24000 r--s 0006f000 08:04 786835     /home/zhaoqunqi/.gradle/caches/modules-2/files-2.1/log4j/log4j/1.2.17/5af35056b4d257e4b64b9e8069c0746e8b08629f/log4j-1.2.17.jar
67a24000-67a7f000 rw-p 00000000 00:00 0 
67a7f000-67a80000 ---p 00000000 00:00 0 
67a80000-67b00000 rw-p 00000000 00:00 0          [stack:4143]
67b00000-67b29000 rw-p 00000000 00:00 0 
67b29000-67c00000 ---p 00000000 00:00 0 
67c00000-67c01000 r--s 00000000 08:04 6557599    /var/cache/fontconfig/0c9eb80ebd1c36541ebe2852d3bb0c49-le32d4.cache-4
67c01000-67c03000 r--s 00000000 08:04 786765     /home/zhaoqunqi/.gradle/caches/modules-2/files-2.1/aopalliance/aopalliance/1.0/235ba8b489512805ac13a8f9ea77a1ca5ebe3e8/aopalliance-1.0.jar
67c03000-67c06000 r--s 00006000 08:04 786762     /home/zhaoqunqi/.gradle/caches/modules-2/files-2.1/com.google.code.findbugs/jsr305/3.0.0/5871fb60dc68d67da54a663c3fd636a10a532948/jsr305-3.0.0.jar
67c06000-67c1c000 rw-p 00000000 00:00 0 
67c1c000-67d56000 ---p 00000000 00:00 0 
67d56000-67d7a000 rw-p 00000000 00:00 0 
67d7a000-67dff000 ---p 00000000 00:00 0 
67dff000-6a8c0000 rw-p 00000000 00:00 0 
6a8c0000-91f80000 ---p 00000000 00:00 0 
91f80000-96580000 rw-p 00000000 00:00 0 
96580000-a7000000 ---p 00000000 00:00 0 
a7000000-a7001000 r--s 0000a000 08:04 786767     /home/zhaoqunqi/.gradle/caches/modules-2/files-2.1/asm/asm/3.1/c157def142714c544bdea2e6144645702adf7097/asm-3.1.jar
a7001000-a7019000 rw-p 00000000 00:00 0 
a7019000-a701a000 ---p 00000000 00:00 0 
a701a000-a70b0000 rw-p 00000000 00:00 0          [stack:4142]
a70b0000-a71eb000 ---p 00000000 00:00 0 
a71eb000-a7203000 rw-p 00000000 00:00 0 
a7203000-a75ab000 ---p 00000000 00:00 0 
a75ab000-a7b93000 rwxp 00000000 00:00 0 
a7b93000-b65ab000 ---p 00000000 00:00 0 
b65ab000-b65c4000 r-xp 00000000 08:04 6168714    /home/zhaoqunqi/software/java/jdk1.8.0_40/jre/lib/i386/libzip.so
b65c4000-b65c5000 rw-p 00018000 08:04 6168714    /home/zhaoqunqi/software/java/jdk1.8.0_40/jre/lib/i386/libzip.so
b65c5000-b65d0000 r-xp 00000000 08:04 4063263    /lib/i386-linux-gnu/libnss_files-2.19.so
b65d0000-b65d1000 r--p 0000a000 08:04 4063263    /lib/i386-linux-gnu/libnss_files-2.19.so
b65d1000-b65d2000 rw-p 0000b000 08:04 4063263    /lib/i386-linux-gnu/libnss_files-2.19.so
b65d2000-b65dc000 r-xp 00000000 08:04 4063330    /lib/i386-linux-gnu/libnss_nis-2.19.so
b65dc000-b65dd000 r--p 00009000 08:04 4063330    /lib/i386-linux-gnu/libnss_nis-2.19.so
b65dd000-b65de000 rw-p 0000a000 08:04 4063330    /lib/i386-linux-gnu/libnss_nis-2.19.so
b65de000-b65f3000 r-xp 00000000 08:04 4063327    /lib/i386-linux-gnu/libnsl-2.19.so
b65f3000-b65f4000 r--p 00015000 08:04 4063327    /lib/i386-linux-gnu/libnsl-2.19.so
b65f4000-b65f5000 rw-p 00016000 08:04 4063327    /lib/i386-linux-gnu/libnsl-2.19.so
b65f5000-b65f7000 rw-p 00000000 00:00 0 
b65f7000-b65fe000 r-xp 00000000 08:04 4063322    /lib/i386-linux-gnu/libnss_compat-2.19.so
b65fe000-b65ff000 r--p 00006000 08:04 4063322    /lib/i386-linux-gnu/libnss_compat-2.19.so
b65ff000-b6600000 rw-p 00007000 08:04 4063322    /lib/i386-linux-gnu/libnss_compat-2.19.so
b6600000-b66fa000 rw-p 00000000 00:00 0 
b66fa000-b6700000 ---p 00000000 00:00 0 
b6700000-b6702000 r--s 00006000 08:04 786763     /home/zhaoqunqi/.gradle/caches/modules-2/files-2.1/org.slf4j/slf4j-api/1.7.7/2b8019b6249bb05d81d3a3094e468753e2b21311/slf4j-api-1.7.7.jar
b6702000-b6703000 r--s 00000000 08:04 786761     /home/zhaoqunqi/.gradle/caches/modules-2/files-2.1/javax.inject/javax.inject/1/6975da39a7040257bd51d21a231b76c915872d38/javax.inject-1.jar
b6703000-b6705000 r--s 00001000 08:04 786836     /home/zhaoqunqi/.gradle/caches/modules-2/files-2.1/org.slf4j/slf4j-log4j12/1.7.7/58f588119ffd1702c77ccab6acb54bfb41bed8bd/slf4j-log4j12-1.7.7.jar
b6705000-b670f000 r--s 00059000 08:04 786756     /home/zhaoqunqi/.gradle/caches/modules-2/files-2.1/org.codehaus.griffon/griffon-core/2.0.0/f1371a8185f915453af7d7fa14b68b901d84d3de/griffon-core-2.0.0.jar
b670f000-b6717000 rw-s 00000000 08:04 1048688    /tmp/hsperfdata_zhaoqunqi/4136 (deleted)
b6717000-b673a000 r-xp 00000000 08:04 6168709    /home/zhaoqunqi/software/java/jdk1.8.0_40/jre/lib/i386/libjava.so
b673a000-b673b000 rw-p 00023000 08:04 6168709    /home/zhaoqunqi/software/java/jdk1.8.0_40/jre/lib/i386/libjava.so
b673b000-b6742000 r-xp 00000000 08:04 4063326    /lib/i386-linux-gnu/librt-2.19.so
b6742000-b6743000 r--p 00006000 08:04 4063326    /lib/i386-linux-gnu/librt-2.19.so
b6743000-b6744000 rw-p 00007000 08:04 4063326    /lib/i386-linux-gnu/librt-2.19.so
b6744000-b6747000 ---p 00000000 00:00 0 
b6747000-b6795000 rw-p 00000000 00:00 0          [stack:4141]
b6795000-b67d9000 r-xp 00000000 08:04 4063328    /lib/i386-linux-gnu/libm-2.19.so
b67d9000-b67da000 r--p 00043000 08:04 4063328    /lib/i386-linux-gnu/libm-2.19.so
b67da000-b67db000 rw-p 00044000 08:04 4063328    /lib/i386-linux-gnu/libm-2.19.so
b67db000-b712d000 r-xp 00000000 08:04 6564952    /home/zhaoqunqi/software/java/jdk1.8.0_40/jre/lib/i386/server/libjvm.so
b712d000-b7199000 rw-p 00951000 08:04 6564952    /home/zhaoqunqi/software/java/jdk1.8.0_40/jre/lib/i386/server/libjvm.so
b7199000-b75c0000 rw-p 00000000 00:00 0 
b75c0000-b7769000 r-xp 00000000 08:04 4063333    /lib/i386-linux-gnu/libc-2.19.so
b7769000-b776a000 ---p 001a9000 08:04 4063333    /lib/i386-linux-gnu/libc-2.19.so
b776a000-b776c000 r--p 001a9000 08:04 4063333    /lib/i386-linux-gnu/libc-2.19.so
b776c000-b776d000 rw-p 001ab000 08:04 4063333    /lib/i386-linux-gnu/libc-2.19.so
b776d000-b7770000 rw-p 00000000 00:00 0 
b7770000-b7773000 r-xp 00000000 08:04 4067629    /lib/i386-linux-gnu/libdl-2.19.so
b7773000-b7774000 r--p 00002000 08:04 4067629    /lib/i386-linux-gnu/libdl-2.19.so
b7774000-b7775000 rw-p 00003000 08:04 4067629    /lib/i386-linux-gnu/libdl-2.19.so
b7775000-b7789000 r-xp 00000000 08:04 5906971    /home/zhaoqunqi/software/java/jdk1.8.0_40/lib/i386/jli/libjli.so
b7789000-b778a000 rw-p 00013000 08:04 5906971    /home/zhaoqunqi/software/java/jdk1.8.0_40/lib/i386/jli/libjli.so
b778a000-b77a2000 r-xp 00000000 08:04 4067513    /lib/i386-linux-gnu/libpthread-2.19.so
b77a2000-b77a3000 r--p 00017000 08:04 4067513    /lib/i386-linux-gnu/libpthread-2.19.so
b77a3000-b77a4000 rw-p 00018000 08:04 4067513    /lib/i386-linux-gnu/libpthread-2.19.so
b77a4000-b77a7000 rw-p 00000000 00:00 0 
b77a7000-b77a9000 r--s 00010000 08:04 786759     /home/zhaoqunqi/.gradle/caches/modules-2/files-2.1/org.codehaus.griffon/griffon-groovy/2.0.0/6a4d48a2a30b7f770c1018898e05ca2ed5291d90/griffon-groovy-2.0.0.jar
b77a9000-b77aa000 r--s 00004000 08:04 786758     /home/zhaoqunqi/.gradle/caches/modules-2/files-2.1/org.codehaus.griffon/griffon-swing-groovy/2.0.0/2be83796b9128d50ad16c4f2efd9d721d430b137/griffon-swing-groovy-2.0.0.jar
b77aa000-b77ad000 r--s 00019000 08:04 786757     /home/zhaoqunqi/.gradle/caches/modules-2/files-2.1/org.codehaus.griffon/griffon-swing/2.0.0/cebe0e7be35a10a529fa41c3b899898b757fed78/griffon-swing-2.0.0.jar
b77ad000-b77ae000 r--s 00004000 08:04 786755     /home/zhaoqunqi/.gradle/caches/modules-2/files-2.1/org.codehaus.griffon/griffon-guice/2.0.0/928ce9f5b6521507bceffa42aa74eb214cc374d/griffon-guice-2.0.0.jar
b77ae000-b77af000 rw-p 00000000 00:00 0 
b77af000-b77b0000 ---p 00000000 00:00 0 
b77b0000-b77bb000 r-xp 00000000 08:04 6168670    /home/zhaoqunqi/software/java/jdk1.8.0_40/jre/lib/i386/libverify.so
b77bb000-b77bc000 rw-p 0000b000 08:04 6168670    /home/zhaoqunqi/software/java/jdk1.8.0_40/jre/lib/i386/libverify.so
b77bc000-b77be000 rw-p 00000000 00:00 0 
b77be000-b77bf000 r-xp 00000000 00:00 0          [vdso]
b77bf000-b77df000 r-xp 00000000 08:04 4067628    /lib/i386-linux-gnu/ld-2.19.so
b77df000-b77e0000 r--p 0001f000 08:04 4067628    /lib/i386-linux-gnu/ld-2.19.so
b77e0000-b77e1000 rw-p 00020000 08:04 4067628    /lib/i386-linux-gnu/ld-2.19.so
bff84000-bff85000 rwxp 00000000 00:00 0 
bffb6000-bffd8000 rw-p 00000000 00:00 0          [stack]

VM Arguments:
jvm_args: -Dfile.encoding=UTF-8 
java_command: com.shake.Launcher
java_class_path (initial): /home/zhaoqunqi/griffon/console/build/classes/main:/home/zhaoqunqi/griffon/console/build/resources/main:/home/zhaoqunqi/.gradle/caches/modules-2/files-2.1/org.codehaus.griffon/griffon-guice/2.0.0/928ce9f5b6521507bceffa42aa74eb214cc374d/griffon-guice-2.0.0.jar:/home/zhaoqunqi/.gradle/caches/modules-2/files-2.1/org.codehaus.griffon/griffon-core/2.0.0/f1371a8185f915453af7d7fa14b68b901d84d3de/griffon-core-2.0.0.jar:/home/zhaoqunqi/.gradle/caches/modules-2/files-2.1/org.codehaus.griffon/griffon-swing/2.0.0/cebe0e7be35a10a529fa41c3b899898b757fed78/griffon-swing-2.0.0.jar:/home/zhaoqunqi/.gradle/caches/modules-2/files-2.1/org.codehaus.griffon/griffon-swing-groovy/2.0.0/2be83796b9128d50ad16c4f2efd9d721d430b137/griffon-swing-groovy-2.0.0.jar:/home/zhaoqunqi/.gradle/caches/modules-2/files-2.1/org.codehaus.griffon/griffon-groovy/2.0.0/6a4d48a2a30b7f770c1018898e05ca2ed5291d90/griffon-groovy-2.0.0.jar:/home/zhaoqunqi/.gradle/caches/modules-2/files-2.1/log4j/log4j/1.2.17/5af35056b4d257e4b64b9e8069c0746e8b08629f/log4j-1.2.17.jar:/home/zhaoqunqi/.gradle/caches/modules-2/files-2.1/org.slf4j/slf4j-log4j12/1.7.7/58f588119ffd1702c77ccab6acb54bfb41bed8bd/slf4j-log4j12-1.7.7.jar:/home/zhaoqunqi/.gradle/caches/modules-2/files-2.1/com.google.inject/guice/3.0/9d84f15fe35e2c716a02979fb62f50a29f38aefa/guice-3.0.jar:/home/zhaoqunqi/.gradle/caches/modules-2/files-2.1/javax.inject/javax.inject/1/6975da39a7040257bd51d21a231b76c915872d38/javax.inject-1.jar:/home/zhaoqunqi/.gradle/caches/modules-2/files-2.1/com.google.code.findbugs/jsr305/3.0.0/5871fb60dc68d67da54a663c3fd636a10a532948/jsr305-3.0.0.jar:/home/zhaoqunqi/.gradle/caches/modules-2/files-2.1/org.slf4j/slf4j-api/1.7.7/2b8019b6249bb05d81d3a3094e468753e2b21311/slf4j-api-1.7.7.jar:/home/zhaoqunqi/.gradle/caches/modules-2/files-2.1/org.codehaus.groovy/groovy-all/2.3.7/feb6df9c6936c797159091a451ed8590d67101dc/groovy-all-2.3.7.jar:/home/zhaoqunqi/.gradle/caches/modules-2/files-2.1/aopalliance/aopalliance/1.0/235ba8b4
Launcher Type: SUN_STANDARD

Environment Variables:
PATH=/usr/local/sbin:/usr/local/bin:/usr/sbin:/usr/bin:/sbin:/bin:/usr/games:/usr/local/games
LD_LIBRARY_PATH=/home/zhaoqunqi/software/java/jdk1.8.0_40/jre/lib/i386/server:/home/zhaoqunqi/software/java/jdk1.8.0_40/jre/lib/i386:/home/zhaoqunqi/software/java/jdk1.8.0_40/jre/../lib/i386:/home/zhaoqunqi/software/grails/ggts-3.6.1.RELEASE/jre/lib/i386/client:/home/zhaoqunqi/software/grails/ggts-3.6.1.RELEASE/jre/lib/i386:
SHELL=/bin/bash
DISPLAY=:0

Signal Handlers:
SIGSEGV: [libjvm.so+0x8a3950], sa_mask[0]=11111111011111111101111111111110, sa_flags=SA_RESTART|SA_SIGINFO
SIGBUS: [libjvm.so+0x8a3950], sa_mask[0]=11111111011111111101111111111110, sa_flags=SA_RESTART|SA_SIGINFO
SIGFPE: [libjvm.so+0x727200], sa_mask[0]=11111111011111111101111111111110, sa_flags=SA_RESTART|SA_SIGINFO
SIGPIPE: [libjvm.so+0x727200], sa_mask[0]=11111111011111111101111111111110, sa_flags=SA_RESTART|SA_SIGINFO
SIGXFSZ: [libjvm.so+0x727200], sa_mask[0]=11111111011111111101111111111110, sa_flags=SA_RESTART|SA_SIGINFO
SIGILL: [libjvm.so+0x727200], sa_mask[0]=11111111011111111101111111111110, sa_flags=SA_RESTART|SA_SIGINFO
SIGUSR1: SIG_DFL, sa_mask[0]=00000000000000000000000000000000, sa_flags=none
SIGUSR2: [libjvm.so+0x728770], sa_mask[0]=00100000000000000000000000000000, sa_flags=SA_RESTART|SA_SIGINFO
SIGHUP: [libjvm.so+0x7297b0], sa_mask[0]=11111111011111111101111111111110, sa_flags=SA_RESTART|SA_SIGINFO
SIGINT: [libjvm.so+0x7297b0], sa_mask[0]=11111111011111111101111111111110, sa_flags=SA_RESTART|SA_SIGINFO
SIGTERM: [libjvm.so+0x7297b0], sa_mask[0]=11111111011111111101111111111110, sa_flags=SA_RESTART|SA_SIGINFO
SIGQUIT: [libjvm.so+0x7297b0], sa_mask[0]=11111111011111111101111111111110, sa_flags=SA_RESTART|SA_SIGINFO


---------------  S Y S T E M  ---------------

OS:DISTRIB_ID=Ubuntu
DISTRIB_RELEASE=14.04
DISTRIB_CODENAME=trusty
DISTRIB_DESCRIPTION="Ubuntu 14.04.1 LTS"

uname:Linux 3.13.0-37-generic #64-Ubuntu SMP Mon Sep 22 21:30:01 UTC 2014 i686
libc:glibc 2.19 NPTL 2.19 
rlimit: STACK 8192k, CORE 0k, NPROC 32118, NOFILE 4096, AS infinity
load average:1.22 0.76 0.71

/proc/meminfo:
MemTotal:        4130300 kB
MemFree:          270060 kB
Buffers:          187804 kB
Cached:          1257504 kB
SwapCached:            0 kB
Active:          2799016 kB
Inactive:         907736 kB
Active(anon):    2256972 kB
Inactive(anon):    74092 kB
Active(file):     542044 kB
Inactive(file):   833644 kB
Unevictable:          48 kB
Mlocked:              48 kB
HighTotal:       3280616 kB
HighFree:          88548 kB
LowTotal:         849684 kB
LowFree:          181512 kB
SwapTotal:       3998716 kB
SwapFree:        3998716 kB
Dirty:               488 kB
Writeback:             0 kB
AnonPages:       2261492 kB
Mapped:           298396 kB
Shmem:             69620 kB
Slab:             101536 kB
SReclaimable:      81696 kB
SUnreclaim:        19840 kB
KernelStack:        4776 kB
PageTables:        14972 kB
NFS_Unstable:          0 kB
Bounce:                0 kB
WritebackTmp:          0 kB
CommitLimit:     6063864 kB
Committed_AS:    5977184 kB
VmallocTotal:     122880 kB
VmallocUsed:       22496 kB
VmallocChunk:      96808 kB
HardwareCorrupted:     0 kB
AnonHugePages:   1591296 kB
HugePages_Total:       0
HugePages_Free:        0
HugePages_Rsvd:        0
HugePages_Surp:        0
Hugepagesize:       2048 kB
DirectMap4k:       43000 kB
DirectMap2M:      870400 kB


CPU:total 2 (2 cores per cpu, 1 threads per core) family 6 model 23 stepping 10, cmov, cx8, fxsr, mmx, sse, sse2, sse3, ssse3, sse4.1, tsc

/proc/cpuinfo:
processor	: 0
vendor_id	: GenuineIntel
cpu family	: 6
model		: 23
model name	: Intel(R) Core(TM)2 Duo CPU     T6600  @ 2.20GHz
stepping	: 10
microcode	: 0xa07
cpu MHz		: 2200.000
cache size	: 2048 KB
physical id	: 0
siblings	: 2
core id		: 0
cpu cores	: 2
apicid		: 0
initial apicid	: 0
fdiv_bug	: no
f00f_bug	: no
coma_bug	: no
fpu		: yes
fpu_exception	: yes
cpuid level	: 13
wp		: yes
flags		: fpu vme de pse tsc msr pae mce cx8 apic sep mtrr pge mca cmov pat pse36 clflush dts acpi mmx fxsr sse sse2 ss ht tm pbe nx lm constant_tsc arch_perfmon pebs bts aperfmperf pni dtes64 monitor ds_cpl est tm2 ssse3 cx16 xtpr pdcm sse4_1 xsave lahf_lm dtherm
bogomips	: 4398.75
clflush size	: 64
cache_alignment	: 64
address sizes	: 36 bits physical, 48 bits virtual
power management:

processor	: 1
vendor_id	: GenuineIntel
cpu family	: 6
model		: 23
model name	: Intel(R) Core(TM)2 Duo CPU     T6600  @ 2.20GHz
stepping	: 10
microcode	: 0xa07
cpu MHz		: 2200.000
cache size	: 2048 KB
physical id	: 0
siblings	: 2
core id		: 1
cpu cores	: 2
apicid		: 1
initial apicid	: 1
fdiv_bug	: no
f00f_bug	: no
coma_bug	: no
fpu		: yes
fpu_exception	: yes
cpuid level	: 13
wp		: yes
flags		: fpu vme de pse tsc msr pae mce cx8 apic sep mtrr pge mca cmov pat pse36 clflush dts acpi mmx fxsr sse sse2 ss ht tm pbe nx lm constant_tsc arch_perfmon pebs bts aperfmperf pni dtes64 monitor ds_cpl est tm2 ssse3 cx16 xtpr pdcm sse4_1 xsave lahf_lm dtherm
bogomips	: 4398.75
clflush size	: 64
cache_alignment	: 64
address sizes	: 36 bits physical, 48 bits virtual
power management:



Memory: 4k page, physical 4130300k(270060k free), swap 3998716k(3998716k free)

vm_info: Java HotSpot(TM) Server VM (25.40-b15) for linux-x86 JRE (1.8.0_40-ea-b11), built on Oct 21 2014 23:27:05 by "java_re" with gcc 4.3.0 20080428 (Red Hat 4.3.0-8)

time: Sat Oct 25 09:12:15 2014
elapsed time: 8 seconds (0d 0h 0m 8s)

