#
# A fatal error has been detected by the Java Runtime Environment:
#
#  SIGSEGV (0xb) at pc=0x61913be0, pid=4657, tid=1664858944
#
# JRE version: Java(TM) SE Runtime Environment (8.0_40-b11) (build 1.8.0_40-ea-b11)
# Java VM: Java HotSpot(TM) Server VM (25.40-b15 mixed mode linux-x86 )
# Problematic frame:
# C  0x61913be0
#
# Failed to write core dump. Core dumps have been disabled. To enable core dumping, try "ulimit -c unlimited" before starting Java again
#
# If you would like to submit a bug report, please visit:
#   http://bugreport.sun.com/bugreport/crash.jsp
#

---------------  T H R E A D  ---------------

Current thread is native thread

siginfo: si_signo: 11 (SIGSEGV), si_code: 1 (SEGV_MAPERR), si_addr: 0x61913be0

Registers:
EAX=0x086c5fd8, EBX=0xb76d7000, ECX=0x00000001, EDX=0x61913be0
ESP=0x633bb32c, EBP=0x00000003, ESI=0x633bbbe8, EDI=0xb76d71bc
EIP=0x61913be0, EFLAGS=0x00210282, CR2=0x61913be0

Top of Stack: (sp=0x633bb32c)
0x633bb32c:   b76c4d56 086c5fd8 b769f000 633bbb40
0x633bb33c:   b75266f3 00000000 b76d71a4 00000004
0x633bb34c:   b76d71a4 633bbb40 003d0f00 b76c4cc9
0x633bb35c:   b76d7000 633bbb40 003d0f00 633bb428
0x633bb36c:   b76c4f83 633bb390 00000000 00000000
0x633bb37c:   00000000 00000000 00000000 00000000
0x633bb38c:   00000000 b76d7000 633bbb40 003d0f00
0x633bb39c:   633bb428 94f08d0a 3b0812a2 00000000 

Instructions: (pc=0x61913be0)
0x61913bc0:   
[error occurred during error reporting (printing registers, top of stack, instructions near pc), id 0xb]

Register to memory mapping:

EAX=0x086c5fd8 is an unknown value
EBX=0xb76d7000: <offset 0x19000> in /lib/i386-linux-gnu/libpthread.so.0 at 0xb76be000
ECX=0x00000001 is an unknown value
EDX=0x61913be0 is an unknown value
ESP=0x633bb32c is an unknown value
EBP=0x00000003 is an unknown value
ESI=0x633bbbe8 is an unknown value
EDI=0xb76d71bc: <offset 0x191bc> in /lib/i386-linux-gnu/libpthread.so.0 at 0xb76be000


Stack: [0x6336b000,0x633bc000],  sp=0x633bb32c,  free space=320k
Native frames: (J=compiled Java code, j=interpreted, Vv=VM code, C=native code)
C  0x61913be0


---------------  P R O C E S S  ---------------

VM state:not at safepoint (normal execution)

VM Mutex/Monitor currently owned by a thread:  ([mutex/lock_event])
[0xb6505b78] Threads_lock - owner thread: 0xb6508400

Heap:
 PSYoungGen      total 142080K, used 75653K [0x91f80000, 0xa3700000, 0xa7000000)
  eden space 133120K, 56% used [0x91f80000,0x96961500,0x9a180000)
  from space 8960K, 0% used [0x9a180000,0x9a180000,0x9aa40000)
  to   space 9984K, 0% used [0xa2d40000,0xa2d40000,0xa3700000)
 ParOldGen       total 36608K, used 9876K [0x67e00000, 0x6a1c0000, 0x91f80000)
  object space 36608K, 26% used [0x67e00000,0x687a53a8,0x6a1c0000)
 Metaspace       used 18018K, capacity 18431K, committed 18560K, reserved 18736K

Card table byte_map: [0x67c06000,0x67e00000] byte_map_base: 0x678c7000

Marking Bits: (ParMarkBitMap*) 0xb70de4c0
 Begin Bits: [0x65770000, 0x66738000)
 End Bits:   [0x66738000, 0x67700000)

Polling page: 0xb76e2000

CodeCache: size=245760Kb used=7950Kb max_used=7956Kb free=237809Kb
 bounds [0xa74cd000, 0xa7c95000, 0xb64cd000]
 total_blobs=3303 nmethods=2797 adapters=420
 compilation: enabled

Compilation events (10 events):
Event: 19.027 Thread 0x64cfcc00 2938       3       org.codehaus.groovy.runtime.metaclass.MetaMethodIndex::getOrPutMethods (270 bytes)
Event: 19.029 Thread 0x64cfcc00 nmethod 2938 0xa7c8b6c8 code [0xa7c8b8a0, 0xa7c8c1f4]
Event: 19.085 Thread 0x64cfcc00 2939       2       groovyjarjarasm.asm.MethodWriter::visitMaxs (1631 bytes)
Event: 19.100 Thread 0x64cfcc00 nmethod 2939 0xa7c8d488 code [0xa7c8d820, 0xa7c8f11c]
Event: 19.154 Thread 0x64cfcc00 2942       3       groovy.lang.MetaClassImpl$MethodIndexAction::iterate (169 bytes)
Event: 19.156 Thread 0x64cfcc00 nmethod 2942 0xa7c91a08 code [0xa7c91c20, 0xa7c92768]
Event: 19.156 Thread 0x64cfcc00 2941       2       groovy.lang.MetaClassImpl::addInterfaceMethods (113 bytes)
Event: 19.157 Thread 0x64cfcc00 nmethod 2941 0xa7c93188 code [0xa7c93320, 0xa7c936e0]
Event: 19.157 Thread 0x64cfcc00 2943       2       com.google.inject.internal.util.$ImmutableList$EmptyImmutableList::$jacocoInit (52 bytes)
Event: 19.157 Thread 0x64cfcc00 nmethod 2943 0xa7c80b88 code [0xa7c80c80, 0xa7c80d20]

GC Heap History (10 events):
Event: 7.783 GC heap before
{Heap before GC invocations=4 (full 0):
 PSYoungGen      total 35840K, used 35828K [0x91f80000, 0x96580000, 0xa7000000)
  eden space 33280K, 100% used [0x91f80000,0x94000000,0x94000000)
  from space 2560K, 99% used [0x94000000,0x9427d2b8,0x94280000)
  to   space 2560K, 0% used [0x96300000,0x96300000,0x96580000)
 ParOldGen       total 43776K, used 1013K [0x67e00000, 0x6a8c0000, 0x91f80000)
  object space 43776K, 2% used [0x67e00000,0x67efd5c0,0x6a8c0000)
 Metaspace       used 7989K, capacity 8162K, committed 8216K, reserved 8496K
Event: 7.820 GC heap after
Heap after GC invocations=4 (full 0):
 PSYoungGen      total 69120K, used 2546K [0x91f80000, 0x96580000, 0xa7000000)
  eden space 66560K, 0% used [0x91f80000,0x91f80000,0x96080000)
  from space 2560K, 99% used [0x96300000,0x9657cba0,0x96580000)
  to   space 2560K, 0% used [0x96080000,0x96080000,0x96300000)
 ParOldGen       total 43776K, used 2220K [0x67e00000, 0x6a8c0000, 0x91f80000)
  object space 43776K, 5% used [0x67e00000,0x6802b298,0x6a8c0000)
 Metaspace       used 7989K, capacity 8162K, committed 8216K, reserved 8496K
}
Event: 10.647 GC heap before
{Heap before GC invocations=5 (full 0):
 PSYoungGen      total 69120K, used 68078K [0x91f80000, 0x96580000, 0xa7000000)
  eden space 66560K, 98% used [0x91f80000,0x95f7efd0,0x96080000)
  from space 2560K, 99% used [0x96300000,0x9657cba0,0x96580000)
  to   space 2560K, 0% used [0x96080000,0x96080000,0x96300000)
 ParOldGen       total 43776K, used 2220K [0x67e00000, 0x6a8c0000, 0x91f80000)
  object space 43776K, 5% used [0x67e00000,0x6802b298,0x6a8c0000)
 Metaspace       used 10179K, capacity 10370K, committed 10392K, reserved 10544K
Event: 10.723 GC heap after
Heap after GC invocations=5 (full 0):
 PSYoungGen      total 69120K, used 2548K [0x91f80000, 0x9b380000, 0xa7000000)
  eden space 66560K, 0% used [0x91f80000,0x91f80000,0x96080000)
  from space 2560K, 99% used [0x96080000,0x962fd3c0,0x96300000)
  to   space 9216K, 0% used [0x9aa80000,0x9aa80000,0x9b380000)
 ParOldGen       total 43776K, used 10031K [0x67e00000, 0x6a8c0000, 0x91f80000)
  object space 43776K, 22% used [0x67e00000,0x687cbf98,0x6a8c0000)
 Metaspace       used 10179K, capacity 10370K, committed 10392K, reserved 10544K
}
Event: 13.622 GC heap before
{Heap before GC invocations=6 (full 0):
 PSYoungGen      total 69120K, used 69108K [0x91f80000, 0x9b380000, 0xa7000000)
  eden space 66560K, 100% used [0x91f80000,0x96080000,0x96080000)
  from space 2560K, 99% used [0x96080000,0x962fd3c0,0x96300000)
  to   space 9216K, 0% used [0x9aa80000,0x9aa80000,0x9b380000)
 ParOldGen       total 43776K, used 10031K [0x67e00000, 0x6a8c0000, 0x91f80000)
  object space 43776K, 22% used [0x67e00000,0x687cbf98,0x6a8c0000)
 Metaspace       used 12866K, capacity 13049K, committed 13080K, reserved 13616K
Event: 13.670 GC heap after
Heap after GC invocations=6 (full 0):
 PSYoungGen      total 141824K, used 5511K [0x91f80000, 0x9b300000, 0xa7000000)
  eden space 133120K, 0% used [0x91f80000,0x91f80000,0x9a180000)
  from space 8704K, 63% used [0x9aa80000,0x9afe1f10,0x9b300000)
  to   space 8960K, 0% used [0x9a180000,0x9a180000,0x9aa40000)
 ParOldGen       total 43776K, used 10035K [0x67e00000, 0x6a8c0000, 0x91f80000)
  object space 43776K, 22% used [0x67e00000,0x687ccf98,0x6a8c0000)
 Metaspace       used 12866K, capacity 13049K, committed 13080K, reserved 13616K
}
Event: 17.000 GC heap before
{Heap before GC invocations=7 (full 0):
 PSYoungGen      total 141824K, used 52939K [0x91f80000, 0x9b300000, 0xa7000000)
  eden space 133120K, 35% used [0x91f80000,0x94dd0cf0,0x9a180000)
  from space 8704K, 63% used [0x9aa80000,0x9afe1f10,0x9b300000)
  to   space 8960K, 0% used [0x9a180000,0x9a180000,0x9aa40000)
 ParOldGen       total 43776K, used 10035K [0x67e00000, 0x6a8c0000, 0x91f80000)
  object space 43776K, 22% used [0x67e00000,0x687ccf98,0x6a8c0000)
 Metaspace       used 16058K, capacity 16359K, committed 16384K, reserved 16688K
Event: 17.057 GC heap after
Heap after GC invocations=7 (full 0):
 PSYoungGen      total 142080K, used 7565K [0x91f80000, 0xa3700000, 0xa7000000)
  eden space 133120K, 0% used [0x91f80000,0x91f80000,0x9a180000)
  from space 8960K, 84% used [0x9a180000,0x9a8e3778,0x9aa40000)
  to   space 9984K, 0% used [0xa2d40000,0xa2d40000,0xa3700000)
 ParOldGen       total 43776K, used 10884K [0x67e00000, 0x6a8c0000, 0x91f80000)
  object space 43776K, 24% used [0x67e00000,0x688a11c0,0x6a8c0000)
 Metaspace       used 16058K, capacity 16359K, committed 16384K, reserved 16688K
}
Event: 17.057 GC heap before
{Heap before GC invocations=8 (full 1):
 PSYoungGen      total 142080K, used 7565K [0x91f80000, 0xa3700000, 0xa7000000)
  eden space 133120K, 0% used [0x91f80000,0x91f80000,0x9a180000)
  from space 8960K, 84% used [0x9a180000,0x9a8e3778,0x9aa40000)
  to   space 9984K, 0% used [0xa2d40000,0xa2d40000,0xa3700000)
 ParOldGen       total 43776K, used 10884K [0x67e00000, 0x6a8c0000, 0x91f80000)
  object space 43776K, 24% used [0x67e00000,0x688a11c0,0x6a8c0000)
 Metaspace       used 16058K, capacity 16359K, committed 16384K, reserved 16688K
Event: 17.193 GC heap after
Heap after GC invocations=8 (full 1):
 PSYoungGen      total 142080K, used 0K [0x91f80000, 0xa3700000, 0xa7000000)
  eden space 133120K, 0% used [0x91f80000,0x91f80000,0x9a180000)
  from space 8960K, 0% used [0x9a180000,0x9a180000,0x9aa40000)
  to   space 9984K, 0% used [0xa2d40000,0xa2d40000,0xa3700000)
 ParOldGen       total 36608K, used 9876K [0x67e00000, 0x6a1c0000, 0x91f80000)
  object space 36608K, 26% used [0x67e00000,0x687a53a8,0x6a1c0000)
 Metaspace       used 16058K, capacity 16359K, committed 16384K, reserved 16688K
}

Deoptimization events (10 events):
Event: 14.613 Thread 0x6310c000 Uncommon trap: reason=unstable_if action=reinterpret pc=0xa777c694 method=java.util.regex.Pattern$Dot.isSatisfiedBy(I)Z @ 3
Event: 14.635 Thread 0x6310c000 Uncommon trap: reason=class_check action=maybe_recompile pc=0xa78a1230 method=java.util.regex.Matcher.getTextLength()I @ 4
Event: 17.267 Thread 0x6310c000 Uncommon trap: reason=unstable_if action=reinterpret pc=0xa79eef98 method=java.util.HashMap.hash(Ljava/lang/Object;)I @ 1
Event: 17.267 Thread 0x6310c000 Uncommon trap: reason=unstable_if action=reinterpret pc=0xa7ae3fc0 method=java.util.HashMap.hash(Ljava/lang/Object;)I @ 1
Event: 17.336 Thread 0x6310c000 Uncommon trap: reason=unstable_if action=reinterpret pc=0xa7ae7ddc method=java.util.HashMap.putVal(ILjava/lang/Object;Ljava/lang/Object;ZZ)Ljava/lang/Object; @ 162
Event: 17.345 Thread 0x6310c000 Uncommon trap: reason=bimorphic action=maybe_recompile pc=0xa7b53a18 method=java.util.regex.Pattern$CharProperty.match(Ljava/util/regex/Matcher;ILjava/lang/CharSequence;)Z @ 18
Event: 17.347 Thread 0x6310c000 Uncommon trap: reason=bimorphic action=maybe_recompile pc=0xa7b53a18 method=java.util.regex.Pattern$CharProperty.match(Ljava/util/regex/Matcher;ILjava/lang/CharSequence;)Z @ 18
Event: 17.347 Thread 0x6310c000 Uncommon trap: reason=bimorphic action=maybe_recompile pc=0xa7b53a18 method=java.util.regex.Pattern$CharProperty.match(Ljava/util/regex/Matcher;ILjava/lang/CharSequence;)Z @ 18
Event: 17.535 Thread 0x6310c000 Uncommon trap: reason=bimorphic action=maybe_recompile pc=0xa7b53a18 method=java.util.regex.Pattern$CharProperty.match(Ljava/util/regex/Matcher;ILjava/lang/CharSequence;)Z @ 18
Event: 17.558 Thread 0x6310c000 Uncommon trap: reason=class_check action=maybe_recompile pc=0xa7bc1394 method=java.util.Properties$LineReader.readLine()I @ 62

Internal exceptions (10 events):
Event: 19.054 Thread 0x6310c000 Exception <a 'java/lang/ClassNotFoundException': java/awt/GraphicsEnvironmentBeanInfo> (0x96045ab0) thrown at [/HUDSON/workspace/8-2-build-linux-i586/jdk8u40/1826.nc/hotspot/src/share/vm/classfile/systemDictionary.cpp, line 211]
Event: 19.055 Thread 0x6310c000 Exception <a 'java/lang/ClassNotFoundException': java/awt/GraphicsEnvironmentCustomizer> (0x9604bd38) thrown at [/HUDSON/workspace/8-2-build-linux-i586/jdk8u40/1826.nc/hotspot/src/share/vm/classfile/systemDictionary.cpp, line 211]
Event: 19.063 Thread 0x6310c000 Exception <a 'java/lang/ClassNotFoundException': groovy/lang/GroovyObjectBeanInfo> (0x9609d9f8) thrown at [/HUDSON/workspace/8-2-build-linux-i586/jdk8u40/1826.nc/hotspot/src/share/vm/classfile/systemDictionary.cpp, line 211]
Event: 19.064 Thread 0x6310c000 Exception <a 'java/lang/ClassNotFoundException': groovy/lang/GroovyObjectCustomizer> (0x960a8fa8) thrown at [/HUDSON/workspace/8-2-build-linux-i586/jdk8u40/1826.nc/hotspot/src/share/vm/classfile/systemDictionary.cpp, line 211]
Event: 19.083 Thread 0x6310c000 Exception <a 'java/lang/ClassNotFoundException': griffon/builder/swing/factory/ApplicationFactoryBeanInfo> (0x96179320) thrown at [/HUDSON/workspace/8-2-build-linux-i586/jdk8u40/1826.nc/hotspot/src/share/vm/classfile/systemDictionary.cpp, line 211]
Event: 19.084 Thread 0x6310c000 Exception <a 'java/lang/ClassNotFoundException': griffon/builder/swing/factory/ApplicationFactoryCustomizer> (0x961888c0) thrown at [/HUDSON/workspace/8-2-build-linux-i586/jdk8u40/1826.nc/hotspot/src/share/vm/classfile/systemDictionary.cpp, line 211]
Event: 19.130 Thread 0x6310c000 Exception <a 'java/lang/ClassNotFoundException': griffon/builder/core/factory/RootFactoryBeanInfo> (0x962584d8) thrown at [/HUDSON/workspace/8-2-build-linux-i586/jdk8u40/1826.nc/hotspot/src/share/vm/classfile/systemDictionary.cpp, line 211]
Event: 19.130 Thread 0x6310c000 Exception <a 'java/lang/ClassNotFoundException': griffon/builder/core/factory/RootFactoryCustomizer> (0x96266870) thrown at [/HUDSON/workspace/8-2-build-linux-i586/jdk8u40/1826.nc/hotspot/src/share/vm/classfile/systemDictionary.cpp, line 211]
Event: 19.152 Thread 0x6310c000 Exception <a 'java/lang/ClassNotFoundException': griffon/builder/core/factory/MetaComponentFactoryBeanInfo> (0x963093f0) thrown at [/HUDSON/workspace/8-2-build-linux-i586/jdk8u40/1826.nc/hotspot/src/share/vm/classfile/systemDictionary.cpp, line 211]
Event: 19.153 Thread 0x6310c000 Exception <a 'java/lang/ClassNotFoundException': griffon/builder/core/factory/MetaComponentFactoryCustomizer> (0x96318a40) thrown at [/HUDSON/workspace/8-2-build-linux-i586/jdk8u40/1826.nc/hotspot/src/share/vm/classfile/systemDictionary.cpp, line 211]

Events (10 events):
Event: 19.196 Executing VM operation: RevokeBias done
Event: 19.196 Executing VM operation: RevokeBias
Event: 19.196 Executing VM operation: RevokeBias done
Event: 19.196 Thread 0x6312e800 Thread exited: 0x6312e800
Event: 19.197 Thread 0x6312f800 Thread exited: 0x6312f800
Event: 19.203 Thread 0x6310c000 Thread exited: 0x6310c000
Event: 19.204 loading class org/gradle/internal/concurrent/CompositeStoppable$2
Event: 19.204 loading class org/gradle/internal/concurrent/CompositeStoppable$2 done
Event: 19.206 loading class org/gradle/internal/concurrent/CompositeStoppable$2
Event: 19.206 loading class org/gradle/internal/concurrent/CompositeStoppable$2 done


Dynamic libraries:
08048000-08049000 r-xp 00000000 08:04 6168565    /home/zhaoqunqi/software/java/jdk1.8.0_40/bin/java
08049000-0804a000 rw-p 00000000 08:04 6168565    /home/zhaoqunqi/software/java/jdk1.8.0_40/bin/java
08356000-09154000 rw-p 00000000 00:00 0          [heap]
61e99000-61f79000 rw-p 00000000 00:00 0 
61f79000-61f99000 ---p 00000000 00:00 0 
61f99000-62099000 rw-p 00000000 00:00 0 
62099000-620a8000 r--s 00000000 08:04 6558510    /var/cache/fontconfig/04aabc0a78ac019cf9454389977116d2-le32d4.cache-4
620d0000-621d0000 rw-p 00000000 00:00 0 
62214000-62217000 ---p 00000000 00:00 0 
62217000-62265000 rw-p 00000000 00:00 0 
62265000-62268000 ---p 00000000 00:00 0 
62268000-622b6000 rw-p 00000000 00:00 0          [stack:4718]
622b6000-623e6000 r-xp 00000000 08:04 1447101    /usr/lib/i386-linux-gnu/libX11.so.6.3.0
623e6000-623e7000 r--p 00130000 08:04 1447101    /usr/lib/i386-linux-gnu/libX11.so.6.3.0
623e7000-623e9000 rw-p 00131000 08:04 1447101    /usr/lib/i386-linux-gnu/libX11.so.6.3.0
623e9000-623ea000 rw-p 00000000 00:00 0 
623f0000-623f8000 r--s 00000000 08:04 6553701    /var/cache/fontconfig/945677eb7aeaf62f1d50efc3fb3ec7d8-le32d4.cache-4
623f8000-62408000 r--s 00000000 08:04 6557488    /var/cache/fontconfig/d52a8644073d54c13679302ca1180695-le32d4.cache-4
62408000-62502000 rw-p 00000000 00:00 0 
62502000-62508000 ---p 00000000 00:00 0 
62508000-6250b000 ---p 00000000 00:00 0 
6250b000-62559000 rw-p 00000000 00:00 0          [stack:4701]
62559000-6255c000 ---p 00000000 00:00 0 
6255c000-626aa000 rw-p 00000000 00:00 0          [stack:4700]
626ab000-626af000 r--s 00000000 08:04 6558623    /var/cache/fontconfig/2cd17615ca594fa2959ae173292e504c-le32d4.cache-4
626af000-626b4000 r--s 00000000 08:04 6558511    /var/cache/fontconfig/a755afe4a08bf5b97852ceb7400b47bc-le32d4.cache-4
626ce000-62754000 r-xp 00000000 08:04 6168671    /home/zhaoqunqi/software/java/jdk1.8.0_40/jre/lib/i386/libawt.so
62754000-6275b000 rw-p 00086000 08:04 6168671    /home/zhaoqunqi/software/java/jdk1.8.0_40/jre/lib/i386/libawt.so
6275b000-6287f000 rw-p 00000000 00:00 0 
6287f000-6297f000 rw-p 00000000 00:00 0 
6297f000-62980000 r--s 00000000 08:04 6558625    /var/cache/fontconfig/c05880de57d1f5e948fdfacc138775d9-le32d4.cache-4
62980000-62981000 r--s 00000000 08:04 6558585    /var/cache/fontconfig/e7071f4a29fa870f4323321c154eba04-le32d4.cache-4
62981000-62982000 r--s 00000000 08:04 6558584    /var/cache/fontconfig/0d8c3b2ac0904cb8a57a757ad11a4a08-le32d4.cache-4
62982000-62983000 r--s 00000000 08:04 6558474    /var/cache/fontconfig/1ac9eb803944fde146138c791f5cc56a-le32d4.cache-4
62983000-62986000 r--s 00000000 08:04 6558256    /var/cache/fontconfig/385c0604a188198f04d133e54aba7fe7-le32d4.cache-4
62986000-6298a000 r--s 00000000 08:04 6557983    /var/cache/fontconfig/8801497958630a81b71ace7c5f9b32a8-le32d4.cache-4
6298a000-62a8a000 rw-p 00000000 00:00 0 
62a8a000-62b8a000 rw-p 00000000 00:00 0 
62b8a000-62b91000 r--s 00000000 08:04 6557699    /var/cache/fontconfig/3f7329c5293ffd510edef78f73874cfd-le32d4.cache-4
62b91000-62b96000 r-xp 00000000 08:04 1447116    /usr/lib/i386-linux-gnu/libXdmcp.so.6.0.0
62b96000-62b97000 r--p 00004000 08:04 1447116    /usr/lib/i386-linux-gnu/libXdmcp.so.6.0.0
62b97000-62b98000 rw-p 00005000 08:04 1447116    /usr/lib/i386-linux-gnu/libXdmcp.so.6.0.0
62b98000-62b9d000 r--s 00000000 08:04 6557982    /var/cache/fontconfig/3047814df9a2f067bd2d96a2b9c36e5a-le32d4.cache-4
62bc6000-62bca000 r-xp 00000000 08:04 1447120    /usr/lib/i386-linux-gnu/libXfixes.so.3.1.0
62bca000-62bcb000 r--p 00003000 08:04 1447120    /usr/lib/i386-linux-gnu/libXfixes.so.3.1.0
62bcb000-62bcc000 rw-p 00004000 08:04 1447120    /usr/lib/i386-linux-gnu/libXfixes.so.3.1.0
62bcc000-62bd5000 r-xp 00000000 08:04 1447112    /usr/lib/i386-linux-gnu/libXcursor.so.1.0.2
62bd5000-62bd6000 r--p 00008000 08:04 1447112    /usr/lib/i386-linux-gnu/libXcursor.so.1.0.2
62bd6000-62bd7000 rw-p 00009000 08:04 1447112    /usr/lib/i386-linux-gnu/libXcursor.so.1.0.2
62bd7000-62bf3000 r-xp 00000000 08:04 4063261    /lib/i386-linux-gnu/libgcc_s.so.1
62bf3000-62bf4000 rw-p 0001b000 08:04 4063261    /lib/i386-linux-gnu/libgcc_s.so.1
62bf4000-62c54000 r-xp 00000000 08:04 6168688    /home/zhaoqunqi/software/java/jdk1.8.0_40/jre/lib/i386/libfontmanager.so
62c54000-62c56000 rw-p 00060000 08:04 6168688    /home/zhaoqunqi/software/java/jdk1.8.0_40/jre/lib/i386/libfontmanager.so
62c56000-62d5b000 rw-p 00000000 00:00 0 
62d5b000-62e5b000 rw-p 00000000 00:00 0 
62e5b000-62e5c000 r--s 00000000 08:04 6558252    /var/cache/fontconfig/dc05db6664285cc2f12bf69c139ae4c3-le32d4.cache-4
62e5c000-62e60000 r--s 00000000 08:04 6557965    /var/cache/fontconfig/b47c4e1ecd0709278f4910c18777a504-le32d4.cache-4
62e60000-62e62000 r-xp 00000000 08:04 1447105    /usr/lib/i386-linux-gnu/libXau.so.6.0.0
62e62000-62e63000 r--p 00001000 08:04 1447105    /usr/lib/i386-linux-gnu/libXau.so.6.0.0
62e63000-62e64000 rw-p 00002000 08:04 1447105    /usr/lib/i386-linux-gnu/libXau.so.6.0.0
62e64000-62e84000 r-xp 00000000 08:04 1448169    /usr/lib/i386-linux-gnu/libxcb.so.1.1.0
62e84000-62e85000 r--p 0001f000 08:04 1448169    /usr/lib/i386-linux-gnu/libxcb.so.1.1.0
62e85000-62e86000 rw-p 00020000 08:04 1448169    /usr/lib/i386-linux-gnu/libxcb.so.1.1.0
62e86000-62e95000 r-xp 00000000 08:04 1447126    /usr/lib/i386-linux-gnu/libXi.so.6.1.0
62e95000-62e96000 r--p 0000e000 08:04 1447126    /usr/lib/i386-linux-gnu/libXi.so.6.1.0
62e96000-62e97000 rw-p 0000f000 08:04 1447126    /usr/lib/i386-linux-gnu/libXi.so.6.1.0
62e97000-62ea0000 r-xp 00000000 08:04 1447140    /usr/lib/i386-linux-gnu/libXrender.so.1.3.0
62ea0000-62ea1000 r--p 00008000 08:04 1447140    /usr/lib/i386-linux-gnu/libXrender.so.1.3.0
62ea1000-62ea2000 rw-p 00009000 08:04 1447140    /usr/lib/i386-linux-gnu/libXrender.so.1.3.0
62ea2000-62ea5000 ---p 00000000 00:00 0 
62ea5000-62ef3000 rw-p 00000000 00:00 0          [stack:4689]
62ef3000-62ef6000 ---p 00000000 00:00 0 
62ef6000-62f44000 rw-p 00000000 00:00 0          [stack:4716]
62f44000-62f46000 r--s 00000000 08:04 6557487    /var/cache/fontconfig/767a8244fc0220cfb567a839d0392e0b-le32d4.cache-4
62f46000-62f4b000 r-xp 00000000 08:04 1447146    /usr/lib/i386-linux-gnu/libXtst.so.6.1.0
62f4b000-62f4c000 r--p 00004000 08:04 1447146    /usr/lib/i386-linux-gnu/libXtst.so.6.1.0
62f4c000-62f4d000 rw-p 00005000 08:04 1447146    /usr/lib/i386-linux-gnu/libXtst.so.6.1.0
62f4d000-62f5e000 r-xp 00000000 08:04 1447118    /usr/lib/i386-linux-gnu/libXext.so.6.4.0
62f5e000-62f5f000 r--p 00010000 08:04 1447118    /usr/lib/i386-linux-gnu/libXext.so.6.4.0
62f5f000-62f60000 rw-p 00011000 08:04 1447118    /usr/lib/i386-linux-gnu/libXext.so.6.4.0
62f60000-62fac000 r-xp 00000000 08:04 6168684    /home/zhaoqunqi/software/java/jdk1.8.0_40/jre/lib/i386/libawt_xawt.so
62fac000-62fae000 rw-p 0004c000 08:04 6168684    /home/zhaoqunqi/software/java/jdk1.8.0_40/jre/lib/i386/libawt_xawt.so
62fae000-62faf000 rw-p 00000000 00:00 0 
62faf000-62fb2000 ---p 00000000 00:00 0 
62fb2000-63100000 rw-p 00000000 00:00 0          [stack:4699]
63100000-63156000 rw-p 00000000 00:00 0 
63156000-63200000 ---p 00000000 00:00 0 
63200000-63300000 rw-p 00000000 00:00 0 
63300000-63301000 r--s 00000000 08:04 6557986    /var/cache/fontconfig/4794a0821666d79190d59a36cb4f44b5-le32d4.cache-4
63301000-63302000 r--s 00000000 08:04 6557981    /var/cache/fontconfig/56cf4f4769d0f4abc89a4895d7bd3ae1-le32d4.cache-4
63302000-63303000 r--s 00000000 08:04 6557980    /var/cache/fontconfig/b9d506c9ac06c20b433354fa67a72993-le32d4.cache-4
63303000-63306000 r--s 00000000 08:04 6557602    /var/cache/fontconfig/d589a48862398ed80a3d6066f4f56f4c-le32d4.cache-4
63306000-6330f000 r--s 00000000 08:04 6562851    /var/cache/fontconfig/089dead882dea3570ffc31a9898cfb69-le32d4.cache-4
6330f000-63310000 r--s 00000000 08:04 6557599    /var/cache/fontconfig/0c9eb80ebd1c36541ebe2852d3bb0c49-le32d4.cache-4
63310000-63312000 r--s 00000000 08:04 6553696    /var/cache/fontconfig/e13b20fdb08344e0e664864cc2ede53d-le32d4.cache-4
63312000-63315000 r--s 00000000 08:04 6562901    /var/cache/fontconfig/7ef2298fde41cc6eeb7af42e48b7d293-le32d4.cache-4
63315000-6331a000 r--s 002f8000 08:04 6168724    /home/zhaoqunqi/software/java/jdk1.8.0_40/jre/lib/charsets.jar
6331a000-6331d000 ---p 00000000 00:00 0 
6331d000-6336b000 rw-p 00000000 00:00 0          [stack:4717]
6336b000-6336e000 ---p 00000000 00:00 0 
6336e000-633bc000 rw-p 00000000 00:00 0          [stack:4676]
633bc000-633be000 r--s 00005000 08:04 4872115    /home/zhaoqunqi/software/gradle-2.0/lib/plugins/gradle-plugin-use-2.0.jar
633be000-633d6000 r--s 00115000 08:04 4872156    /home/zhaoqunqi/software/gradle-2.0/lib/plugins/xercesImpl-2.9.1.jar
633d6000-633de000 r--s 00028000 08:04 4872157    /home/zhaoqunqi/software/gradle-2.0/lib/plugins/xml-apis-1.3.04.jar
633de000-633e4000 r--s 0005b000 08:04 4872155    /home/zhaoqunqi/software/gradle-2.0/lib/plugins/jcifs-1.3.17.jar
633e4000-633ea000 r--s 00031000 08:04 4872154    /home/zhaoqunqi/software/gradle-2.0/lib/plugins/httpcore-4.2.2.jar
633ea000-633f0000 r--s 00033000 08:04 4872153    /home/zhaoqunqi/software/gradle-2.0/lib/plugins/commons-codec-1.6.jar
633f0000-633f3000 r--s 0001c000 08:04 4872152    /home/zhaoqunqi/software/gradle-2.0/lib/plugins/nekohtml-1.9.14.jar
633f3000-633fc000 r--s 00060000 08:04 4872151    /home/zhaoqunqi/software/gradle-2.0/lib/plugins/httpclient-4.2.2.jar
633fc000-63400000 r--s 0001d000 08:04 4872143    /home/zhaoqunqi/software/gradle-2.0/lib/plugins/xbean-reflect-3.4.jar
63400000-634ff000 rw-p 00000000 00:00 0 
634ff000-63500000 ---p 00000000 00:00 0 
63500000-635fe000 rw-p 00000000 00:00 0 
635fe000-63600000 ---p 00000000 00:00 0 
63600000-636fa000 rw-p 00000000 00:00 0 
636fa000-63700000 ---p 00000000 00:00 0 
63700000-637fd000 rw-p 00000000 00:00 0 
637fd000-63800000 ---p 00000000 00:00 0 
63800000-638fc000 rw-p 00000000 00:00 0 
638fc000-63900000 ---p 00000000 00:00 0 
63900000-63a00000 rw-p 00000000 00:00 0 
63a00000-63aa9000 rw-p 00000000 00:00 0 
63aa9000-63b00000 ---p 00000000 00:00 0 
63b00000-63b02000 r--s 00007000 08:04 4872140    /home/zhaoqunqi/software/gradle-2.0/lib/plugins/gradle-resources-http-2.0.jar
63b02000-63b06000 r--s 0003d000 08:04 4872142    /home/zhaoqunqi/software/gradle-2.0/lib/plugins/jsch-0.1.51.jar
63b06000-63b15000 r--s 000d9000 08:04 4872141    /home/zhaoqunqi/software/gradle-2.0/lib/plugins/ivy-2.2.0.jar
63b15000-63b19000 r--s 0001e000 08:04 4872090    /home/zhaoqunqi/software/gradle-2.0/lib/plugins/jarjar-aether-impl-1.13.1.jar
63b19000-63b1c000 r--s 00027000 08:04 4872089    /home/zhaoqunqi/software/gradle-2.0/lib/plugins/jarjar-maven-model-3.0.4.jar
63b1c000-63b1f000 r--s 0000b000 08:04 4872088    /home/zhaoqunqi/software/gradle-2.0/lib/plugins/jarjar-maven-artifact-3.0.4.jar
63b1f000-63b23000 r--s 0001e000 08:04 4872087    /home/zhaoqunqi/software/gradle-2.0/lib/plugins/jarjar-aether-util-1.13.1.jar
63b23000-63b25000 r--s 00007000 08:04 4872086    /home/zhaoqunqi/software/gradle-2.0/lib/plugins/jarjar-wagon-http-shared4-2.4.jar
63b25000-63b32000 r--s 00083000 08:04 4872085    /home/zhaoqunqi/software/gradle-2.0/lib/plugins/jarjar-maven-core-3.0.4.jar
63b32000-63b34000 r--s 00003000 08:04 4872084    /home/zhaoqunqi/software/gradle-2.0/lib/plugins/jarjar-aether-spi-1.13.1.jar
63b34000-63b36000 r--s 00009000 08:04 4872083    /home/zhaoqunqi/software/gradle-2.0/lib/plugins/jarjar-maven-settings-builder-3.0.4.jar
63b36000-63b3a000 r--s 00014000 08:04 4872082    /home/zhaoqunqi/software/gradle-2.0/lib/plugins/jarjar-aether-api-1.13.1.jar
63b3a000-63b3b000 r--s 00002000 08:04 4872081    /home/zhaoqunqi/software/gradle-2.0/lib/plugins/jarjar-wagon-http-2.4.jar
63b3b000-63b42000 r--s 00042000 08:04 4872080    /home/zhaoqunqi/software/gradle-2.0/lib/plugins/jarjar-maven-compat-3.0.4.jar
63b42000-63b44000 r--s 00006000 08:04 4872079    /home/zhaoqunqi/software/gradle-2.0/lib/plugins/jarjar-aether-connector-wagon-1.13.1.jar
63b44000-63b46000 r--s 00000000 08:04 4872078    /home/zhaoqunqi/software/gradle-2.0/lib/plugins/jarjar-plexus-component-annotations-1.5.5.jar
63b46000-63b48000 r--s 00006000 08:04 4872077    /home/zhaoqunqi/software/gradle-2.0/lib/plugins/jarjar-plexus-sec-dispatcher-1.3.jar
63b48000-63b4d000 r--s 00022000 08:04 4872076    /home/zhaoqunqi/software/gradle-2.0/lib/plugins/jarjar-maven-model-builder-3.0.4.jar
63b4d000-63b4f000 r--s 0000b000 08:04 4872075    /home/zhaoqunqi/software/gradle-2.0/lib/plugins/jarjar-maven-plugin-api-3.0.4.jar
63b4f000-63b52000 r--s 0000a000 08:04 4872074    /home/zhaoqunqi/software/gradle-2.0/lib/plugins/jarjar-plexus-classworlds-2.4.jar
63b52000-63b56000 r--s 00035000 08:04 4872073    /home/zhaoqunqi/software/gradle-2.0/lib/plugins/jarjar-plexus-utils-2.0.6.jar
63b56000-63b58000 r--s 0000e000 08:04 4872072    /home/zhaoqunqi/software/gradle-2.0/lib/plugins/jarjar-plexus-interpolation-1.14.jar
63b58000-63b5a000 r--s 00002000 08:04 4872071    /home/zhaoqunqi/software/gradle-2.0/lib/plugins/jarjar-plexus-cipher-1.7.jar
63b5a000-63b5c000 r--s 0000c000 08:04 4872070    /home/zhaoqunqi/software/gradle-2.0/lib/plugins/jarjar-wagon-provider-api-2.4.jar
63b5c000-63b5e000 r--s 0000d000 08:04 4872069    /home/zhaoqunqi/software/gradle-2.0/lib/plugins/jarjar-maven-aether-provider-3.0.4.jar
63b5e000-63b66000 r--s 00031000 08:04 4872068    /home/zhaoqunqi/software/gradle-2.0/lib/plugins/jarjar-plexus-container-default-1.5.5.jar
63b66000-63b67000 r--s 00007000 08:04 4872067    /home/zhaoqunqi/software/gradle-2.0/lib/plugins/jarjar-maven-repository-metadata-3.0.4.jar
63b67000-63b68000 r--s 0000b000 08:04 4872066    /home/zhaoqunqi/software/gradle-2.0/lib/plugins/jarjar-maven-settings-3.0.4.jar
63b68000-63b7f000 r--s 000a7000 08:04 4872114    /home/zhaoqunqi/software/gradle-2.0/lib/plugins/gradle-core-impl-2.0.jar
63b7f000-63b87000 r--s 00027000 08:04 4872024    /home/zhaoqunqi/software/gradle-2.0/lib/gradle-tooling-api-2.0.jar
63b87000-63b89000 r--s 00002000 08:04 4872046    /home/zhaoqunqi/software/gradle-2.0/lib/gradle-open-api-2.0.jar
63b89000-63b8f000 r--s 00032000 08:04 4872048    /home/zhaoqunqi/software/gradle-2.0/lib/jaxen-1.1.jar
63b8f000-63b94000 r--s 00048000 08:04 4872047    /home/zhaoqunqi/software/gradle-2.0/lib/dom4j-1.6.1.jar
63b94000-63b9f000 r--s 00059000 08:04 4872023    /home/zhaoqunqi/software/gradle-2.0/lib/gradle-ui-2.0.jar
63b9f000-63ba1000 r--s 00006000 08:04 4872042    /home/zhaoqunqi/software/gradle-2.0/lib/gradle-resources-2.0.jar
63ba1000-63ba3000 r--s 00007000 08:04 4872064    /home/zhaoqunqi/software/gradle-2.0/lib/objenesis-1.2.jar
63ba3000-63ba5000 r--s 00000000 08:04 4872063    /home/zhaoqunqi/software/gradle-2.0/lib/minlog-1.2.jar
63ba5000-63ba7000 r--s 0000f000 08:04 4872062    /home/zhaoqunqi/software/gradle-2.0/lib/reflectasm-1.07-shaded.jar
63ba7000-63bab000 r--s 00026000 08:04 4872053    /home/zhaoqunqi/software/gradle-2.0/lib/kryo-2.20.jar
63bab000-63bac000 r--s 00003000 08:04 4872061    /home/zhaoqunqi/software/gradle-2.0/lib/native-platform-freebsd-amd64-0.10.jar
63bac000-63bad000 r--s 00003000 08:04 4872060    /home/zhaoqunqi/software/gradle-2.0/lib/native-platform-freebsd-i386-0.10.jar
63bad000-63bae000 r--s 00005000 08:04 4872059    /home/zhaoqunqi/software/gradle-2.0/lib/native-platform-windows-i386-0.10.jar
63bae000-63baf000 r--s 00005000 08:04 4872058    /home/zhaoqunqi/software/gradle-2.0/lib/native-platform-windows-amd64-0.10.jar
63baf000-63bb0000 r--s 00003000 08:04 4872057    /home/zhaoqunqi/software/gradle-2.0/lib/native-platform-linux-i386-0.10.jar
63bb0000-63bb1000 r--s 00003000 08:04 4872056    /home/zhaoqunqi/software/gradle-2.0/lib/native-platform-linux-amd64-0.10.jar
63bb1000-63bb2000 r--s 00002000 08:04 4872055    /home/zhaoqunqi/software/gradle-2.0/lib/native-platform-osx-amd64-0.10.jar
63bb2000-63bb3000 r--s 00002000 08:04 4872054    /home/zhaoqunqi/software/gradle-2.0/lib/native-platform-osx-i386-0.10.jar
63bb3000-63bb5000 r--s 00008000 08:04 4872051    /home/zhaoqunqi/software/gradle-2.0/lib/jansi-1.2.1.jar
63bb5000-63bb8000 r--s 0000d000 08:04 4872050    /home/zhaoqunqi/software/gradle-2.0/lib/native-platform-0.10.jar
63bb8000-63bbc000 r--s 000e4000 08:04 4872049    /home/zhaoqunqi/software/gradle-2.0/lib/jna-3.2.7.jar
63bbc000-63bbe000 r--s 00000000 08:04 4872029    /home/zhaoqunqi/software/gradle-2.0/lib/gradle-base-services-groovy-2.0.jar
63bbe000-63bbf000 r--s 00000000 08:04 4872043    /home/zhaoqunqi/software/gradle-2.0/lib/gradle-docs-2.0.jar
63bbf000-63bc1000 r--s 00003000 08:04 4872045    /home/zhaoqunqi/software/gradle-2.0/lib/jcl-over-slf4j-1.7.5.jar
63bc1000-63bc3000 r--s 00004000 08:04 4872044    /home/zhaoqunqi/software/gradle-2.0/lib/log4j-over-slf4j-1.7.5.jar
63bc3000-63bc6000 r--s 0001b000 08:04 4872039    /home/zhaoqunqi/software/gradle-2.0/lib/jarjar-1.3.jar
63bc6000-63bc7000 r--s 00000000 08:04 4872037    /home/zhaoqunqi/software/gradle-2.0/lib/jcip-annotations-1.0.jar
63bc7000-63bd5000 r--s 0007f000 08:04 4872032    /home/zhaoqunqi/software/gradle-2.0/lib/commons-collections-3.2.1.jar
63bd5000-63bdd000 r--s 00036000 08:04 4872018    /home/zhaoqunqi/software/gradle-2.0/lib/gradle-launcher-2.0.jar
63bdd000-63bdf000 r--s 00005000 08:04 4872113    /home/zhaoqunqi/software/gradle-2.0/lib/plugins/gradle-language-base-2.0.jar
63bdf000-63be1000 r--s 00004000 08:04 4872112    /home/zhaoqunqi/software/gradle-2.0/lib/plugins/gradle-language-jvm-2.0.jar
63be1000-63be6000 r--s 00026000 08:04 4872111    /home/zhaoqunqi/software/gradle-2.0/lib/plugins/gradle-build-init-2.0.jar
63be6000-63be9000 r--s 0001d000 08:04 4872110    /home/zhaoqunqi/software/gradle-2.0/lib/plugins/gradle-jacoco-2.0.jar
63be9000-63bec000 r--s 0000c000 08:04 4872109    /home/zhaoqunqi/software/gradle-2.0/lib/plugins/gradle-ivy-2.0.jar
63bec000-63bee000 r--s 00002000 08:04 4872108    /home/zhaoqunqi/software/gradle-2.0/lib/plugins/gradle-publish-2.0.jar
63bee000-63bf0000 r--s 00005000 08:04 4872139    /home/zhaoqunqi/software/gradle-2.0/lib/plugins/jatl-0.2.2.jar
63bf0000-63bf2000 r--s 00006000 08:04 4872107    /home/zhaoqunqi/software/gradle-2.0/lib/plugins/gradle-reporting-2.0.jar
63bf2000-63bf9000 r--s 00090000 08:04 4872105    /home/zhaoqunqi/software/gradle-2.0/lib/plugins/gradle-build-comparison-2.0.jar
63bf9000-63c00000 r--s 00035000 08:04 4872138    /home/zhaoqunqi/software/gradle-2.0/lib/plugins/simple-4.1.21.jar
63c00000-63cfa000 rw-p 00000000 00:00 0 
63cfa000-63d00000 ---p 00000000 00:00 0 
63d00000-63d05000 r--s 0003a000 08:04 4872106    /home/zhaoqunqi/software/gradle-2.0/lib/plugins/gradle-diagnostics-2.0.jar
63d05000-63d0a000 r--s 0002a000 08:04 4872137    /home/zhaoqunqi/software/gradle-2.0/lib/plugins/gson-2.2.4.jar
63d0a000-63d16000 r--s 00100000 08:04 4872136    /home/zhaoqunqi/software/gradle-2.0/lib/plugins/rhino-1.7R3.jar
63d16000-63d1a000 r--s 0001f000 08:04 4872104    /home/zhaoqunqi/software/gradle-2.0/lib/plugins/gradle-javascript-2.0.jar
63d1a000-63d1c000 r--s 0000d000 08:04 4872103    /home/zhaoqunqi/software/gradle-2.0/lib/plugins/gradle-ear-2.0.jar
63d1c000-63d31000 r--s 000cc000 08:04 4872102    /home/zhaoqunqi/software/gradle-2.0/lib/plugins/gradle-cpp-2.0.jar
63d31000-63d59000 r--s 00194000 08:04 4872144    /home/zhaoqunqi/software/gradle-2.0/lib/plugins/bcprov-jdk15-1.46.jar
63d59000-63d5d000 r--s 00025000 08:04 4872135    /home/zhaoqunqi/software/gradle-2.0/lib/plugins/bcpg-jdk15-1.46.jar
63d5d000-63d60000 r--s 0001d000 08:04 4872101    /home/zhaoqunqi/software/gradle-2.0/lib/plugins/gradle-signing-2.0.jar
63d60000-63d61000 r--s 00002000 08:04 4872134    /home/zhaoqunqi/software/gradle-2.0/lib/plugins/sonar-batch-bootstrapper-2.9.jar
63d61000-63d62000 r--s 00007000 08:04 4872133    /home/zhaoqunqi/software/gradle-2.0/lib/plugins/sonar-runner-2.0.jar
63d62000-63d65000 r--s 0001e000 08:04 4872100    /home/zhaoqunqi/software/gradle-2.0/lib/plugins/gradle-sonar-2.0.jar
63d65000-63d68000 r--s 00019000 08:04 4872099    /home/zhaoqunqi/software/gradle-2.0/lib/plugins/gradle-scala-2.0.jar
63d68000-63d6a000 r--s 0000e000 08:04 4872098    /home/zhaoqunqi/software/gradle-2.0/lib/plugins/gradle-announce-2.0.jar
63d6a000-63d6b000 r--s 00000000 08:04 4872040    /home/zhaoqunqi/software/gradle-2.0/lib/javax.inject-1.jar
63d6b000-63d78000 r--s 000bb000 08:04 4872097    /home/zhaoqunqi/software/gradle-2.0/lib/plugins/gradle-ide-2.0.jar
63d78000-63d7a000 r--s 00000000 08:04 4872132    /home/zhaoqunqi/software/gradle-2.0/lib/plugins/plexus-component-annotations-1.5.2.jar
63d7a000-63d7d000 r--s 0000c000 08:04 4872131    /home/zhaoqunqi/software/gradle-2.0/lib/plugins/pmaven-groovy-0.8-20100325.jar
63d7d000-63d7e000 r--s 00004000 08:04 4872130    /home/zhaoqunqi/software/gradle-2.0/lib/plugins/pmaven-common-0.8-20100325.jar
63d7e000-63d97000 r--s 00129000 08:04 4872129    /home/zhaoqunqi/software/gradle-2.0/lib/plugins/maven-ant-tasks-2.1.3.jar
63d97000-63d9c000 r--s 0001d000 08:04 4872096    /home/zhaoqunqi/software/gradle-2.0/lib/plugins/gradle-maven-2.0.jar
63d9c000-63db4000 r--s 0013b000 08:04 4872128    /home/zhaoqunqi/software/gradle-2.0/lib/plugins/bndlib-2.1.0.jar
63db4000-63db6000 r--s 00004000 08:04 4872095    /home/zhaoqunqi/software/gradle-2.0/lib/plugins/gradle-osgi-2.0.jar
63db6000-63db7000 r--s 00005000 08:04 4872019    /home/zhaoqunqi/software/gradle-2.0/lib/gradle-wrapper-2.0.jar
63db7000-63dbc000 r--s 00068000 08:04 4872127    /home/zhaoqunqi/software/gradle-2.0/lib/plugins/antlr-2.7.7.jar
63dbc000-63dbd000 r--s 00002000 08:04 4872126    /home/zhaoqunqi/software/gradle-2.0/lib/plugins/ant-antlr-1.9.3.jar
63dbd000-63dc0000 r--s 0001e000 08:04 4872150    /home/zhaoqunqi/software/gradle-2.0/lib/plugins/jsp-api-2.1-6.1.14.jar
63dc0000-63de3000 r--s 00344000 08:04 4872149    /home/zhaoqunqi/software/gradle-2.0/lib/plugins/core-3.1.1.jar
63de3000-63de5000 r--s 0000a000 08:04 786829     /home/zhaoqunqi/.gradle/caches/modules-2/files-2.1/commons-codec/commons-codec/1.3/fd32786786e2adb664d5ecc965da47629dca14ba/commons-codec-1.3.jar
63de5000-63de6000 r--s 00000000 08:04 786828     /home/zhaoqunqi/.gradle/caches/modules-2/files-2.1/net.jcip/jcip-annotations/1.0/afba4942caaeaf46aab0b976afd57cc7c181467e/jcip-annotations-1.0.jar
63de6000-63de7000 r--s 00004000 08:04 786827     /home/zhaoqunqi/.gradle/caches/modules-2/files-2.1/org.easytesting/fest-util/1.1.3/64a66446468f6ccd5f864e6b027b16cc9853379c/fest-util-1.1.3.jar
63de7000-63dea000 r--s 00007000 08:04 786826     /home/zhaoqunqi/.gradle/caches/modules-2/files-2.1/org.easytesting/fest-reflect/1.2/4dd614d5490950b4e2c7fe141544a867a0353d66/fest-reflect-1.2.jar
63dea000-63dec000 r--s 00014000 08:04 786825     /home/zhaoqunqi/.gradle/caches/modules-2/files-2.1/org.easytesting/fest-assert/1.2/bb0d051e157f921537aa30d6d2c2a6b201edbb1b/fest-assert-1.2.jar
63dec000-63dee000 r--s 00004000 08:04 4872094    /home/zhaoqunqi/software/gradle-2.0/lib/plugins/gradle-antlr-2.0.jar
63dee000-63def000 r--s 00006000 08:04 4872148    /home/zhaoqunqi/software/gradle-2.0/lib/plugins/jetty-naming-6.1.25.jar
63def000-63df0000 r--s 00002000 08:04 4872125    /home/zhaoqunqi/software/gradle-2.0/lib/plugins/geronimo-annotation_1.0_spec-1.0.jar
63df0000-63df2000 r--s 00002000 08:04 4872124    /home/zhaoqunqi/software/gradle-2.0/lib/plugins/jetty-annotations-6.1.25.jar
63df2000-63e03000 r--s 000ea000 08:04 4872123    /home/zhaoqunqi/software/gradle-2.0/lib/plugins/jsp-2.1-6.1.14.jar
63e03000-63e05000 r--s 0000d000 08:04 4872122    /home/zhaoqunqi/software/gradle-2.0/lib/plugins/jetty-plus-6.1.25.jar
63e05000-63e07000 r--s 0001f000 08:04 4872121    /home/zhaoqunqi/software/gradle-2.0/lib/plugins/servlet-api-2.5-20081211.jar
63e07000-63e0b000 r--s 00028000 08:04 4872120    /home/zhaoqunqi/software/gradle-2.0/lib/plugins/jetty-util-6.1.25.jar
63e0b000-63e12000 r--s 0007d000 08:04 4872119    /home/zhaoqunqi/software/gradle-2.0/lib/plugins/jetty-6.1.25.jar
63e12000-63e14000 r--s 00009000 08:04 4872093    /home/zhaoqunqi/software/gradle-2.0/lib/plugins/gradle-jetty-2.0.jar
63e14000-63e1a000 r--s 0003e000 08:04 4872092    /home/zhaoqunqi/software/gradle-2.0/lib/plugins/gradle-code-quality-2.0.jar
63e1a000-63e1c000 r--s 00009000 08:04 4872158    /home/zhaoqunqi/software/gradle-2.0/lib/plugins/hamcrest-core-1.3.jar
63e1c000-63e22000 r--s 00033000 08:04 4872147    /home/zhaoqunqi/software/gradle-2.0/lib/plugins/snakeyaml-1.6.jar
63e22000-63e35000 r--s 00344000 08:04 6168730    /home/zhaoqunqi/software/java/jdk1.8.0_40/jre/lib/resources.jar
63e35000-63e36000 r--s 0000a000 08:04 786767     /home/zhaoqunqi/.gradle/caches/modules-2/files-2.1/asm/asm/3.1/c157def142714c544bdea2e6144645702adf7097/asm-3.1.jar
63e36000-63e38000 r--s 00009000 08:04 786832     /home/zhaoqunqi/.gradle/caches/modules-2/files-2.1/org.objenesis/objenesis/2.1/87c0ea803b69252868d09308b4618f766f135a96/objenesis-2.1.jar
63e38000-63e3e000 r--s 0004b000 08:04 786831     /home/zhaoqunqi/.gradle/caches/modules-2/files-2.1/cglib/cglib-nodep/3.1/aa83efbd1aedc4f26bdf00e7ea78191483f2c9b3/cglib-nodep-3.1.jar
63e3e000-63e3f000 r--s 0000c000 08:04 786830     /home/zhaoqunqi/.gradle/caches/modules-2/files-2.1/org.hamcrest/hamcrest-library/1.3/4785a3c21320980282f9f33d0d1264a69040538f/hamcrest-library-1.3.jar
63e3f000-63e41000 r--s 00006000 08:04 4872146    /home/zhaoqunqi/software/gradle-2.0/lib/plugins/jcommander-1.12.jar
63e41000-63e46000 r--s 00040000 08:04 4872145    /home/zhaoqunqi/software/gradle-2.0/lib/plugins/bsh-2.0b4.jar
63e46000-63e47000 r--s 00004000 08:04 4872052    /home/zhaoqunqi/software/gradle-2.0/lib/ant-launcher-1.9.3.jar
63e47000-63e49000 r--s 00009000 08:04 4872118    /home/zhaoqunqi/software/gradle-2.0/lib/plugins/commons-cli-1.2.jar
63e49000-63e52000 r--s 00089000 08:04 4872117    /home/zhaoqunqi/software/gradle-2.0/lib/plugins/testng-6.3.1.jar
63e52000-63e58000 r--s 00036000 08:04 4872116    /home/zhaoqunqi/software/gradle-2.0/lib/plugins/junit-4.11.jar
63e58000-63e5d000 r--s 00041000 08:04 4872034    /home/zhaoqunqi/software/gradle-2.0/lib/commons-lang-2.6.jar
63e5d000-63e60000 r--s 00018000 08:04 4872033    /home/zhaoqunqi/software/gradle-2.0/lib/commons-io-1.4.jar
63e60000-63e65000 r--s 00036000 08:04 4872030    /home/zhaoqunqi/software/gradle-2.0/lib/asm-all-5.0.2.jar
63e65000-63e84000 r--s 001cc000 08:04 4872031    /home/zhaoqunqi/software/gradle-2.0/lib/ant-1.9.3.jar
63e84000-63eef000 r--s 00683000 08:04 4872028    /home/zhaoqunqi/software/gradle-2.0/lib/groovy-all-2.3.3.jar
63eef000-63f00000 r--s 000a9000 08:04 4872091    /home/zhaoqunqi/software/gradle-2.0/lib/plugins/gradle-plugins-2.0.jar
63f00000-63ffa000 rw-p 00000000 00:00 0 
63ffa000-64000000 ---p 00000000 00:00 0 
64000000-640fc000 rw-p 00000000 00:00 0 
640fc000-64100000 ---p 00000000 00:00 0 
64100000-64200000 rw-p 00000000 00:00 0 
64200000-642fa000 rw-p 00000000 00:00 0 
642fa000-64300000 ---p 00000000 00:00 0 
64300000-64307000 r--s 0003e000 08:04 786766     /home/zhaoqunqi/.gradle/caches/modules-2/files-2.1/org.sonatype.sisu.inject/cglib/2.2.1-v20090111/7ce5e983fd0e6c78346f4c9cbfa39d83049dda2/cglib-2.2.1-v20090111.jar
64307000-6430d000 r--s 00036000 08:04 786823     /home/zhaoqunqi/.gradle/caches/modules-2/files-2.1/junit/junit/4.11/4e031bb61df09069aeb2bffb4019e7a5034a4ee0/junit-4.11.jar
6430d000-64314000 r--s 00033000 08:04 786821     /home/zhaoqunqi/.gradle/caches/modules-2/files-2.1/junit/junit-dep/4.10/64417b3bafdecd366afa514bd5beeae6c1f85ece/junit-dep-4.10.jar
64314000-6437f000 r--s 00685000 08:04 786764     /home/zhaoqunqi/.gradle/caches/modules-2/files-2.1/org.codehaus.groovy/groovy-all/2.3.7/feb6df9c6936c797159091a451ed8590d67101dc/groovy-all-2.3.7.jar
6437f000-64380000 ---p 00000000 00:00 0 
64380000-64400000 rw-p 00000000 00:00 0          [stack:4672]
64400000-644fd000 rw-p 00000000 00:00 0 
644fd000-64500000 ---p 00000000 00:00 0 
64500000-64502000 r--s 00000000 08:04 786765     /home/zhaoqunqi/.gradle/caches/modules-2/files-2.1/aopalliance/aopalliance/1.0/235ba8b489512805ac13a8f9ea77a1ca5ebe3e8/aopalliance-1.0.jar
64502000-64504000 r--s 0000d000 08:04 786824     /home/zhaoqunqi/.gradle/caches/modules-2/files-2.1/com.jayway.awaitility/awaitility/1.6.1/4cddafcee4564c3e0cf2130ab6eed6c788310603/awaitility-1.6.1.jar
64504000-64506000 r--s 00009000 08:04 786822     /home/zhaoqunqi/.gradle/caches/modules-2/files-2.1/org.hamcrest/hamcrest-core/1.3/42a25dc3219429f0e5d060061f71acb49bf010a0/hamcrest-core-1.3.jar
64506000-64517000 r--s 000a1000 08:04 786818     /home/zhaoqunqi/.gradle/caches/modules-2/files-2.1/org.easytesting/fest-swing/1.2.1/7203fa30d833d389176f3c45129975725518d0f7/fest-swing-1.2.1.jar
64517000-64526000 r--s 0009f000 08:04 786760     /home/zhaoqunqi/.gradle/caches/modules-2/files-2.1/com.google.inject/guice/3.0/9d84f15fe35e2c716a02979fb62f50a29f38aefa/guice-3.0.jar
64526000-6454e000 r--s 001cf000 08:04 4872027    /home/zhaoqunqi/software/gradle-2.0/lib/guava-jdk5-17.0.jar
6454e000-6457f000 r--s 00191000 08:04 4872021    /home/zhaoqunqi/software/gradle-2.0/lib/gradle-core-2.0.jar
6457f000-64582000 ---p 00000000 00:00 0 
64582000-64600000 rw-p 00000000 00:00 0          [stack:4670]
64600000-646ff000 rw-p 00000000 00:00 0 
646ff000-64700000 ---p 00000000 00:00 0 
64700000-64702000 r--s 00000000 08:04 786820     /home/zhaoqunqi/.gradle/caches/modules-2/files-2.1/org.easytesting/fest-swing-junit-4.5/1.2.1/23fc9681c79d89bd827646d50d96a598f9e0558/fest-swing-junit-4.5-1.2.1.jar
64702000-64704000 r--s 0000a000 08:04 786819     /home/zhaoqunqi/.gradle/caches/modules-2/files-2.1/org.easytesting/fest-swing-junit/1.2.1/ab483461e117f34ac49c7ffae7ee1e525624d902/fest-swing-junit-1.2.1.jar
64704000-64706000 r--s 00006000 08:04 786763     /home/zhaoqunqi/.gradle/caches/modules-2/files-2.1/org.slf4j/slf4j-api/1.7.7/2b8019b6249bb05d81d3a3094e468753e2b21311/slf4j-api-1.7.7.jar
64706000-64709000 r--s 00006000 08:04 786762     /home/zhaoqunqi/.gradle/caches/modules-2/files-2.1/com.google.code.findbugs/jsr305/3.0.0/5871fb60dc68d67da54a663c3fd636a10a532948/jsr305-3.0.0.jar
64709000-6470a000 r--s 00000000 08:04 786761     /home/zhaoqunqi/.gradle/caches/modules-2/files-2.1/javax.inject/javax.inject/1/6975da39a7040257bd51d21a231b76c915872d38/javax.inject-1.jar
6470a000-6470b000 r--s 00003000 08:04 786817     /home/zhaoqunqi/.gradle/caches/modules-2/files-2.1/org.codehaus.griffon/griffon-core-test/2.0.0/e216573e1467d01e5d8121eea9b4754c82a6d744/griffon-core-test-2.0.0.jar
6470b000-64717000 r--s 00070000 08:04 786816     /home/zhaoqunqi/.gradle/caches/modules-2/files-2.1/org.spockframework/spock-core/0.7-groovy-2.0/4de0b428de0c14b6eb6375d8174f71848cbfc1d7/spock-core-0.7-groovy-2.0.jar
64717000-64719000 r--s 00001000 08:04 786836     /home/zhaoqunqi/.gradle/caches/modules-2/files-2.1/org.slf4j/slf4j-log4j12/1.7.7/58f588119ffd1702c77ccab6acb54bfb41bed8bd/slf4j-log4j12-1.7.7.jar
64719000-64722000 r--s 0006f000 08:04 786835     /home/zhaoqunqi/.gradle/caches/modules-2/files-2.1/log4j/log4j/1.2.17/5af35056b4d257e4b64b9e8069c0746e8b08629f/log4j-1.2.17.jar
64722000-64724000 r--s 00010000 08:04 786759     /home/zhaoqunqi/.gradle/caches/modules-2/files-2.1/org.codehaus.griffon/griffon-groovy/2.0.0/6a4d48a2a30b7f770c1018898e05ca2ed5291d90/griffon-groovy-2.0.0.jar
64724000-64727000 r--s 00019000 08:04 786757     /home/zhaoqunqi/.gradle/caches/modules-2/files-2.1/org.codehaus.griffon/griffon-swing/2.0.0/cebe0e7be35a10a529fa41c3b899898b757fed78/griffon-swing-2.0.0.jar
64727000-6472a000 ---p 00000000 00:00 0 
6472a000-64778000 rw-p 00000000 00:00 0          [stack:4671]
64778000-6477b000 ---p 00000000 00:00 0 
6477b000-647f9000 rw-p 00000000 00:00 0          [stack:4669]
647f9000-647fc000 ---p 00000000 00:00 0 
647fc000-6484a000 rw-p 00000000 00:00 0          [stack:4668]
6484a000-649af000 r--p 001c8000 08:04 1450231    /usr/lib/locale/locale-archive
649af000-64baf000 r--p 00000000 08:04 1450231    /usr/lib/locale/locale-archive
64baf000-64bb2000 ---p 00000000 00:00 0 
64bb2000-64c00000 rw-p 00000000 00:00 0          [stack:4667]
64c00000-64d00000 rw-p 00000000 00:00 0 
64d00000-64d0a000 r--s 00059000 08:04 786756     /home/zhaoqunqi/.gradle/caches/modules-2/files-2.1/org.codehaus.griffon/griffon-core/2.0.0/f1371a8185f915453af7d7fa14b68b901d84d3de/griffon-core-2.0.0.jar
64d0a000-64d0d000 ---p 00000000 00:00 0 
64d0d000-64d5b000 rw-p 00000000 00:00 0          [stack:4666]
64d5b000-64f32000 r--s 03cfa000 08:04 6168736    /home/zhaoqunqi/software/java/jdk1.8.0_40/jre/lib/rt.jar
64f32000-65378000 rw-p 00000000 00:00 0 
65378000-6537e000 ---p 00000000 00:00 0 
6537e000-67700000 rw-p 00000000 00:00 0 
67700000-677fa000 rw-p 00000000 00:00 0 
677fa000-67800000 ---p 00000000 00:00 0 
67800000-6781c000 r--s 00393000 08:04 6684909    /home/zhaoqunqi/software/java/jdk1.8.0_40/jre/lib/ext/cldrdata.jar
6781c000-67826000 r--s 00116000 08:04 6684913    /home/zhaoqunqi/software/java/jdk1.8.0_40/jre/lib/ext/localedata.jar
67826000-67830000 r--s 0005d000 08:04 4872035    /home/zhaoqunqi/software/gradle-2.0/lib/logback-core-1.0.13.jar
67830000-67831000 ---p 00000000 00:00 0 
67831000-67900000 rw-p 00000000 00:00 0          [stack:4665]
67900000-6796e000 rw-p 00000000 00:00 0 
6796e000-67a00000 ---p 00000000 00:00 0 
67a00000-67a01000 r--s 00000000 08:04 786815     /home/zhaoqunqi/.gradle/caches/modules-2/files-2.1/org.codehaus.griffon/griffon-fest-test/2.0.0/8eafa66fdd886c6afdb97c6b9a69d0b6a4221b27/griffon-fest-test-2.0.0.jar
67a01000-67a02000 r--s 00004000 08:04 786758     /home/zhaoqunqi/.gradle/caches/modules-2/files-2.1/org.codehaus.griffon/griffon-swing-groovy/2.0.0/2be83796b9128d50ad16c4f2efd9d721d430b137/griffon-swing-groovy-2.0.0.jar
67a02000-67a08000 r--s 0003b000 08:04 4872036    /home/zhaoqunqi/software/gradle-2.0/lib/logback-classic-1.0.13.jar
67a08000-67a17000 r-xp 00000000 08:04 6168678    /home/zhaoqunqi/software/java/jdk1.8.0_40/jre/lib/i386/libnio.so
67a17000-67a18000 rw-p 0000e000 08:04 6168678    /home/zhaoqunqi/software/java/jdk1.8.0_40/jre/lib/i386/libnio.so
67a18000-67a2d000 r-xp 00000000 08:04 6168712    /home/zhaoqunqi/software/java/jdk1.8.0_40/jre/lib/i386/libnet.so
67a2d000-67a2e000 rw-p 00014000 08:04 6168712    /home/zhaoqunqi/software/java/jdk1.8.0_40/jre/lib/i386/libnet.so
67a2e000-67a42000 r--p 00000000 08:04 1842350    /usr/share/locale-langpack/zh_CN/LC_MESSAGES/libc.mo
67a42000-67ac7000 rw-p 00000000 00:00 0 
67ac7000-67c06000 ---p 00000000 00:00 0 
67c06000-67c18000 rw-p 00000000 00:00 0 
67c18000-67d56000 ---p 00000000 00:00 0 
67d56000-67de3000 rw-p 00000000 00:00 0 
67de3000-67dff000 ---p 00000000 00:00 0 
67dff000-6a1c0000 rw-p 00000000 00:00 0 
6a1c0000-91f80000 ---p 00000000 00:00 0 
91f80000-a3700000 rw-p 00000000 00:00 0 
a3700000-a7000000 ---p 00000000 00:00 0 
a7000000-a7001000 r--s 00004000 08:04 786755     /home/zhaoqunqi/.gradle/caches/modules-2/files-2.1/org.codehaus.griffon/griffon-guice/2.0.0/928ce9f5b6521507bceffa42aa74eb214cc374d/griffon-guice-2.0.0.jar
a7001000-a7003000 r--s 00005000 08:04 4872026    /home/zhaoqunqi/software/gradle-2.0/lib/slf4j-api-1.7.5.jar
a7003000-a700b000 r--s 00038000 08:04 4872041    /home/zhaoqunqi/software/gradle-2.0/lib/gradle-messaging-2.0.jar
a700b000-a700c000 ---p 00000000 00:00 0 
a700c000-a708c000 rw-p 00000000 00:00 0          [stack:4664]
a708c000-a708d000 ---p 00000000 00:00 0 
a708d000-a712d000 rw-p 00000000 00:00 0          [stack:4663]
a712d000-a74cd000 ---p 00000000 00:00 0 
a74cd000-a7c95000 rwxp 00000000 00:00 0 
a7c95000-b64cd000 ---p 00000000 00:00 0 
b64cd000-b64e6000 r-xp 00000000 08:04 6168714    /home/zhaoqunqi/software/java/jdk1.8.0_40/jre/lib/i386/libzip.so
b64e6000-b64e7000 rw-p 00018000 08:04 6168714    /home/zhaoqunqi/software/java/jdk1.8.0_40/jre/lib/i386/libzip.so
b64e7000-b64f2000 r-xp 00000000 08:04 4063263    /lib/i386-linux-gnu/libnss_files-2.19.so
b64f2000-b64f3000 r--p 0000a000 08:04 4063263    /lib/i386-linux-gnu/libnss_files-2.19.so
b64f3000-b64f4000 rw-p 0000b000 08:04 4063263    /lib/i386-linux-gnu/libnss_files-2.19.so
b64f4000-b64fe000 r-xp 00000000 08:04 4063330    /lib/i386-linux-gnu/libnss_nis-2.19.so
b64fe000-b64ff000 r--p 00009000 08:04 4063330    /lib/i386-linux-gnu/libnss_nis-2.19.so
b64ff000-b6500000 rw-p 0000a000 08:04 4063330    /lib/i386-linux-gnu/libnss_nis-2.19.so
b6500000-b65f9000 rw-p 00000000 00:00 0 
b65f9000-b6600000 ---p 00000000 00:00 0 
b6600000-b6602000 r--s 00007000 08:04 4872025    /home/zhaoqunqi/software/gradle-2.0/lib/gradle-native-2.0.jar
b6602000-b6604000 r--s 00005000 08:04 4872022    /home/zhaoqunqi/software/gradle-2.0/lib/gradle-cli-2.0.jar
b6604000-b660a000 r--s 00025000 08:04 4872020    /home/zhaoqunqi/software/gradle-2.0/lib/gradle-base-services-2.0.jar
b660a000-b661f000 r-xp 00000000 08:04 4063327    /lib/i386-linux-gnu/libnsl-2.19.so
b661f000-b6620000 r--p 00015000 08:04 4063327    /lib/i386-linux-gnu/libnsl-2.19.so
b6620000-b6621000 rw-p 00016000 08:04 4063327    /lib/i386-linux-gnu/libnsl-2.19.so
b6621000-b6623000 rw-p 00000000 00:00 0 
b6623000-b662a000 r-xp 00000000 08:04 4063322    /lib/i386-linux-gnu/libnss_compat-2.19.so
b662a000-b662b000 r--p 00006000 08:04 4063322    /lib/i386-linux-gnu/libnss_compat-2.19.so
b662b000-b662c000 rw-p 00007000 08:04 4063322    /lib/i386-linux-gnu/libnss_compat-2.19.so
b662c000-b662d000 r--s 00001000 08:04 4872038    /home/zhaoqunqi/software/gradle-2.0/lib/jul-to-slf4j-1.7.5.jar
b662d000-b6632000 r--s 00093000 08:04 6168740    /home/zhaoqunqi/software/java/jdk1.8.0_40/jre/lib/jsse.jar
b6632000-b6639000 r--s 00000000 08:04 1451373    /usr/lib/i386-linux-gnu/gconv/gconv-modules.cache
b6639000-b6641000 rw-s 00000000 08:04 1048687    /tmp/hsperfdata_zhaoqunqi/4657
b6641000-b664a000 r-xp 00000000 08:04 6168702    /home/zhaoqunqi/software/java/jdk1.8.0_40/jre/lib/i386/libinstrument.so
b664a000-b664b000 rw-p 00008000 08:04 6168702    /home/zhaoqunqi/software/java/jdk1.8.0_40/jre/lib/i386/libinstrument.so
b664b000-b666e000 r-xp 00000000 08:04 6168709    /home/zhaoqunqi/software/java/jdk1.8.0_40/jre/lib/i386/libjava.so
b666e000-b666f000 rw-p 00023000 08:04 6168709    /home/zhaoqunqi/software/java/jdk1.8.0_40/jre/lib/i386/libjava.so
b666f000-b6676000 r-xp 00000000 08:04 4063326    /lib/i386-linux-gnu/librt-2.19.so
b6676000-b6677000 r--p 00006000 08:04 4063326    /lib/i386-linux-gnu/librt-2.19.so
b6677000-b6678000 rw-p 00007000 08:04 4063326    /lib/i386-linux-gnu/librt-2.19.so
b6678000-b667b000 ---p 00000000 00:00 0 
b667b000-b66c9000 rw-p 00000000 00:00 0          [stack:4660]
b66c9000-b670d000 r-xp 00000000 08:04 4063328    /lib/i386-linux-gnu/libm-2.19.so
b670d000-b670e000 r--p 00043000 08:04 4063328    /lib/i386-linux-gnu/libm-2.19.so
b670e000-b670f000 rw-p 00044000 08:04 4063328    /lib/i386-linux-gnu/libm-2.19.so
b670f000-b7061000 r-xp 00000000 08:04 6564952    /home/zhaoqunqi/software/java/jdk1.8.0_40/jre/lib/i386/server/libjvm.so
b7061000-b70cd000 rw-p 00951000 08:04 6564952    /home/zhaoqunqi/software/java/jdk1.8.0_40/jre/lib/i386/server/libjvm.so
b70cd000-b74f3000 rw-p 00000000 00:00 0 
b74f3000-b769c000 r-xp 00000000 08:04 4063333    /lib/i386-linux-gnu/libc-2.19.so
b769c000-b769d000 ---p 001a9000 08:04 4063333    /lib/i386-linux-gnu/libc-2.19.so
b769d000-b769f000 r--p 001a9000 08:04 4063333    /lib/i386-linux-gnu/libc-2.19.so
b769f000-b76a0000 rw-p 001ab000 08:04 4063333    /lib/i386-linux-gnu/libc-2.19.so
b76a0000-b76a3000 rw-p 00000000 00:00 0 
b76a3000-b76a6000 r-xp 00000000 08:04 4067629    /lib/i386-linux-gnu/libdl-2.19.so
b76a6000-b76a7000 r--p 00002000 08:04 4067629    /lib/i386-linux-gnu/libdl-2.19.so
b76a7000-b76a8000 rw-p 00003000 08:04 4067629    /lib/i386-linux-gnu/libdl-2.19.so
b76a8000-b76bc000 r-xp 00000000 08:04 5906971    /home/zhaoqunqi/software/java/jdk1.8.0_40/lib/i386/jli/libjli.so
b76bc000-b76bd000 rw-p 00013000 08:04 5906971    /home/zhaoqunqi/software/java/jdk1.8.0_40/lib/i386/jli/libjli.so
b76bd000-b76be000 rw-p 00000000 00:00 0 
b76be000-b76d6000 r-xp 00000000 08:04 4067513    /lib/i386-linux-gnu/libpthread-2.19.so
b76d6000-b76d7000 r--p 00017000 08:04 4067513    /lib/i386-linux-gnu/libpthread-2.19.so
b76d7000-b76d8000 rw-p 00018000 08:04 4067513    /lib/i386-linux-gnu/libpthread-2.19.so
b76d8000-b76da000 rw-p 00000000 00:00 0 
b76da000-b76e0000 r--s 0003d000 08:04 5775670    /home/zhaoqunqi/griffon/console/build/tmp/expandedArchives/org.jacoco.agent-0.7.2.201409121644.jar_6c1rfpkqh495e3ugn61ua6g37a/jacocoagent.jar
b76e0000-b76e1000 r--s 00001000 08:04 5116120    /home/zhaoqunqi/.gradle/caches/2.0/workerMain/gradle-worker.jar
b76e1000-b76e2000 rw-p 00000000 00:00 0 
b76e2000-b76e3000 r--p 00000000 00:00 0 
b76e3000-b76ee000 r-xp 00000000 08:04 6168670    /home/zhaoqunqi/software/java/jdk1.8.0_40/jre/lib/i386/libverify.so
b76ee000-b76ef000 rw-p 0000b000 08:04 6168670    /home/zhaoqunqi/software/java/jdk1.8.0_40/jre/lib/i386/libverify.so
b76ef000-b76f1000 rw-p 00000000 00:00 0 
b76f1000-b76f2000 r-xp 00000000 00:00 0          [vdso]
b76f2000-b7712000 r-xp 00000000 08:04 4067628    /lib/i386-linux-gnu/ld-2.19.so
b7712000-b7713000 r--p 0001f000 08:04 4067628    /lib/i386-linux-gnu/ld-2.19.so
b7713000-b7714000 rw-p 00020000 08:04 4067628    /lib/i386-linux-gnu/ld-2.19.so
bf901000-bf902000 rwxp 00000000 00:00 0 
bf933000-bf955000 rw-p 00000000 00:00 0          [stack]

VM Arguments:
jvm_args: -Djava.security.manager=jarjar.org.gradle.process.internal.child.BootstrapSecurityManager -javaagent:build/tmp/expandedArchives/org.jacoco.agent-0.7.2.201409121644.jar_6c1rfpkqh495e3ugn61ua6g37a/jacocoagent.jar=destfile=build/jacoco/test.exec,append=true,dumponexit=true,output=file,jmx=false -Dfile.encoding=UTF-8 -ea 
java_command: jarjar.org.gradle.process.internal.launcher.GradleWorkerMain
java_class_path (initial): /home/zhaoqunqi/.gradle/caches/2.0/workerMain/gradle-worker.jar:build/tmp/expandedArchives/org.jacoco.agent-0.7.2.201409121644.jar_6c1rfpkqh495e3ugn61ua6g37a/jacocoagent.jar
Launcher Type: SUN_STANDARD

Environment Variables:
JAVA_HOME=/home/zhaoqunqi/software/java/jdk1.8.0_40
CLASSPATH=/home/zhaoqunqi/software/gradle-2.0/lib/gradle-launcher-2.0.jar
PATH=/home/zhaoqunqi/.gvm/vertx/current/bin:/home/zhaoqunqi/.gvm/springboot/current/bin:/home/zhaoqunqi/.gvm/lazybones/current/bin:/home/zhaoqunqi/.gvm/jbake/current/bin:/home/zhaoqunqi/.gvm/groovyserv/current/bin:/home/zhaoqunqi/.gvm/groovy/current/bin:/home/zhaoqunqi/.gvm/griffon/current/bin:/home/zhaoqunqi/.gvm/grails/current/bin:/home/zhaoqunqi/.gvm/gradle/current/bin:/home/zhaoqunqi/.gvm/glide/current/bin:/home/zhaoqunqi/.gvm/gaiden/current/bin:/home/zhaoqunqi/.gvm/crash/current/bin:/usr/local/sbin:/usr/local/bin:/usr/sbin:/usr/bin:/sbin:/bin:/usr/games:/usr/local/games:/home/zhaoqunqi/software/java/jdk1.8.0_40/bin:/home/zhaoqunqi/software/gradle-2.0/bin:/home/zhaoqunqi/software/groovy-2.3.6/bin:/home/zhaoqunqi/software/grails/grails-2.4.3/bin
SHELL=/bin/bash
DISPLAY=:0

Signal Handlers:
SIGSEGV: [libjvm.so+0x8a3950], sa_mask[0]=11111111011111111101111111111110, sa_flags=SA_RESTART|SA_SIGINFO
SIGBUS: [libjvm.so+0x8a3950], sa_mask[0]=11111111011111111101111111111110, sa_flags=SA_RESTART|SA_SIGINFO
SIGFPE: [libjvm.so+0x727200], sa_mask[0]=11111111011111111101111111111110, sa_flags=SA_RESTART|SA_SIGINFO
SIGPIPE: [libjvm.so+0x727200], sa_mask[0]=11111111011111111101111111111110, sa_flags=SA_RESTART|SA_SIGINFO
SIGXFSZ: [libjvm.so+0x727200], sa_mask[0]=11111111011111111101111111111110, sa_flags=SA_RESTART|SA_SIGINFO
SIGILL: [libjvm.so+0x727200], sa_mask[0]=11111111011111111101111111111110, sa_flags=SA_RESTART|SA_SIGINFO
SIGUSR1: SIG_DFL, sa_mask[0]=00000000000000000000000000000000, sa_flags=none
SIGUSR2: [libjvm.so+0x728770], sa_mask[0]=00100000000000000000000000000000, sa_flags=SA_RESTART|SA_SIGINFO
SIGHUP: [libjvm.so+0x7297b0], sa_mask[0]=11111111011111111101111111111110, sa_flags=SA_RESTART|SA_SIGINFO
SIGINT: [libjvm.so+0x7297b0], sa_mask[0]=11111111011111111101111111111110, sa_flags=SA_RESTART|SA_SIGINFO
SIGTERM: [libjvm.so+0x7297b0], sa_mask[0]=11111111011111111101111111111110, sa_flags=SA_RESTART|SA_SIGINFO
SIGQUIT: [libjvm.so+0x7297b0], sa_mask[0]=11111111011111111101111111111110, sa_flags=SA_RESTART|SA_SIGINFO


---------------  S Y S T E M  ---------------

OS:DISTRIB_ID=Ubuntu
DISTRIB_RELEASE=14.04
DISTRIB_CODENAME=trusty
DISTRIB_DESCRIPTION="Ubuntu 14.04.1 LTS"

uname:Linux 3.13.0-37-generic #64-Ubuntu SMP Mon Sep 22 21:30:01 UTC 2014 i686
libc:glibc 2.19 NPTL 2.19 
rlimit: STACK 8192k, CORE 0k, NPROC 32118, NOFILE 4096, AS infinity
load average:4.77 3.62 3.61

/proc/meminfo:
MemTotal:        4130300 kB
MemFree:          228344 kB
Buffers:          201672 kB
Cached:          1421608 kB
SwapCached:            0 kB
Active:          2585780 kB
Inactive:        1164748 kB
Active(anon):    2070824 kB
Inactive(anon):    96752 kB
Active(file):     514956 kB
Inactive(file):  1067996 kB
Unevictable:          32 kB
Mlocked:              32 kB
HighTotal:       3280616 kB
HighFree:          69336 kB
LowTotal:         849684 kB
LowFree:          159008 kB
SwapTotal:       3998716 kB
SwapFree:        3998716 kB
Dirty:              5212 kB
Writeback:             0 kB
AnonPages:       2127312 kB
Mapped:           267872 kB
Shmem:             40280 kB
Slab:              95132 kB
SReclaimable:      75684 kB
SUnreclaim:        19448 kB
KernelStack:        4432 kB
PageTables:        15304 kB
NFS_Unstable:          0 kB
Bounce:                0 kB
WritebackTmp:          0 kB
CommitLimit:     6063864 kB
Committed_AS:    5812480 kB
VmallocTotal:     122880 kB
VmallocUsed:       22528 kB
VmallocChunk:      55260 kB
HardwareCorrupted:     0 kB
AnonHugePages:   1294336 kB
HugePages_Total:       0
HugePages_Free:        0
HugePages_Rsvd:        0
HugePages_Surp:        0
Hugepagesize:       2048 kB
DirectMap4k:       40952 kB
DirectMap2M:      872448 kB


CPU:total 2 (2 cores per cpu, 1 threads per core) family 6 model 23 stepping 10, cmov, cx8, fxsr, mmx, sse, sse2, sse3, ssse3, sse4.1, tsc

/proc/cpuinfo:
processor	: 0
vendor_id	: GenuineIntel
cpu family	: 6
model		: 23
model name	: Intel(R) Core(TM)2 Duo CPU     T6600  @ 2.20GHz
stepping	: 10
microcode	: 0xa07
cpu MHz		: 2200.000
cache size	: 2048 KB
physical id	: 0
siblings	: 2
core id		: 0
cpu cores	: 2
apicid		: 0
initial apicid	: 0
fdiv_bug	: no
f00f_bug	: no
coma_bug	: no
fpu		: yes
fpu_exception	: yes
cpuid level	: 13
wp		: yes
flags		: fpu vme de pse tsc msr pae mce cx8 apic sep mtrr pge mca cmov pat pse36 clflush dts acpi mmx fxsr sse sse2 ss ht tm pbe nx lm constant_tsc arch_perfmon pebs bts aperfmperf pni dtes64 monitor ds_cpl est tm2 ssse3 cx16 xtpr pdcm sse4_1 xsave lahf_lm dtherm
bogomips	: 4398.76
clflush size	: 64
cache_alignment	: 64
address sizes	: 36 bits physical, 48 bits virtual
power management:

processor	: 1
vendor_id	: GenuineIntel
cpu family	: 6
model		: 23
model name	: Intel(R) Core(TM)2 Duo CPU     T6600  @ 2.20GHz
stepping	: 10
microcode	: 0xa07
cpu MHz		: 2200.000
cache size	: 2048 KB
physical id	: 0
siblings	: 2
core id		: 1
cpu cores	: 2
apicid		: 1
initial apicid	: 1
fdiv_bug	: no
f00f_bug	: no
coma_bug	: no
fpu		: yes
fpu_exception	: yes
cpuid level	: 13
wp		: yes
flags		: fpu vme de pse tsc msr pae mce cx8 apic sep mtrr pge mca cmov pat pse36 clflush dts acpi mmx fxsr sse sse2 ss ht tm pbe nx lm constant_tsc arch_perfmon pebs bts aperfmperf pni dtes64 monitor ds_cpl est tm2 ssse3 cx16 xtpr pdcm sse4_1 xsave lahf_lm dtherm
bogomips	: 4398.76
clflush size	: 64
cache_alignment	: 64
address sizes	: 36 bits physical, 48 bits virtual
power management:



Memory: 4k page, physical 4130300k(228344k free), swap 3998716k(3998716k free)

vm_info: Java HotSpot(TM) Server VM (25.40-b15) for linux-x86 JRE (1.8.0_40-ea-b11), built on Oct 21 2014 23:27:05 by "java_re" with gcc 4.3.0 20080428 (Red Hat 4.3.0-8)

time: Fri Oct 24 21:33:17 2014
elapsed time: 19 seconds (0d 0h 0m 19s)

