#
# A fatal error has been detected by the Java Runtime Environment:
#
#  SIGSEGV (0xb) at pc=0x629f0be0, pid=4782, tid=3060935488
#
# JRE version: Java(TM) SE Runtime Environment (8.0_40-b11) (build 1.8.0_40-ea-b11)
# Java VM: Java HotSpot(TM) Server VM (25.40-b15 mixed mode linux-x86 )
# Problematic frame:
# C  0x629f0be0
#
# Failed to write core dump. Core dumps have been disabled. To enable core dumping, try "ulimit -c unlimited" before starting Java again
#
# If you would like to submit a bug report, please visit:
#   http://bugreport.sun.com/bugreport/crash.jsp
#

---------------  T H R E A D  ---------------

Current thread is native thread

siginfo: si_signo: 11 (SIGSEGV), si_code: 1 (SEGV_MAPERR), si_addr: 0x629f0be0

Registers:
EAX=0x63ce4e88, EBX=0xb7731000, ECX=0x00000001, EDX=0x629f0be0
ESP=0xb672232c, EBP=0x00000003, ESI=0xb6722be8, EDI=0xb77311bc
EIP=0x629f0be0, EFLAGS=0x00210282, CR2=0x629f0be0

Top of Stack: (sp=0xb672232c)
0xb672232c:   b771ed56 63ce4e88 b76fa000 b6722b40
0xb672233c:   b75816f3 00000000 b77311a4 00000004
0xb672234c:   b77311a4 b6722b40 003d0f00 b771ecc9
0xb672235c:   b7731000 b6722b40 003d0f00 b6722428
0xb672236c:   b771ef83 b6722390 00000000 00000000
0xb672237c:   00000000 00000000 00000000 00000000
0xb672238c:   00000000 b7731000 b6722b40 003d0f00
0xb672239c:   b6722428 d4d63d1a d34ea318 00000000 

Instructions: (pc=0x629f0be0)
0x629f0bc0:   
[error occurred during error reporting (printing registers, top of stack, instructions near pc), id 0xb]

Register to memory mapping:

EAX=0x63ce4e88 is an unknown value
EBX=0xb7731000: <offset 0x19000> in /lib/i386-linux-gnu/libpthread.so.0 at 0xb7718000
ECX=0x00000001 is an unknown value
EDX=0x629f0be0 is an unknown value
ESP=0xb672232c is an unknown value
EBP=0x00000003 is an unknown value
ESI=0xb6722be8 is an unknown value
EDI=0xb77311bc: <offset 0x191bc> in /lib/i386-linux-gnu/libpthread.so.0 at 0xb7718000


Stack: [0xb66d2000,0xb6723000],  sp=0xb672232c,  free space=320k
Native frames: (J=compiled Java code, j=interpreted, Vv=VM code, C=native code)
C  0x629f0be0


---------------  P R O C E S S  ---------------

VM state:at safepoint (shutting down)

VM Mutex/Monitor currently owned by a thread:  ([mutex/lock_event])
[0xb6505eb8] Threads_lock - owner thread: 0x67810400

Heap:
 PSYoungGen      total 69120K, used 19848K [0x91f80000, 0x96580000, 0xa7000000)
  eden space 66560K, 25% used [0x91f80000,0x93065950,0x96080000)
  from space 2560K, 99% used [0x96300000,0x9657c8a0,0x96580000)
  to   space 2560K, 0% used [0x96080000,0x96080000,0x96300000)
 ParOldGen       total 43776K, used 16573K [0x67e00000, 0x6a8c0000, 0x91f80000)
  object space 43776K, 37% used [0x67e00000,0x68e2f700,0x6a8c0000)
 Metaspace       used 14517K, capacity 14752K, committed 14872K, reserved 15664K

Card table byte_map: [0x67c06000,0x67e00000] byte_map_base: 0x678c7000

Marking Bits: (ParMarkBitMap*) 0xb71384c0
 Begin Bits: [0x65770000, 0x66738000)
 End Bits:   [0x66738000, 0x67700000)

Polling page: 0xb773d000

CodeCache: size=245760Kb used=5855Kb max_used=5881Kb free=239904Kb
 bounds [0xa7500000, 0xa7ac0000, 0xb6500000]
 total_blobs=2412 nmethods=1912 adapters=415
 compilation: enabled

Compilation events (10 events):
Event: 5.603 Thread 0x67833400 1912       4       groovy.lang.MetaClassImpl$1MOPIter::methodNameAction (482 bytes)
Event: 6.377 Thread 0x67835000 1929       2       java.util.logging.LogManager$LoggerContext::getRootLogger (8 bytes)
Event: 6.377 Thread 0x67835000 nmethod 1929 0xa7aaf648 code [0xa7aaf760, 0xa7aaf840]
Event: 6.377 Thread 0x67835000 1930       2       java.util.logging.LogManager$LoggerContext::getGlobalLogger (6 bytes)
Event: 6.377 Thread 0x67835000 nmethod 1930 0xa7aaf408 code [0xa7aaf520, 0xa7aaf5e0]
Event: 6.378 Thread 0x67835000 1931       2       java.util.concurrent.locks.ReentrantLock$Sync::tryRelease (45 bytes)
Event: 6.379 Thread 0x67835000 nmethod 1931 0xa7aaee88 code [0xa7aaefc0, 0xa7aaf16c]
Event: 6.379 Thread 0x67835000 1932       2       java.util.concurrent.locks.ReentrantLock::lock (8 bytes)
Event: 6.379 Thread 0x67835000 nmethod 1932 0xa7aaec08 code [0xa7aaed20, 0xa7aaee0c]
Event: 6.379 Thread 0x67835000 1933       2       java.util.concurrent.locks.ReentrantLock$NonfairSync::lock (25 bytes)

GC Heap History (8 events):
Event: 0.814 GC heap before
{Heap before GC invocations=1 (full 0):
 PSYoungGen      total 19200K, used 16640K [0x91f80000, 0x934c0000, 0xa7000000)
  eden space 16640K, 100% used [0x91f80000,0x92fc0000,0x92fc0000)
  from space 2560K, 0% used [0x93240000,0x93240000,0x934c0000)
  to   space 2560K, 0% used [0x92fc0000,0x92fc0000,0x93240000)
 ParOldGen       total 43776K, used 0K [0x67e00000, 0x6a8c0000, 0x91f80000)
  object space 43776K, 0% used [0x67e00000,0x67e00000,0x6a8c0000)
 Metaspace       used 5765K, capacity 5885K, committed 5912K, reserved 6448K
Event: 0.835 GC heap after
Heap after GC invocations=1 (full 0):
 PSYoungGen      total 19200K, used 2553K [0x91f80000, 0x94500000, 0xa7000000)
  eden space 16640K, 0% used [0x91f80000,0x91f80000,0x92fc0000)
  from space 2560K, 99% used [0x92fc0000,0x9323e598,0x93240000)
  to   space 2560K, 0% used [0x94280000,0x94280000,0x94500000)
 ParOldGen       total 43776K, used 639K [0x67e00000, 0x6a8c0000, 0x91f80000)
  object space 43776K, 1% used [0x67e00000,0x67e9fd58,0x6a8c0000)
 Metaspace       used 5765K, capacity 5885K, committed 5912K, reserved 6448K
}
Event: 1.450 GC heap before
{Heap before GC invocations=2 (full 0):
 PSYoungGen      total 19200K, used 19193K [0x91f80000, 0x94500000, 0xa7000000)
  eden space 16640K, 100% used [0x91f80000,0x92fc0000,0x92fc0000)
  from space 2560K, 99% used [0x92fc0000,0x9323e598,0x93240000)
  to   space 2560K, 0% used [0x94280000,0x94280000,0x94500000)
 ParOldGen       total 43776K, used 639K [0x67e00000, 0x6a8c0000, 0x91f80000)
  object space 43776K, 1% used [0x67e00000,0x67e9fd58,0x6a8c0000)
 Metaspace       used 7682K, capacity 7786K, committed 7832K, reserved 8496K
Event: 1.479 GC heap after
Heap after GC invocations=2 (full 0):
 PSYoungGen      total 35840K, used 2552K [0x91f80000, 0x94500000, 0xa7000000)
  eden space 33280K, 0% used [0x91f80000,0x91f80000,0x94000000)
  from space 2560K, 99% used [0x94280000,0x944fe070,0x94500000)
  to   space 2560K, 0% used [0x94000000,0x94000000,0x94280000)
 ParOldGen       total 43776K, used 2779K [0x67e00000, 0x6a8c0000, 0x91f80000)
  object space 43776K, 6% used [0x67e00000,0x680b6e48,0x6a8c0000)
 Metaspace       used 7682K, capacity 7786K, committed 7832K, reserved 8496K
}
Event: 3.189 GC heap before
{Heap before GC invocations=3 (full 0):
 PSYoungGen      total 35840K, used 35832K [0x91f80000, 0x94500000, 0xa7000000)
  eden space 33280K, 100% used [0x91f80000,0x94000000,0x94000000)
  from space 2560K, 99% used [0x94280000,0x944fe070,0x94500000)
  to   space 2560K, 0% used [0x94000000,0x94000000,0x94280000)
 ParOldGen       total 43776K, used 2779K [0x67e00000, 0x6a8c0000, 0x91f80000)
  object space 43776K, 6% used [0x67e00000,0x680b6e48,0x6a8c0000)
 Metaspace       used 11630K, capacity 11798K, committed 11928K, reserved 12592K
Event: 3.246 GC heap after
Heap after GC invocations=3 (full 0):
 PSYoungGen      total 35840K, used 2552K [0x91f80000, 0x96580000, 0xa7000000)
  eden space 33280K, 0% used [0x91f80000,0x91f80000,0x94000000)
  from space 2560K, 99% used [0x94000000,0x9427e080,0x94280000)
  to   space 2560K, 0% used [0x96300000,0x96300000,0x96580000)
 ParOldGen       total 43776K, used 9031K [0x67e00000, 0x6a8c0000, 0x91f80000)
  object space 43776K, 20% used [0x67e00000,0x686d1c40,0x6a8c0000)
 Metaspace       used 11630K, capacity 11798K, committed 11928K, reserved 12592K
}
Event: 4.773 GC heap before
{Heap before GC invocations=4 (full 0):
 PSYoungGen      total 35840K, used 35832K [0x91f80000, 0x96580000, 0xa7000000)
  eden space 33280K, 100% used [0x91f80000,0x94000000,0x94000000)
  from space 2560K, 99% used [0x94000000,0x9427e080,0x94280000)
  to   space 2560K, 0% used [0x96300000,0x96300000,0x96580000)
 ParOldGen       total 43776K, used 9031K [0x67e00000, 0x6a8c0000, 0x91f80000)
  object space 43776K, 20% used [0x67e00000,0x686d1c40,0x6a8c0000)
 Metaspace       used 13812K, capacity 14033K, committed 14104K, reserved 14640K
Event: 4.866 GC heap after
Heap after GC invocations=4 (full 0):
 PSYoungGen      total 69120K, used 2546K [0x91f80000, 0x96580000, 0xa7000000)
  eden space 66560K, 0% used [0x91f80000,0x91f80000,0x96080000)
  from space 2560K, 99% used [0x96300000,0x9657c8a0,0x96580000)
  to   space 2560K, 0% used [0x96080000,0x96080000,0x96300000)
 ParOldGen       total 43776K, used 16573K [0x67e00000, 0x6a8c0000, 0x91f80000)
  object space 43776K, 37% used [0x67e00000,0x68e2f700,0x6a8c0000)
 Metaspace       used 13812K, capacity 14033K, committed 14104K, reserved 14640K
}

Deoptimization events (10 events):
Event: 1.546 Thread 0xb6508800 Uncommon trap: reason=unstable_if action=reinterpret pc=0xa77ed320 method=java.util.HashMap.getNode(ILjava/lang/Object;)Ljava/util/HashMap$Node; @ 129
Event: 1.547 Thread 0xb6508800 Uncommon trap: reason=unstable_if action=reinterpret pc=0xa77e2470 method=java.util.HashMap.getNode(ILjava/lang/Object;)Ljava/util/HashMap$Node; @ 129
Event: 2.022 Thread 0xb6508800 Uncommon trap: reason=unstable_if action=reinterpret pc=0xa7885894 method=com.google.inject.internal.asm.$Type.a(Ljava/lang/StringBuffer;Ljava/lang/Class;)V @ 127
Event: 3.371 Thread 0xb6508800 Uncommon trap: reason=unstable_if action=reinterpret pc=0xa76fd810 method=java.lang.String.startsWith(Ljava/lang/String;I)Z @ 25
Event: 3.423 Thread 0xb6508800 Uncommon trap: reason=unstable_if action=reinterpret pc=0xa78511d8 method=java.util.HashMap.hash(Ljava/lang/Object;)I @ 1
Event: 3.423 Thread 0xb6508800 Uncommon trap: reason=unstable_if action=reinterpret pc=0xa7852d54 method=java.util.HashMap.hash(Ljava/lang/Object;)I @ 1
Event: 3.423 Thread 0xb6508800 Uncommon trap: reason=unstable_if action=reinterpret pc=0xa7751e60 method=java.util.HashMap.hash(Ljava/lang/Object;)I @ 1
Event: 3.445 Thread 0xb6508800 Uncommon trap: reason=unstable_if action=reinterpret pc=0xa784cd64 method=java.util.HashMap.putVal(ILjava/lang/Object;Ljava/lang/Object;ZZ)Ljava/lang/Object; @ 162
Event: 5.162 Thread 0x63185c00 Uncommon trap: reason=unstable_if action=reinterpret pc=0xa777a13c method=java.lang.AbstractStringBuilder.append(Ljava/lang/String;)Ljava/lang/AbstractStringBuilder; @ 1
Event: 5.163 Thread 0x63185c00 Uncommon trap: reason=unstable_if action=reinterpret pc=0xa771bfb8 method=java.lang.AbstractStringBuilder.append(Ljava/lang/String;)Ljava/lang/AbstractStringBuilder; @ 1

Internal exceptions (10 events):
Event: 5.371 Thread 0x63185c00 Exception <a 'java/lang/ClassNotFoundException': griffon/core/artifact/GriffonMvcArtifactBeanInfo> (0x92e50f78) thrown at [/HUDSON/workspace/8-2-build-linux-i586/jdk8u40/1826.nc/hotspot/src/share/vm/classfile/systemDictionary.cpp, line 211]
Event: 5.371 Thread 0x63185c00 Exception <a 'java/lang/ClassNotFoundException': griffon/core/artifact/GriffonMvcArtifactCustomizer> (0x92e58c80) thrown at [/HUDSON/workspace/8-2-build-linux-i586/jdk8u40/1826.nc/hotspot/src/share/vm/classfile/systemDictionary.cpp, line 211]
Event: 5.372 Thread 0x63185c00 Exception <a 'java/lang/ClassNotFoundException': griffon/core/artifact/GriffonViewBeanInfo> (0x92e6b630) thrown at [/HUDSON/workspace/8-2-build-linux-i586/jdk8u40/1826.nc/hotspot/src/share/vm/classfile/systemDictionary.cpp, line 211]
Event: 5.373 Thread 0x63185c00 Exception <a 'java/lang/ClassNotFoundException': griffon/core/artifact/GriffonViewCustomizer> (0x92e72a88) thrown at [/HUDSON/workspace/8-2-build-linux-i586/jdk8u40/1826.nc/hotspot/src/share/vm/classfile/systemDictionary.cpp, line 211]
Event: 5.374 Thread 0x63185c00 Exception <a 'java/lang/reflect/InvocationTargetException'> (0x92e78210) thrown at [/HUDSON/workspace/8-2-build-linux-i586/jdk8u40/1826.nc/hotspot/src/share/vm/runtime/reflection.cpp, line 1080]
Event: 5.374 Thread 0x63185c00 Exception <a 'java/lang/reflect/InvocationTargetException'> (0x92e79098) thrown at [/HUDSON/workspace/8-2-build-linux-i586/jdk8u40/1826.nc/hotspot/src/share/vm/runtime/reflection.cpp, line 1080]
Event: 5.374 Thread 0x63185c00 Exception <a 'java/lang/reflect/InvocationTargetException'> (0x92e79c60) thrown at [/HUDSON/workspace/8-2-build-linux-i586/jdk8u40/1826.nc/hotspot/src/share/vm/runtime/reflection.cpp, line 1080]
Event: 5.375 Thread 0x63185c00 Exception <a 'java/lang/reflect/InvocationTargetException'> (0x92e7aae8) thrown at [/HUDSON/workspace/8-2-build-linux-i586/jdk8u40/1826.nc/hotspot/src/share/vm/runtime/reflection.cpp, line 1080]
Event: 5.375 Thread 0x63185c00 Exception <a 'java/lang/reflect/InvocationTargetException'> (0x92e7afb8) thrown at [/HUDSON/workspace/8-2-build-linux-i586/jdk8u40/1826.nc/hotspot/src/share/vm/runtime/reflection.cpp, line 1080]
Event: 5.375 Thread 0x63185c00 Exception <a 'java/lang/reflect/InvocationTargetException'> (0x92e7b2f8) thrown at [/HUDSON/workspace/8-2-build-linux-i586/jdk8u40/1826.nc/hotspot/src/share/vm/runtime/reflection.cpp, line 1080]

Events (10 events):
Event: 6.376 loading class java/util/IdentityHashMap$KeyIterator
Event: 6.376 loading class java/util/IdentityHashMap$KeyIterator done
Event: 6.376 Thread 0x63180000 Thread added: 0x63180000
Event: 6.377 Thread 0x63185c00 Thread added: 0x63185c00
Event: 6.377 Thread 0x63180000 Thread exited: 0x63180000
Event: 6.377 loading class sun/awt/X11/XSystemTrayPeer
Event: 6.377 loading class java/awt/peer/SystemTrayPeer
Event: 6.377 loading class java/awt/peer/SystemTrayPeer done
Event: 6.378 loading class sun/awt/X11/XSystemTrayPeer done
Event: 6.379 Thread 0xb6508800 Thread exited: 0xb6508800


Dynamic libraries:
08048000-08049000 r-xp 00000000 08:04 6168565    /home/zhaoqunqi/software/java/jdk1.8.0_40/bin/java
08049000-0804a000 rw-p 00000000 08:04 6168565    /home/zhaoqunqi/software/java/jdk1.8.0_40/bin/java
088a1000-08e6f000 rw-p 00000000 00:00 0          [heap]
62a00000-62ab7000 rw-p 00000000 00:00 0 
62ab7000-62b00000 ---p 00000000 00:00 0 
62c00000-62c40000 rw-p 00000000 00:00 0 
62c40000-62d00000 ---p 00000000 00:00 0 
62d00000-62dff000 rw-p 00000000 00:00 0 
62dff000-62e00000 ---p 00000000 00:00 0 
62e00000-62f00000 rw-p 00000000 00:00 0 
62f00000-63000000 rw-p 00000000 00:00 0 
63000000-63001000 r--s 00000000 08:04 6558625    /var/cache/fontconfig/c05880de57d1f5e948fdfacc138775d9-le32d4.cache-4
63001000-63009000 r--s 00000000 08:04 6553701    /var/cache/fontconfig/945677eb7aeaf62f1d50efc3fb3ec7d8-le32d4.cache-4
63009000-6300d000 r--s 00000000 08:04 6558623    /var/cache/fontconfig/2cd17615ca594fa2959ae173292e504c-le32d4.cache-4
6300d000-6300e000 r--s 00000000 08:04 6558585    /var/cache/fontconfig/e7071f4a29fa870f4323321c154eba04-le32d4.cache-4
6300e000-6300f000 r--s 00000000 08:04 6558584    /var/cache/fontconfig/0d8c3b2ac0904cb8a57a757ad11a4a08-le32d4.cache-4
6300f000-63014000 r--s 00000000 08:04 6558511    /var/cache/fontconfig/a755afe4a08bf5b97852ceb7400b47bc-le32d4.cache-4
63014000-63023000 r--s 00000000 08:04 6558510    /var/cache/fontconfig/04aabc0a78ac019cf9454389977116d2-le32d4.cache-4
63023000-63026000 r--s 00000000 08:04 6558256    /var/cache/fontconfig/385c0604a188198f04d133e54aba7fe7-le32d4.cache-4
63026000-63028000 r--s 00000000 08:04 6557487    /var/cache/fontconfig/767a8244fc0220cfb567a839d0392e0b-le32d4.cache-4
63028000-63038000 r--s 00000000 08:04 6557488    /var/cache/fontconfig/d52a8644073d54c13679302ca1180695-le32d4.cache-4
630af000-630b2000 ---p 00000000 00:00 0 
630b2000-63100000 rw-p 00000000 00:00 0          [stack:4808]
63100000-631a6000 rw-p 00000000 00:00 0 
631a6000-63200000 ---p 00000000 00:00 0 
63200000-63201000 r--s 00000000 08:04 6558474    /var/cache/fontconfig/1ac9eb803944fde146138c791f5cc56a-le32d4.cache-4
63201000-63205000 r--s 00000000 08:04 6557983    /var/cache/fontconfig/8801497958630a81b71ace7c5f9b32a8-le32d4.cache-4
63205000-6320a000 r--s 00000000 08:04 6557982    /var/cache/fontconfig/3047814df9a2f067bd2d96a2b9c36e5a-le32d4.cache-4
6320a000-6320e000 r--s 00000000 08:04 6557965    /var/cache/fontconfig/b47c4e1ecd0709278f4910c18777a504-le32d4.cache-4
6322b000-6322e000 ---p 00000000 00:00 0 
6322e000-6327c000 rw-p 00000000 00:00 0 
6327c000-6328b000 r-xp 00000000 08:04 6168678    /home/zhaoqunqi/software/java/jdk1.8.0_40/jre/lib/i386/libnio.so
6328b000-6328c000 rw-p 0000e000 08:04 6168678    /home/zhaoqunqi/software/java/jdk1.8.0_40/jre/lib/i386/libnio.so
6328c000-632a1000 r-xp 00000000 08:04 6168712    /home/zhaoqunqi/software/java/jdk1.8.0_40/jre/lib/i386/libnet.so
632a1000-632a2000 rw-p 00014000 08:04 6168712    /home/zhaoqunqi/software/java/jdk1.8.0_40/jre/lib/i386/libnet.so
632a2000-633a2000 rw-p 00000000 00:00 0 
633a2000-633a5000 ---p 00000000 00:00 0 
633a5000-633f3000 rw-p 00000000 00:00 0          [stack:4802]
633f3000-633fc000 r-xp 00000000 08:04 1447112    /usr/lib/i386-linux-gnu/libXcursor.so.1.0.2
633fc000-633fd000 r--p 00008000 08:04 1447112    /usr/lib/i386-linux-gnu/libXcursor.so.1.0.2
633fd000-633fe000 rw-p 00009000 08:04 1447112    /usr/lib/i386-linux-gnu/libXcursor.so.1.0.2
633fe000-63401000 ---p 00000000 00:00 0 
63401000-6344f000 rw-p 00000000 00:00 0          [stack:4801]
6344f000-6346b000 r-xp 00000000 08:04 4063261    /lib/i386-linux-gnu/libgcc_s.so.1
6346b000-6346c000 rw-p 0001b000 08:04 4063261    /lib/i386-linux-gnu/libgcc_s.so.1
6346c000-6346d000 r--s 00000000 08:04 6558252    /var/cache/fontconfig/dc05db6664285cc2f12bf69c139ae4c3-le32d4.cache-4
6346d000-6346e000 r--s 00000000 08:04 6557986    /var/cache/fontconfig/4794a0821666d79190d59a36cb4f44b5-le32d4.cache-4
6346e000-63475000 r--s 00000000 08:04 6557699    /var/cache/fontconfig/3f7329c5293ffd510edef78f73874cfd-le32d4.cache-4
63475000-63478000 r--s 00000000 08:04 6557602    /var/cache/fontconfig/d589a48862398ed80a3d6066f4f56f4c-le32d4.cache-4
63478000-63481000 r--s 00000000 08:04 6562851    /var/cache/fontconfig/089dead882dea3570ffc31a9898cfb69-le32d4.cache-4
63481000-634e1000 r-xp 00000000 08:04 6168688    /home/zhaoqunqi/software/java/jdk1.8.0_40/jre/lib/i386/libfontmanager.so
634e1000-634e3000 rw-p 00060000 08:04 6168688    /home/zhaoqunqi/software/java/jdk1.8.0_40/jre/lib/i386/libfontmanager.so
634e3000-635e8000 rw-p 00000000 00:00 0 
635e8000-63608000 r-xp 00000000 08:04 1448169    /usr/lib/i386-linux-gnu/libxcb.so.1.1.0
63608000-63609000 r--p 0001f000 08:04 1448169    /usr/lib/i386-linux-gnu/libxcb.so.1.1.0
63609000-6360a000 rw-p 00020000 08:04 1448169    /usr/lib/i386-linux-gnu/libxcb.so.1.1.0
6360a000-63619000 r-xp 00000000 08:04 1447126    /usr/lib/i386-linux-gnu/libXi.so.6.1.0
63619000-6361a000 r--p 0000e000 08:04 1447126    /usr/lib/i386-linux-gnu/libXi.so.6.1.0
6361a000-6361b000 rw-p 0000f000 08:04 1447126    /usr/lib/i386-linux-gnu/libXi.so.6.1.0
6361b000-6374b000 r-xp 00000000 08:04 1447101    /usr/lib/i386-linux-gnu/libX11.so.6.3.0
6374b000-6374c000 r--p 00130000 08:04 1447101    /usr/lib/i386-linux-gnu/libX11.so.6.3.0
6374c000-6374e000 rw-p 00131000 08:04 1447101    /usr/lib/i386-linux-gnu/libX11.so.6.3.0
6374e000-6374f000 rw-p 00000000 00:00 0 
6374f000-637d5000 r-xp 00000000 08:04 6168671    /home/zhaoqunqi/software/java/jdk1.8.0_40/jre/lib/i386/libawt.so
637d5000-637dc000 rw-p 00086000 08:04 6168671    /home/zhaoqunqi/software/java/jdk1.8.0_40/jre/lib/i386/libawt.so
637dc000-63900000 rw-p 00000000 00:00 0 
63900000-639f9000 rw-p 00000000 00:00 0 
639f9000-63a00000 ---p 00000000 00:00 0 
63a00000-63afc000 rw-p 00000000 00:00 0 
63afc000-63b00000 ---p 00000000 00:00 0 
63b00000-63c00000 rw-p 00000000 00:00 0 
63c00000-63cfe000 rw-p 00000000 00:00 0 
63cfe000-63d00000 ---p 00000000 00:00 0 
63d00000-63d02000 r--s 00000000 08:04 6553696    /var/cache/fontconfig/e13b20fdb08344e0e664864cc2ede53d-le32d4.cache-4
63d02000-63d06000 r-xp 00000000 08:04 1447120    /usr/lib/i386-linux-gnu/libXfixes.so.3.1.0
63d06000-63d07000 r--p 00003000 08:04 1447120    /usr/lib/i386-linux-gnu/libXfixes.so.3.1.0
63d07000-63d08000 rw-p 00004000 08:04 1447120    /usr/lib/i386-linux-gnu/libXfixes.so.3.1.0
63d08000-63d0f000 r--s 00000000 08:04 1451373    /usr/lib/i386-linux-gnu/gconv/gconv-modules.cache
63d0f000-63d5b000 r-xp 00000000 08:04 6168684    /home/zhaoqunqi/software/java/jdk1.8.0_40/jre/lib/i386/libawt_xawt.so
63d5b000-63d5d000 rw-p 0004c000 08:04 6168684    /home/zhaoqunqi/software/java/jdk1.8.0_40/jre/lib/i386/libawt_xawt.so
63d5d000-63d5e000 rw-p 00000000 00:00 0 
63d5e000-63d61000 ---p 00000000 00:00 0 
63d61000-63daf000 rw-p 00000000 00:00 0          [stack:4800]
63daf000-63db2000 ---p 00000000 00:00 0 
63db2000-63f00000 rw-p 00000000 00:00 0          [stack:4799]
63f00000-64000000 rw-p 00000000 00:00 0 
64000000-64100000 rw-p 00000000 00:00 0 
64100000-64200000 rw-p 00000000 00:00 0 
64200000-64300000 rw-p 00000000 00:00 0 
64300000-643fe000 rw-p 00000000 00:00 0 
643fe000-64400000 ---p 00000000 00:00 0 
64400000-644fe000 rw-p 00000000 00:00 0 
644fe000-64500000 ---p 00000000 00:00 0 
64500000-645fb000 rw-p 00000000 00:00 0 
645fb000-64600000 ---p 00000000 00:00 0 
64600000-64601000 r--s 00000000 08:04 6557981    /var/cache/fontconfig/56cf4f4769d0f4abc89a4895d7bd3ae1-le32d4.cache-4
64601000-64606000 r-xp 00000000 08:04 1447116    /usr/lib/i386-linux-gnu/libXdmcp.so.6.0.0
64606000-64607000 r--p 00004000 08:04 1447116    /usr/lib/i386-linux-gnu/libXdmcp.so.6.0.0
64607000-64608000 rw-p 00005000 08:04 1447116    /usr/lib/i386-linux-gnu/libXdmcp.so.6.0.0
64608000-64619000 r-xp 00000000 08:04 1447118    /usr/lib/i386-linux-gnu/libXext.so.6.4.0
64619000-6461a000 r--p 00010000 08:04 1447118    /usr/lib/i386-linux-gnu/libXext.so.6.4.0
6461a000-6461b000 rw-p 00011000 08:04 1447118    /usr/lib/i386-linux-gnu/libXext.so.6.4.0
6461b000-6461c000 r--s 00000000 08:04 6557980    /var/cache/fontconfig/b9d506c9ac06c20b433354fa67a72993-le32d4.cache-4
6461c000-64630000 r--p 00000000 08:04 1842350    /usr/share/locale-langpack/zh_CN/LC_MESSAGES/libc.mo
64630000-64643000 r--s 00344000 08:04 6168730    /home/zhaoqunqi/software/java/jdk1.8.0_40/jre/lib/resources.jar
64643000-646ae000 r--s 00685000 08:04 786764     /home/zhaoqunqi/.gradle/caches/modules-2/files-2.1/org.codehaus.groovy/groovy-all/2.3.7/feb6df9c6936c797159091a451ed8590d67101dc/groovy-all-2.3.7.jar
646ae000-646af000 ---p 00000000 00:00 0 
646af000-6472f000 rw-p 00000000 00:00 0 
6472f000-64732000 ---p 00000000 00:00 0 
64732000-64780000 rw-p 00000000 00:00 0          [stack:4797]
64780000-64783000 ---p 00000000 00:00 0 
64783000-64801000 rw-p 00000000 00:00 0          [stack:4796]
64801000-64804000 ---p 00000000 00:00 0 
64804000-64882000 rw-p 00000000 00:00 0          [stack:4795]
64882000-64885000 ---p 00000000 00:00 0 
64885000-648d3000 rw-p 00000000 00:00 0          [stack:4794]
648d3000-64a38000 r--p 001c8000 08:04 1450231    /usr/lib/locale/locale-archive
64a38000-64c38000 r--p 00000000 08:04 1450231    /usr/lib/locale/locale-archive
64c38000-64c3b000 ---p 00000000 00:00 0 
64c3b000-64c89000 rw-p 00000000 00:00 0          [stack:4793]
64c89000-64c8c000 ---p 00000000 00:00 0 
64c8c000-64cda000 rw-p 00000000 00:00 0          [stack:4792]
64cda000-64cdb000 ---p 00000000 00:00 0 
64cdb000-64d5b000 rw-p 00000000 00:00 0 
64d5b000-64f32000 r--s 03cfa000 08:04 6168736    /home/zhaoqunqi/software/java/jdk1.8.0_40/jre/lib/rt.jar
64f32000-65378000 rw-p 00000000 00:00 0 
65378000-6537e000 ---p 00000000 00:00 0 
6537e000-67700000 rw-p 00000000 00:00 0 
67700000-67800000 rw-p 00000000 00:00 0 
67800000-678f4000 rw-p 00000000 00:00 0 
678f4000-67900000 ---p 00000000 00:00 0 
67900000-67921000 rw-p 00000000 00:00 0 
67921000-67a00000 ---p 00000000 00:00 0 
67a00000-67a02000 r-xp 00000000 08:04 1447105    /usr/lib/i386-linux-gnu/libXau.so.6.0.0
67a02000-67a03000 r--p 00001000 08:04 1447105    /usr/lib/i386-linux-gnu/libXau.so.6.0.0
67a03000-67a04000 rw-p 00002000 08:04 1447105    /usr/lib/i386-linux-gnu/libXau.so.6.0.0
67a04000-67a09000 r-xp 00000000 08:04 1447146    /usr/lib/i386-linux-gnu/libXtst.so.6.1.0
67a09000-67a0a000 r--p 00004000 08:04 1447146    /usr/lib/i386-linux-gnu/libXtst.so.6.1.0
67a0a000-67a0b000 rw-p 00005000 08:04 1447146    /usr/lib/i386-linux-gnu/libXtst.so.6.1.0
67a0b000-67acb000 rw-p 00000000 00:00 0 
67acb000-67c06000 ---p 00000000 00:00 0 
67c06000-67c1c000 rw-p 00000000 00:00 0 
67c1c000-67d56000 ---p 00000000 00:00 0 
67d56000-67d7a000 rw-p 00000000 00:00 0 
67d7a000-67dff000 ---p 00000000 00:00 0 
67dff000-6a8c0000 rw-p 00000000 00:00 0 
6a8c0000-91f80000 ---p 00000000 00:00 0 
91f80000-96580000 rw-p 00000000 00:00 0 
96580000-a7000000 ---p 00000000 00:00 0 
a7000000-a7001000 r--s 00000000 08:04 6557599    /var/cache/fontconfig/0c9eb80ebd1c36541ebe2852d3bb0c49-le32d4.cache-4
a7001000-a700a000 r-xp 00000000 08:04 1447140    /usr/lib/i386-linux-gnu/libXrender.so.1.3.0
a700a000-a700b000 r--p 00008000 08:04 1447140    /usr/lib/i386-linux-gnu/libXrender.so.1.3.0
a700b000-a700c000 rw-p 00009000 08:04 1447140    /usr/lib/i386-linux-gnu/libXrender.so.1.3.0
a700c000-a7011000 r--s 002f8000 08:04 6168724    /home/zhaoqunqi/software/java/jdk1.8.0_40/jre/lib/charsets.jar
a7011000-a702d000 r--s 00393000 08:04 6684909    /home/zhaoqunqi/software/java/jdk1.8.0_40/jre/lib/ext/cldrdata.jar
a702d000-a7037000 r--s 00116000 08:04 6684913    /home/zhaoqunqi/software/java/jdk1.8.0_40/jre/lib/ext/localedata.jar
a7037000-a703e000 r--s 0003e000 08:04 786766     /home/zhaoqunqi/.gradle/caches/modules-2/files-2.1/org.sonatype.sisu.inject/cglib/2.2.1-v20090111/7ce5e983fd0e6c78346f4c9cbfa39d83049dda2/cglib-2.2.1-v20090111.jar
a703e000-a703f000 ---p 00000000 00:00 0 
a703f000-a70bf000 rw-p 00000000 00:00 0          [stack:4790]
a70bf000-a70c0000 ---p 00000000 00:00 0 
a70c0000-a7157000 rw-p 00000000 00:00 0          [stack:4789]
a7157000-a7500000 ---p 00000000 00:00 0 
a7500000-a7ac0000 rwxp 00000000 00:00 0 
a7ac0000-b6500000 ---p 00000000 00:00 0 
b6500000-b65fa000 rw-p 00000000 00:00 0 
b65fa000-b6600000 ---p 00000000 00:00 0 
b6600000-b6603000 r--s 00000000 08:04 6562901    /var/cache/fontconfig/7ef2298fde41cc6eeb7af42e48b7d293-le32d4.cache-4
b6603000-b6604000 r--s 0000a000 08:04 786767     /home/zhaoqunqi/.gradle/caches/modules-2/files-2.1/asm/asm/3.1/c157def142714c544bdea2e6144645702adf7097/asm-3.1.jar
b6604000-b6606000 r--s 00000000 08:04 786765     /home/zhaoqunqi/.gradle/caches/modules-2/files-2.1/aopalliance/aopalliance/1.0/235ba8b489512805ac13a8f9ea77a1ca5ebe3e8/aopalliance-1.0.jar
b6606000-b6608000 r--s 00006000 08:04 786763     /home/zhaoqunqi/.gradle/caches/modules-2/files-2.1/org.slf4j/slf4j-api/1.7.7/2b8019b6249bb05d81d3a3094e468753e2b21311/slf4j-api-1.7.7.jar
b6608000-b660b000 r--s 00006000 08:04 786762     /home/zhaoqunqi/.gradle/caches/modules-2/files-2.1/com.google.code.findbugs/jsr305/3.0.0/5871fb60dc68d67da54a663c3fd636a10a532948/jsr305-3.0.0.jar
b660b000-b661a000 r--s 0009f000 08:04 786760     /home/zhaoqunqi/.gradle/caches/modules-2/files-2.1/com.google.inject/guice/3.0/9d84f15fe35e2c716a02979fb62f50a29f38aefa/guice-3.0.jar
b661a000-b6623000 r--s 0006f000 08:04 786835     /home/zhaoqunqi/.gradle/caches/modules-2/files-2.1/log4j/log4j/1.2.17/5af35056b4d257e4b64b9e8069c0746e8b08629f/log4j-1.2.17.jar
b6623000-b663b000 rw-p 00000000 00:00 0 
b663b000-b6654000 r-xp 00000000 08:04 6168714    /home/zhaoqunqi/software/java/jdk1.8.0_40/jre/lib/i386/libzip.so
b6654000-b6655000 rw-p 00018000 08:04 6168714    /home/zhaoqunqi/software/java/jdk1.8.0_40/jre/lib/i386/libzip.so
b6655000-b6660000 r-xp 00000000 08:04 4063263    /lib/i386-linux-gnu/libnss_files-2.19.so
b6660000-b6661000 r--p 0000a000 08:04 4063263    /lib/i386-linux-gnu/libnss_files-2.19.so
b6661000-b6662000 rw-p 0000b000 08:04 4063263    /lib/i386-linux-gnu/libnss_files-2.19.so
b6662000-b666c000 r-xp 00000000 08:04 4063330    /lib/i386-linux-gnu/libnss_nis-2.19.so
b666c000-b666d000 r--p 00009000 08:04 4063330    /lib/i386-linux-gnu/libnss_nis-2.19.so
b666d000-b666e000 rw-p 0000a000 08:04 4063330    /lib/i386-linux-gnu/libnss_nis-2.19.so
b666e000-b6683000 r-xp 00000000 08:04 4063327    /lib/i386-linux-gnu/libnsl-2.19.so
b6683000-b6684000 r--p 00015000 08:04 4063327    /lib/i386-linux-gnu/libnsl-2.19.so
b6684000-b6685000 rw-p 00016000 08:04 4063327    /lib/i386-linux-gnu/libnsl-2.19.so
b6685000-b6687000 rw-p 00000000 00:00 0 
b6687000-b668e000 r-xp 00000000 08:04 4063322    /lib/i386-linux-gnu/libnss_compat-2.19.so
b668e000-b668f000 r--p 00006000 08:04 4063322    /lib/i386-linux-gnu/libnss_compat-2.19.so
b668f000-b6690000 rw-p 00007000 08:04 4063322    /lib/i386-linux-gnu/libnss_compat-2.19.so
b6690000-b6691000 r--s 00000000 08:04 786761     /home/zhaoqunqi/.gradle/caches/modules-2/files-2.1/javax.inject/javax.inject/1/6975da39a7040257bd51d21a231b76c915872d38/javax.inject-1.jar
b6691000-b6693000 r--s 00001000 08:04 786836     /home/zhaoqunqi/.gradle/caches/modules-2/files-2.1/org.slf4j/slf4j-log4j12/1.7.7/58f588119ffd1702c77ccab6acb54bfb41bed8bd/slf4j-log4j12-1.7.7.jar
b6693000-b669d000 r--s 00059000 08:04 786756     /home/zhaoqunqi/.gradle/caches/modules-2/files-2.1/org.codehaus.griffon/griffon-core/2.0.0/f1371a8185f915453af7d7fa14b68b901d84d3de/griffon-core-2.0.0.jar
b669d000-b66a5000 rw-s 00000000 08:04 1048688    /tmp/hsperfdata_zhaoqunqi/4782 (deleted)
b66a5000-b66c8000 r-xp 00000000 08:04 6168709    /home/zhaoqunqi/software/java/jdk1.8.0_40/jre/lib/i386/libjava.so
b66c8000-b66c9000 rw-p 00023000 08:04 6168709    /home/zhaoqunqi/software/java/jdk1.8.0_40/jre/lib/i386/libjava.so
b66c9000-b66d0000 r-xp 00000000 08:04 4063326    /lib/i386-linux-gnu/librt-2.19.so
b66d0000-b66d1000 r--p 00006000 08:04 4063326    /lib/i386-linux-gnu/librt-2.19.so
b66d1000-b66d2000 rw-p 00007000 08:04 4063326    /lib/i386-linux-gnu/librt-2.19.so
b66d2000-b66d5000 ---p 00000000 00:00 0 
b66d5000-b6723000 rw-p 00000000 00:00 0          [stack:4788]
b6723000-b6767000 r-xp 00000000 08:04 4063328    /lib/i386-linux-gnu/libm-2.19.so
b6767000-b6768000 r--p 00043000 08:04 4063328    /lib/i386-linux-gnu/libm-2.19.so
b6768000-b6769000 rw-p 00044000 08:04 4063328    /lib/i386-linux-gnu/libm-2.19.so
b6769000-b70bb000 r-xp 00000000 08:04 6564952    /home/zhaoqunqi/software/java/jdk1.8.0_40/jre/lib/i386/server/libjvm.so
b70bb000-b7127000 rw-p 00951000 08:04 6564952    /home/zhaoqunqi/software/java/jdk1.8.0_40/jre/lib/i386/server/libjvm.so
b7127000-b754e000 rw-p 00000000 00:00 0 
b754e000-b76f7000 r-xp 00000000 08:04 4063333    /lib/i386-linux-gnu/libc-2.19.so
b76f7000-b76f8000 ---p 001a9000 08:04 4063333    /lib/i386-linux-gnu/libc-2.19.so
b76f8000-b76fa000 r--p 001a9000 08:04 4063333    /lib/i386-linux-gnu/libc-2.19.so
b76fa000-b76fb000 rw-p 001ab000 08:04 4063333    /lib/i386-linux-gnu/libc-2.19.so
b76fb000-b76fe000 rw-p 00000000 00:00 0 
b76fe000-b7701000 r-xp 00000000 08:04 4067629    /lib/i386-linux-gnu/libdl-2.19.so
b7701000-b7702000 r--p 00002000 08:04 4067629    /lib/i386-linux-gnu/libdl-2.19.so
b7702000-b7703000 rw-p 00003000 08:04 4067629    /lib/i386-linux-gnu/libdl-2.19.so
b7703000-b7717000 r-xp 00000000 08:04 5906971    /home/zhaoqunqi/software/java/jdk1.8.0_40/lib/i386/jli/libjli.so
b7717000-b7718000 rw-p 00013000 08:04 5906971    /home/zhaoqunqi/software/java/jdk1.8.0_40/lib/i386/jli/libjli.so
b7718000-b7730000 r-xp 00000000 08:04 4067513    /lib/i386-linux-gnu/libpthread-2.19.so
b7730000-b7731000 r--p 00017000 08:04 4067513    /lib/i386-linux-gnu/libpthread-2.19.so
b7731000-b7732000 rw-p 00018000 08:04 4067513    /lib/i386-linux-gnu/libpthread-2.19.so
b7732000-b7735000 rw-p 00000000 00:00 0 
b7735000-b7737000 r--s 00010000 08:04 786759     /home/zhaoqunqi/.gradle/caches/modules-2/files-2.1/org.codehaus.griffon/griffon-groovy/2.0.0/6a4d48a2a30b7f770c1018898e05ca2ed5291d90/griffon-groovy-2.0.0.jar
b7737000-b7738000 r--s 00004000 08:04 786758     /home/zhaoqunqi/.gradle/caches/modules-2/files-2.1/org.codehaus.griffon/griffon-swing-groovy/2.0.0/2be83796b9128d50ad16c4f2efd9d721d430b137/griffon-swing-groovy-2.0.0.jar
b7738000-b773b000 r--s 00019000 08:04 786757     /home/zhaoqunqi/.gradle/caches/modules-2/files-2.1/org.codehaus.griffon/griffon-swing/2.0.0/cebe0e7be35a10a529fa41c3b899898b757fed78/griffon-swing-2.0.0.jar
b773b000-b773c000 r--s 00004000 08:04 786755     /home/zhaoqunqi/.gradle/caches/modules-2/files-2.1/org.codehaus.griffon/griffon-guice/2.0.0/928ce9f5b6521507bceffa42aa74eb214cc374d/griffon-guice-2.0.0.jar
b773c000-b773d000 rw-p 00000000 00:00 0 
b773d000-b773e000 ---p 00000000 00:00 0 
b773e000-b7749000 r-xp 00000000 08:04 6168670    /home/zhaoqunqi/software/java/jdk1.8.0_40/jre/lib/i386/libverify.so
b7749000-b774a000 rw-p 0000b000 08:04 6168670    /home/zhaoqunqi/software/java/jdk1.8.0_40/jre/lib/i386/libverify.so
b774a000-b774c000 rw-p 00000000 00:00 0 
b774c000-b774d000 r-xp 00000000 00:00 0          [vdso]
b774d000-b776d000 r-xp 00000000 08:04 4067628    /lib/i386-linux-gnu/ld-2.19.so
b776d000-b776e000 r--p 0001f000 08:04 4067628    /lib/i386-linux-gnu/ld-2.19.so
b776e000-b776f000 rw-p 00020000 08:04 4067628    /lib/i386-linux-gnu/ld-2.19.so
bf7bb000-bf7bc000 rwxp 00000000 00:00 0 
bf7ed000-bf80f000 rw-p 00000000 00:00 0          [stack]

VM Arguments:
jvm_args: -Dfile.encoding=UTF-8 
java_command: com.shake.Launcher
java_class_path (initial): /home/zhaoqunqi/griffon/console/build/classes/main:/home/zhaoqunqi/griffon/console/build/resources/main:/home/zhaoqunqi/.gradle/caches/modules-2/files-2.1/org.codehaus.griffon/griffon-guice/2.0.0/928ce9f5b6521507bceffa42aa74eb214cc374d/griffon-guice-2.0.0.jar:/home/zhaoqunqi/.gradle/caches/modules-2/files-2.1/org.codehaus.griffon/griffon-core/2.0.0/f1371a8185f915453af7d7fa14b68b901d84d3de/griffon-core-2.0.0.jar:/home/zhaoqunqi/.gradle/caches/modules-2/files-2.1/org.codehaus.griffon/griffon-swing/2.0.0/cebe0e7be35a10a529fa41c3b899898b757fed78/griffon-swing-2.0.0.jar:/home/zhaoqunqi/.gradle/caches/modules-2/files-2.1/org.codehaus.griffon/griffon-swing-groovy/2.0.0/2be83796b9128d50ad16c4f2efd9d721d430b137/griffon-swing-groovy-2.0.0.jar:/home/zhaoqunqi/.gradle/caches/modules-2/files-2.1/org.codehaus.griffon/griffon-groovy/2.0.0/6a4d48a2a30b7f770c1018898e05ca2ed5291d90/griffon-groovy-2.0.0.jar:/home/zhaoqunqi/.gradle/caches/modules-2/files-2.1/log4j/log4j/1.2.17/5af35056b4d257e4b64b9e8069c0746e8b08629f/log4j-1.2.17.jar:/home/zhaoqunqi/.gradle/caches/modules-2/files-2.1/org.slf4j/slf4j-log4j12/1.7.7/58f588119ffd1702c77ccab6acb54bfb41bed8bd/slf4j-log4j12-1.7.7.jar:/home/zhaoqunqi/.gradle/caches/modules-2/files-2.1/com.google.inject/guice/3.0/9d84f15fe35e2c716a02979fb62f50a29f38aefa/guice-3.0.jar:/home/zhaoqunqi/.gradle/caches/modules-2/files-2.1/javax.inject/javax.inject/1/6975da39a7040257bd51d21a231b76c915872d38/javax.inject-1.jar:/home/zhaoqunqi/.gradle/caches/modules-2/files-2.1/com.google.code.findbugs/jsr305/3.0.0/5871fb60dc68d67da54a663c3fd636a10a532948/jsr305-3.0.0.jar:/home/zhaoqunqi/.gradle/caches/modules-2/files-2.1/org.slf4j/slf4j-api/1.7.7/2b8019b6249bb05d81d3a3094e468753e2b21311/slf4j-api-1.7.7.jar:/home/zhaoqunqi/.gradle/caches/modules-2/files-2.1/org.codehaus.groovy/groovy-all/2.3.7/feb6df9c6936c797159091a451ed8590d67101dc/groovy-all-2.3.7.jar:/home/zhaoqunqi/.gradle/caches/modules-2/files-2.1/aopalliance/aopalliance/1.0/235ba8b4
Launcher Type: SUN_STANDARD

Environment Variables:
PATH=/usr/local/sbin:/usr/local/bin:/usr/sbin:/usr/bin:/sbin:/bin:/usr/games:/usr/local/games
LD_LIBRARY_PATH=/home/zhaoqunqi/software/java/jdk1.8.0_40/jre/lib/i386/server:/home/zhaoqunqi/software/java/jdk1.8.0_40/jre/lib/i386:/home/zhaoqunqi/software/java/jdk1.8.0_40/jre/../lib/i386:/home/zhaoqunqi/software/grails/ggts-3.6.1.RELEASE/jre/lib/i386/client:/home/zhaoqunqi/software/grails/ggts-3.6.1.RELEASE/jre/lib/i386:
SHELL=/bin/bash
DISPLAY=:0

Signal Handlers:
SIGSEGV: [libjvm.so+0x8a3950], sa_mask[0]=11111111011111111101111111111110, sa_flags=SA_RESTART|SA_SIGINFO
SIGBUS: [libjvm.so+0x8a3950], sa_mask[0]=11111111011111111101111111111110, sa_flags=SA_RESTART|SA_SIGINFO
SIGFPE: [libjvm.so+0x727200], sa_mask[0]=11111111011111111101111111111110, sa_flags=SA_RESTART|SA_SIGINFO
SIGPIPE: [libjvm.so+0x727200], sa_mask[0]=11111111011111111101111111111110, sa_flags=SA_RESTART|SA_SIGINFO
SIGXFSZ: [libjvm.so+0x727200], sa_mask[0]=11111111011111111101111111111110, sa_flags=SA_RESTART|SA_SIGINFO
SIGILL: [libjvm.so+0x727200], sa_mask[0]=11111111011111111101111111111110, sa_flags=SA_RESTART|SA_SIGINFO
SIGUSR1: SIG_DFL, sa_mask[0]=00000000000000000000000000000000, sa_flags=none
SIGUSR2: [libjvm.so+0x728770], sa_mask[0]=00100000000000000000000000000000, sa_flags=SA_RESTART|SA_SIGINFO
SIGHUP: [libjvm.so+0x7297b0], sa_mask[0]=11111111011111111101111111111110, sa_flags=SA_RESTART|SA_SIGINFO
SIGINT: [libjvm.so+0x7297b0], sa_mask[0]=11111111011111111101111111111110, sa_flags=SA_RESTART|SA_SIGINFO
SIGTERM: [libjvm.so+0x7297b0], sa_mask[0]=11111111011111111101111111111110, sa_flags=SA_RESTART|SA_SIGINFO
SIGQUIT: [libjvm.so+0x7297b0], sa_mask[0]=11111111011111111101111111111110, sa_flags=SA_RESTART|SA_SIGINFO


---------------  S Y S T E M  ---------------

OS:DISTRIB_ID=Ubuntu
DISTRIB_RELEASE=14.04
DISTRIB_CODENAME=trusty
DISTRIB_DESCRIPTION="Ubuntu 14.04.1 LTS"

uname:Linux 3.13.0-37-generic #64-Ubuntu SMP Mon Sep 22 21:30:01 UTC 2014 i686
libc:glibc 2.19 NPTL 2.19 
rlimit: STACK 8192k, CORE 0k, NPROC 32118, NOFILE 4096, AS infinity
load average:1.35 1.18 1.03

/proc/meminfo:
MemTotal:        4130300 kB
MemFree:          300372 kB
Buffers:          161720 kB
Cached:          1165928 kB
SwapCached:            0 kB
Active:          2857516 kB
Inactive:         817348 kB
Active(anon):    2270280 kB
Inactive(anon):   147016 kB
Active(file):     587236 kB
Inactive(file):   670332 kB
Unevictable:          48 kB
Mlocked:              48 kB
HighTotal:       3280616 kB
HighFree:         134136 kB
LowTotal:         849684 kB
LowFree:          166236 kB
SwapTotal:       3998716 kB
SwapFree:        3998716 kB
Dirty:              1044 kB
Writeback:             0 kB
AnonPages:       2347264 kB
Mapped:           302388 kB
Shmem:             70080 kB
Slab:             102448 kB
SReclaimable:      82376 kB
SUnreclaim:        20072 kB
KernelStack:        4888 kB
PageTables:        15408 kB
NFS_Unstable:          0 kB
Bounce:                0 kB
WritebackTmp:          0 kB
CommitLimit:     6063864 kB
Committed_AS:    6084436 kB
VmallocTotal:     122880 kB
VmallocUsed:       22496 kB
VmallocChunk:      96808 kB
HardwareCorrupted:     0 kB
AnonHugePages:   1646592 kB
HugePages_Total:       0
HugePages_Free:        0
HugePages_Rsvd:        0
HugePages_Surp:        0
Hugepagesize:       2048 kB
DirectMap4k:       43000 kB
DirectMap2M:      870400 kB


CPU:total 2 (2 cores per cpu, 1 threads per core) family 6 model 23 stepping 10, cmov, cx8, fxsr, mmx, sse, sse2, sse3, ssse3, sse4.1, tsc

/proc/cpuinfo:
processor	: 0
vendor_id	: GenuineIntel
cpu family	: 6
model		: 23
model name	: Intel(R) Core(TM)2 Duo CPU     T6600  @ 2.20GHz
stepping	: 10
microcode	: 0xa07
cpu MHz		: 1200.000
cache size	: 2048 KB
physical id	: 0
siblings	: 2
core id		: 0
cpu cores	: 2
apicid		: 0
initial apicid	: 0
fdiv_bug	: no
f00f_bug	: no
coma_bug	: no
fpu		: yes
fpu_exception	: yes
cpuid level	: 13
wp		: yes
flags		: fpu vme de pse tsc msr pae mce cx8 apic sep mtrr pge mca cmov pat pse36 clflush dts acpi mmx fxsr sse sse2 ss ht tm pbe nx lm constant_tsc arch_perfmon pebs bts aperfmperf pni dtes64 monitor ds_cpl est tm2 ssse3 cx16 xtpr pdcm sse4_1 xsave lahf_lm dtherm
bogomips	: 4398.75
clflush size	: 64
cache_alignment	: 64
address sizes	: 36 bits physical, 48 bits virtual
power management:

processor	: 1
vendor_id	: GenuineIntel
cpu family	: 6
model		: 23
model name	: Intel(R) Core(TM)2 Duo CPU     T6600  @ 2.20GHz
stepping	: 10
microcode	: 0xa07
cpu MHz		: 1600.000
cache size	: 2048 KB
physical id	: 0
siblings	: 2
core id		: 1
cpu cores	: 2
apicid		: 1
initial apicid	: 1
fdiv_bug	: no
f00f_bug	: no
coma_bug	: no
fpu		: yes
fpu_exception	: yes
cpuid level	: 13
wp		: yes
flags		: fpu vme de pse tsc msr pae mce cx8 apic sep mtrr pge mca cmov pat pse36 clflush dts acpi mmx fxsr sse sse2 ss ht tm pbe nx lm constant_tsc arch_perfmon pebs bts aperfmperf pni dtes64 monitor ds_cpl est tm2 ssse3 cx16 xtpr pdcm sse4_1 xsave lahf_lm dtherm
bogomips	: 4398.75
clflush size	: 64
cache_alignment	: 64
address sizes	: 36 bits physical, 48 bits virtual
power management:



Memory: 4k page, physical 4130300k(300372k free), swap 3998716k(3998716k free)

vm_info: Java HotSpot(TM) Server VM (25.40-b15) for linux-x86 JRE (1.8.0_40-ea-b11), built on Oct 21 2014 23:27:05 by "java_re" with gcc 4.3.0 20080428 (Red Hat 4.3.0-8)

time: Sat Oct 25 09:46:01 2014
elapsed time: 6 seconds (0d 0h 0m 6s)

