#
# A fatal error has been detected by the Java Runtime Environment:
#
#  SIGSEGV (0xb) at pc=0x616f2be0, pid=17222, tid=1663740736
#
# JRE version: Java(TM) SE Runtime Environment (8.0_40-b11) (build 1.8.0_40-ea-b11)
# Java VM: Java HotSpot(TM) Server VM (25.40-b15 mixed mode linux-x86 )
# Problematic frame:
# C  0x616f2be0
#
# Failed to write core dump. Core dumps have been disabled. To enable core dumping, try "ulimit -c unlimited" before starting Java again
#
# If you would like to submit a bug report, please visit:
#   http://bugreport.sun.com/bugreport/crash.jsp
#

---------------  T H R E A D  ---------------

Current thread is native thread

siginfo: si_signo: 11 (SIGSEGV), si_code: 1 (SEGV_MAPERR), si_addr: 0x616f2be0

Registers:
EAX=0x08b34ef0, EBX=0xb76c7000, ECX=0x00000001, EDX=0x616f2be0
ESP=0x632aa32c, EBP=0x00000003, ESI=0x632aabe8, EDI=0xb76c71bc
EIP=0x616f2be0, EFLAGS=0x00210282, CR2=0x616f2be0

Top of Stack: (sp=0x632aa32c)
0x632aa32c:   b76b4d56 08b34ef0 b768f000 632aab40
0x632aa33c:   b75166f3 00000000 b76c71a4 00000004
0x632aa34c:   b76c71a4 632aab40 003d0f00 b76b4cc9
0x632aa35c:   b76c7000 632aab40 003d0f00 632aa428
0x632aa36c:   b76b4f83 632aa390 00000000 00000000
0x632aa37c:   00000000 00000000 00000000 00000000
0x632aa38c:   00000000 b76c7000 632aab40 003d0f00
0x632aa39c:   632aa428 25cdfcc4 a615636c 00000000 

Instructions: (pc=0x616f2be0)
0x616f2bc0:   
[error occurred during error reporting (printing registers, top of stack, instructions near pc), id 0xb]

Register to memory mapping:

EAX=0x08b34ef0 is an unknown value
EBX=0xb76c7000: <offset 0x19000> in /lib/i386-linux-gnu/libpthread.so.0 at 0xb76ae000
ECX=0x00000001 is an unknown value
EDX=0x616f2be0 is an unknown value
ESP=0x632aa32c is an unknown value
EBP=0x00000003 is an unknown value
ESI=0x632aabe8 is an unknown value
EDI=0xb76c71bc: <offset 0x191bc> in /lib/i386-linux-gnu/libpthread.so.0 at 0xb76ae000


Stack: [0x6325a000,0x632ab000],  sp=0x632aa32c,  free space=320k
Native frames: (J=compiled Java code, j=interpreted, Vv=VM code, C=native code)
C  0x616f2be0


---------------  P R O C E S S  ---------------

VM state:not at safepoint (normal execution)

VM Mutex/Monitor currently owned by a thread: None

Heap:
 PSYoungGen      total 142080K, used 77013K [0x91f80000, 0xa3700000, 0xa7000000)
  eden space 133120K, 57% used [0x91f80000,0x96ab5548,0x9a180000)
  from space 8960K, 0% used [0x9a180000,0x9a180000,0x9aa40000)
  to   space 9984K, 0% used [0xa2d40000,0xa2d40000,0xa3700000)
 ParOldGen       total 39680K, used 9960K [0x67e00000, 0x6a4c0000, 0x91f80000)
  object space 39680K, 25% used [0x67e00000,0x687ba3f8,0x6a4c0000)
 Metaspace       used 18310K, capacity 18748K, committed 18816K, reserved 19760K

Card table byte_map: [0x67c06000,0x67e00000] byte_map_base: 0x678c7000

Marking Bits: (ParMarkBitMap*) 0xb70ce4c0
 Begin Bits: [0x65770000, 0x66738000)
 End Bits:   [0x66738000, 0x67700000)

Polling page: 0xb76d2000

CodeCache: size=245760Kb used=8299Kb max_used=8309Kb free=237460Kb
 bounds [0xa74c0000, 0xa7ce0000, 0xb64c0000]
 total_blobs=3364 nmethods=2858 adapters=420
 compilation: enabled

Compilation events (10 events):
Event: 8.756 Thread 0x64cfcc00 2881       2       org.gradle.messaging.remote.internal.Message$ExceptionReplacingObjectOutputStream::$jacocoInit (51 bytes)
Event: 8.756 Thread 0x64cfcc00 nmethod 2881 0xa7cd2dc8 code [0xa7cd2ec0, 0xa7cd2f60]
Event: 8.756 Thread 0x64cfcc00 2882       2       org.gradle.messaging.remote.internal.Message$ExceptionReplacingObjectOutputStream::replaceObject (34 bytes)
Event: 8.756 Thread 0x64cfcc00 nmethod 2882 0xa7cd5f88 code [0xa7cd60e0, 0xa7cd6370]
Event: 8.758 Thread 0x64641400 nmethod 2565 0xa7cde408 code [0xa7cde520, 0xa7cde750]
Event: 8.758 Thread 0x64641400 2720       4       java.lang.ref.SoftReference::get (29 bytes)
Event: 8.759 Thread 0x64641400 nmethod 2720 0xa7c3b0c8 code [0xa7c3b1c0, 0xa7c3b230]
Event: 8.759 Thread 0x64641400 2579       4       org.jacoco.agent.rt.internal_e6e56f0.asm.ClassWriter::newClassItem (70 bytes)
Event: 8.760 Thread 0x64cfcc00 2883       2       org.gradle.messaging.serialize.kryo.KryoBackedEncoder::$jacocoInit (52 bytes)
Event: 8.760 Thread 0x64cfcc00 nmethod 2883 0xa7cd5d88 code [0xa7cd5e80, 0xa7cd5f20]

GC Heap History (10 events):
Event: 2.817 GC heap before
{Heap before GC invocations=4 (full 0):
 PSYoungGen      total 35840K, used 35839K [0x91f80000, 0x96580000, 0xa7000000)
  eden space 33280K, 100% used [0x91f80000,0x94000000,0x94000000)
  from space 2560K, 99% used [0x94000000,0x9427ff88,0x94280000)
  to   space 2560K, 0% used [0x96300000,0x96300000,0x96580000)
 ParOldGen       total 43776K, used 1020K [0x67e00000, 0x6a8c0000, 0x91f80000)
  object space 43776K, 2% used [0x67e00000,0x67eff2c8,0x6a8c0000)
 Metaspace       used 7968K, capacity 8162K, committed 8216K, reserved 8496K
Event: 2.837 GC heap after
Heap after GC invocations=4 (full 0):
 PSYoungGen      total 69120K, used 2547K [0x91f80000, 0x96580000, 0xa7000000)
  eden space 66560K, 0% used [0x91f80000,0x91f80000,0x96080000)
  from space 2560K, 99% used [0x96300000,0x9657cfc0,0x96580000)
  to   space 2560K, 0% used [0x96080000,0x96080000,0x96300000)
 ParOldGen       total 43776K, used 2219K [0x67e00000, 0x6a8c0000, 0x91f80000)
  object space 43776K, 5% used [0x67e00000,0x6802af78,0x6a8c0000)
 Metaspace       used 7968K, capacity 8162K, committed 8216K, reserved 8496K
}
Event: 3.904 GC heap before
{Heap before GC invocations=5 (full 0):
 PSYoungGen      total 69120K, used 68103K [0x91f80000, 0x96580000, 0xa7000000)
  eden space 66560K, 98% used [0x91f80000,0x95f84fa0,0x96080000)
  from space 2560K, 99% used [0x96300000,0x9657cfc0,0x96580000)
  to   space 2560K, 0% used [0x96080000,0x96080000,0x96300000)
 ParOldGen       total 43776K, used 2219K [0x67e00000, 0x6a8c0000, 0x91f80000)
  object space 43776K, 5% used [0x67e00000,0x6802af78,0x6a8c0000)
 Metaspace       used 10173K, capacity 10370K, committed 10392K, reserved 10544K
Event: 3.932 GC heap after
Heap after GC invocations=5 (full 0):
 PSYoungGen      total 69120K, used 2554K [0x91f80000, 0x9b380000, 0xa7000000)
  eden space 66560K, 0% used [0x91f80000,0x91f80000,0x96080000)
  from space 2560K, 99% used [0x96080000,0x962feb78,0x96300000)
  to   space 9216K, 0% used [0x9aa80000,0x9aa80000,0x9b380000)
 ParOldGen       total 43776K, used 10014K [0x67e00000, 0x6a8c0000, 0x91f80000)
  object space 43776K, 22% used [0x67e00000,0x687c7a48,0x6a8c0000)
 Metaspace       used 10173K, capacity 10370K, committed 10392K, reserved 10544K
}
Event: 5.424 GC heap before
{Heap before GC invocations=6 (full 0):
 PSYoungGen      total 69120K, used 69114K [0x91f80000, 0x9b380000, 0xa7000000)
  eden space 66560K, 100% used [0x91f80000,0x96080000,0x96080000)
  from space 2560K, 99% used [0x96080000,0x962feb78,0x96300000)
  to   space 9216K, 0% used [0x9aa80000,0x9aa80000,0x9b380000)
 ParOldGen       total 43776K, used 10014K [0x67e00000, 0x6a8c0000, 0x91f80000)
  object space 43776K, 22% used [0x67e00000,0x687c7a48,0x6a8c0000)
 Metaspace       used 12896K, capacity 13081K, committed 13208K, reserved 13616K
Event: 5.463 GC heap after
Heap after GC invocations=6 (full 0):
 PSYoungGen      total 141824K, used 5669K [0x91f80000, 0x9b300000, 0xa7000000)
  eden space 133120K, 0% used [0x91f80000,0x91f80000,0x9a180000)
  from space 8704K, 65% used [0x9aa80000,0x9b0097f8,0x9b300000)
  to   space 8960K, 0% used [0x9a180000,0x9a180000,0x9aa40000)
 ParOldGen       total 43776K, used 10014K [0x67e00000, 0x6a8c0000, 0x91f80000)
  object space 43776K, 22% used [0x67e00000,0x687c7a48,0x6a8c0000)
 Metaspace       used 12896K, capacity 13081K, committed 13208K, reserved 13616K
}
Event: 7.039 GC heap before
{Heap before GC invocations=7 (full 0):
 PSYoungGen      total 141824K, used 53181K [0x91f80000, 0x9b300000, 0xa7000000)
  eden space 133120K, 35% used [0x91f80000,0x94de5d90,0x9a180000)
  from space 8704K, 65% used [0x9aa80000,0x9b0097f8,0x9b300000)
  to   space 8960K, 0% used [0x9a180000,0x9a180000,0x9aa40000)
 ParOldGen       total 43776K, used 10014K [0x67e00000, 0x6a8c0000, 0x91f80000)
  object space 43776K, 22% used [0x67e00000,0x687c7a48,0x6a8c0000)
 Metaspace       used 16061K, capacity 16359K, committed 16384K, reserved 16688K
Event: 7.079 GC heap after
Heap after GC invocations=7 (full 0):
 PSYoungGen      total 142080K, used 7634K [0x91f80000, 0xa3700000, 0xa7000000)
  eden space 133120K, 0% used [0x91f80000,0x91f80000,0x9a180000)
  from space 8960K, 85% used [0x9a180000,0x9a8f4bb0,0x9aa40000)
  to   space 9984K, 0% used [0xa2d40000,0xa2d40000,0xa3700000)
 ParOldGen       total 43776K, used 10888K [0x67e00000, 0x6a8c0000, 0x91f80000)
  object space 43776K, 24% used [0x67e00000,0x688a2130,0x6a8c0000)
 Metaspace       used 16061K, capacity 16359K, committed 16384K, reserved 16688K
}
Event: 7.079 GC heap before
{Heap before GC invocations=8 (full 1):
 PSYoungGen      total 142080K, used 7634K [0x91f80000, 0xa3700000, 0xa7000000)
  eden space 133120K, 0% used [0x91f80000,0x91f80000,0x9a180000)
  from space 8960K, 85% used [0x9a180000,0x9a8f4bb0,0x9aa40000)
  to   space 9984K, 0% used [0xa2d40000,0xa2d40000,0xa3700000)
 ParOldGen       total 43776K, used 10888K [0x67e00000, 0x6a8c0000, 0x91f80000)
  object space 43776K, 24% used [0x67e00000,0x688a2130,0x6a8c0000)
 Metaspace       used 16061K, capacity 16359K, committed 16384K, reserved 16688K
Event: 7.228 GC heap after
Heap after GC invocations=8 (full 1):
 PSYoungGen      total 142080K, used 0K [0x91f80000, 0xa3700000, 0xa7000000)
  eden space 133120K, 0% used [0x91f80000,0x91f80000,0x9a180000)
  from space 8960K, 0% used [0x9a180000,0x9a180000,0x9aa40000)
  to   space 9984K, 0% used [0xa2d40000,0xa2d40000,0xa3700000)
 ParOldGen       total 39680K, used 9960K [0x67e00000, 0x6a4c0000, 0x91f80000)
  object space 39680K, 25% used [0x67e00000,0x687ba3f8,0x6a4c0000)
 Metaspace       used 16061K, capacity 16359K, committed 16384K, reserved 16688K
}

Deoptimization events (10 events):
Event: 3.537 Thread 0x634eac00 Uncommon trap: reason=unstable_if action=reinterpret pc=0xa7878b54 method=org.jacoco.agent.rt.internal_e6e56f0.asm.ClassReader.readCode(Lorg/jacoco/agent/rt/internal_e6e56f0/asm/MethodVisitor;Lorg/jacoco/agent/rt/internal_e6e56f0/asm/Context;I)V @ 586
Event: 6.052 Thread 0x634eac00 Uncommon trap: reason=class_check action=maybe_recompile pc=0xa77b0e30 method=java.util.regex.Matcher.getTextLength()I @ 4
Event: 6.053 Thread 0x634eac00 Uncommon trap: reason=class_check action=maybe_recompile pc=0xa77b0e30 method=java.util.regex.Matcher.getTextLength()I @ 4
Event: 6.053 Thread 0x634eac00 Uncommon trap: reason=class_check action=maybe_recompile pc=0xa77b0e30 method=java.util.regex.Matcher.getTextLength()I @ 4
Event: 6.053 Thread 0x634eac00 Uncommon trap: reason=class_check action=maybe_recompile pc=0xa78971bc method=java.lang.Character.codePointAt(Ljava/lang/CharSequence;I)I @ 2
Event: 6.053 Thread 0x634eac00 Uncommon trap: reason=class_check action=maybe_recompile pc=0xa78971bc method=java.lang.Character.codePointAt(Ljava/lang/CharSequence;I)I @ 2
Event: 6.053 Thread 0x634eac00 Uncommon trap: reason=class_check action=maybe_recompile pc=0xa78971bc method=java.lang.Character.codePointAt(Ljava/lang/CharSequence;I)I @ 2
Event: 6.053 Thread 0x634eac00 Uncommon trap: reason=class_check action=maybe_recompile pc=0xa78971bc method=java.lang.Character.codePointAt(Ljava/lang/CharSequence;I)I @ 2
Event: 6.062 Thread 0x634eac00 Uncommon trap: reason=class_check action=maybe_recompile pc=0xa77b0e30 method=java.util.regex.Matcher.getTextLength()I @ 4
Event: 7.315 Thread 0x634eac00 Uncommon trap: reason=unstable_if action=reinterpret pc=0xa7bce5dc method=java.util.HashMap.hash(Ljava/lang/Object;)I @ 1

Internal exceptions (10 events):
Event: 8.664 Thread 0x634eac00 Exception <a 'java/lang/ArrayIndexOutOfBoundsException'> (0x96281888) thrown at [/HUDSON/workspace/8-2-build-linux-i586/jdk8u40/1826.nc/hotspot/src/share/vm/runtime/sharedRuntime.cpp, line 604]
Event: 8.664 Thread 0x634eac00 Exception <a 'java/lang/ArrayIndexOutOfBoundsException'> (0x962829c8) thrown at [/HUDSON/workspace/8-2-build-linux-i586/jdk8u40/1826.nc/hotspot/src/share/vm/runtime/sharedRuntime.cpp, line 604]
Event: 8.676 Thread 0x634eac00 Exception <a 'java/lang/ClassNotFoundException': griffon/builder/core/factory/RootFactoryBeanInfo> (0x96343658) thrown at [/HUDSON/workspace/8-2-build-linux-i586/jdk8u40/1826.nc/hotspot/src/share/vm/classfile/systemDictionary.cpp, line 211]
Event: 8.676 Thread 0x634eac00 Exception <a 'java/lang/ClassNotFoundException': griffon/builder/core/factory/RootFactoryCustomizer> (0x963519f0) thrown at [/HUDSON/workspace/8-2-build-linux-i586/jdk8u40/1826.nc/hotspot/src/share/vm/classfile/systemDictionary.cpp, line 211]
Event: 8.684 Thread 0x634eac00 Exception <a 'java/lang/ClassNotFoundException': griffon/builder/core/factory/MetaComponentFactoryBeanInfo> (0x963f4a90) thrown at [/HUDSON/workspace/8-2-build-linux-i586/jdk8u40/1826.nc/hotspot/src/share/vm/classfile/systemDictionary.cpp, line 211]
Event: 8.685 Thread 0x634eac00 Exception <a 'java/lang/ClassNotFoundException': griffon/builder/core/factory/MetaComponentFactoryCustomizer> (0x964040e0) thrown at [/HUDSON/workspace/8-2-build-linux-i586/jdk8u40/1826.nc/hotspot/src/share/vm/classfile/systemDictionary.cpp, line 211]
Event: 8.725 Thread 0x6300e400 Exception <a 'java/lang/NoSuchMethodError': <clinit>> (0x969b01f0) thrown at [/HUDSON/workspace/8-2-build-linux-i586/jdk8u40/1826.nc/hotspot/src/share/vm/prims/jni.cpp, line 1598]
Event: 8.738 Thread 0x6300e400 Exception <a 'java/lang/NoSuchMethodError': <clinit>> (0x969dc7d8) thrown at [/HUDSON/workspace/8-2-build-linux-i586/jdk8u40/1826.nc/hotspot/src/share/vm/prims/jni.cpp, line 1598]
Event: 8.739 Thread 0x6300e400 Exception <a 'java/lang/NoSuchMethodError': <clinit>> (0x969edad8) thrown at [/HUDSON/workspace/8-2-build-linux-i586/jdk8u40/1826.nc/hotspot/src/share/vm/prims/jni.cpp, line 1598]
Event: 8.740 Thread 0x6300e400 Exception <a 'java/lang/NoSuchMethodError': <clinit>> (0x969ef7f0) thrown at [/HUDSON/workspace/8-2-build-linux-i586/jdk8u40/1826.nc/hotspot/src/share/vm/prims/jni.cpp, line 1598]

Events (10 events):
Event: 8.719 loading class org/gradle/messaging/remote/internal/Message$ExceptionPlaceholder$1
Event: 8.719 loading class org/gradle/messaging/remote/internal/Message$ExceptionPlaceholder$1 done
Event: 8.722 Executing VM operation: RevokeBias
Event: 8.723 Executing VM operation: RevokeBias done
Event: 8.738 loading class org/gradle/messaging/remote/internal/Message$1
Event: 8.738 loading class org/gradle/messaging/remote/internal/Message$1 done
Event: 8.738 loading class org/gradle/messaging/remote/internal/Message$1
Event: 8.738 loading class org/gradle/messaging/remote/internal/Message$1 done
Event: 8.760 Thread 0x6300e400 Thread exited: 0x6300e400
Event: 8.783 Thread 0x634eac00 Thread exited: 0x634eac00


Dynamic libraries:
08048000-08049000 r-xp 00000000 08:04 6168565    /home/zhaoqunqi/software/java/jdk1.8.0_40/bin/java
08049000-0804a000 rw-p 00000000 08:04 6168565    /home/zhaoqunqi/software/java/jdk1.8.0_40/bin/java
081af000-08cc0000 rw-p 00000000 00:00 0          [heap]
61c65000-61c85000 rw-p 00000000 00:00 0 
61c85000-61d65000 ---p 00000000 00:00 0 
61d65000-61e65000 rw-p 00000000 00:00 0 
61e65000-61e68000 ---p 00000000 00:00 0 
61e68000-61fb0000 rw-p 00000000 00:00 0 
61fb0000-61fb6000 ---p 00000000 00:00 0 
62000000-62100000 rw-p 00000000 00:00 0 
62100000-62191000 rw-p 00000000 00:00 0 
62191000-62200000 ---p 00000000 00:00 0 
62200000-62201000 r--s 00000000 08:04 6558625    /var/cache/fontconfig/c05880de57d1f5e948fdfacc138775d9-le32d4.cache-4
62201000-62209000 r--s 00000000 08:04 6553701    /var/cache/fontconfig/945677eb7aeaf62f1d50efc3fb3ec7d8-le32d4.cache-4
62209000-6220d000 r--s 00000000 08:04 6558623    /var/cache/fontconfig/2cd17615ca594fa2959ae173292e504c-le32d4.cache-4
6220d000-6220e000 r--s 00000000 08:04 6558585    /var/cache/fontconfig/e7071f4a29fa870f4323321c154eba04-le32d4.cache-4
6220e000-6220f000 r--s 00000000 08:04 6558584    /var/cache/fontconfig/0d8c3b2ac0904cb8a57a757ad11a4a08-le32d4.cache-4
6220f000-6221e000 r--s 00000000 08:04 6558510    /var/cache/fontconfig/04aabc0a78ac019cf9454389977116d2-le32d4.cache-4
62238000-6223b000 ---p 00000000 00:00 0 
6223b000-62289000 rw-p 00000000 00:00 0          [stack:17248]
62289000-6228c000 ---p 00000000 00:00 0 
6228c000-622da000 rw-p 00000000 00:00 0          [stack:17247]
622da000-6233a000 r-xp 00000000 08:04 6168688    /home/zhaoqunqi/software/java/jdk1.8.0_40/jre/lib/i386/libfontmanager.so
6233a000-6233c000 rw-p 00060000 08:04 6168688    /home/zhaoqunqi/software/java/jdk1.8.0_40/jre/lib/i386/libfontmanager.so
6233c000-62441000 rw-p 00000000 00:00 0 
62441000-62461000 r-xp 00000000 08:04 1448169    /usr/lib/i386-linux-gnu/libxcb.so.1.1.0
62461000-62462000 r--p 0001f000 08:04 1448169    /usr/lib/i386-linux-gnu/libxcb.so.1.1.0
62462000-62463000 rw-p 00020000 08:04 1448169    /usr/lib/i386-linux-gnu/libxcb.so.1.1.0
62463000-62593000 r-xp 00000000 08:04 1447101    /usr/lib/i386-linux-gnu/libX11.so.6.3.0
62593000-62594000 r--p 00130000 08:04 1447101    /usr/lib/i386-linux-gnu/libX11.so.6.3.0
62594000-62596000 rw-p 00131000 08:04 1447101    /usr/lib/i386-linux-gnu/libX11.so.6.3.0
62596000-62597000 rw-p 00000000 00:00 0 
62597000-6261d000 r-xp 00000000 08:04 6168671    /home/zhaoqunqi/software/java/jdk1.8.0_40/jre/lib/i386/libawt.so
6261d000-62624000 rw-p 00086000 08:04 6168671    /home/zhaoqunqi/software/java/jdk1.8.0_40/jre/lib/i386/libawt.so
62624000-62748000 rw-p 00000000 00:00 0 
62748000-6274d000 r--s 00000000 08:04 6558511    /var/cache/fontconfig/a755afe4a08bf5b97852ceb7400b47bc-le32d4.cache-4
6274d000-6274e000 r--s 00000000 08:04 6558474    /var/cache/fontconfig/1ac9eb803944fde146138c791f5cc56a-le32d4.cache-4
6274e000-62751000 r--s 00000000 08:04 6558256    /var/cache/fontconfig/385c0604a188198f04d133e54aba7fe7-le32d4.cache-4
62751000-62755000 r--s 00000000 08:04 6557983    /var/cache/fontconfig/8801497958630a81b71ace7c5f9b32a8-le32d4.cache-4
62755000-6275a000 r--s 00000000 08:04 6557982    /var/cache/fontconfig/3047814df9a2f067bd2d96a2b9c36e5a-le32d4.cache-4
6275a000-6275e000 r--s 00000000 08:04 6557965    /var/cache/fontconfig/b47c4e1ecd0709278f4910c18777a504-le32d4.cache-4
6275e000-62767000 r-xp 00000000 08:04 1447112    /usr/lib/i386-linux-gnu/libXcursor.so.1.0.2
62767000-62768000 r--p 00008000 08:04 1447112    /usr/lib/i386-linux-gnu/libXcursor.so.1.0.2
62768000-62769000 rw-p 00009000 08:04 1447112    /usr/lib/i386-linux-gnu/libXcursor.so.1.0.2
62769000-62869000 rw-p 00000000 00:00 0 
62869000-6286a000 r--s 00000000 08:04 6558252    /var/cache/fontconfig/dc05db6664285cc2f12bf69c139ae4c3-le32d4.cache-4
6286a000-62886000 r-xp 00000000 08:04 4063261    /lib/i386-linux-gnu/libgcc_s.so.1
62886000-62887000 rw-p 0001b000 08:04 4063261    /lib/i386-linux-gnu/libgcc_s.so.1
62887000-62896000 r-xp 00000000 08:04 1447126    /usr/lib/i386-linux-gnu/libXi.so.6.1.0
62896000-62897000 r--p 0000e000 08:04 1447126    /usr/lib/i386-linux-gnu/libXi.so.6.1.0
62897000-62898000 rw-p 0000f000 08:04 1447126    /usr/lib/i386-linux-gnu/libXi.so.6.1.0
62898000-628e4000 r-xp 00000000 08:04 6168684    /home/zhaoqunqi/software/java/jdk1.8.0_40/jre/lib/i386/libawt_xawt.so
628e4000-628e6000 rw-p 0004c000 08:04 6168684    /home/zhaoqunqi/software/java/jdk1.8.0_40/jre/lib/i386/libawt_xawt.so
628e6000-628e7000 rw-p 00000000 00:00 0 
628e7000-628e9000 r--s 00000000 08:04 6557487    /var/cache/fontconfig/767a8244fc0220cfb567a839d0392e0b-le32d4.cache-4
628e9000-628f9000 r--s 00000000 08:04 6557488    /var/cache/fontconfig/d52a8644073d54c13679302ca1180695-le32d4.cache-4
628f9000-62900000 r--s 00000000 08:04 6557699    /var/cache/fontconfig/3f7329c5293ffd510edef78f73874cfd-le32d4.cache-4
62913000-62916000 ---p 00000000 00:00 0 
62916000-62964000 rw-p 00000000 00:00 0 
62964000-62965000 r--s 00000000 08:04 6557986    /var/cache/fontconfig/4794a0821666d79190d59a36cb4f44b5-le32d4.cache-4
62965000-62966000 r--s 00000000 08:04 6557981    /var/cache/fontconfig/56cf4f4769d0f4abc89a4895d7bd3ae1-le32d4.cache-4
62966000-62967000 r--s 00000000 08:04 6557980    /var/cache/fontconfig/b9d506c9ac06c20b433354fa67a72993-le32d4.cache-4
62967000-6296a000 r--s 00000000 08:04 6557602    /var/cache/fontconfig/d589a48862398ed80a3d6066f4f56f4c-le32d4.cache-4
6296a000-62973000 r--s 00000000 08:04 6562851    /var/cache/fontconfig/089dead882dea3570ffc31a9898cfb69-le32d4.cache-4
62973000-62974000 r--s 00000000 08:04 6557599    /var/cache/fontconfig/0c9eb80ebd1c36541ebe2852d3bb0c49-le32d4.cache-4
62974000-62976000 r--s 00000000 08:04 6553696    /var/cache/fontconfig/e13b20fdb08344e0e664864cc2ede53d-le32d4.cache-4
62976000-62979000 r--s 00000000 08:04 6562901    /var/cache/fontconfig/7ef2298fde41cc6eeb7af42e48b7d293-le32d4.cache-4
62979000-6297a000 r--s 00000000 08:04 6558625    /var/cache/fontconfig/c05880de57d1f5e948fdfacc138775d9-le32d4.cache-4
6297a000-62982000 r--s 00000000 08:04 6553701    /var/cache/fontconfig/945677eb7aeaf62f1d50efc3fb3ec7d8-le32d4.cache-4
62982000-62986000 r--s 00000000 08:04 6558623    /var/cache/fontconfig/2cd17615ca594fa2959ae173292e504c-le32d4.cache-4
62986000-62987000 r--s 00000000 08:04 6558585    /var/cache/fontconfig/e7071f4a29fa870f4323321c154eba04-le32d4.cache-4
62987000-62988000 r--s 00000000 08:04 6558584    /var/cache/fontconfig/0d8c3b2ac0904cb8a57a757ad11a4a08-le32d4.cache-4
62988000-6298d000 r--s 00000000 08:04 6558511    /var/cache/fontconfig/a755afe4a08bf5b97852ceb7400b47bc-le32d4.cache-4
6298d000-6299c000 r--s 00000000 08:04 6558510    /var/cache/fontconfig/04aabc0a78ac019cf9454389977116d2-le32d4.cache-4
6299c000-6299d000 r--s 00000000 08:04 6558474    /var/cache/fontconfig/1ac9eb803944fde146138c791f5cc56a-le32d4.cache-4
6299d000-629a0000 r--s 00000000 08:04 6558256    /var/cache/fontconfig/385c0604a188198f04d133e54aba7fe7-le32d4.cache-4
629a0000-629a4000 r--s 00000000 08:04 6557983    /var/cache/fontconfig/8801497958630a81b71ace7c5f9b32a8-le32d4.cache-4
629a4000-629a9000 r--s 00000000 08:04 6557982    /var/cache/fontconfig/3047814df9a2f067bd2d96a2b9c36e5a-le32d4.cache-4
629a9000-629b9000 r--s 00000000 08:04 6557488    /var/cache/fontconfig/d52a8644073d54c13679302ca1180695-le32d4.cache-4
629b9000-629c0000 r--s 00000000 08:04 6557699    /var/cache/fontconfig/3f7329c5293ffd510edef78f73874cfd-le32d4.cache-4
629c0000-62ac0000 rw-p 00000000 00:00 0 
62ac0000-62bc0000 rw-p 00000000 00:00 0 
62bc0000-62bc1000 r--s 00000000 08:04 6558252    /var/cache/fontconfig/dc05db6664285cc2f12bf69c139ae4c3-le32d4.cache-4
62bc1000-62bc3000 r--s 00000000 08:04 6557487    /var/cache/fontconfig/767a8244fc0220cfb567a839d0392e0b-le32d4.cache-4
62bc3000-62bc7000 r-xp 00000000 08:04 1447120    /usr/lib/i386-linux-gnu/libXfixes.so.3.1.0
62bc7000-62bc8000 r--p 00003000 08:04 1447120    /usr/lib/i386-linux-gnu/libXfixes.so.3.1.0
62bc8000-62bc9000 rw-p 00004000 08:04 1447120    /usr/lib/i386-linux-gnu/libXfixes.so.3.1.0
62bc9000-62bce000 r-xp 00000000 08:04 1447116    /usr/lib/i386-linux-gnu/libXdmcp.so.6.0.0
62bce000-62bcf000 r--p 00004000 08:04 1447116    /usr/lib/i386-linux-gnu/libXdmcp.so.6.0.0
62bcf000-62bd0000 rw-p 00005000 08:04 1447116    /usr/lib/i386-linux-gnu/libXdmcp.so.6.0.0
62bd0000-62bd3000 ---p 00000000 00:00 0 
62bd3000-62c21000 rw-p 00000000 00:00 0          [stack:17246]
62c21000-62c24000 ---p 00000000 00:00 0 
62c24000-62d72000 rw-p 00000000 00:00 0          [stack:17245]
62d72000-62d73000 r--s 00000000 08:04 6557986    /var/cache/fontconfig/4794a0821666d79190d59a36cb4f44b5-le32d4.cache-4
62d73000-62d74000 r--s 00000000 08:04 6557981    /var/cache/fontconfig/56cf4f4769d0f4abc89a4895d7bd3ae1-le32d4.cache-4
62d74000-62d75000 r--s 00000000 08:04 6557980    /var/cache/fontconfig/b9d506c9ac06c20b433354fa67a72993-le32d4.cache-4
62d75000-62d7a000 r-xp 00000000 08:04 1447146    /usr/lib/i386-linux-gnu/libXtst.so.6.1.0
62d7a000-62d7b000 r--p 00004000 08:04 1447146    /usr/lib/i386-linux-gnu/libXtst.so.6.1.0
62d7b000-62d7c000 rw-p 00005000 08:04 1447146    /usr/lib/i386-linux-gnu/libXtst.so.6.1.0
62d7c000-62d85000 r-xp 00000000 08:04 1447140    /usr/lib/i386-linux-gnu/libXrender.so.1.3.0
62d85000-62d86000 r--p 00008000 08:04 1447140    /usr/lib/i386-linux-gnu/libXrender.so.1.3.0
62d86000-62d87000 rw-p 00009000 08:04 1447140    /usr/lib/i386-linux-gnu/libXrender.so.1.3.0
62d87000-62d98000 r-xp 00000000 08:04 1447118    /usr/lib/i386-linux-gnu/libXext.so.6.4.0
62d98000-62d99000 r--p 00010000 08:04 1447118    /usr/lib/i386-linux-gnu/libXext.so.6.4.0
62d99000-62d9a000 rw-p 00011000 08:04 1447118    /usr/lib/i386-linux-gnu/libXext.so.6.4.0
62d9a000-62d9e000 r--s 00000000 08:04 6557965    /var/cache/fontconfig/b47c4e1ecd0709278f4910c18777a504-le32d4.cache-4
62d9e000-62da1000 r--s 00000000 08:04 6557602    /var/cache/fontconfig/d589a48862398ed80a3d6066f4f56f4c-le32d4.cache-4
62da1000-62daa000 r--s 00000000 08:04 6562851    /var/cache/fontconfig/089dead882dea3570ffc31a9898cfb69-le32d4.cache-4
62daa000-62dac000 r--s 00000000 08:04 6553696    /var/cache/fontconfig/e13b20fdb08344e0e664864cc2ede53d-le32d4.cache-4
62dac000-62daf000 r--s 00000000 08:04 6562901    /var/cache/fontconfig/7ef2298fde41cc6eeb7af42e48b7d293-le32d4.cache-4
62daf000-62eaf000 rw-p 00000000 00:00 0 
62eaf000-62faf000 rw-p 00000000 00:00 0 
62faf000-62fb2000 ---p 00000000 00:00 0 
62fb2000-63000000 rw-p 00000000 00:00 0          [stack:17244]
63000000-63037000 rw-p 00000000 00:00 0 
63037000-63100000 ---p 00000000 00:00 0 
63100000-63102000 r-xp 00000000 08:04 1447105    /usr/lib/i386-linux-gnu/libXau.so.6.0.0
63102000-63103000 r--p 00001000 08:04 1447105    /usr/lib/i386-linux-gnu/libXau.so.6.0.0
63103000-63104000 rw-p 00002000 08:04 1447105    /usr/lib/i386-linux-gnu/libXau.so.6.0.0
63104000-63109000 r--s 002f8000 08:04 6168724    /home/zhaoqunqi/software/java/jdk1.8.0_40/jre/lib/charsets.jar
63109000-6310c000 ---p 00000000 00:00 0 
6310c000-6325a000 rw-p 00000000 00:00 0          [stack:17251]
6325a000-6325d000 ---p 00000000 00:00 0 
6325d000-632ab000 rw-p 00000000 00:00 0          [stack:17242]
632ab000-632ad000 r--s 00005000 08:04 4872115    /home/zhaoqunqi/software/gradle-2.0/lib/plugins/gradle-plugin-use-2.0.jar
632ad000-632c5000 r--s 00115000 08:04 4872156    /home/zhaoqunqi/software/gradle-2.0/lib/plugins/xercesImpl-2.9.1.jar
632c5000-632cd000 r--s 00028000 08:04 4872157    /home/zhaoqunqi/software/gradle-2.0/lib/plugins/xml-apis-1.3.04.jar
632cd000-632d3000 r--s 0005b000 08:04 4872155    /home/zhaoqunqi/software/gradle-2.0/lib/plugins/jcifs-1.3.17.jar
632d3000-632d9000 r--s 00031000 08:04 4872154    /home/zhaoqunqi/software/gradle-2.0/lib/plugins/httpcore-4.2.2.jar
632d9000-632df000 r--s 00033000 08:04 4872153    /home/zhaoqunqi/software/gradle-2.0/lib/plugins/commons-codec-1.6.jar
632df000-632e2000 r--s 0001c000 08:04 4872152    /home/zhaoqunqi/software/gradle-2.0/lib/plugins/nekohtml-1.9.14.jar
632e2000-632eb000 r--s 00060000 08:04 4872151    /home/zhaoqunqi/software/gradle-2.0/lib/plugins/httpclient-4.2.2.jar
632eb000-632ed000 r--s 00007000 08:04 4872140    /home/zhaoqunqi/software/gradle-2.0/lib/plugins/gradle-resources-http-2.0.jar
632ed000-632f1000 r--s 0001d000 08:04 4872143    /home/zhaoqunqi/software/gradle-2.0/lib/plugins/xbean-reflect-3.4.jar
632f1000-63300000 r--s 000d9000 08:04 4872141    /home/zhaoqunqi/software/gradle-2.0/lib/plugins/ivy-2.2.0.jar
63300000-633fb000 rw-p 00000000 00:00 0 
633fb000-63400000 ---p 00000000 00:00 0 
63400000-63500000 rw-p 00000000 00:00 0 
63500000-635fd000 rw-p 00000000 00:00 0 
635fd000-63600000 ---p 00000000 00:00 0 
63600000-636f9000 rw-p 00000000 00:00 0 
636f9000-63700000 ---p 00000000 00:00 0 
63700000-638ff000 rw-p 00000000 00:00 0 
638ff000-63900000 ---p 00000000 00:00 0 
63900000-639fc000 rw-p 00000000 00:00 0 
639fc000-63a00000 ---p 00000000 00:00 0 
63a00000-63a01000 r--s 00000000 08:04 6557599    /var/cache/fontconfig/0c9eb80ebd1c36541ebe2852d3bb0c49-le32d4.cache-4
63a01000-63a05000 r--s 0003d000 08:04 4872142    /home/zhaoqunqi/software/gradle-2.0/lib/plugins/jsch-0.1.51.jar
63a05000-63a09000 r--s 0001e000 08:04 4872090    /home/zhaoqunqi/software/gradle-2.0/lib/plugins/jarjar-aether-impl-1.13.1.jar
63a09000-63a0c000 r--s 00027000 08:04 4872089    /home/zhaoqunqi/software/gradle-2.0/lib/plugins/jarjar-maven-model-3.0.4.jar
63a0c000-63a0f000 r--s 0000b000 08:04 4872088    /home/zhaoqunqi/software/gradle-2.0/lib/plugins/jarjar-maven-artifact-3.0.4.jar
63a0f000-63a13000 r--s 0001e000 08:04 4872087    /home/zhaoqunqi/software/gradle-2.0/lib/plugins/jarjar-aether-util-1.13.1.jar
63a13000-63a15000 r--s 00007000 08:04 4872086    /home/zhaoqunqi/software/gradle-2.0/lib/plugins/jarjar-wagon-http-shared4-2.4.jar
63a15000-63a22000 r--s 00083000 08:04 4872085    /home/zhaoqunqi/software/gradle-2.0/lib/plugins/jarjar-maven-core-3.0.4.jar
63a22000-63a24000 r--s 00003000 08:04 4872084    /home/zhaoqunqi/software/gradle-2.0/lib/plugins/jarjar-aether-spi-1.13.1.jar
63a24000-63a26000 r--s 00009000 08:04 4872083    /home/zhaoqunqi/software/gradle-2.0/lib/plugins/jarjar-maven-settings-builder-3.0.4.jar
63a26000-63a2a000 r--s 00014000 08:04 4872082    /home/zhaoqunqi/software/gradle-2.0/lib/plugins/jarjar-aether-api-1.13.1.jar
63a2a000-63a2b000 r--s 00002000 08:04 4872081    /home/zhaoqunqi/software/gradle-2.0/lib/plugins/jarjar-wagon-http-2.4.jar
63a2b000-63a32000 r--s 00042000 08:04 4872080    /home/zhaoqunqi/software/gradle-2.0/lib/plugins/jarjar-maven-compat-3.0.4.jar
63a32000-63a34000 r--s 00006000 08:04 4872079    /home/zhaoqunqi/software/gradle-2.0/lib/plugins/jarjar-aether-connector-wagon-1.13.1.jar
63a34000-63a36000 r--s 00000000 08:04 4872078    /home/zhaoqunqi/software/gradle-2.0/lib/plugins/jarjar-plexus-component-annotations-1.5.5.jar
63a36000-63a38000 r--s 00006000 08:04 4872077    /home/zhaoqunqi/software/gradle-2.0/lib/plugins/jarjar-plexus-sec-dispatcher-1.3.jar
63a38000-63a3d000 r--s 00022000 08:04 4872076    /home/zhaoqunqi/software/gradle-2.0/lib/plugins/jarjar-maven-model-builder-3.0.4.jar
63a3d000-63a3f000 r--s 0000b000 08:04 4872075    /home/zhaoqunqi/software/gradle-2.0/lib/plugins/jarjar-maven-plugin-api-3.0.4.jar
63a3f000-63a42000 r--s 0000a000 08:04 4872074    /home/zhaoqunqi/software/gradle-2.0/lib/plugins/jarjar-plexus-classworlds-2.4.jar
63a42000-63a46000 r--s 00035000 08:04 4872073    /home/zhaoqunqi/software/gradle-2.0/lib/plugins/jarjar-plexus-utils-2.0.6.jar
63a46000-63a48000 r--s 0000e000 08:04 4872072    /home/zhaoqunqi/software/gradle-2.0/lib/plugins/jarjar-plexus-interpolation-1.14.jar
63a48000-63a4a000 r--s 00002000 08:04 4872071    /home/zhaoqunqi/software/gradle-2.0/lib/plugins/jarjar-plexus-cipher-1.7.jar
63a4a000-63a52000 r--s 00031000 08:04 4872068    /home/zhaoqunqi/software/gradle-2.0/lib/plugins/jarjar-plexus-container-default-1.5.5.jar
63a52000-63a69000 r--s 000a7000 08:04 4872114    /home/zhaoqunqi/software/gradle-2.0/lib/plugins/gradle-core-impl-2.0.jar
63a69000-63a71000 r--s 00027000 08:04 4872024    /home/zhaoqunqi/software/gradle-2.0/lib/gradle-tooling-api-2.0.jar
63a71000-63b71000 rw-p 00000000 00:00 0 
63b71000-63b73000 r--s 0000c000 08:04 4872070    /home/zhaoqunqi/software/gradle-2.0/lib/plugins/jarjar-wagon-provider-api-2.4.jar
63b73000-63b75000 r--s 0000d000 08:04 4872069    /home/zhaoqunqi/software/gradle-2.0/lib/plugins/jarjar-maven-aether-provider-3.0.4.jar
63b75000-63b76000 r--s 00007000 08:04 4872067    /home/zhaoqunqi/software/gradle-2.0/lib/plugins/jarjar-maven-repository-metadata-3.0.4.jar
63b76000-63b77000 r--s 0000b000 08:04 4872066    /home/zhaoqunqi/software/gradle-2.0/lib/plugins/jarjar-maven-settings-3.0.4.jar
63b77000-63b79000 r--s 00002000 08:04 4872046    /home/zhaoqunqi/software/gradle-2.0/lib/gradle-open-api-2.0.jar
63b79000-63b7f000 r--s 00032000 08:04 4872048    /home/zhaoqunqi/software/gradle-2.0/lib/jaxen-1.1.jar
63b7f000-63b84000 r--s 00048000 08:04 4872047    /home/zhaoqunqi/software/gradle-2.0/lib/dom4j-1.6.1.jar
63b84000-63b8f000 r--s 00059000 08:04 4872023    /home/zhaoqunqi/software/gradle-2.0/lib/gradle-ui-2.0.jar
63b8f000-63b91000 r--s 00006000 08:04 4872042    /home/zhaoqunqi/software/gradle-2.0/lib/gradle-resources-2.0.jar
63b91000-63b93000 r--s 00007000 08:04 4872064    /home/zhaoqunqi/software/gradle-2.0/lib/objenesis-1.2.jar
63b93000-63b95000 r--s 00000000 08:04 4872063    /home/zhaoqunqi/software/gradle-2.0/lib/minlog-1.2.jar
63b95000-63b97000 r--s 0000f000 08:04 4872062    /home/zhaoqunqi/software/gradle-2.0/lib/reflectasm-1.07-shaded.jar
63b97000-63b9b000 r--s 00026000 08:04 4872053    /home/zhaoqunqi/software/gradle-2.0/lib/kryo-2.20.jar
63b9b000-63b9c000 r--s 00003000 08:04 4872061    /home/zhaoqunqi/software/gradle-2.0/lib/native-platform-freebsd-amd64-0.10.jar
63b9c000-63b9d000 r--s 00003000 08:04 4872060    /home/zhaoqunqi/software/gradle-2.0/lib/native-platform-freebsd-i386-0.10.jar
63b9d000-63b9e000 r--s 00005000 08:04 4872059    /home/zhaoqunqi/software/gradle-2.0/lib/native-platform-windows-i386-0.10.jar
63b9e000-63b9f000 r--s 00005000 08:04 4872058    /home/zhaoqunqi/software/gradle-2.0/lib/native-platform-windows-amd64-0.10.jar
63b9f000-63ba0000 r--s 00003000 08:04 4872057    /home/zhaoqunqi/software/gradle-2.0/lib/native-platform-linux-i386-0.10.jar
63ba0000-63ba1000 r--s 00003000 08:04 4872056    /home/zhaoqunqi/software/gradle-2.0/lib/native-platform-linux-amd64-0.10.jar
63ba1000-63ba2000 r--s 00002000 08:04 4872055    /home/zhaoqunqi/software/gradle-2.0/lib/native-platform-osx-amd64-0.10.jar
63ba2000-63ba3000 r--s 00002000 08:04 4872054    /home/zhaoqunqi/software/gradle-2.0/lib/native-platform-osx-i386-0.10.jar
63ba3000-63ba5000 r--s 00008000 08:04 4872051    /home/zhaoqunqi/software/gradle-2.0/lib/jansi-1.2.1.jar
63ba5000-63ba8000 r--s 0000d000 08:04 4872050    /home/zhaoqunqi/software/gradle-2.0/lib/native-platform-0.10.jar
63ba8000-63bac000 r--s 000e4000 08:04 4872049    /home/zhaoqunqi/software/gradle-2.0/lib/jna-3.2.7.jar
63bac000-63bae000 r--s 00000000 08:04 4872029    /home/zhaoqunqi/software/gradle-2.0/lib/gradle-base-services-groovy-2.0.jar
63bae000-63baf000 r--s 00000000 08:04 4872043    /home/zhaoqunqi/software/gradle-2.0/lib/gradle-docs-2.0.jar
63baf000-63bb1000 r--s 00003000 08:04 4872045    /home/zhaoqunqi/software/gradle-2.0/lib/jcl-over-slf4j-1.7.5.jar
63bb1000-63bb3000 r--s 00004000 08:04 4872044    /home/zhaoqunqi/software/gradle-2.0/lib/log4j-over-slf4j-1.7.5.jar
63bb3000-63bb6000 r--s 0001b000 08:04 4872039    /home/zhaoqunqi/software/gradle-2.0/lib/jarjar-1.3.jar
63bb6000-63bc4000 r--s 0007f000 08:04 4872032    /home/zhaoqunqi/software/gradle-2.0/lib/commons-collections-3.2.1.jar
63bc4000-63bcc000 r--s 00036000 08:04 4872018    /home/zhaoqunqi/software/gradle-2.0/lib/gradle-launcher-2.0.jar
63bcc000-63bce000 r--s 00005000 08:04 4872113    /home/zhaoqunqi/software/gradle-2.0/lib/plugins/gradle-language-base-2.0.jar
63bce000-63bd0000 r--s 00004000 08:04 4872112    /home/zhaoqunqi/software/gradle-2.0/lib/plugins/gradle-language-jvm-2.0.jar
63bd0000-63bd5000 r--s 00026000 08:04 4872111    /home/zhaoqunqi/software/gradle-2.0/lib/plugins/gradle-build-init-2.0.jar
63bd5000-63bd8000 r--s 0001d000 08:04 4872110    /home/zhaoqunqi/software/gradle-2.0/lib/plugins/gradle-jacoco-2.0.jar
63bd8000-63bdb000 r--s 0000c000 08:04 4872109    /home/zhaoqunqi/software/gradle-2.0/lib/plugins/gradle-ivy-2.0.jar
63bdb000-63bdd000 r--s 00002000 08:04 4872108    /home/zhaoqunqi/software/gradle-2.0/lib/plugins/gradle-publish-2.0.jar
63bdd000-63bdf000 r--s 00005000 08:04 4872139    /home/zhaoqunqi/software/gradle-2.0/lib/plugins/jatl-0.2.2.jar
63bdf000-63be1000 r--s 00006000 08:04 4872107    /home/zhaoqunqi/software/gradle-2.0/lib/plugins/gradle-reporting-2.0.jar
63be1000-63be6000 r--s 0003a000 08:04 4872106    /home/zhaoqunqi/software/gradle-2.0/lib/plugins/gradle-diagnostics-2.0.jar
63be6000-63bed000 r--s 00090000 08:04 4872105    /home/zhaoqunqi/software/gradle-2.0/lib/plugins/gradle-build-comparison-2.0.jar
63bed000-63bf4000 r--s 00035000 08:04 4872138    /home/zhaoqunqi/software/gradle-2.0/lib/plugins/simple-4.1.21.jar
63bf4000-63c00000 r--s 00100000 08:04 4872136    /home/zhaoqunqi/software/gradle-2.0/lib/plugins/rhino-1.7R3.jar
63c00000-63cfc000 rw-p 00000000 00:00 0 
63cfc000-63d00000 ---p 00000000 00:00 0 
63d00000-63d01000 r--s 00000000 08:04 4872037    /home/zhaoqunqi/software/gradle-2.0/lib/jcip-annotations-1.0.jar
63d01000-63d06000 r--s 0002a000 08:04 4872137    /home/zhaoqunqi/software/gradle-2.0/lib/plugins/gson-2.2.4.jar
63d06000-63d0a000 r--s 0001f000 08:04 4872104    /home/zhaoqunqi/software/gradle-2.0/lib/plugins/gradle-javascript-2.0.jar
63d0a000-63d0c000 r--s 0000d000 08:04 4872103    /home/zhaoqunqi/software/gradle-2.0/lib/plugins/gradle-ear-2.0.jar
63d0c000-63d21000 r--s 000cc000 08:04 4872102    /home/zhaoqunqi/software/gradle-2.0/lib/plugins/gradle-cpp-2.0.jar
63d21000-63d49000 r--s 00194000 08:04 4872144    /home/zhaoqunqi/software/gradle-2.0/lib/plugins/bcprov-jdk15-1.46.jar
63d49000-63d4d000 r--s 00025000 08:04 4872135    /home/zhaoqunqi/software/gradle-2.0/lib/plugins/bcpg-jdk15-1.46.jar
63d4d000-63d50000 r--s 0001d000 08:04 4872101    /home/zhaoqunqi/software/gradle-2.0/lib/plugins/gradle-signing-2.0.jar
63d50000-63d51000 r--s 00002000 08:04 4872134    /home/zhaoqunqi/software/gradle-2.0/lib/plugins/sonar-batch-bootstrapper-2.9.jar
63d51000-63d54000 r--s 0001e000 08:04 4872100    /home/zhaoqunqi/software/gradle-2.0/lib/plugins/gradle-sonar-2.0.jar
63d54000-63d57000 r--s 00019000 08:04 4872099    /home/zhaoqunqi/software/gradle-2.0/lib/plugins/gradle-scala-2.0.jar
63d57000-63d64000 r--s 000bb000 08:04 4872097    /home/zhaoqunqi/software/gradle-2.0/lib/plugins/gradle-ide-2.0.jar
63d64000-63d7d000 r--s 00129000 08:04 4872129    /home/zhaoqunqi/software/gradle-2.0/lib/plugins/maven-ant-tasks-2.1.3.jar
63d7d000-63d95000 r--s 0013b000 08:04 4872128    /home/zhaoqunqi/software/gradle-2.0/lib/plugins/bndlib-2.1.0.jar
63d95000-63e00000 r--s 00685000 08:04 786764     /home/zhaoqunqi/.gradle/caches/modules-2/files-2.1/org.codehaus.groovy/groovy-all/2.3.7/feb6df9c6936c797159091a451ed8590d67101dc/groovy-all-2.3.7.jar
63e00000-63f00000 rw-p 00000000 00:00 0 
63f00000-63f01000 r--s 00007000 08:04 4872133    /home/zhaoqunqi/software/gradle-2.0/lib/plugins/sonar-runner-2.0.jar
63f01000-63f03000 r--s 0000e000 08:04 4872098    /home/zhaoqunqi/software/gradle-2.0/lib/plugins/gradle-announce-2.0.jar
63f03000-63f04000 r--s 00000000 08:04 4872040    /home/zhaoqunqi/software/gradle-2.0/lib/javax.inject-1.jar
63f04000-63f06000 r--s 00000000 08:04 4872132    /home/zhaoqunqi/software/gradle-2.0/lib/plugins/plexus-component-annotations-1.5.2.jar
63f06000-63f09000 r--s 0000c000 08:04 4872131    /home/zhaoqunqi/software/gradle-2.0/lib/plugins/pmaven-groovy-0.8-20100325.jar
63f09000-63f0a000 r--s 00004000 08:04 4872130    /home/zhaoqunqi/software/gradle-2.0/lib/plugins/pmaven-common-0.8-20100325.jar
63f0a000-63f0f000 r--s 0001d000 08:04 4872096    /home/zhaoqunqi/software/gradle-2.0/lib/plugins/gradle-maven-2.0.jar
63f0f000-63f11000 r--s 00004000 08:04 4872095    /home/zhaoqunqi/software/gradle-2.0/lib/plugins/gradle-osgi-2.0.jar
63f11000-63f12000 r--s 00005000 08:04 4872019    /home/zhaoqunqi/software/gradle-2.0/lib/gradle-wrapper-2.0.jar
63f12000-63f17000 r--s 00068000 08:04 4872127    /home/zhaoqunqi/software/gradle-2.0/lib/plugins/antlr-2.7.7.jar
63f17000-63f2a000 r--s 00344000 08:04 6168730    /home/zhaoqunqi/software/java/jdk1.8.0_40/jre/lib/resources.jar
63f2a000-63f2b000 r--s 0000a000 08:04 786767     /home/zhaoqunqi/.gradle/caches/modules-2/files-2.1/asm/asm/3.1/c157def142714c544bdea2e6144645702adf7097/asm-3.1.jar
63f2b000-63f2d000 r--s 00009000 08:04 786832     /home/zhaoqunqi/.gradle/caches/modules-2/files-2.1/org.objenesis/objenesis/2.1/87c0ea803b69252868d09308b4618f766f135a96/objenesis-2.1.jar
63f2d000-63f33000 r--s 0004b000 08:04 786831     /home/zhaoqunqi/.gradle/caches/modules-2/files-2.1/cglib/cglib-nodep/3.1/aa83efbd1aedc4f26bdf00e7ea78191483f2c9b3/cglib-nodep-3.1.jar
63f33000-63f34000 r--s 0000c000 08:04 786830     /home/zhaoqunqi/.gradle/caches/modules-2/files-2.1/org.hamcrest/hamcrest-library/1.3/4785a3c21320980282f9f33d0d1264a69040538f/hamcrest-library-1.3.jar
63f34000-63f36000 r--s 0000a000 08:04 786829     /home/zhaoqunqi/.gradle/caches/modules-2/files-2.1/commons-codec/commons-codec/1.3/fd32786786e2adb664d5ecc965da47629dca14ba/commons-codec-1.3.jar
63f36000-63f37000 r--s 00000000 08:04 786828     /home/zhaoqunqi/.gradle/caches/modules-2/files-2.1/net.jcip/jcip-annotations/1.0/afba4942caaeaf46aab0b976afd57cc7c181467e/jcip-annotations-1.0.jar
63f37000-63f38000 r--s 00004000 08:04 786827     /home/zhaoqunqi/.gradle/caches/modules-2/files-2.1/org.easytesting/fest-util/1.1.3/64a66446468f6ccd5f864e6b027b16cc9853379c/fest-util-1.1.3.jar
63f38000-63f3f000 r--s 0003e000 08:04 786766     /home/zhaoqunqi/.gradle/caches/modules-2/files-2.1/org.sonatype.sisu.inject/cglib/2.2.1-v20090111/7ce5e983fd0e6c78346f4c9cbfa39d83049dda2/cglib-2.2.1-v20090111.jar
63f3f000-63f40000 r--s 00002000 08:04 4872126    /home/zhaoqunqi/software/gradle-2.0/lib/plugins/ant-antlr-1.9.3.jar
63f40000-63f42000 r--s 00004000 08:04 4872094    /home/zhaoqunqi/software/gradle-2.0/lib/plugins/gradle-antlr-2.0.jar
63f42000-63f45000 r--s 0001e000 08:04 4872150    /home/zhaoqunqi/software/gradle-2.0/lib/plugins/jsp-api-2.1-6.1.14.jar
63f45000-63f68000 r--s 00344000 08:04 4872149    /home/zhaoqunqi/software/gradle-2.0/lib/plugins/core-3.1.1.jar
63f68000-63f69000 r--s 00006000 08:04 4872148    /home/zhaoqunqi/software/gradle-2.0/lib/plugins/jetty-naming-6.1.25.jar
63f69000-63f6b000 r--s 00002000 08:04 4872124    /home/zhaoqunqi/software/gradle-2.0/lib/plugins/jetty-annotations-6.1.25.jar
63f6b000-63f7c000 r--s 000ea000 08:04 4872123    /home/zhaoqunqi/software/gradle-2.0/lib/plugins/jsp-2.1-6.1.14.jar
63f7c000-63f7e000 r--s 0000d000 08:04 4872122    /home/zhaoqunqi/software/gradle-2.0/lib/plugins/jetty-plus-6.1.25.jar
63f7e000-63f80000 r--s 0001f000 08:04 4872121    /home/zhaoqunqi/software/gradle-2.0/lib/plugins/servlet-api-2.5-20081211.jar
63f80000-63f84000 r--s 00028000 08:04 4872120    /home/zhaoqunqi/software/gradle-2.0/lib/plugins/jetty-util-6.1.25.jar
63f84000-63f8b000 r--s 0007d000 08:04 4872119    /home/zhaoqunqi/software/gradle-2.0/lib/plugins/jetty-6.1.25.jar
63f8b000-63f8d000 r--s 00009000 08:04 4872093    /home/zhaoqunqi/software/gradle-2.0/lib/plugins/gradle-jetty-2.0.jar
63f8d000-63f93000 r--s 0003e000 08:04 4872092    /home/zhaoqunqi/software/gradle-2.0/lib/plugins/gradle-code-quality-2.0.jar
63f93000-63f95000 r--s 00009000 08:04 4872158    /home/zhaoqunqi/software/gradle-2.0/lib/plugins/hamcrest-core-1.3.jar
63f95000-64000000 r--s 00683000 08:04 4872028    /home/zhaoqunqi/software/gradle-2.0/lib/groovy-all-2.3.3.jar
64000000-64100000 rw-p 00000000 00:00 0 
64100000-641fc000 rw-p 00000000 00:00 0 
641fc000-64200000 ---p 00000000 00:00 0 
64200000-64300000 rw-p 00000000 00:00 0 
64300000-64400000 rw-p 00000000 00:00 0 
64400000-64403000 r--s 00007000 08:04 786826     /home/zhaoqunqi/.gradle/caches/modules-2/files-2.1/org.easytesting/fest-reflect/1.2/4dd614d5490950b4e2c7fe141544a867a0353d66/fest-reflect-1.2.jar
64403000-64405000 r--s 00014000 08:04 786825     /home/zhaoqunqi/.gradle/caches/modules-2/files-2.1/org.easytesting/fest-assert/1.2/bb0d051e157f921537aa30d6d2c2a6b201edbb1b/fest-assert-1.2.jar
64405000-64407000 r--s 00000000 08:04 786765     /home/zhaoqunqi/.gradle/caches/modules-2/files-2.1/aopalliance/aopalliance/1.0/235ba8b489512805ac13a8f9ea77a1ca5ebe3e8/aopalliance-1.0.jar
64407000-64409000 r--s 0000d000 08:04 786824     /home/zhaoqunqi/.gradle/caches/modules-2/files-2.1/com.jayway.awaitility/awaitility/1.6.1/4cddafcee4564c3e0cf2130ab6eed6c788310603/awaitility-1.6.1.jar
64409000-6440f000 r--s 00036000 08:04 786823     /home/zhaoqunqi/.gradle/caches/modules-2/files-2.1/junit/junit/4.11/4e031bb61df09069aeb2bffb4019e7a5034a4ee0/junit-4.11.jar
6440f000-64411000 r--s 00009000 08:04 786822     /home/zhaoqunqi/.gradle/caches/modules-2/files-2.1/org.hamcrest/hamcrest-core/1.3/42a25dc3219429f0e5d060061f71acb49bf010a0/hamcrest-core-1.3.jar
64411000-64418000 r--s 00033000 08:04 786821     /home/zhaoqunqi/.gradle/caches/modules-2/files-2.1/junit/junit-dep/4.10/64417b3bafdecd366afa514bd5beeae6c1f85ece/junit-dep-4.10.jar
64418000-6441a000 r--s 00000000 08:04 786820     /home/zhaoqunqi/.gradle/caches/modules-2/files-2.1/org.easytesting/fest-swing-junit-4.5/1.2.1/23fc9681c79d89bd827646d50d96a598f9e0558/fest-swing-junit-4.5-1.2.1.jar
6441a000-6441c000 r--s 0000a000 08:04 786819     /home/zhaoqunqi/.gradle/caches/modules-2/files-2.1/org.easytesting/fest-swing-junit/1.2.1/ab483461e117f34ac49c7ffae7ee1e525624d902/fest-swing-junit-1.2.1.jar
6441c000-6442d000 r--s 000a1000 08:04 786818     /home/zhaoqunqi/.gradle/caches/modules-2/files-2.1/org.easytesting/fest-swing/1.2.1/7203fa30d833d389176f3c45129975725518d0f7/fest-swing-1.2.1.jar
6442d000-6443c000 r--s 0009f000 08:04 786760     /home/zhaoqunqi/.gradle/caches/modules-2/files-2.1/com.google.inject/guice/3.0/9d84f15fe35e2c716a02979fb62f50a29f38aefa/guice-3.0.jar
6443c000-64448000 r--s 00070000 08:04 786816     /home/zhaoqunqi/.gradle/caches/modules-2/files-2.1/org.spockframework/spock-core/0.7-groovy-2.0/4de0b428de0c14b6eb6375d8174f71848cbfc1d7/spock-core-0.7-groovy-2.0.jar
64448000-64449000 r--s 00002000 08:04 4872125    /home/zhaoqunqi/software/gradle-2.0/lib/plugins/geronimo-annotation_1.0_spec-1.0.jar
64449000-6444f000 r--s 00033000 08:04 4872147    /home/zhaoqunqi/software/gradle-2.0/lib/plugins/snakeyaml-1.6.jar
6444f000-64451000 r--s 00006000 08:04 4872146    /home/zhaoqunqi/software/gradle-2.0/lib/plugins/jcommander-1.12.jar
64451000-64456000 r--s 00040000 08:04 4872145    /home/zhaoqunqi/software/gradle-2.0/lib/plugins/bsh-2.0b4.jar
64456000-64457000 r--s 00004000 08:04 4872052    /home/zhaoqunqi/software/gradle-2.0/lib/ant-launcher-1.9.3.jar
64457000-64459000 r--s 00009000 08:04 4872118    /home/zhaoqunqi/software/gradle-2.0/lib/plugins/commons-cli-1.2.jar
64459000-64462000 r--s 00089000 08:04 4872117    /home/zhaoqunqi/software/gradle-2.0/lib/plugins/testng-6.3.1.jar
64462000-64468000 r--s 00036000 08:04 4872116    /home/zhaoqunqi/software/gradle-2.0/lib/plugins/junit-4.11.jar
64468000-6446d000 r--s 00041000 08:04 4872034    /home/zhaoqunqi/software/gradle-2.0/lib/commons-lang-2.6.jar
6446d000-64470000 r--s 00018000 08:04 4872033    /home/zhaoqunqi/software/gradle-2.0/lib/commons-io-1.4.jar
64470000-64475000 r--s 00036000 08:04 4872030    /home/zhaoqunqi/software/gradle-2.0/lib/asm-all-5.0.2.jar
64475000-64494000 r--s 001cc000 08:04 4872031    /home/zhaoqunqi/software/gradle-2.0/lib/ant-1.9.3.jar
64494000-644a5000 r--s 000a9000 08:04 4872091    /home/zhaoqunqi/software/gradle-2.0/lib/plugins/gradle-plugins-2.0.jar
644a5000-644cd000 r--s 001cf000 08:04 4872027    /home/zhaoqunqi/software/gradle-2.0/lib/guava-jdk5-17.0.jar
644cd000-644fe000 r--s 00191000 08:04 4872021    /home/zhaoqunqi/software/gradle-2.0/lib/gradle-core-2.0.jar
644fe000-644ff000 ---p 00000000 00:00 0 
644ff000-6457f000 rw-p 00000000 00:00 0          [stack:17238]
6457f000-64582000 ---p 00000000 00:00 0 
64582000-64600000 rw-p 00000000 00:00 0          [stack:17236]
64600000-646fe000 rw-p 00000000 00:00 0 
646fe000-64700000 ---p 00000000 00:00 0 
64700000-64702000 r--s 00006000 08:04 786763     /home/zhaoqunqi/.gradle/caches/modules-2/files-2.1/org.slf4j/slf4j-api/1.7.7/2b8019b6249bb05d81d3a3094e468753e2b21311/slf4j-api-1.7.7.jar
64702000-6470b000 r--s 0006f000 08:04 786835     /home/zhaoqunqi/.gradle/caches/modules-2/files-2.1/log4j/log4j/1.2.17/5af35056b4d257e4b64b9e8069c0746e8b08629f/log4j-1.2.17.jar
6470b000-64727000 r--s 00393000 08:04 6684909    /home/zhaoqunqi/software/java/jdk1.8.0_40/jre/lib/ext/cldrdata.jar
64727000-6472a000 ---p 00000000 00:00 0 
6472a000-64778000 rw-p 00000000 00:00 0          [stack:17237]
64778000-6477b000 ---p 00000000 00:00 0 
6477b000-647f9000 rw-p 00000000 00:00 0          [stack:17235]
647f9000-647fc000 ---p 00000000 00:00 0 
647fc000-6484a000 rw-p 00000000 00:00 0          [stack:17234]
6484a000-649af000 r--p 001c8000 08:04 1450231    /usr/lib/locale/locale-archive
649af000-64baf000 r--p 00000000 08:04 1450231    /usr/lib/locale/locale-archive
64baf000-64bb2000 ---p 00000000 00:00 0 
64bb2000-64c00000 rw-p 00000000 00:00 0          [stack:17233]
64c00000-64d00000 rw-p 00000000 00:00 0 
64d00000-64d03000 r--s 00006000 08:04 786762     /home/zhaoqunqi/.gradle/caches/modules-2/files-2.1/com.google.code.findbugs/jsr305/3.0.0/5871fb60dc68d67da54a663c3fd636a10a532948/jsr305-3.0.0.jar
64d03000-64d04000 r--s 00000000 08:04 786761     /home/zhaoqunqi/.gradle/caches/modules-2/files-2.1/javax.inject/javax.inject/1/6975da39a7040257bd51d21a231b76c915872d38/javax.inject-1.jar
64d04000-64d05000 r--s 00003000 08:04 786817     /home/zhaoqunqi/.gradle/caches/modules-2/files-2.1/org.codehaus.griffon/griffon-core-test/2.0.0/e216573e1467d01e5d8121eea9b4754c82a6d744/griffon-core-test-2.0.0.jar
64d05000-64d07000 r--s 00001000 08:04 786836     /home/zhaoqunqi/.gradle/caches/modules-2/files-2.1/org.slf4j/slf4j-log4j12/1.7.7/58f588119ffd1702c77ccab6acb54bfb41bed8bd/slf4j-log4j12-1.7.7.jar
64d07000-64d0a000 r--s 00019000 08:04 786757     /home/zhaoqunqi/.gradle/caches/modules-2/files-2.1/org.codehaus.griffon/griffon-swing/2.0.0/cebe0e7be35a10a529fa41c3b899898b757fed78/griffon-swing-2.0.0.jar
64d0a000-64d0d000 ---p 00000000 00:00 0 
64d0d000-64d5b000 rw-p 00000000 00:00 0          [stack:17232]
64d5b000-64f32000 r--s 03cfa000 08:04 6168736    /home/zhaoqunqi/software/java/jdk1.8.0_40/jre/lib/rt.jar
64f32000-65378000 rw-p 00000000 00:00 0 
65378000-6537e000 ---p 00000000 00:00 0 
6537e000-67700000 rw-p 00000000 00:00 0 
67700000-677fc000 rw-p 00000000 00:00 0 
677fc000-67800000 ---p 00000000 00:00 0 
67800000-67802000 r--s 00010000 08:04 786759     /home/zhaoqunqi/.gradle/caches/modules-2/files-2.1/org.codehaus.griffon/griffon-groovy/2.0.0/6a4d48a2a30b7f770c1018898e05ca2ed5291d90/griffon-groovy-2.0.0.jar
67802000-6780c000 r--s 00059000 08:04 786756     /home/zhaoqunqi/.gradle/caches/modules-2/files-2.1/org.codehaus.griffon/griffon-core/2.0.0/f1371a8185f915453af7d7fa14b68b901d84d3de/griffon-core-2.0.0.jar
6780c000-67816000 r--s 00116000 08:04 6684913    /home/zhaoqunqi/software/java/jdk1.8.0_40/jre/lib/ext/localedata.jar
67816000-67820000 r--s 0005d000 08:04 4872035    /home/zhaoqunqi/software/gradle-2.0/lib/logback-core-1.0.13.jar
67820000-6782f000 r-xp 00000000 08:04 6168678    /home/zhaoqunqi/software/java/jdk1.8.0_40/jre/lib/i386/libnio.so
6782f000-67830000 rw-p 0000e000 08:04 6168678    /home/zhaoqunqi/software/java/jdk1.8.0_40/jre/lib/i386/libnio.so
67830000-67831000 ---p 00000000 00:00 0 
67831000-67900000 rw-p 00000000 00:00 0          [stack:17231]
67900000-6796e000 rw-p 00000000 00:00 0 
6796e000-67a00000 ---p 00000000 00:00 0 
67a00000-67a01000 r--s 00000000 08:04 786815     /home/zhaoqunqi/.gradle/caches/modules-2/files-2.1/org.codehaus.griffon/griffon-fest-test/2.0.0/8eafa66fdd886c6afdb97c6b9a69d0b6a4221b27/griffon-fest-test-2.0.0.jar
67a01000-67a02000 r--s 00004000 08:04 786758     /home/zhaoqunqi/.gradle/caches/modules-2/files-2.1/org.codehaus.griffon/griffon-swing-groovy/2.0.0/2be83796b9128d50ad16c4f2efd9d721d430b137/griffon-swing-groovy-2.0.0.jar
67a02000-67a08000 r--s 0003b000 08:04 4872036    /home/zhaoqunqi/software/gradle-2.0/lib/logback-classic-1.0.13.jar
67a08000-67a0a000 r--s 00005000 08:04 4872026    /home/zhaoqunqi/software/gradle-2.0/lib/slf4j-api-1.7.5.jar
67a0a000-67a1f000 r-xp 00000000 08:04 6168712    /home/zhaoqunqi/software/java/jdk1.8.0_40/jre/lib/i386/libnet.so
67a1f000-67a20000 rw-p 00014000 08:04 6168712    /home/zhaoqunqi/software/java/jdk1.8.0_40/jre/lib/i386/libnet.so
67a20000-67a34000 r--p 00000000 08:04 1842350    /usr/share/locale-langpack/zh_CN/LC_MESSAGES/libc.mo
67a34000-67a35000 ---p 00000000 00:00 0 
67a35000-67ac9000 rw-p 00000000 00:00 0          [stack:17230]
67ac9000-67c06000 ---p 00000000 00:00 0 
67c06000-67c1a000 rw-p 00000000 00:00 0 
67c1a000-67d56000 ---p 00000000 00:00 0 
67d56000-67de3000 rw-p 00000000 00:00 0 
67de3000-67dff000 ---p 00000000 00:00 0 
67dff000-6a4c0000 rw-p 00000000 00:00 0 
6a4c0000-91f80000 ---p 00000000 00:00 0 
91f80000-a3700000 rw-p 00000000 00:00 0 
a3700000-a7000000 ---p 00000000 00:00 0 
a7000000-a7008000 r--s 00038000 08:04 4872041    /home/zhaoqunqi/software/gradle-2.0/lib/gradle-messaging-2.0.jar
a7008000-a700a000 r--s 00007000 08:04 4872025    /home/zhaoqunqi/software/gradle-2.0/lib/gradle-native-2.0.jar
a700a000-a700c000 r--s 00005000 08:04 4872022    /home/zhaoqunqi/software/gradle-2.0/lib/gradle-cli-2.0.jar
a700c000-a707f000 rw-p 00000000 00:00 0 
a707f000-a7080000 ---p 00000000 00:00 0 
a7080000-a7121000 rw-p 00000000 00:00 0          [stack:17229]
a7121000-a74c0000 ---p 00000000 00:00 0 
a74c0000-a7ce8000 rwxp 00000000 00:00 0 
a7ce8000-b64c0000 ---p 00000000 00:00 0 
b64c0000-b64d9000 r-xp 00000000 08:04 6168714    /home/zhaoqunqi/software/java/jdk1.8.0_40/jre/lib/i386/libzip.so
b64d9000-b64da000 rw-p 00018000 08:04 6168714    /home/zhaoqunqi/software/java/jdk1.8.0_40/jre/lib/i386/libzip.so
b64da000-b64e5000 r-xp 00000000 08:04 4063263    /lib/i386-linux-gnu/libnss_files-2.19.so
b64e5000-b64e6000 r--p 0000a000 08:04 4063263    /lib/i386-linux-gnu/libnss_files-2.19.so
b64e6000-b64e7000 rw-p 0000b000 08:04 4063263    /lib/i386-linux-gnu/libnss_files-2.19.so
b64e7000-b64fc000 r-xp 00000000 08:04 4063327    /lib/i386-linux-gnu/libnsl-2.19.so
b64fc000-b64fd000 r--p 00015000 08:04 4063327    /lib/i386-linux-gnu/libnsl-2.19.so
b64fd000-b64fe000 rw-p 00016000 08:04 4063327    /lib/i386-linux-gnu/libnsl-2.19.so
b64fe000-b6500000 rw-p 00000000 00:00 0 
b6500000-b65f9000 rw-p 00000000 00:00 0 
b65f9000-b6600000 ---p 00000000 00:00 0 
b6600000-b6601000 r--s 00004000 08:04 786755     /home/zhaoqunqi/.gradle/caches/modules-2/files-2.1/org.codehaus.griffon/griffon-guice/2.0.0/928ce9f5b6521507bceffa42aa74eb214cc374d/griffon-guice-2.0.0.jar
b6601000-b6607000 r--s 00025000 08:04 4872020    /home/zhaoqunqi/software/gradle-2.0/lib/gradle-base-services-2.0.jar
b6607000-b6611000 r-xp 00000000 08:04 4063330    /lib/i386-linux-gnu/libnss_nis-2.19.so
b6611000-b6612000 r--p 00009000 08:04 4063330    /lib/i386-linux-gnu/libnss_nis-2.19.so
b6612000-b6613000 rw-p 0000a000 08:04 4063330    /lib/i386-linux-gnu/libnss_nis-2.19.so
b6613000-b661a000 r-xp 00000000 08:04 4063322    /lib/i386-linux-gnu/libnss_compat-2.19.so
b661a000-b661b000 r--p 00006000 08:04 4063322    /lib/i386-linux-gnu/libnss_compat-2.19.so
b661b000-b661c000 rw-p 00007000 08:04 4063322    /lib/i386-linux-gnu/libnss_compat-2.19.so
b661c000-b661d000 r--s 00001000 08:04 4872038    /home/zhaoqunqi/software/gradle-2.0/lib/jul-to-slf4j-1.7.5.jar
b661d000-b6622000 r--s 00093000 08:04 6168740    /home/zhaoqunqi/software/java/jdk1.8.0_40/jre/lib/jsse.jar
b6622000-b6629000 r--s 00000000 08:04 1451373    /usr/lib/i386-linux-gnu/gconv/gconv-modules.cache
b6629000-b6631000 rw-s 00000000 08:04 1048682    /tmp/hsperfdata_zhaoqunqi/17222
b6631000-b663a000 r-xp 00000000 08:04 6168702    /home/zhaoqunqi/software/java/jdk1.8.0_40/jre/lib/i386/libinstrument.so
b663a000-b663b000 rw-p 00008000 08:04 6168702    /home/zhaoqunqi/software/java/jdk1.8.0_40/jre/lib/i386/libinstrument.so
b663b000-b665e000 r-xp 00000000 08:04 6168709    /home/zhaoqunqi/software/java/jdk1.8.0_40/jre/lib/i386/libjava.so
b665e000-b665f000 rw-p 00023000 08:04 6168709    /home/zhaoqunqi/software/java/jdk1.8.0_40/jre/lib/i386/libjava.so
b665f000-b6666000 r-xp 00000000 08:04 4063326    /lib/i386-linux-gnu/librt-2.19.so
b6666000-b6667000 r--p 00006000 08:04 4063326    /lib/i386-linux-gnu/librt-2.19.so
b6667000-b6668000 rw-p 00007000 08:04 4063326    /lib/i386-linux-gnu/librt-2.19.so
b6668000-b666b000 ---p 00000000 00:00 0 
b666b000-b66b9000 rw-p 00000000 00:00 0          [stack:17228]
b66b9000-b66fd000 r-xp 00000000 08:04 4063328    /lib/i386-linux-gnu/libm-2.19.so
b66fd000-b66fe000 r--p 00043000 08:04 4063328    /lib/i386-linux-gnu/libm-2.19.so
b66fe000-b66ff000 rw-p 00044000 08:04 4063328    /lib/i386-linux-gnu/libm-2.19.so
b66ff000-b7051000 r-xp 00000000 08:04 6564952    /home/zhaoqunqi/software/java/jdk1.8.0_40/jre/lib/i386/server/libjvm.so
b7051000-b70bd000 rw-p 00951000 08:04 6564952    /home/zhaoqunqi/software/java/jdk1.8.0_40/jre/lib/i386/server/libjvm.so
b70bd000-b74e3000 rw-p 00000000 00:00 0 
b74e3000-b768c000 r-xp 00000000 08:04 4063333    /lib/i386-linux-gnu/libc-2.19.so
b768c000-b768d000 ---p 001a9000 08:04 4063333    /lib/i386-linux-gnu/libc-2.19.so
b768d000-b768f000 r--p 001a9000 08:04 4063333    /lib/i386-linux-gnu/libc-2.19.so
b768f000-b7690000 rw-p 001ab000 08:04 4063333    /lib/i386-linux-gnu/libc-2.19.so
b7690000-b7693000 rw-p 00000000 00:00 0 
b7693000-b7696000 r-xp 00000000 08:04 4067629    /lib/i386-linux-gnu/libdl-2.19.so
b7696000-b7697000 r--p 00002000 08:04 4067629    /lib/i386-linux-gnu/libdl-2.19.so
b7697000-b7698000 rw-p 00003000 08:04 4067629    /lib/i386-linux-gnu/libdl-2.19.so
b7698000-b76ac000 r-xp 00000000 08:04 5906971    /home/zhaoqunqi/software/java/jdk1.8.0_40/lib/i386/jli/libjli.so
b76ac000-b76ad000 rw-p 00013000 08:04 5906971    /home/zhaoqunqi/software/java/jdk1.8.0_40/lib/i386/jli/libjli.so
b76ad000-b76ae000 rw-p 00000000 00:00 0 
b76ae000-b76c6000 r-xp 00000000 08:04 4067513    /lib/i386-linux-gnu/libpthread-2.19.so
b76c6000-b76c7000 r--p 00017000 08:04 4067513    /lib/i386-linux-gnu/libpthread-2.19.so
b76c7000-b76c8000 rw-p 00018000 08:04 4067513    /lib/i386-linux-gnu/libpthread-2.19.so
b76c8000-b76ca000 rw-p 00000000 00:00 0 
b76ca000-b76d0000 r--s 0003d000 08:04 5775670    /home/zhaoqunqi/griffon/console/build/tmp/expandedArchives/org.jacoco.agent-0.7.2.201409121644.jar_6c1rfpkqh495e3ugn61ua6g37a/jacocoagent.jar
b76d0000-b76d1000 r--s 00001000 08:04 5116120    /home/zhaoqunqi/.gradle/caches/2.0/workerMain/gradle-worker.jar
b76d1000-b76d2000 rw-p 00000000 00:00 0 
b76d2000-b76d3000 r--p 00000000 00:00 0 
b76d3000-b76de000 r-xp 00000000 08:04 6168670    /home/zhaoqunqi/software/java/jdk1.8.0_40/jre/lib/i386/libverify.so
b76de000-b76df000 rw-p 0000b000 08:04 6168670    /home/zhaoqunqi/software/java/jdk1.8.0_40/jre/lib/i386/libverify.so
b76df000-b76e1000 rw-p 00000000 00:00 0 
b76e1000-b76e2000 r-xp 00000000 00:00 0          [vdso]
b76e2000-b7702000 r-xp 00000000 08:04 4067628    /lib/i386-linux-gnu/ld-2.19.so
b7702000-b7703000 r--p 0001f000 08:04 4067628    /lib/i386-linux-gnu/ld-2.19.so
b7703000-b7704000 rw-p 00020000 08:04 4067628    /lib/i386-linux-gnu/ld-2.19.so
bfd54000-bfd55000 rwxp 00000000 00:00 0 
bfd86000-bfda8000 rw-p 00000000 00:00 0          [stack]

VM Arguments:
jvm_args: -Djava.security.manager=jarjar.org.gradle.process.internal.child.BootstrapSecurityManager -javaagent:build/tmp/expandedArchives/org.jacoco.agent-0.7.2.201409121644.jar_6c1rfpkqh495e3ugn61ua6g37a/jacocoagent.jar=destfile=build/jacoco/test.exec,append=true,dumponexit=true,output=file,jmx=false -Dfile.encoding=UTF-8 -ea 
java_command: jarjar.org.gradle.process.internal.launcher.GradleWorkerMain
java_class_path (initial): /home/zhaoqunqi/.gradle/caches/2.0/workerMain/gradle-worker.jar:build/tmp/expandedArchives/org.jacoco.agent-0.7.2.201409121644.jar_6c1rfpkqh495e3ugn61ua6g37a/jacocoagent.jar
Launcher Type: SUN_STANDARD

Environment Variables:
JAVA_HOME=/home/zhaoqunqi/software/java/jdk1.8.0_40
CLASSPATH=/home/zhaoqunqi/software/gradle-2.0/lib/gradle-launcher-2.0.jar
PATH=/home/zhaoqunqi/.gvm/vertx/current/bin:/home/zhaoqunqi/.gvm/springboot/current/bin:/home/zhaoqunqi/.gvm/lazybones/current/bin:/home/zhaoqunqi/.gvm/jbake/current/bin:/home/zhaoqunqi/.gvm/groovyserv/current/bin:/home/zhaoqunqi/.gvm/groovy/current/bin:/home/zhaoqunqi/.gvm/griffon/current/bin:/home/zhaoqunqi/.gvm/grails/current/bin:/home/zhaoqunqi/.gvm/gradle/current/bin:/home/zhaoqunqi/.gvm/glide/current/bin:/home/zhaoqunqi/.gvm/gaiden/current/bin:/home/zhaoqunqi/.gvm/crash/current/bin:/usr/local/sbin:/usr/local/bin:/usr/sbin:/usr/bin:/sbin:/bin:/usr/games:/usr/local/games:/home/zhaoqunqi/software/java/jdk1.8.0_40/bin:/home/zhaoqunqi/software/gradle-2.0/bin:/home/zhaoqunqi/software/groovy-2.3.6/bin:/home/zhaoqunqi/software/grails/grails-2.4.3/bin
SHELL=/bin/bash
DISPLAY=:0

Signal Handlers:
SIGSEGV: [libjvm.so+0x8a3950], sa_mask[0]=11111111011111111101111111111110, sa_flags=SA_RESTART|SA_SIGINFO
SIGBUS: [libjvm.so+0x8a3950], sa_mask[0]=11111111011111111101111111111110, sa_flags=SA_RESTART|SA_SIGINFO
SIGFPE: [libjvm.so+0x727200], sa_mask[0]=11111111011111111101111111111110, sa_flags=SA_RESTART|SA_SIGINFO
SIGPIPE: [libjvm.so+0x727200], sa_mask[0]=11111111011111111101111111111110, sa_flags=SA_RESTART|SA_SIGINFO
SIGXFSZ: [libjvm.so+0x727200], sa_mask[0]=11111111011111111101111111111110, sa_flags=SA_RESTART|SA_SIGINFO
SIGILL: [libjvm.so+0x727200], sa_mask[0]=11111111011111111101111111111110, sa_flags=SA_RESTART|SA_SIGINFO
SIGUSR1: SIG_DFL, sa_mask[0]=00000000000000000000000000000000, sa_flags=none
SIGUSR2: [libjvm.so+0x728770], sa_mask[0]=00100000000000000000000000000000, sa_flags=SA_RESTART|SA_SIGINFO
SIGHUP: [libjvm.so+0x7297b0], sa_mask[0]=11111111011111111101111111111110, sa_flags=SA_RESTART|SA_SIGINFO
SIGINT: [libjvm.so+0x7297b0], sa_mask[0]=11111111011111111101111111111110, sa_flags=SA_RESTART|SA_SIGINFO
SIGTERM: [libjvm.so+0x7297b0], sa_mask[0]=11111111011111111101111111111110, sa_flags=SA_RESTART|SA_SIGINFO
SIGQUIT: [libjvm.so+0x7297b0], sa_mask[0]=11111111011111111101111111111110, sa_flags=SA_RESTART|SA_SIGINFO


---------------  S Y S T E M  ---------------

OS:DISTRIB_ID=Ubuntu
DISTRIB_RELEASE=14.04
DISTRIB_CODENAME=trusty
DISTRIB_DESCRIPTION="Ubuntu 14.04.1 LTS"

uname:Linux 3.13.0-37-generic #64-Ubuntu SMP Mon Sep 22 21:30:01 UTC 2014 i686
libc:glibc 2.19 NPTL 2.19 
rlimit: STACK 8192k, CORE 0k, NPROC 32118, NOFILE 4096, AS infinity
load average:0.78 0.79 0.83

/proc/meminfo:
MemTotal:        4130300 kB
MemFree:          247364 kB
Buffers:          183072 kB
Cached:          1397740 kB
SwapCached:           12 kB
Active:          2313372 kB
Inactive:        1247244 kB
Active(anon):    1545124 kB
Inactive(anon):   485376 kB
Active(file):     768248 kB
Inactive(file):   761868 kB
Unevictable:          48 kB
Mlocked:              48 kB
HighTotal:       3280616 kB
HighFree:          83664 kB
LowTotal:         849684 kB
LowFree:          163700 kB
SwapTotal:       3998716 kB
SwapFree:        3998456 kB
Dirty:               924 kB
Writeback:             0 kB
AnonPages:       1979852 kB
Mapped:           281264 kB
Shmem:             50696 kB
Slab:             239884 kB
SReclaimable:     213864 kB
SUnreclaim:        26020 kB
KernelStack:        6480 kB
PageTables:        20024 kB
NFS_Unstable:          0 kB
Bounce:                0 kB
WritebackTmp:          0 kB
CommitLimit:     6063864 kB
Committed_AS:    7993464 kB
VmallocTotal:     122880 kB
VmallocUsed:       22528 kB
VmallocChunk:      73388 kB
HardwareCorrupted:     0 kB
AnonHugePages:    759808 kB
HugePages_Total:       0
HugePages_Free:        0
HugePages_Rsvd:        0
HugePages_Surp:        0
Hugepagesize:       2048 kB
DirectMap4k:       51192 kB
DirectMap2M:      862208 kB


CPU:total 2 (2 cores per cpu, 1 threads per core) family 6 model 23 stepping 10, cmov, cx8, fxsr, mmx, sse, sse2, sse3, ssse3, sse4.1, tsc

/proc/cpuinfo:
processor	: 0
vendor_id	: GenuineIntel
cpu family	: 6
model		: 23
model name	: Intel(R) Core(TM)2 Duo CPU     T6600  @ 2.20GHz
stepping	: 10
microcode	: 0xa07
cpu MHz		: 2200.000
cache size	: 2048 KB
physical id	: 0
siblings	: 2
core id		: 0
cpu cores	: 2
apicid		: 0
initial apicid	: 0
fdiv_bug	: no
f00f_bug	: no
coma_bug	: no
fpu		: yes
fpu_exception	: yes
cpuid level	: 13
wp		: yes
flags		: fpu vme de pse tsc msr pae mce cx8 apic sep mtrr pge mca cmov pat pse36 clflush dts acpi mmx fxsr sse sse2 ss ht tm pbe nx lm constant_tsc arch_perfmon pebs bts aperfmperf pni dtes64 monitor ds_cpl est tm2 ssse3 cx16 xtpr pdcm sse4_1 xsave lahf_lm dtherm
bogomips	: 4398.88
clflush size	: 64
cache_alignment	: 64
address sizes	: 36 bits physical, 48 bits virtual
power management:

processor	: 1
vendor_id	: GenuineIntel
cpu family	: 6
model		: 23
model name	: Intel(R) Core(TM)2 Duo CPU     T6600  @ 2.20GHz
stepping	: 10
microcode	: 0xa07
cpu MHz		: 2200.000
cache size	: 2048 KB
physical id	: 0
siblings	: 2
core id		: 1
cpu cores	: 2
apicid		: 1
initial apicid	: 1
fdiv_bug	: no
f00f_bug	: no
coma_bug	: no
fpu		: yes
fpu_exception	: yes
cpuid level	: 13
wp		: yes
flags		: fpu vme de pse tsc msr pae mce cx8 apic sep mtrr pge mca cmov pat pse36 clflush dts acpi mmx fxsr sse sse2 ss ht tm pbe nx lm constant_tsc arch_perfmon pebs bts aperfmperf pni dtes64 monitor ds_cpl est tm2 ssse3 cx16 xtpr pdcm sse4_1 xsave lahf_lm dtherm
bogomips	: 4398.88
clflush size	: 64
cache_alignment	: 64
address sizes	: 36 bits physical, 48 bits virtual
power management:



Memory: 4k page, physical 4130300k(247364k free), swap 3998716k(3998456k free)

vm_info: Java HotSpot(TM) Server VM (25.40-b15) for linux-x86 JRE (1.8.0_40-ea-b11), built on Oct 21 2014 23:27:05 by "java_re" with gcc 4.3.0 20080428 (Red Hat 4.3.0-8)

time: Fri Oct 24 00:05:44 2014
elapsed time: 8 seconds (0d 0h 0m 8s)

