#
# A fatal error has been detected by the Java Runtime Environment:
#
#  SIGSEGV (0xb) at pc=0x6295abe0, pid=7830, tid=3061353280
#
# JRE version: Java(TM) SE Runtime Environment (8.0_40-b11) (build 1.8.0_40-ea-b11)
# Java VM: Java HotSpot(TM) Server VM (25.40-b15 mixed mode linux-x86 )
# Problematic frame:
# C  0x6295abe0
#
# Failed to write core dump. Core dumps have been disabled. To enable core dumping, try "ulimit -c unlimited" before starting Java again
#
# If you would like to submit a bug report, please visit:
#   http://bugreport.sun.com/bugreport/crash.jsp
#

---------------  T H R E A D  ---------------

Current thread is native thread

siginfo: si_signo: 11 (SIGSEGV), si_code: 2 (SEGV_ACCERR), si_addr: 0x6295abe0

Registers:
EAX=0x63bb75c8, EBX=0xb7797000, ECX=0x00000001, EDX=0x6295abe0
ESP=0xb678832c, EBP=0x00000003, ESI=0xb6788be8, EDI=0xb77971bc
EIP=0x6295abe0, EFLAGS=0x00210282, CR2=0x6295abe0

Top of Stack: (sp=0xb678832c)
0xb678832c:   b7784d56 63bb75c8 b7760000 b6788b40
0xb678833c:   b75e76f3 00000000 b77971a4 00000004
0xb678834c:   b77971a4 b6788b40 003d0f00 b7784cc9
0xb678835c:   b7797000 b6788b40 003d0f00 b6788428
0xb678836c:   b7784f83 b6788390 00000000 00000000
0xb678837c:   00000000 00000000 00000000 00000000
0xb678838c:   00000000 b7797000 b6788b40 003d0f00
0xb678839c:   b6788428 e9b63ad1 e82ea4d3 00000000 

Instructions: (pc=0x6295abe0)
0x6295abc0:   00 00 00 00 00 00 00 00 00 00 00 00 00 00 00 00
0x6295abd0:   00 00 00 00 00 00 00 00 00 00 00 00 00 00 00 00
0x6295abe0:   00 00 00 00 00 00 00 00 00 00 00 00 00 00 00 00
0x6295abf0:   00 00 00 00 00 00 00 00 00 00 00 00 00 00 00 00 

Register to memory mapping:

EAX=0x63bb75c8 is an unknown value
EBX=0xb7797000: <offset 0x19000> in /lib/i386-linux-gnu/libpthread.so.0 at 0xb777e000
ECX=0x00000001 is an unknown value
EDX=0x6295abe0 is an unknown value
ESP=0xb678832c is an unknown value
EBP=0x00000003 is an unknown value
ESI=0xb6788be8 is an unknown value
EDI=0xb77971bc: <offset 0x191bc> in /lib/i386-linux-gnu/libpthread.so.0 at 0xb777e000


Stack: [0xb6738000,0xb6789000],  sp=0xb678832c,  free space=320k
Native frames: (J=compiled Java code, j=interpreted, Vv=VM code, C=native code)
C  0x6295abe0


---------------  P R O C E S S  ---------------

VM state:at safepoint (shutting down)

VM Mutex/Monitor currently owned by a thread:  ([mutex/lock_event])
[0xb6605eb8] Threads_lock - owner thread: 0x64e10400

Heap:
 PSYoungGen      total 35840K, used 25858K [0x91f80000, 0x97380000, 0xa7000000)
  eden space 33280K, 70% used [0x91f80000,0x93644018,0x94000000)
  from space 2560K, 99% used [0x94000000,0x9427c880,0x94280000)
  to   space 9728K, 0% used [0x96a00000,0x96a00000,0x97380000)
 ParOldGen       total 43776K, used 15880K [0x67e00000, 0x6a8c0000, 0x91f80000)
  object space 43776K, 36% used [0x67e00000,0x68d82270,0x6a8c0000)
 Metaspace       used 14937K, capacity 15188K, committed 15256K, reserved 15664K

Card table byte_map: [0x67c06000,0x67e00000] byte_map_base: 0x678c7000

Marking Bits: (ParMarkBitMap*) 0xb719e4c0
 Begin Bits: [0x65970000, 0x66938000)
 End Bits:   [0x66938000, 0x67900000)

Polling page: 0xb77a3000

CodeCache: size=245760Kb used=6047Kb max_used=6053Kb free=239712Kb
 bounds [0xa759f000, 0xa7b8f000, 0xb659f000]
 total_blobs=2490 nmethods=1979 adapters=426
 compilation: enabled

Compilation events (10 events):
Event: 6.569 Thread 0x64e35000 2008   !   2       java.io.BufferedReader::readLine (304 bytes)
Event: 6.571 Thread 0x64e35000 nmethod 2008 0xa7b88bc8 code [0xa7b88e40, 0xa7b89ab4]
Event: 7.557 Thread 0x64e35000 2009       2       java.util.logging.LogManager$LoggerContext::getRootLogger (8 bytes)
Event: 7.558 Thread 0x64e35000 nmethod 2009 0xa7643448 code [0xa7643560, 0xa7643640]
Event: 7.560 Thread 0x64e35000 2010       2       java.util.logging.LogManager$LoggerContext::getGlobalLogger (6 bytes)
Event: 7.561 Thread 0x64e35000 nmethod 2010 0xa7680b08 code [0xa7680c20, 0xa7680ce0]
Event: 7.566 Thread 0x64e35000 2011       2       java.util.logging.Logger::isLoggable (25 bytes)
Event: 7.566 Thread 0x64e35000 nmethod 2011 0xa7647308 code [0xa7647420, 0xa7647520]
Event: 7.567 Thread 0x64e35000 2012       2       java.util.concurrent.locks.ReentrantLock$Sync::tryRelease (45 bytes)
Event: 7.568 Thread 0x64e35000 nmethod 2012 0xa7673d88 code [0xa7673ec0, 0xa767406c]

GC Heap History (10 events):
Event: 1.634 GC heap before
{Heap before GC invocations=1 (full 0):
 PSYoungGen      total 19200K, used 16640K [0x91f80000, 0x934c0000, 0xa7000000)
  eden space 16640K, 100% used [0x91f80000,0x92fc0000,0x92fc0000)
  from space 2560K, 0% used [0x93240000,0x93240000,0x934c0000)
  to   space 2560K, 0% used [0x92fc0000,0x92fc0000,0x93240000)
 ParOldGen       total 43776K, used 0K [0x67e00000, 0x6a8c0000, 0x91f80000)
  object space 43776K, 0% used [0x67e00000,0x67e00000,0x6a8c0000)
 Metaspace       used 5777K, capacity 5877K, committed 5912K, reserved 6448K
Event: 1.648 GC heap after
Heap after GC invocations=1 (full 0):
 PSYoungGen      total 19200K, used 2544K [0x91f80000, 0x934c0000, 0xa7000000)
  eden space 16640K, 0% used [0x91f80000,0x91f80000,0x92fc0000)
  from space 2560K, 99% used [0x92fc0000,0x9323c318,0x93240000)
  to   space 2560K, 0% used [0x93240000,0x93240000,0x934c0000)
 ParOldGen       total 43776K, used 674K [0x67e00000, 0x6a8c0000, 0x91f80000)
  object space 43776K, 1% used [0x67e00000,0x67ea89d8,0x6a8c0000)
 Metaspace       used 5777K, capacity 5877K, committed 5912K, reserved 6448K
}
Event: 2.379 GC heap before
{Heap before GC invocations=2 (full 0):
 PSYoungGen      total 19200K, used 19184K [0x91f80000, 0x934c0000, 0xa7000000)
  eden space 16640K, 100% used [0x91f80000,0x92fc0000,0x92fc0000)
  from space 2560K, 99% used [0x92fc0000,0x9323c318,0x93240000)
  to   space 2560K, 0% used [0x93240000,0x93240000,0x934c0000)
 ParOldGen       total 43776K, used 674K [0x67e00000, 0x6a8c0000, 0x91f80000)
  object space 43776K, 1% used [0x67e00000,0x67ea89d8,0x6a8c0000)
 Metaspace       used 7673K, capacity 7778K, committed 7832K, reserved 8496K
Event: 2.400 GC heap after
Heap after GC invocations=2 (full 0):
 PSYoungGen      total 19200K, used 2552K [0x91f80000, 0x94500000, 0xa7000000)
  eden space 16640K, 0% used [0x91f80000,0x91f80000,0x92fc0000)
  from space 2560K, 99% used [0x93240000,0x934be050,0x934c0000)
  to   space 2560K, 0% used [0x92fc0000,0x92fc0000,0x93240000)
 ParOldGen       total 43776K, used 2933K [0x67e00000, 0x6a8c0000, 0x91f80000)
  object space 43776K, 6% used [0x67e00000,0x680dd5b0,0x6a8c0000)
 Metaspace       used 7673K, capacity 7778K, committed 7832K, reserved 8496K
}
Event: 3.073 GC heap before
{Heap before GC invocations=3 (full 0):
 PSYoungGen      total 19200K, used 19192K [0x91f80000, 0x94500000, 0xa7000000)
  eden space 16640K, 100% used [0x91f80000,0x92fc0000,0x92fc0000)
  from space 2560K, 99% used [0x93240000,0x934be050,0x934c0000)
  to   space 2560K, 0% used [0x92fc0000,0x92fc0000,0x93240000)
 ParOldGen       total 43776K, used 2933K [0x67e00000, 0x6a8c0000, 0x91f80000)
  object space 43776K, 6% used [0x67e00000,0x680dd5b0,0x6a8c0000)
 Metaspace       used 8935K, capacity 9038K, committed 9112K, reserved 9520K
Event: 3.092 GC heap after
Heap after GC invocations=3 (full 0):
 PSYoungGen      total 19200K, used 2552K [0x91f80000, 0x94500000, 0xa7000000)
  eden space 16640K, 0% used [0x91f80000,0x91f80000,0x92fc0000)
  from space 2560K, 99% used [0x92fc0000,0x9323e070,0x93240000)
  to   space 2560K, 0% used [0x94280000,0x94280000,0x94500000)
 ParOldGen       total 43776K, used 4999K [0x67e00000, 0x6a8c0000, 0x91f80000)
  object space 43776K, 11% used [0x67e00000,0x682e1f20,0x6a8c0000)
 Metaspace       used 8935K, capacity 9038K, committed 9112K, reserved 9520K
}
Event: 4.044 GC heap before
{Heap before GC invocations=4 (full 0):
 PSYoungGen      total 19200K, used 19192K [0x91f80000, 0x94500000, 0xa7000000)
  eden space 16640K, 100% used [0x91f80000,0x92fc0000,0x92fc0000)
  from space 2560K, 99% used [0x92fc0000,0x9323e070,0x93240000)
  to   space 2560K, 0% used [0x94280000,0x94280000,0x94500000)
 ParOldGen       total 43776K, used 4999K [0x67e00000, 0x6a8c0000, 0x91f80000)
  object space 43776K, 11% used [0x67e00000,0x682e1f20,0x6a8c0000)
 Metaspace       used 11114K, capacity 11277K, committed 11288K, reserved 11568K
Event: 4.109 GC heap after
Heap after GC invocations=4 (full 0):
 PSYoungGen      total 35840K, used 2552K [0x91f80000, 0x94500000, 0xa7000000)
  eden space 33280K, 0% used [0x91f80000,0x91f80000,0x94000000)
  from space 2560K, 99% used [0x94280000,0x944fe080,0x94500000)
  to   space 2560K, 0% used [0x94000000,0x94000000,0x94280000)
 ParOldGen       total 43776K, used 8942K [0x67e00000, 0x6a8c0000, 0x91f80000)
  object space 43776K, 20% used [0x67e00000,0x686bbb88,0x6a8c0000)
 Metaspace       used 11114K, capacity 11277K, committed 11288K, reserved 11568K
}
Event: 5.445 GC heap before
{Heap before GC invocations=5 (full 0):
 PSYoungGen      total 35840K, used 35832K [0x91f80000, 0x94500000, 0xa7000000)
  eden space 33280K, 100% used [0x91f80000,0x94000000,0x94000000)
  from space 2560K, 99% used [0x94280000,0x944fe080,0x94500000)
  to   space 2560K, 0% used [0x94000000,0x94000000,0x94280000)
 ParOldGen       total 43776K, used 8942K [0x67e00000, 0x6a8c0000, 0x91f80000)
  object space 43776K, 20% used [0x67e00000,0x686bbb88,0x6a8c0000)
 Metaspace       used 13789K, capacity 14028K, committed 14104K, reserved 14640K
Event: 5.555 GC heap after
Heap after GC invocations=5 (full 0):
 PSYoungGen      total 35840K, used 2546K [0x91f80000, 0x97380000, 0xa7000000)
  eden space 33280K, 0% used [0x91f80000,0x91f80000,0x94000000)
  from space 2560K, 99% used [0x94000000,0x9427c880,0x94280000)
  to   space 9728K, 0% used [0x96a00000,0x96a00000,0x97380000)
 ParOldGen       total 43776K, used 15880K [0x67e00000, 0x6a8c0000, 0x91f80000)
  object space 43776K, 36% used [0x67e00000,0x68d82270,0x6a8c0000)
 Metaspace       used 13789K, capacity 14028K, committed 14104K, reserved 14640K
}

Deoptimization events (10 events):
Event: 4.460 Thread 0xb6608800 Uncommon trap: reason=unstable_if action=reinterpret pc=0xa78c02b4 method=java.util.HashMap.hash(Ljava/lang/Object;)I @ 1
Event: 4.460 Thread 0xb6608800 Uncommon trap: reason=unstable_if action=reinterpret pc=0xa798f3dc method=java.util.HashMap.hash(Ljava/lang/Object;)I @ 1
Event: 4.492 Thread 0xb6608800 Uncommon trap: reason=unstable_if action=reinterpret pc=0xa7969198 method=java.util.HashMap.putVal(ILjava/lang/Object;Ljava/lang/Object;ZZ)Ljava/lang/Object; @ 162
Event: 6.034 Thread 0x62fe7c00 Uncommon trap: reason=unstable_if action=reinterpret pc=0xa79a7414 method=java.lang.ThreadLocal.get()Ljava/lang/Object; @ 11
Event: 6.107 Thread 0x62fe7c00 Uncommon trap: reason=unstable_if action=reinterpret pc=0xa77e23bc method=java.lang.AbstractStringBuilder.append(Ljava/lang/String;)Ljava/lang/AbstractStringBuilder; @ 1
Event: 6.107 Thread 0x62fe7c00 Uncommon trap: reason=unstable_if action=reinterpret pc=0xa77dfdf8 method=java.lang.AbstractStringBuilder.append(Ljava/lang/String;)Ljava/lang/AbstractStringBuilder; @ 1
Event: 6.423 Thread 0x62fe7c00 Uncommon trap: reason=unstable_if action=reinterpret pc=0xa7ae0d10 method=java.util.HashMap.resize()[Ljava/util/HashMap$Node; @ 206
Event: 6.423 Thread 0x62fe7c00 Uncommon trap: reason=unstable_if action=reinterpret pc=0xa7abca08 method=java.util.HashMap.getNode(ILjava/lang/Object;)Ljava/util/HashMap$Node; @ 84
Event: 6.423 Thread 0x62fe7c00 Uncommon trap: reason=unstable_if action=reinterpret pc=0xa7b11c84 method=java.util.HashMap.getNode(ILjava/lang/Object;)Ljava/util/HashMap$Node; @ 84
Event: 6.472 Thread 0x62fe7c00 Uncommon trap: reason=unstable_if action=reinterpret pc=0xa77e7674 method=java.lang.CharacterData.of(I)Ljava/lang/CharacterData; @ 4

Internal exceptions (10 events):
Event: 6.532 Thread 0x62fe7c00 Exception <a 'java/lang/ClassNotFoundException': griffon/core/mvc/MVCHandlerCustomizer> (0x934c1c88) thrown at [/HUDSON/workspace/8-2-build-linux-i586/jdk8u40/1826.nc/hotspot/src/share/vm/classfile/systemDictionary.cpp, line 211]
Event: 6.540 Thread 0x62fe7c00 Exception <a 'java/lang/ClassNotFoundException': griffon/core/resources/ResourceHandlerBeanInfo> (0x934fae68) thrown at [/HUDSON/workspace/8-2-build-linux-i586/jdk8u40/1826.nc/hotspot/src/share/vm/classfile/systemDictionary.cpp, line 211]
Event: 6.540 Thread 0x62fe7c00 Exception <a 'java/lang/ClassNotFoundException': griffon/core/resources/ResourceHandlerCustomizer> (0x93503070) thrown at [/HUDSON/workspace/8-2-build-linux-i586/jdk8u40/1826.nc/hotspot/src/share/vm/classfile/systemDictionary.cpp, line 211]
Event: 6.541 Thread 0x62fe7c00 Exception <a 'java/lang/ClassNotFoundException': griffon/core/artifact/GriffonMvcArtifactBeanInfo> (0x93515df0) thrown at [/HUDSON/workspace/8-2-build-linux-i586/jdk8u40/1826.nc/hotspot/src/share/vm/classfile/systemDictionary.cpp, line 211]
Event: 6.545 Thread 0x62fe7c00 Exception <a 'java/lang/ClassNotFoundException': griffon/core/artifact/GriffonMvcArtifactCustomizer> (0x9351e2c8) thrown at [/HUDSON/workspace/8-2-build-linux-i586/jdk8u40/1826.nc/hotspot/src/share/vm/classfile/systemDictionary.cpp, line 211]
Event: 6.547 Thread 0x62fe7c00 Exception <a 'java/lang/ClassNotFoundException': griffon/core/artifact/GriffonViewBeanInfo> (0x93531788) thrown at [/HUDSON/workspace/8-2-build-linux-i586/jdk8u40/1826.nc/hotspot/src/share/vm/classfile/systemDictionary.cpp, line 211]
Event: 6.550 Thread 0x62fe7c00 Exception <a 'java/lang/ClassNotFoundException': griffon/core/artifact/GriffonViewCustomizer> (0x935393b0) thrown at [/HUDSON/workspace/8-2-build-linux-i586/jdk8u40/1826.nc/hotspot/src/share/vm/classfile/systemDictionary.cpp, line 211]
Event: 6.551 Thread 0x62fe7c00 Exception <a 'java/lang/reflect/InvocationTargetException'> (0x9353e5b8) thrown at [/HUDSON/workspace/8-2-build-linux-i586/jdk8u40/1826.nc/hotspot/src/share/vm/runtime/reflection.cpp, line 1080]
Event: 6.551 Thread 0x62fe7c00 Exception <a 'java/lang/reflect/InvocationTargetException'> (0x9353ea88) thrown at [/HUDSON/workspace/8-2-build-linux-i586/jdk8u40/1826.nc/hotspot/src/share/vm/runtime/reflection.cpp, line 1080]
Event: 6.551 Thread 0x62fe7c00 Exception <a 'java/lang/reflect/InvocationTargetException'> (0x9353edc8) thrown at [/HUDSON/workspace/8-2-build-linux-i586/jdk8u40/1826.nc/hotspot/src/share/vm/runtime/reflection.cpp, line 1080]

Events (10 events):
Event: 7.555 loading class java/util/IdentityHashMap$KeyIterator done
Event: 7.557 Thread 0x62fe7c00 Thread added: 0x62fe7c00
Event: 7.561 Thread 0x62fe8c00 Thread added: 0x62fe8c00
Event: 7.561 Thread 0x62fe7c00 Thread exited: 0x62fe7c00
Event: 7.562 loading class sun/awt/X11/XSystemTrayPeer
Event: 7.562 loading class java/awt/peer/SystemTrayPeer
Event: 7.562 loading class java/awt/peer/SystemTrayPeer done
Event: 7.562 loading class sun/awt/X11/XSystemTrayPeer done
Event: 7.568 Thread 0x62fe8c00 Thread exited: 0x62fe8c00
Event: 7.568 Thread 0xb6608800 Thread exited: 0xb6608800


Dynamic libraries:
08048000-08049000 r-xp 00000000 08:04 6168565    /home/zhaoqunqi/software/java/jdk1.8.0_40/bin/java
08049000-0804a000 rw-p 00000000 08:04 6168565    /home/zhaoqunqi/software/java/jdk1.8.0_40/bin/java
09361000-09b87000 rw-p 00000000 00:00 0          [heap]
62600000-62638000 rw-p 00000000 00:00 0 
62638000-62700000 ---p 00000000 00:00 0 
62800000-62830000 rw-p 00000000 00:00 0 
62830000-62900000 ---p 00000000 00:00 0 
62934000-62ab8000 rw-p 00000000 00:00 0 
62ab8000-62b18000 ---p 00000000 00:00 0 
62b18000-62c18000 rw-p 00000000 00:00 0 
62c18000-62c1b000 ---p 00000000 00:00 0 
62c1b000-62c69000 rw-p 00000000 00:00 0 
62d00000-62df9000 rw-p 00000000 00:00 0 
62df9000-62e00000 ---p 00000000 00:00 0 
62ebb000-62ebc000 r--s 00000000 08:04 6558625    /var/cache/fontconfig/c05880de57d1f5e948fdfacc138775d9-le32d4.cache-4
62ebc000-62ec4000 r--s 00000000 08:04 6553701    /var/cache/fontconfig/945677eb7aeaf62f1d50efc3fb3ec7d8-le32d4.cache-4
62ec4000-62ec8000 r--s 00000000 08:04 6558623    /var/cache/fontconfig/2cd17615ca594fa2959ae173292e504c-le32d4.cache-4
62ec8000-62ec9000 r--s 00000000 08:04 6558585    /var/cache/fontconfig/e7071f4a29fa870f4323321c154eba04-le32d4.cache-4
62ec9000-62eca000 r--s 00000000 08:04 6558584    /var/cache/fontconfig/0d8c3b2ac0904cb8a57a757ad11a4a08-le32d4.cache-4
62eca000-62ecf000 r--s 00000000 08:04 6558511    /var/cache/fontconfig/a755afe4a08bf5b97852ceb7400b47bc-le32d4.cache-4
62ecf000-62ede000 r--s 00000000 08:04 6558510    /var/cache/fontconfig/04aabc0a78ac019cf9454389977116d2-le32d4.cache-4
62ede000-62edf000 r--s 00000000 08:04 6558474    /var/cache/fontconfig/1ac9eb803944fde146138c791f5cc56a-le32d4.cache-4
62edf000-62ee2000 r--s 00000000 08:04 6558256    /var/cache/fontconfig/385c0604a188198f04d133e54aba7fe7-le32d4.cache-4
62ee2000-62ee3000 r--s 00000000 08:04 6558252    /var/cache/fontconfig/dc05db6664285cc2f12bf69c139ae4c3-le32d4.cache-4
62ee3000-62ee5000 r--s 00000000 08:04 6557487    /var/cache/fontconfig/767a8244fc0220cfb567a839d0392e0b-le32d4.cache-4
62ee5000-62ee9000 r--s 00000000 08:04 6557983    /var/cache/fontconfig/8801497958630a81b71ace7c5f9b32a8-le32d4.cache-4
62ee9000-62ef9000 r--s 00000000 08:04 6557488    /var/cache/fontconfig/d52a8644073d54c13679302ca1180695-le32d4.cache-4
62ef9000-62f00000 r--s 00000000 08:04 6557699    /var/cache/fontconfig/3f7329c5293ffd510edef78f73874cfd-le32d4.cache-4
62f00000-62ffe000 rw-p 00000000 00:00 0 
62ffe000-63000000 ---p 00000000 00:00 0 
63000000-63005000 r--s 00000000 08:04 6557982    /var/cache/fontconfig/3047814df9a2f067bd2d96a2b9c36e5a-le32d4.cache-4
63008000-6300b000 ---p 00000000 00:00 0 
6300b000-63159000 rw-p 00000000 00:00 0 
631e6000-631f5000 r-xp 00000000 08:04 6168678    /home/zhaoqunqi/software/java/jdk1.8.0_40/jre/lib/i386/libnio.so
631f5000-631f6000 rw-p 0000e000 08:04 6168678    /home/zhaoqunqi/software/java/jdk1.8.0_40/jre/lib/i386/libnio.so
631f6000-6320b000 r-xp 00000000 08:04 6168712    /home/zhaoqunqi/software/java/jdk1.8.0_40/jre/lib/i386/libnet.so
6320b000-6320c000 rw-p 00014000 08:04 6168712    /home/zhaoqunqi/software/java/jdk1.8.0_40/jre/lib/i386/libnet.so
6320c000-6330c000 rw-p 00000000 00:00 0 
6330c000-6330f000 ---p 00000000 00:00 0 
6330f000-6335d000 rw-p 00000000 00:00 0          [stack:7850]
6335d000-63361000 r-xp 00000000 08:04 1447120    /usr/lib/i386-linux-gnu/libXfixes.so.3.1.0
63361000-63362000 r--p 00003000 08:04 1447120    /usr/lib/i386-linux-gnu/libXfixes.so.3.1.0
63362000-63363000 rw-p 00004000 08:04 1447120    /usr/lib/i386-linux-gnu/libXfixes.so.3.1.0
63363000-6336c000 r-xp 00000000 08:04 1447112    /usr/lib/i386-linux-gnu/libXcursor.so.1.0.2
6336c000-6336d000 r--p 00008000 08:04 1447112    /usr/lib/i386-linux-gnu/libXcursor.so.1.0.2
6336d000-6336e000 rw-p 00009000 08:04 1447112    /usr/lib/i386-linux-gnu/libXcursor.so.1.0.2
6336e000-63371000 ---p 00000000 00:00 0 
63371000-633bf000 rw-p 00000000 00:00 0          [stack:7849]
633bf000-633db000 r-xp 00000000 08:04 4063261    /lib/i386-linux-gnu/libgcc_s.so.1
633db000-633dc000 rw-p 0001b000 08:04 4063261    /lib/i386-linux-gnu/libgcc_s.so.1
633dc000-633dd000 r--s 00000000 08:04 6557986    /var/cache/fontconfig/4794a0821666d79190d59a36cb4f44b5-le32d4.cache-4
633dd000-633de000 r--s 00000000 08:04 6557981    /var/cache/fontconfig/56cf4f4769d0f4abc89a4895d7bd3ae1-le32d4.cache-4
633de000-633e2000 r--s 00000000 08:04 6557965    /var/cache/fontconfig/b47c4e1ecd0709278f4910c18777a504-le32d4.cache-4
633e2000-633e5000 r--s 00000000 08:04 6557602    /var/cache/fontconfig/d589a48862398ed80a3d6066f4f56f4c-le32d4.cache-4
633e5000-633ee000 r--s 00000000 08:04 6562851    /var/cache/fontconfig/089dead882dea3570ffc31a9898cfb69-le32d4.cache-4
633ee000-633f1000 r--s 00000000 08:04 6562901    /var/cache/fontconfig/7ef2298fde41cc6eeb7af42e48b7d293-le32d4.cache-4
633f1000-63451000 r-xp 00000000 08:04 6168688    /home/zhaoqunqi/software/java/jdk1.8.0_40/jre/lib/i386/libfontmanager.so
63451000-63453000 rw-p 00060000 08:04 6168688    /home/zhaoqunqi/software/java/jdk1.8.0_40/jre/lib/i386/libfontmanager.so
63453000-63558000 rw-p 00000000 00:00 0 
63558000-6355f000 r--s 00000000 08:04 1451373    /usr/lib/i386-linux-gnu/gconv/gconv-modules.cache
6355f000-63564000 r-xp 00000000 08:04 1447116    /usr/lib/i386-linux-gnu/libXdmcp.so.6.0.0
63564000-63565000 r--p 00004000 08:04 1447116    /usr/lib/i386-linux-gnu/libXdmcp.so.6.0.0
63565000-63566000 rw-p 00005000 08:04 1447116    /usr/lib/i386-linux-gnu/libXdmcp.so.6.0.0
63566000-63586000 r-xp 00000000 08:04 1448169    /usr/lib/i386-linux-gnu/libxcb.so.1.1.0
63586000-63587000 r--p 0001f000 08:04 1448169    /usr/lib/i386-linux-gnu/libxcb.so.1.1.0
63587000-63588000 rw-p 00020000 08:04 1448169    /usr/lib/i386-linux-gnu/libxcb.so.1.1.0
63588000-63597000 r-xp 00000000 08:04 1447126    /usr/lib/i386-linux-gnu/libXi.so.6.1.0
63597000-63598000 r--p 0000e000 08:04 1447126    /usr/lib/i386-linux-gnu/libXi.so.6.1.0
63598000-63599000 rw-p 0000f000 08:04 1447126    /usr/lib/i386-linux-gnu/libXi.so.6.1.0
63599000-635a2000 r-xp 00000000 08:04 1447140    /usr/lib/i386-linux-gnu/libXrender.so.1.3.0
635a2000-635a3000 r--p 00008000 08:04 1447140    /usr/lib/i386-linux-gnu/libXrender.so.1.3.0
635a3000-635a4000 rw-p 00009000 08:04 1447140    /usr/lib/i386-linux-gnu/libXrender.so.1.3.0
635a4000-636d4000 r-xp 00000000 08:04 1447101    /usr/lib/i386-linux-gnu/libX11.so.6.3.0
636d4000-636d5000 r--p 00130000 08:04 1447101    /usr/lib/i386-linux-gnu/libX11.so.6.3.0
636d5000-636d7000 rw-p 00131000 08:04 1447101    /usr/lib/i386-linux-gnu/libX11.so.6.3.0
636d7000-636d8000 rw-p 00000000 00:00 0 
636d8000-636e9000 r-xp 00000000 08:04 1447118    /usr/lib/i386-linux-gnu/libXext.so.6.4.0
636e9000-636ea000 r--p 00010000 08:04 1447118    /usr/lib/i386-linux-gnu/libXext.so.6.4.0
636ea000-636eb000 rw-p 00011000 08:04 1447118    /usr/lib/i386-linux-gnu/libXext.so.6.4.0
636eb000-636ec000 r--s 00000000 08:04 6557980    /var/cache/fontconfig/b9d506c9ac06c20b433354fa67a72993-le32d4.cache-4
636ec000-63700000 r--p 00000000 08:04 1842350    /usr/share/locale-langpack/zh_CN/LC_MESSAGES/libc.mo
63700000-6374c000 r-xp 00000000 08:04 6168684    /home/zhaoqunqi/software/java/jdk1.8.0_40/jre/lib/i386/libawt_xawt.so
6374c000-6374e000 rw-p 0004c000 08:04 6168684    /home/zhaoqunqi/software/java/jdk1.8.0_40/jre/lib/i386/libawt_xawt.so
6374e000-6374f000 rw-p 00000000 00:00 0 
6374f000-637d5000 r-xp 00000000 08:04 6168671    /home/zhaoqunqi/software/java/jdk1.8.0_40/jre/lib/i386/libawt.so
637d5000-637dc000 rw-p 00086000 08:04 6168671    /home/zhaoqunqi/software/java/jdk1.8.0_40/jre/lib/i386/libawt.so
637dc000-63800000 rw-p 00000000 00:00 0 
63800000-638fa000 rw-p 00000000 00:00 0 
638fa000-63900000 ---p 00000000 00:00 0 
63900000-63a00000 rw-p 00000000 00:00 0 
63a00000-63afd000 rw-p 00000000 00:00 0 
63afd000-63b00000 ---p 00000000 00:00 0 
63b00000-63c00000 rw-p 00000000 00:00 0 
63c00000-63d00000 rw-p 00000000 00:00 0 
63d00000-63e00000 rw-p 00000000 00:00 0 
63e00000-63f00000 rw-p 00000000 00:00 0 
63f00000-64000000 rw-p 00000000 00:00 0 
64000000-64100000 rw-p 00000000 00:00 0 
64100000-64200000 rw-p 00000000 00:00 0 
64200000-64300000 rw-p 00000000 00:00 0 
64300000-643f9000 rw-p 00000000 00:00 0 
643f9000-64400000 ---p 00000000 00:00 0 
64400000-64500000 rw-p 00000000 00:00 0 
64500000-64600000 rw-p 00000000 00:00 0 
64600000-64601000 r--s 00000000 08:04 6557599    /var/cache/fontconfig/0c9eb80ebd1c36541ebe2852d3bb0c49-le32d4.cache-4
64601000-64606000 r-xp 00000000 08:04 1447146    /usr/lib/i386-linux-gnu/libXtst.so.6.1.0
64606000-64607000 r--p 00004000 08:04 1447146    /usr/lib/i386-linux-gnu/libXtst.so.6.1.0
64607000-64608000 rw-p 00005000 08:04 1447146    /usr/lib/i386-linux-gnu/libXtst.so.6.1.0
64608000-6461b000 r--s 00344000 08:04 6168730    /home/zhaoqunqi/software/java/jdk1.8.0_40/jre/lib/resources.jar
6461b000-6461e000 ---p 00000000 00:00 0 
6461e000-6466c000 rw-p 00000000 00:00 0          [stack:7848]
6466c000-6466f000 ---p 00000000 00:00 0 
6466f000-646bd000 rw-p 00000000 00:00 0          [stack:7847]
646bd000-646d9000 r--s 00393000 08:04 6684909    /home/zhaoqunqi/software/java/jdk1.8.0_40/jre/lib/ext/cldrdata.jar
646d9000-64744000 r--s 00685000 08:04 786764     /home/zhaoqunqi/.gradle/caches/modules-2/files-2.1/org.codehaus.groovy/groovy-all/2.3.7/feb6df9c6936c797159091a451ed8590d67101dc/groovy-all-2.3.7.jar
64744000-64753000 r--s 0009f000 08:04 786760     /home/zhaoqunqi/.gradle/caches/modules-2/files-2.1/com.google.inject/guice/3.0/9d84f15fe35e2c716a02979fb62f50a29f38aefa/guice-3.0.jar
64753000-64754000 ---p 00000000 00:00 0 
64754000-647d4000 rw-p 00000000 00:00 0 
647d4000-647d7000 ---p 00000000 00:00 0 
647d7000-64825000 rw-p 00000000 00:00 0          [stack:7845]
64825000-64828000 ---p 00000000 00:00 0 
64828000-648a6000 rw-p 00000000 00:00 0          [stack:7844]
648a6000-648a9000 ---p 00000000 00:00 0 
648a9000-64927000 rw-p 00000000 00:00 0          [stack:7843]
64927000-6492a000 ---p 00000000 00:00 0 
6492a000-64978000 rw-p 00000000 00:00 0          [stack:7842]
64978000-64add000 r--p 001c8000 08:04 1450231    /usr/lib/locale/locale-archive
64add000-64cdd000 r--p 00000000 08:04 1450231    /usr/lib/locale/locale-archive
64cdd000-64ce0000 ---p 00000000 00:00 0 
64ce0000-64d2e000 rw-p 00000000 00:00 0          [stack:7841]
64d2e000-64d31000 ---p 00000000 00:00 0 
64d31000-64d7f000 rw-p 00000000 00:00 0          [stack:7840]
64d7f000-64d80000 ---p 00000000 00:00 0 
64d80000-64e00000 rw-p 00000000 00:00 0 
64e00000-64ef4000 rw-p 00000000 00:00 0 
64ef4000-64f00000 ---p 00000000 00:00 0 
64f00000-64f02000 r--s 00000000 08:04 6553696    /var/cache/fontconfig/e13b20fdb08344e0e664864cc2ede53d-le32d4.cache-4
64f02000-64f0c000 r--s 00116000 08:04 6684913    /home/zhaoqunqi/software/java/jdk1.8.0_40/jre/lib/ext/localedata.jar
64f0c000-64f5b000 rw-p 00000000 00:00 0 
64f5b000-65132000 r--s 03cfa000 08:04 6168736    /home/zhaoqunqi/software/java/jdk1.8.0_40/jre/lib/rt.jar
65132000-65578000 rw-p 00000000 00:00 0 
65578000-6557e000 ---p 00000000 00:00 0 
6557e000-67900000 rw-p 00000000 00:00 0 
67900000-679fa000 rw-p 00000000 00:00 0 
679fa000-67a00000 ---p 00000000 00:00 0 
67a00000-67a05000 r--s 002f8000 08:04 6168724    /home/zhaoqunqi/software/java/jdk1.8.0_40/jre/lib/charsets.jar
67a05000-67a0c000 r--s 0003e000 08:04 786766     /home/zhaoqunqi/.gradle/caches/modules-2/files-2.1/org.sonatype.sisu.inject/cglib/2.2.1-v20090111/7ce5e983fd0e6c78346f4c9cbfa39d83049dda2/cglib-2.2.1-v20090111.jar
67a0c000-67a7f000 rw-p 00000000 00:00 0 
67a7f000-67a80000 ---p 00000000 00:00 0 
67a80000-67b00000 rw-p 00000000 00:00 0          [stack:7838]
67b00000-67b21000 rw-p 00000000 00:00 0 
67b21000-67c00000 ---p 00000000 00:00 0 
67c00000-67c02000 r-xp 00000000 08:04 1447105    /usr/lib/i386-linux-gnu/libXau.so.6.0.0
67c02000-67c03000 r--p 00001000 08:04 1447105    /usr/lib/i386-linux-gnu/libXau.so.6.0.0
67c03000-67c04000 rw-p 00002000 08:04 1447105    /usr/lib/i386-linux-gnu/libXau.so.6.0.0
67c04000-67c06000 r--s 00000000 08:04 786765     /home/zhaoqunqi/.gradle/caches/modules-2/files-2.1/aopalliance/aopalliance/1.0/235ba8b489512805ac13a8f9ea77a1ca5ebe3e8/aopalliance-1.0.jar
67c06000-67c1c000 rw-p 00000000 00:00 0 
67c1c000-67d56000 ---p 00000000 00:00 0 
67d56000-67d81000 rw-p 00000000 00:00 0 
67d81000-67dff000 ---p 00000000 00:00 0 
67dff000-6a8c0000 rw-p 00000000 00:00 0 
6a8c0000-91f80000 ---p 00000000 00:00 0 
91f80000-97380000 rw-p 00000000 00:00 0 
97380000-a7000000 ---p 00000000 00:00 0 
a7000000-a7001000 r--s 0000a000 08:04 786767     /home/zhaoqunqi/.gradle/caches/modules-2/files-2.1/asm/asm/3.1/c157def142714c544bdea2e6144645702adf7097/asm-3.1.jar
a7001000-a7004000 r--s 00006000 08:04 786762     /home/zhaoqunqi/.gradle/caches/modules-2/files-2.1/com.google.code.findbugs/jsr305/3.0.0/5871fb60dc68d67da54a663c3fd636a10a532948/jsr305-3.0.0.jar
a7004000-a700d000 r--s 0006f000 08:04 786835     /home/zhaoqunqi/.gradle/caches/modules-2/files-2.1/log4j/log4j/1.2.17/5af35056b4d257e4b64b9e8069c0746e8b08629f/log4j-1.2.17.jar
a700d000-a700e000 ---p 00000000 00:00 0 
a700e000-a70a4000 rw-p 00000000 00:00 0          [stack:7837]
a70a4000-a71df000 ---p 00000000 00:00 0 
a71df000-a71f7000 rw-p 00000000 00:00 0 
a71f7000-a759f000 ---p 00000000 00:00 0 
a759f000-a7b8f000 rwxp 00000000 00:00 0 
a7b8f000-b659f000 ---p 00000000 00:00 0 
b659f000-b65b8000 r-xp 00000000 08:04 6168714    /home/zhaoqunqi/software/java/jdk1.8.0_40/jre/lib/i386/libzip.so
b65b8000-b65b9000 rw-p 00018000 08:04 6168714    /home/zhaoqunqi/software/java/jdk1.8.0_40/jre/lib/i386/libzip.so
b65b9000-b65c4000 r-xp 00000000 08:04 4063263    /lib/i386-linux-gnu/libnss_files-2.19.so
b65c4000-b65c5000 r--p 0000a000 08:04 4063263    /lib/i386-linux-gnu/libnss_files-2.19.so
b65c5000-b65c6000 rw-p 0000b000 08:04 4063263    /lib/i386-linux-gnu/libnss_files-2.19.so
b65c6000-b65d0000 r-xp 00000000 08:04 4063330    /lib/i386-linux-gnu/libnss_nis-2.19.so
b65d0000-b65d1000 r--p 00009000 08:04 4063330    /lib/i386-linux-gnu/libnss_nis-2.19.so
b65d1000-b65d2000 rw-p 0000a000 08:04 4063330    /lib/i386-linux-gnu/libnss_nis-2.19.so
b65d2000-b65e7000 r-xp 00000000 08:04 4063327    /lib/i386-linux-gnu/libnsl-2.19.so
b65e7000-b65e8000 r--p 00015000 08:04 4063327    /lib/i386-linux-gnu/libnsl-2.19.so
b65e8000-b65e9000 rw-p 00016000 08:04 4063327    /lib/i386-linux-gnu/libnsl-2.19.so
b65e9000-b65eb000 rw-p 00000000 00:00 0 
b65eb000-b65ed000 r--s 00006000 08:04 786763     /home/zhaoqunqi/.gradle/caches/modules-2/files-2.1/org.slf4j/slf4j-api/1.7.7/2b8019b6249bb05d81d3a3094e468753e2b21311/slf4j-api-1.7.7.jar
b65ed000-b65ee000 r--s 00000000 08:04 786761     /home/zhaoqunqi/.gradle/caches/modules-2/files-2.1/javax.inject/javax.inject/1/6975da39a7040257bd51d21a231b76c915872d38/javax.inject-1.jar
b65ee000-b65f8000 r--s 00059000 08:04 786756     /home/zhaoqunqi/.gradle/caches/modules-2/files-2.1/org.codehaus.griffon/griffon-core/2.0.0/f1371a8185f915453af7d7fa14b68b901d84d3de/griffon-core-2.0.0.jar
b65f8000-b6600000 rw-s 00000000 08:04 1048697    /tmp/hsperfdata_zhaoqunqi/7830 (deleted)
b6600000-b66fa000 rw-p 00000000 00:00 0 
b66fa000-b6700000 ---p 00000000 00:00 0 
b6700000-b6702000 r--s 00001000 08:04 786836     /home/zhaoqunqi/.gradle/caches/modules-2/files-2.1/org.slf4j/slf4j-log4j12/1.7.7/58f588119ffd1702c77ccab6acb54bfb41bed8bd/slf4j-log4j12-1.7.7.jar
b6702000-b6709000 r-xp 00000000 08:04 4063322    /lib/i386-linux-gnu/libnss_compat-2.19.so
b6709000-b670a000 r--p 00006000 08:04 4063322    /lib/i386-linux-gnu/libnss_compat-2.19.so
b670a000-b670b000 rw-p 00007000 08:04 4063322    /lib/i386-linux-gnu/libnss_compat-2.19.so
b670b000-b672e000 r-xp 00000000 08:04 6168709    /home/zhaoqunqi/software/java/jdk1.8.0_40/jre/lib/i386/libjava.so
b672e000-b672f000 rw-p 00023000 08:04 6168709    /home/zhaoqunqi/software/java/jdk1.8.0_40/jre/lib/i386/libjava.so
b672f000-b6736000 r-xp 00000000 08:04 4063326    /lib/i386-linux-gnu/librt-2.19.so
b6736000-b6737000 r--p 00006000 08:04 4063326    /lib/i386-linux-gnu/librt-2.19.so
b6737000-b6738000 rw-p 00007000 08:04 4063326    /lib/i386-linux-gnu/librt-2.19.so
b6738000-b673b000 ---p 00000000 00:00 0 
b673b000-b6789000 rw-p 00000000 00:00 0          [stack:7834]
b6789000-b67cd000 r-xp 00000000 08:04 4063328    /lib/i386-linux-gnu/libm-2.19.so
b67cd000-b67ce000 r--p 00043000 08:04 4063328    /lib/i386-linux-gnu/libm-2.19.so
b67ce000-b67cf000 rw-p 00044000 08:04 4063328    /lib/i386-linux-gnu/libm-2.19.so
b67cf000-b7121000 r-xp 00000000 08:04 6564952    /home/zhaoqunqi/software/java/jdk1.8.0_40/jre/lib/i386/server/libjvm.so
b7121000-b718d000 rw-p 00951000 08:04 6564952    /home/zhaoqunqi/software/java/jdk1.8.0_40/jre/lib/i386/server/libjvm.so
b718d000-b75b4000 rw-p 00000000 00:00 0 
b75b4000-b775d000 r-xp 00000000 08:04 4063333    /lib/i386-linux-gnu/libc-2.19.so
b775d000-b775e000 ---p 001a9000 08:04 4063333    /lib/i386-linux-gnu/libc-2.19.so
b775e000-b7760000 r--p 001a9000 08:04 4063333    /lib/i386-linux-gnu/libc-2.19.so
b7760000-b7761000 rw-p 001ab000 08:04 4063333    /lib/i386-linux-gnu/libc-2.19.so
b7761000-b7764000 rw-p 00000000 00:00 0 
b7764000-b7767000 r-xp 00000000 08:04 4067629    /lib/i386-linux-gnu/libdl-2.19.so
b7767000-b7768000 r--p 00002000 08:04 4067629    /lib/i386-linux-gnu/libdl-2.19.so
b7768000-b7769000 rw-p 00003000 08:04 4067629    /lib/i386-linux-gnu/libdl-2.19.so
b7769000-b777d000 r-xp 00000000 08:04 5906971    /home/zhaoqunqi/software/java/jdk1.8.0_40/lib/i386/jli/libjli.so
b777d000-b777e000 rw-p 00013000 08:04 5906971    /home/zhaoqunqi/software/java/jdk1.8.0_40/lib/i386/jli/libjli.so
b777e000-b7796000 r-xp 00000000 08:04 4067513    /lib/i386-linux-gnu/libpthread-2.19.so
b7796000-b7797000 r--p 00017000 08:04 4067513    /lib/i386-linux-gnu/libpthread-2.19.so
b7797000-b7798000 rw-p 00018000 08:04 4067513    /lib/i386-linux-gnu/libpthread-2.19.so
b7798000-b779b000 rw-p 00000000 00:00 0 
b779b000-b779d000 r--s 00010000 08:04 786759     /home/zhaoqunqi/.gradle/caches/modules-2/files-2.1/org.codehaus.griffon/griffon-groovy/2.0.0/6a4d48a2a30b7f770c1018898e05ca2ed5291d90/griffon-groovy-2.0.0.jar
b779d000-b779e000 r--s 00004000 08:04 786758     /home/zhaoqunqi/.gradle/caches/modules-2/files-2.1/org.codehaus.griffon/griffon-swing-groovy/2.0.0/2be83796b9128d50ad16c4f2efd9d721d430b137/griffon-swing-groovy-2.0.0.jar
b779e000-b77a1000 r--s 00019000 08:04 786757     /home/zhaoqunqi/.gradle/caches/modules-2/files-2.1/org.codehaus.griffon/griffon-swing/2.0.0/cebe0e7be35a10a529fa41c3b899898b757fed78/griffon-swing-2.0.0.jar
b77a1000-b77a2000 r--s 00004000 08:04 786755     /home/zhaoqunqi/.gradle/caches/modules-2/files-2.1/org.codehaus.griffon/griffon-guice/2.0.0/928ce9f5b6521507bceffa42aa74eb214cc374d/griffon-guice-2.0.0.jar
b77a2000-b77a3000 rw-p 00000000 00:00 0 
b77a3000-b77a4000 ---p 00000000 00:00 0 
b77a4000-b77af000 r-xp 00000000 08:04 6168670    /home/zhaoqunqi/software/java/jdk1.8.0_40/jre/lib/i386/libverify.so
b77af000-b77b0000 rw-p 0000b000 08:04 6168670    /home/zhaoqunqi/software/java/jdk1.8.0_40/jre/lib/i386/libverify.so
b77b0000-b77b2000 rw-p 00000000 00:00 0 
b77b2000-b77b3000 r-xp 00000000 00:00 0          [vdso]
b77b3000-b77d3000 r-xp 00000000 08:04 4067628    /lib/i386-linux-gnu/ld-2.19.so
b77d3000-b77d4000 r--p 0001f000 08:04 4067628    /lib/i386-linux-gnu/ld-2.19.so
b77d4000-b77d5000 rw-p 00020000 08:04 4067628    /lib/i386-linux-gnu/ld-2.19.so
bf92d000-bf92e000 rwxp 00000000 00:00 0 
bf95f000-bf981000 rw-p 00000000 00:00 0          [stack]

VM Arguments:
jvm_args: -Dfile.encoding=UTF-8 
java_command: com.shake.Launcher
java_class_path (initial): /home/zhaoqunqi/griffon/console/build/classes/main:/home/zhaoqunqi/griffon/console/build/resources/main:/home/zhaoqunqi/.gradle/caches/modules-2/files-2.1/org.codehaus.griffon/griffon-guice/2.0.0/928ce9f5b6521507bceffa42aa74eb214cc374d/griffon-guice-2.0.0.jar:/home/zhaoqunqi/.gradle/caches/modules-2/files-2.1/org.codehaus.griffon/griffon-core/2.0.0/f1371a8185f915453af7d7fa14b68b901d84d3de/griffon-core-2.0.0.jar:/home/zhaoqunqi/.gradle/caches/modules-2/files-2.1/org.codehaus.griffon/griffon-swing/2.0.0/cebe0e7be35a10a529fa41c3b899898b757fed78/griffon-swing-2.0.0.jar:/home/zhaoqunqi/.gradle/caches/modules-2/files-2.1/org.codehaus.griffon/griffon-swing-groovy/2.0.0/2be83796b9128d50ad16c4f2efd9d721d430b137/griffon-swing-groovy-2.0.0.jar:/home/zhaoqunqi/.gradle/caches/modules-2/files-2.1/org.codehaus.griffon/griffon-groovy/2.0.0/6a4d48a2a30b7f770c1018898e05ca2ed5291d90/griffon-groovy-2.0.0.jar:/home/zhaoqunqi/.gradle/caches/modules-2/files-2.1/log4j/log4j/1.2.17/5af35056b4d257e4b64b9e8069c0746e8b08629f/log4j-1.2.17.jar:/home/zhaoqunqi/.gradle/caches/modules-2/files-2.1/org.slf4j/slf4j-log4j12/1.7.7/58f588119ffd1702c77ccab6acb54bfb41bed8bd/slf4j-log4j12-1.7.7.jar:/home/zhaoqunqi/.gradle/caches/modules-2/files-2.1/com.google.inject/guice/3.0/9d84f15fe35e2c716a02979fb62f50a29f38aefa/guice-3.0.jar:/home/zhaoqunqi/.gradle/caches/modules-2/files-2.1/javax.inject/javax.inject/1/6975da39a7040257bd51d21a231b76c915872d38/javax.inject-1.jar:/home/zhaoqunqi/.gradle/caches/modules-2/files-2.1/com.google.code.findbugs/jsr305/3.0.0/5871fb60dc68d67da54a663c3fd636a10a532948/jsr305-3.0.0.jar:/home/zhaoqunqi/.gradle/caches/modules-2/files-2.1/org.slf4j/slf4j-api/1.7.7/2b8019b6249bb05d81d3a3094e468753e2b21311/slf4j-api-1.7.7.jar:/home/zhaoqunqi/.gradle/caches/modules-2/files-2.1/org.codehaus.groovy/groovy-all/2.3.7/feb6df9c6936c797159091a451ed8590d67101dc/groovy-all-2.3.7.jar:/home/zhaoqunqi/.gradle/caches/modules-2/files-2.1/aopalliance/aopalliance/1.0/235ba8b4
Launcher Type: SUN_STANDARD

Environment Variables:
PATH=/usr/local/sbin:/usr/local/bin:/usr/sbin:/usr/bin:/sbin:/bin:/usr/games:/usr/local/games
LD_LIBRARY_PATH=/home/zhaoqunqi/software/java/jdk1.8.0_40/jre/lib/i386/server:/home/zhaoqunqi/software/java/jdk1.8.0_40/jre/lib/i386:/home/zhaoqunqi/software/java/jdk1.8.0_40/jre/../lib/i386:/home/zhaoqunqi/software/grails/ggts-3.6.1.RELEASE/jre/lib/i386/client:/home/zhaoqunqi/software/grails/ggts-3.6.1.RELEASE/jre/lib/i386:
SHELL=/bin/bash
DISPLAY=:0

Signal Handlers:
SIGSEGV: [libjvm.so+0x8a3950], sa_mask[0]=11111111011111111101111111111110, sa_flags=SA_RESTART|SA_SIGINFO
SIGBUS: [libjvm.so+0x8a3950], sa_mask[0]=11111111011111111101111111111110, sa_flags=SA_RESTART|SA_SIGINFO
SIGFPE: [libjvm.so+0x727200], sa_mask[0]=11111111011111111101111111111110, sa_flags=SA_RESTART|SA_SIGINFO
SIGPIPE: [libjvm.so+0x727200], sa_mask[0]=11111111011111111101111111111110, sa_flags=SA_RESTART|SA_SIGINFO
SIGXFSZ: [libjvm.so+0x727200], sa_mask[0]=11111111011111111101111111111110, sa_flags=SA_RESTART|SA_SIGINFO
SIGILL: [libjvm.so+0x727200], sa_mask[0]=11111111011111111101111111111110, sa_flags=SA_RESTART|SA_SIGINFO
SIGUSR1: SIG_DFL, sa_mask[0]=00000000000000000000000000000000, sa_flags=none
SIGUSR2: [libjvm.so+0x728770], sa_mask[0]=00100000000000000000000000000000, sa_flags=SA_RESTART|SA_SIGINFO
SIGHUP: [libjvm.so+0x7297b0], sa_mask[0]=11111111011111111101111111111110, sa_flags=SA_RESTART|SA_SIGINFO
SIGINT: [libjvm.so+0x7297b0], sa_mask[0]=11111111011111111101111111111110, sa_flags=SA_RESTART|SA_SIGINFO
SIGTERM: [libjvm.so+0x7297b0], sa_mask[0]=11111111011111111101111111111110, sa_flags=SA_RESTART|SA_SIGINFO
SIGQUIT: [libjvm.so+0x7297b0], sa_mask[0]=11111111011111111101111111111110, sa_flags=SA_RESTART|SA_SIGINFO


---------------  S Y S T E M  ---------------

OS:DISTRIB_ID=Ubuntu
DISTRIB_RELEASE=14.04
DISTRIB_CODENAME=trusty
DISTRIB_DESCRIPTION="Ubuntu 14.04.1 LTS"

uname:Linux 3.13.0-37-generic #64-Ubuntu SMP Mon Sep 22 21:30:01 UTC 2014 i686
libc:glibc 2.19 NPTL 2.19 
rlimit: STACK 8192k, CORE 0k, NPROC 32118, NOFILE 4096, AS infinity
load average:3.16 1.28 0.86

/proc/meminfo:
MemTotal:        4130300 kB
MemFree:          217404 kB
Buffers:           55624 kB
Cached:           595624 kB
SwapCached:        13164 kB
Active:          2629404 kB
Inactive:        1045820 kB
Active(anon):    2318776 kB
Inactive(anon):   745064 kB
Active(file):     310628 kB
Inactive(file):   300756 kB
Unevictable:          32 kB
Mlocked:              32 kB
HighTotal:       3280616 kB
HighFree:          46408 kB
LowTotal:         849684 kB
LowFree:          170996 kB
SwapTotal:       3998716 kB
SwapFree:        3978968 kB
Dirty:               892 kB
Writeback:             0 kB
AnonPages:       3011096 kB
Mapped:           274364 kB
Shmem:             39864 kB
Slab:              74588 kB
SReclaimable:      51532 kB
SUnreclaim:        23056 kB
KernelStack:        6080 kB
PageTables:        18520 kB
NFS_Unstable:          0 kB
Bounce:                0 kB
WritebackTmp:          0 kB
CommitLimit:     6063864 kB
Committed_AS:    7776936 kB
VmallocTotal:     122880 kB
VmallocUsed:       22980 kB
VmallocChunk:      47684 kB
HardwareCorrupted:     0 kB
AnonHugePages:   1835008 kB
HugePages_Total:       0
HugePages_Free:        0
HugePages_Rsvd:        0
HugePages_Surp:        0
Hugepagesize:       2048 kB
DirectMap4k:       18424 kB
DirectMap2M:      894976 kB


CPU:total 2 (2 cores per cpu, 1 threads per core) family 6 model 23 stepping 10, cmov, cx8, fxsr, mmx, sse, sse2, sse3, ssse3, sse4.1, tsc

/proc/cpuinfo:
processor	: 0
vendor_id	: GenuineIntel
cpu family	: 6
model		: 23
model name	: Intel(R) Core(TM)2 Duo CPU     T6600  @ 2.20GHz
stepping	: 10
microcode	: 0xa07
cpu MHz		: 2200.000
cache size	: 2048 KB
physical id	: 0
siblings	: 2
core id		: 0
cpu cores	: 2
apicid		: 0
initial apicid	: 0
fdiv_bug	: no
f00f_bug	: no
coma_bug	: no
fpu		: yes
fpu_exception	: yes
cpuid level	: 13
wp		: yes
flags		: fpu vme de pse tsc msr pae mce cx8 apic sep mtrr pge mca cmov pat pse36 clflush dts acpi mmx fxsr sse sse2 ss ht tm pbe nx lm constant_tsc arch_perfmon pebs bts aperfmperf pni dtes64 monitor ds_cpl est tm2 ssse3 cx16 xtpr pdcm sse4_1 xsave lahf_lm dtherm
bogomips	: 4398.97
clflush size	: 64
cache_alignment	: 64
address sizes	: 36 bits physical, 48 bits virtual
power management:

processor	: 1
vendor_id	: GenuineIntel
cpu family	: 6
model		: 23
model name	: Intel(R) Core(TM)2 Duo CPU     T6600  @ 2.20GHz
stepping	: 10
microcode	: 0xa07
cpu MHz		: 2200.000
cache size	: 2048 KB
physical id	: 0
siblings	: 2
core id		: 1
cpu cores	: 2
apicid		: 1
initial apicid	: 1
fdiv_bug	: no
f00f_bug	: no
coma_bug	: no
fpu		: yes
fpu_exception	: yes
cpuid level	: 13
wp		: yes
flags		: fpu vme de pse tsc msr pae mce cx8 apic sep mtrr pge mca cmov pat pse36 clflush dts acpi mmx fxsr sse sse2 ss ht tm pbe nx lm constant_tsc arch_perfmon pebs bts aperfmperf pni dtes64 monitor ds_cpl est tm2 ssse3 cx16 xtpr pdcm sse4_1 xsave lahf_lm dtherm
bogomips	: 4398.97
clflush size	: 64
cache_alignment	: 64
address sizes	: 36 bits physical, 48 bits virtual
power management:



Memory: 4k page, physical 4130300k(217404k free), swap 3998716k(3978968k free)

vm_info: Java HotSpot(TM) Server VM (25.40-b15) for linux-x86 JRE (1.8.0_40-ea-b11), built on Oct 21 2014 23:27:05 by "java_re" with gcc 4.3.0 20080428 (Red Hat 4.3.0-8)

time: Sun Oct 26 22:18:20 2014
elapsed time: 7 seconds (0d 0h 0m 7s)

