#
# A fatal error has been detected by the Java Runtime Environment:
#
#  SIGSEGV (0xb) at pc=0x62a7fbe0, pid=8277, tid=3061504832
#
# JRE version: Java(TM) SE Runtime Environment (8.0_40-b11) (build 1.8.0_40-ea-b11)
# Java VM: Java HotSpot(TM) Server VM (25.40-b15 mixed mode linux-x86 )
# Problematic frame:
# C  0x62a7fbe0
#
# Failed to write core dump. Core dumps have been disabled. To enable core dumping, try "ulimit -c unlimited" before starting Java again
#
# If you would like to submit a bug report, please visit:
#   http://bugreport.sun.com/bugreport/crash.jsp
#

---------------  T H R E A D  ---------------

Current thread is native thread

siginfo: si_signo: 11 (SIGSEGV), si_code: 2 (SEGV_ACCERR), si_addr: 0x62a7fbe0

Registers:
EAX=0x63cb4a68, EBX=0xb77bc000, ECX=0x00000001, EDX=0x62a7fbe0
ESP=0xb67ad32c, EBP=0x00000003, ESI=0xb67adbe8, EDI=0xb77bc1bc
EIP=0x62a7fbe0, EFLAGS=0x00210282, CR2=0x62a7fbe0

Top of Stack: (sp=0xb67ad32c)
0xb67ad32c:   b77a9d56 63cb4a68 b7785000 b67adb40
0xb67ad33c:   b760c6f3 00000000 b77bc1a4 00000004
0xb67ad34c:   b77bc1a4 b67adb40 003d0f00 b77a9cc9
0xb67ad35c:   b77bc000 b67adb40 003d0f00 b67ad428
0xb67ad36c:   b77a9f83 b67ad390 00000000 00000000
0xb67ad37c:   00000000 00000000 00000000 00000000
0xb67ad38c:   00000000 b77bc000 b67adb40 003d0f00
0xb67ad39c:   b67ad428 0d1443f5 0d8cddf7 00000000 

Instructions: (pc=0x62a7fbe0)
0x62a7fbc0:   
[error occurred during error reporting (printing registers, top of stack, instructions near pc), id 0xb]

Register to memory mapping:

EAX=0x63cb4a68 is an unknown value
EBX=0xb77bc000: <offset 0x19000> in /lib/i386-linux-gnu/libpthread.so.0 at 0xb77a3000
ECX=0x00000001 is an unknown value
EDX=0x62a7fbe0 is an unknown value
ESP=0xb67ad32c is an unknown value
EBP=0x00000003 is an unknown value
ESI=0xb67adbe8 is an unknown value
EDI=0xb77bc1bc: <offset 0x191bc> in /lib/i386-linux-gnu/libpthread.so.0 at 0xb77a3000


Stack: [0xb675d000,0xb67ae000],  sp=0xb67ad32c,  free space=320k
Native frames: (J=compiled Java code, j=interpreted, Vv=VM code, C=native code)
C  0x62a7fbe0


---------------  P R O C E S S  ---------------

VM state:at safepoint (shutting down)

VM Mutex/Monitor currently owned by a thread:  ([mutex/lock_event])
[0xb6605eb8] Threads_lock - owner thread: 0x64e10400

Heap:
 PSYoungGen      total 69120K, used 27035K [0x92180000, 0x96780000, 0xa7200000)
  eden space 66560K, 36% used [0x92180000,0x939683f0,0x96280000)
  from space 2560K, 99% used [0x96500000,0x9677e890,0x96780000)
  to   space 2560K, 0% used [0x96280000,0x96280000,0x96500000)
 ParOldGen       total 43776K, used 15859K [0x68000000, 0x6aac0000, 0x92180000)
  object space 43776K, 36% used [0x68000000,0x68f7cfb0,0x6aac0000)
 Metaspace       used 14857K, capacity 15100K, committed 15128K, reserved 15664K

Card table byte_map: [0x67e06000,0x68000000] byte_map_base: 0x67ac6000

Marking Bits: (ParMarkBitMap*) 0xb71c34c0
 Begin Bits: [0x65970000, 0x66938000)
 End Bits:   [0x66938000, 0x67900000)

Polling page: 0xb77c8000

CodeCache: size=245760Kb used=5829Kb max_used=5829Kb free=239930Kb
 bounds [0xa75c0000, 0xa7b78000, 0xb65c0000]
 total_blobs=2492 nmethods=1983 adapters=424
 compilation: enabled

Compilation events (10 events):
Event: 5.954 Thread 0x64e35000 2001       2       java.util.Hashtable::<init> (114 bytes)
Event: 5.956 Thread 0x64e35000 nmethod 2001 0xa7b70748 code [0xa7b70980, 0xa7b70ff8]
Event: 5.956 Thread 0x64e35000 2002       2       java.util.logging.LogManager$LoggerContext::getRootLogger (8 bytes)
Event: 5.956 Thread 0x64e35000 nmethod 2002 0xa7b714c8 code [0xa7b715e0, 0xa7b716c0]
Event: 5.956 Thread 0x64e35000 2003       2       java.util.logging.LogManager$LoggerContext::getGlobalLogger (6 bytes)
Event: 5.956 Thread 0x64e35000 nmethod 2003 0xa7b71748 code [0xa7b71860, 0xa7b71920]
Event: 5.958 Thread 0x64e35000 2004       2       java.util.concurrent.locks.ReentrantLock$Sync::tryRelease (45 bytes)
Event: 5.958 Thread 0x64e35000 nmethod 2004 0xa7b71988 code [0xa7b71ac0, 0xa7b71c6c]
Event: 5.958 Thread 0x64e35000 2005       2       java.util.concurrent.locks.ReentrantLock$NonfairSync::lock (25 bytes)
Event: 5.959 Thread 0x64e35000 nmethod 2005 0xa7b71d48 code [0xa7b71ea0, 0xa7b72050]

GC Heap History (8 events):
Event: 1.003 GC heap before
{Heap before GC invocations=1 (full 0):
 PSYoungGen      total 19200K, used 16640K [0x92180000, 0x936c0000, 0xa7200000)
  eden space 16640K, 100% used [0x92180000,0x931c0000,0x931c0000)
  from space 2560K, 0% used [0x93440000,0x93440000,0x936c0000)
  to   space 2560K, 0% used [0x931c0000,0x931c0000,0x93440000)
 ParOldGen       total 43776K, used 0K [0x68000000, 0x6aac0000, 0x92180000)
  object space 43776K, 0% used [0x68000000,0x68000000,0x6aac0000)
 Metaspace       used 5760K, capacity 5853K, committed 5912K, reserved 6448K
Event: 1.015 GC heap after
Heap after GC invocations=1 (full 0):
 PSYoungGen      total 19200K, used 2552K [0x92180000, 0x94700000, 0xa7200000)
  eden space 16640K, 0% used [0x92180000,0x92180000,0x931c0000)
  from space 2560K, 99% used [0x931c0000,0x9343e308,0x93440000)
  to   space 2560K, 0% used [0x94480000,0x94480000,0x94700000)
 ParOldGen       total 43776K, used 658K [0x68000000, 0x6aac0000, 0x92180000)
  object space 43776K, 1% used [0x68000000,0x680a4950,0x6aac0000)
 Metaspace       used 5760K, capacity 5853K, committed 5912K, reserved 6448K
}
Event: 1.619 GC heap before
{Heap before GC invocations=2 (full 0):
 PSYoungGen      total 19200K, used 19192K [0x92180000, 0x94700000, 0xa7200000)
  eden space 16640K, 100% used [0x92180000,0x931c0000,0x931c0000)
  from space 2560K, 99% used [0x931c0000,0x9343e308,0x93440000)
  to   space 2560K, 0% used [0x94480000,0x94480000,0x94700000)
 ParOldGen       total 43776K, used 658K [0x68000000, 0x6aac0000, 0x92180000)
  object space 43776K, 1% used [0x68000000,0x680a4950,0x6aac0000)
 Metaspace       used 7665K, capacity 7786K, committed 7832K, reserved 8496K
Event: 1.645 GC heap after
Heap after GC invocations=2 (full 0):
 PSYoungGen      total 35840K, used 2544K [0x92180000, 0x94700000, 0xa7200000)
  eden space 33280K, 0% used [0x92180000,0x92180000,0x94200000)
  from space 2560K, 99% used [0x94480000,0x946fc060,0x94700000)
  to   space 2560K, 0% used [0x94200000,0x94200000,0x94480000)
 ParOldGen       total 43776K, used 2929K [0x68000000, 0x6aac0000, 0x92180000)
  object space 43776K, 6% used [0x68000000,0x682dc6c0,0x6aac0000)
 Metaspace       used 7665K, capacity 7786K, committed 7832K, reserved 8496K
}
Event: 2.948 GC heap before
{Heap before GC invocations=3 (full 0):
 PSYoungGen      total 35840K, used 35824K [0x92180000, 0x94700000, 0xa7200000)
  eden space 33280K, 100% used [0x92180000,0x94200000,0x94200000)
  from space 2560K, 99% used [0x94480000,0x946fc060,0x94700000)
  to   space 2560K, 0% used [0x94200000,0x94200000,0x94480000)
 ParOldGen       total 43776K, used 2929K [0x68000000, 0x6aac0000, 0x92180000)
  object space 43776K, 6% used [0x68000000,0x682dc6c0,0x6aac0000)
 Metaspace       used 11239K, capacity 11391K, committed 11416K, reserved 11568K
Event: 2.996 GC heap after
Heap after GC invocations=3 (full 0):
 PSYoungGen      total 35840K, used 2544K [0x92180000, 0x96780000, 0xa7200000)
  eden space 33280K, 0% used [0x92180000,0x92180000,0x94200000)
  from space 2560K, 99% used [0x94200000,0x9447c080,0x94480000)
  to   space 2560K, 0% used [0x96500000,0x96500000,0x96780000)
 ParOldGen       total 43776K, used 8959K [0x68000000, 0x6aac0000, 0x92180000)
  object space 43776K, 20% used [0x68000000,0x688bfec8,0x6aac0000)
 Metaspace       used 11239K, capacity 11391K, committed 11416K, reserved 11568K
}
Event: 4.137 GC heap before
{Heap before GC invocations=4 (full 0):
 PSYoungGen      total 35840K, used 35824K [0x92180000, 0x96780000, 0xa7200000)
  eden space 33280K, 100% used [0x92180000,0x94200000,0x94200000)
  from space 2560K, 99% used [0x94200000,0x9447c080,0x94480000)
  to   space 2560K, 0% used [0x96500000,0x96500000,0x96780000)
 ParOldGen       total 43776K, used 8959K [0x68000000, 0x6aac0000, 0x92180000)
  object space 43776K, 20% used [0x68000000,0x688bfec8,0x6aac0000)
 Metaspace       used 13779K, capacity 13972K, committed 13976K, reserved 14640K
Event: 4.225 GC heap after
Heap after GC invocations=4 (full 0):
 PSYoungGen      total 69120K, used 2554K [0x92180000, 0x96780000, 0xa7200000)
  eden space 66560K, 0% used [0x92180000,0x92180000,0x96280000)
  from space 2560K, 99% used [0x96500000,0x9677e890,0x96780000)
  to   space 2560K, 0% used [0x96280000,0x96280000,0x96500000)
 ParOldGen       total 43776K, used 15859K [0x68000000, 0x6aac0000, 0x92180000)
  object space 43776K, 36% used [0x68000000,0x68f7cfb0,0x6aac0000)
 Metaspace       used 13779K, capacity 13972K, committed 13976K, reserved 14640K
}

Deoptimization events (10 events):
Event: 4.619 Thread 0x630df800 Uncommon trap: reason=unstable_if action=reinterpret pc=0xa79a8754 method=java.lang.ThreadLocal.get()Ljava/lang/Object; @ 11
Event: 4.674 Thread 0x630df800 Uncommon trap: reason=unstable_if action=reinterpret pc=0xa77ff3bc method=java.lang.AbstractStringBuilder.append(Ljava/lang/String;)Ljava/lang/AbstractStringBuilder; @ 1
Event: 4.675 Thread 0x630df800 Uncommon trap: reason=unstable_if action=reinterpret pc=0xa77f4af8 method=java.lang.AbstractStringBuilder.append(Ljava/lang/String;)Ljava/lang/AbstractStringBuilder; @ 1
Event: 4.790 Thread 0x630df800 Uncommon trap: reason=bimorphic action=maybe_recompile pc=0xa7b2b510 method=org.codehaus.groovy.runtime.metaclass.MetaMethodIndex.addMethodToList(Ljava/lang/Object;Lgroovy/lang/MetaMethod;)Ljava/lang/Object; @ 91
Event: 4.790 Thread 0x630df800 Uncommon trap: reason=bimorphic action=maybe_recompile pc=0xa7b2b510 method=org.codehaus.groovy.runtime.metaclass.MetaMethodIndex.addMethodToList(Ljava/lang/Object;Lgroovy/lang/MetaMethod;)Ljava/lang/Object; @ 91
Event: 4.819 Thread 0x630df800 Uncommon trap: reason=bimorphic action=maybe_recompile pc=0xa7b2b510 method=org.codehaus.groovy.runtime.metaclass.MetaMethodIndex.addMethodToList(Ljava/lang/Object;Lgroovy/lang/MetaMethod;)Ljava/lang/Object; @ 91
Event: 4.819 Thread 0x630df800 Uncommon trap: reason=bimorphic action=maybe_recompile pc=0xa7b2b510 method=org.codehaus.groovy.runtime.metaclass.MetaMethodIndex.addMethodToList(Ljava/lang/Object;Lgroovy/lang/MetaMethod;)Ljava/lang/Object; @ 91
Event: 4.895 Thread 0x630df800 Uncommon trap: reason=unstable_if action=reinterpret pc=0xa7b20710 method=java.util.HashMap.resize()[Ljava/util/HashMap$Node; @ 206
Event: 4.897 Thread 0x630df800 Uncommon trap: reason=unstable_if action=reinterpret pc=0xa792d0bc method=java.util.HashMap.getNode(ILjava/lang/Object;)Ljava/util/HashMap$Node; @ 84
Event: 4.897 Thread 0x630df800 Uncommon trap: reason=unstable_if action=reinterpret pc=0xa7b2207c method=java.util.HashMap.getNode(ILjava/lang/Object;)Ljava/util/HashMap$Node; @ 84

Internal exceptions (10 events):
Event: 4.932 Thread 0x630df800 Exception <a 'java/lang/ClassNotFoundException': java/lang/RunnableCustomizer> (0x9373e978) thrown at [/HUDSON/workspace/8-2-build-linux-i586/jdk8u40/1826.nc/hotspot/src/share/vm/classfile/systemDictionary.cpp, line 211]
Event: 4.937 Thread 0x630df800 Exception <a 'java/lang/ClassNotFoundException': groovy/lang/GroovyCallableBeanInfo> (0x9374d108) thrown at [/HUDSON/workspace/8-2-build-linux-i586/jdk8u40/1826.nc/hotspot/src/share/vm/classfile/systemDictionary.cpp, line 211]
Event: 4.937 Thread 0x630df800 Exception <a 'java/lang/ClassNotFoundException': groovy/lang/GroovyCallableCustomizer> (0x93754590) thrown at [/HUDSON/workspace/8-2-build-linux-i586/jdk8u40/1826.nc/hotspot/src/share/vm/classfile/systemDictionary.cpp, line 211]
Event: 4.938 Thread 0x630df800 Exception <a 'java/lang/ClassNotFoundException': java/util/concurrent/CallableBeanInfo> (0x9375f720) thrown at [/HUDSON/workspace/8-2-build-linux-i586/jdk8u40/1826.nc/hotspot/src/share/vm/classfile/systemDictionary.cpp, line 211]
Event: 4.938 Thread 0x630df800 Exception <a 'java/lang/ClassNotFoundException': java/util/concurrent/CallableCustomizer> (0x937637d8) thrown at [/HUDSON/workspace/8-2-build-linux-i586/jdk8u40/1826.nc/hotspot/src/share/vm/classfile/systemDictionary.cpp, line 211]
Event: 4.939 Thread 0x630df800 Exception <a 'java/lang/ClassNotFoundException': java/io/SerializableBeanInfo> (0x9376e6b0) thrown at [/HUDSON/workspace/8-2-build-linux-i586/jdk8u40/1826.nc/hotspot/src/share/vm/classfile/systemDictionary.cpp, line 211]
Event: 4.939 Thread 0x630df800 Exception <a 'java/lang/ClassNotFoundException': java/io/SerializableCustomizer> (0x93772140) thrown at [/HUDSON/workspace/8-2-build-linux-i586/jdk8u40/1826.nc/hotspot/src/share/vm/classfile/systemDictionary.cpp, line 211]
Event: 4.939 Thread 0x630df800 Exception <a 'java/lang/reflect/InvocationTargetException'> (0x93773350) thrown at [/HUDSON/workspace/8-2-build-linux-i586/jdk8u40/1826.nc/hotspot/src/share/vm/runtime/reflection.cpp, line 1080]
Event: 4.940 Thread 0x630df800 Exception <a 'java/lang/reflect/InvocationTargetException'> (0x93773b78) thrown at [/HUDSON/workspace/8-2-build-linux-i586/jdk8u40/1826.nc/hotspot/src/share/vm/runtime/reflection.cpp, line 1080]
Event: 4.940 Thread 0x630df800 Exception <a 'java/lang/reflect/InvocationTargetException'> (0x93778900) thrown at [/HUDSON/workspace/8-2-build-linux-i586/jdk8u40/1826.nc/hotspot/src/share/vm/runtime/reflection.cpp, line 1080]

Events (10 events):
Event: 5.954 loading class java/util/IdentityHashMap$KeyIterator done
Event: 5.954 Thread 0x630df000 Thread added: 0x630df000
Event: 5.957 Thread 0x630df400 Thread added: 0x630df400
Event: 5.957 Thread 0x630df000 Thread exited: 0x630df000
Event: 5.957 loading class sun/awt/X11/XSystemTrayPeer
Event: 5.957 loading class java/awt/peer/SystemTrayPeer
Event: 5.957 loading class java/awt/peer/SystemTrayPeer done
Event: 5.957 loading class sun/awt/X11/XSystemTrayPeer done
Event: 5.960 Thread 0xb6608800 Thread exited: 0xb6608800
Event: 5.960 Thread 0x64e31c00 Thread exited: 0x64e31c00


Dynamic libraries:
08048000-08049000 r-xp 00000000 08:04 6168565    /home/zhaoqunqi/software/java/jdk1.8.0_40/bin/java
08049000-0804a000 rw-p 00000000 08:04 6168565    /home/zhaoqunqi/software/java/jdk1.8.0_40/bin/java
083ce000-08c7e000 rw-p 00000000 00:00 0          [heap]
62a00000-62a2f000 rw-p 00000000 00:00 0 
62a2f000-62b00000 ---p 00000000 00:00 0 
62c00000-62cd7000 rw-p 00000000 00:00 0 
62cd7000-62d00000 ---p 00000000 00:00 0 
62daf000-62e2f000 rw-p 00000000 00:00 0 
62e2f000-62eaf000 ---p 00000000 00:00 0 
62eaf000-62faf000 rw-p 00000000 00:00 0 
62faf000-62fb2000 ---p 00000000 00:00 0 
62fb2000-63000000 rw-p 00000000 00:00 0 
63000000-630fc000 rw-p 00000000 00:00 0 
630fc000-63100000 ---p 00000000 00:00 0 
6313a000-6313d000 ---p 00000000 00:00 0 
6313d000-6318b000 rw-p 00000000 00:00 0          [stack:8303]
6318b000-6318c000 r--s 00000000 08:04 6558625    /var/cache/fontconfig/c05880de57d1f5e948fdfacc138775d9-le32d4.cache-4
6318c000-63194000 r--s 00000000 08:04 6553701    /var/cache/fontconfig/945677eb7aeaf62f1d50efc3fb3ec7d8-le32d4.cache-4
63194000-63198000 r--s 00000000 08:04 6558623    /var/cache/fontconfig/2cd17615ca594fa2959ae173292e504c-le32d4.cache-4
63198000-63199000 r--s 00000000 08:04 6558585    /var/cache/fontconfig/e7071f4a29fa870f4323321c154eba04-le32d4.cache-4
63199000-6319a000 r--s 00000000 08:04 6558584    /var/cache/fontconfig/0d8c3b2ac0904cb8a57a757ad11a4a08-le32d4.cache-4
6319a000-6319f000 r--s 00000000 08:04 6558511    /var/cache/fontconfig/a755afe4a08bf5b97852ceb7400b47bc-le32d4.cache-4
6319f000-631ae000 r--s 00000000 08:04 6558510    /var/cache/fontconfig/04aabc0a78ac019cf9454389977116d2-le32d4.cache-4
631ae000-631af000 r--s 00000000 08:04 6558474    /var/cache/fontconfig/1ac9eb803944fde146138c791f5cc56a-le32d4.cache-4
631af000-631b2000 r--s 00000000 08:04 6558256    /var/cache/fontconfig/385c0604a188198f04d133e54aba7fe7-le32d4.cache-4
631b2000-631b3000 r--s 00000000 08:04 6558252    /var/cache/fontconfig/dc05db6664285cc2f12bf69c139ae4c3-le32d4.cache-4
631b3000-631b7000 r--s 00000000 08:04 6557983    /var/cache/fontconfig/8801497958630a81b71ace7c5f9b32a8-le32d4.cache-4
631b7000-631bc000 r--s 00000000 08:04 6557982    /var/cache/fontconfig/3047814df9a2f067bd2d96a2b9c36e5a-le32d4.cache-4
631bc000-631c0000 r--s 00000000 08:04 6557965    /var/cache/fontconfig/b47c4e1ecd0709278f4910c18777a504-le32d4.cache-4
631c0000-631d0000 r--s 00000000 08:04 6557488    /var/cache/fontconfig/d52a8644073d54c13679302ca1180695-le32d4.cache-4
63206000-63306000 rw-p 00000000 00:00 0 
63306000-63315000 r-xp 00000000 08:04 6168678    /home/zhaoqunqi/software/java/jdk1.8.0_40/jre/lib/i386/libnio.so
63315000-63316000 rw-p 0000e000 08:04 6168678    /home/zhaoqunqi/software/java/jdk1.8.0_40/jre/lib/i386/libnio.so
63316000-6332b000 r-xp 00000000 08:04 6168712    /home/zhaoqunqi/software/java/jdk1.8.0_40/jre/lib/i386/libnet.so
6332b000-6332c000 rw-p 00014000 08:04 6168712    /home/zhaoqunqi/software/java/jdk1.8.0_40/jre/lib/i386/libnet.so
6332c000-6342c000 rw-p 00000000 00:00 0 
6342c000-6342f000 ---p 00000000 00:00 0 
6342f000-6347d000 rw-p 00000000 00:00 0          [stack:8297]
6347d000-63481000 r-xp 00000000 08:04 1447120    /usr/lib/i386-linux-gnu/libXfixes.so.3.1.0
63481000-63482000 r--p 00003000 08:04 1447120    /usr/lib/i386-linux-gnu/libXfixes.so.3.1.0
63482000-63483000 rw-p 00004000 08:04 1447120    /usr/lib/i386-linux-gnu/libXfixes.so.3.1.0
63483000-6348c000 r-xp 00000000 08:04 1447112    /usr/lib/i386-linux-gnu/libXcursor.so.1.0.2
6348c000-6348d000 r--p 00008000 08:04 1447112    /usr/lib/i386-linux-gnu/libXcursor.so.1.0.2
6348d000-6348e000 rw-p 00009000 08:04 1447112    /usr/lib/i386-linux-gnu/libXcursor.so.1.0.2
6348e000-63491000 ---p 00000000 00:00 0 
63491000-634df000 rw-p 00000000 00:00 0          [stack:8296]
634df000-634fb000 r-xp 00000000 08:04 4063261    /lib/i386-linux-gnu/libgcc_s.so.1
634fb000-634fc000 rw-p 0001b000 08:04 4063261    /lib/i386-linux-gnu/libgcc_s.so.1
634fc000-634fe000 r--s 00000000 08:04 6557487    /var/cache/fontconfig/767a8244fc0220cfb567a839d0392e0b-le32d4.cache-4
634fe000-63505000 r--s 00000000 08:04 6557699    /var/cache/fontconfig/3f7329c5293ffd510edef78f73874cfd-le32d4.cache-4
63505000-63508000 r--s 00000000 08:04 6557602    /var/cache/fontconfig/d589a48862398ed80a3d6066f4f56f4c-le32d4.cache-4
63508000-63511000 r--s 00000000 08:04 6562851    /var/cache/fontconfig/089dead882dea3570ffc31a9898cfb69-le32d4.cache-4
63511000-63571000 r-xp 00000000 08:04 6168688    /home/zhaoqunqi/software/java/jdk1.8.0_40/jre/lib/i386/libfontmanager.so
63571000-63573000 rw-p 00060000 08:04 6168688    /home/zhaoqunqi/software/java/jdk1.8.0_40/jre/lib/i386/libfontmanager.so
63573000-63678000 rw-p 00000000 00:00 0 
63678000-6367f000 r--s 00000000 08:04 1451373    /usr/lib/i386-linux-gnu/gconv/gconv-modules.cache
6367f000-63684000 r-xp 00000000 08:04 1447116    /usr/lib/i386-linux-gnu/libXdmcp.so.6.0.0
63684000-63685000 r--p 00004000 08:04 1447116    /usr/lib/i386-linux-gnu/libXdmcp.so.6.0.0
63685000-63686000 rw-p 00005000 08:04 1447116    /usr/lib/i386-linux-gnu/libXdmcp.so.6.0.0
63686000-636a6000 r-xp 00000000 08:04 1448169    /usr/lib/i386-linux-gnu/libxcb.so.1.1.0
636a6000-636a7000 r--p 0001f000 08:04 1448169    /usr/lib/i386-linux-gnu/libxcb.so.1.1.0
636a7000-636a8000 rw-p 00020000 08:04 1448169    /usr/lib/i386-linux-gnu/libxcb.so.1.1.0
636a8000-636b7000 r-xp 00000000 08:04 1447126    /usr/lib/i386-linux-gnu/libXi.so.6.1.0
636b7000-636b8000 r--p 0000e000 08:04 1447126    /usr/lib/i386-linux-gnu/libXi.so.6.1.0
636b8000-636b9000 rw-p 0000f000 08:04 1447126    /usr/lib/i386-linux-gnu/libXi.so.6.1.0
636b9000-637e9000 r-xp 00000000 08:04 1447101    /usr/lib/i386-linux-gnu/libX11.so.6.3.0
637e9000-637ea000 r--p 00130000 08:04 1447101    /usr/lib/i386-linux-gnu/libX11.so.6.3.0
637ea000-637ec000 rw-p 00131000 08:04 1447101    /usr/lib/i386-linux-gnu/libX11.so.6.3.0
637ec000-637ed000 rw-p 00000000 00:00 0 
637ed000-637fe000 r-xp 00000000 08:04 1447118    /usr/lib/i386-linux-gnu/libXext.so.6.4.0
637fe000-637ff000 r--p 00010000 08:04 1447118    /usr/lib/i386-linux-gnu/libXext.so.6.4.0
637ff000-63800000 rw-p 00011000 08:04 1447118    /usr/lib/i386-linux-gnu/libXext.so.6.4.0
63800000-6384c000 r-xp 00000000 08:04 6168684    /home/zhaoqunqi/software/java/jdk1.8.0_40/jre/lib/i386/libawt_xawt.so
6384c000-6384e000 rw-p 0004c000 08:04 6168684    /home/zhaoqunqi/software/java/jdk1.8.0_40/jre/lib/i386/libawt_xawt.so
6384e000-6384f000 rw-p 00000000 00:00 0 
6384f000-638d5000 r-xp 00000000 08:04 6168671    /home/zhaoqunqi/software/java/jdk1.8.0_40/jre/lib/i386/libawt.so
638d5000-638dc000 rw-p 00086000 08:04 6168671    /home/zhaoqunqi/software/java/jdk1.8.0_40/jre/lib/i386/libawt.so
638dc000-63900000 rw-p 00000000 00:00 0 
63900000-639fb000 rw-p 00000000 00:00 0 
639fb000-63a00000 ---p 00000000 00:00 0 
63a00000-63b00000 rw-p 00000000 00:00 0 
63b00000-63bf9000 rw-p 00000000 00:00 0 
63bf9000-63c00000 ---p 00000000 00:00 0 
63c00000-63d00000 rw-p 00000000 00:00 0 
63d00000-63e00000 rw-p 00000000 00:00 0 
63e00000-63f00000 rw-p 00000000 00:00 0 
63f00000-64000000 rw-p 00000000 00:00 0 
64000000-64100000 rw-p 00000000 00:00 0 
64100000-64200000 rw-p 00000000 00:00 0 
64200000-64300000 rw-p 00000000 00:00 0 
64300000-64400000 rw-p 00000000 00:00 0 
64400000-64500000 rw-p 00000000 00:00 0 
64500000-64501000 r--s 00000000 08:04 6557986    /var/cache/fontconfig/4794a0821666d79190d59a36cb4f44b5-le32d4.cache-4
64501000-6450a000 r-xp 00000000 08:04 1447140    /usr/lib/i386-linux-gnu/libXrender.so.1.3.0
6450a000-6450b000 r--p 00008000 08:04 1447140    /usr/lib/i386-linux-gnu/libXrender.so.1.3.0
6450b000-6450c000 rw-p 00009000 08:04 1447140    /usr/lib/i386-linux-gnu/libXrender.so.1.3.0
6450c000-6450d000 r--s 00000000 08:04 6557981    /var/cache/fontconfig/56cf4f4769d0f4abc89a4895d7bd3ae1-le32d4.cache-4
6450d000-64521000 r--p 00000000 08:04 1842350    /usr/share/locale-langpack/zh_CN/LC_MESSAGES/libc.mo
64521000-64524000 ---p 00000000 00:00 0 
64524000-64572000 rw-p 00000000 00:00 0          [stack:8295]
64572000-64575000 ---p 00000000 00:00 0 
64575000-645c3000 rw-p 00000000 00:00 0          [stack:8294]
645c3000-6462e000 r--s 00685000 08:04 786764     /home/zhaoqunqi/.gradle/caches/modules-2/files-2.1/org.codehaus.groovy/groovy-all/2.3.7/feb6df9c6936c797159091a451ed8590d67101dc/groovy-all-2.3.7.jar
6462e000-6462f000 ---p 00000000 00:00 0 
6462f000-646af000 rw-p 00000000 00:00 0 
646af000-646b2000 ---p 00000000 00:00 0 
646b2000-64700000 rw-p 00000000 00:00 0          [stack:8292]
64700000-647fc000 rw-p 00000000 00:00 0 
647fc000-64800000 ---p 00000000 00:00 0 
64800000-64801000 r--s 00000000 08:04 6557980    /var/cache/fontconfig/b9d506c9ac06c20b433354fa67a72993-le32d4.cache-4
64801000-64802000 r--s 00000000 08:04 6557599    /var/cache/fontconfig/0c9eb80ebd1c36541ebe2852d3bb0c49-le32d4.cache-4
64802000-64805000 r--s 00000000 08:04 6562901    /var/cache/fontconfig/7ef2298fde41cc6eeb7af42e48b7d293-le32d4.cache-4
64805000-64807000 r-xp 00000000 08:04 1447105    /usr/lib/i386-linux-gnu/libXau.so.6.0.0
64807000-64808000 r--p 00001000 08:04 1447105    /usr/lib/i386-linux-gnu/libXau.so.6.0.0
64808000-64809000 rw-p 00002000 08:04 1447105    /usr/lib/i386-linux-gnu/libXau.so.6.0.0
64809000-64825000 r--s 00393000 08:04 6684909    /home/zhaoqunqi/software/java/jdk1.8.0_40/jre/lib/ext/cldrdata.jar
64825000-64828000 ---p 00000000 00:00 0 
64828000-648a6000 rw-p 00000000 00:00 0          [stack:8291]
648a6000-648a9000 ---p 00000000 00:00 0 
648a9000-64927000 rw-p 00000000 00:00 0          [stack:8290]
64927000-6492a000 ---p 00000000 00:00 0 
6492a000-64978000 rw-p 00000000 00:00 0 
64978000-64add000 r--p 001c8000 08:04 1450231    /usr/lib/locale/locale-archive
64add000-64cdd000 r--p 00000000 08:04 1450231    /usr/lib/locale/locale-archive
64cdd000-64ce0000 ---p 00000000 00:00 0 
64ce0000-64d2e000 rw-p 00000000 00:00 0          [stack:8288]
64d2e000-64d31000 ---p 00000000 00:00 0 
64d31000-64d7f000 rw-p 00000000 00:00 0          [stack:8287]
64d7f000-64d80000 ---p 00000000 00:00 0 
64d80000-64e00000 rw-p 00000000 00:00 0 
64e00000-64f00000 rw-p 00000000 00:00 0 
64f00000-64f05000 r-xp 00000000 08:04 1447146    /usr/lib/i386-linux-gnu/libXtst.so.6.1.0
64f05000-64f06000 r--p 00004000 08:04 1447146    /usr/lib/i386-linux-gnu/libXtst.so.6.1.0
64f06000-64f07000 rw-p 00005000 08:04 1447146    /usr/lib/i386-linux-gnu/libXtst.so.6.1.0
64f07000-64f0c000 r--s 002f8000 08:04 6168724    /home/zhaoqunqi/software/java/jdk1.8.0_40/jre/lib/charsets.jar
64f0c000-64f5b000 rw-p 00000000 00:00 0 
64f5b000-65132000 r--s 03cfa000 08:04 6168736    /home/zhaoqunqi/software/java/jdk1.8.0_40/jre/lib/rt.jar
65132000-65578000 rw-p 00000000 00:00 0 
65578000-6557e000 ---p 00000000 00:00 0 
6557e000-67900000 rw-p 00000000 00:00 0 
67900000-679f9000 rw-p 00000000 00:00 0 
679f9000-67a00000 ---p 00000000 00:00 0 
67a00000-67a13000 r--s 00344000 08:04 6168730    /home/zhaoqunqi/software/java/jdk1.8.0_40/jre/lib/resources.jar
67a13000-67a1d000 r--s 00116000 08:04 6684913    /home/zhaoqunqi/software/java/jdk1.8.0_40/jre/lib/ext/localedata.jar
67a1d000-67a24000 r--s 0003e000 08:04 786766     /home/zhaoqunqi/.gradle/caches/modules-2/files-2.1/org.sonatype.sisu.inject/cglib/2.2.1-v20090111/7ce5e983fd0e6c78346f4c9cbfa39d83049dda2/cglib-2.2.1-v20090111.jar
67a24000-67a7f000 rw-p 00000000 00:00 0 
67a7f000-67a80000 ---p 00000000 00:00 0 
67a80000-67b00000 rw-p 00000000 00:00 0          [stack:8285]
67b00000-67b21000 rw-p 00000000 00:00 0 
67b21000-67c00000 ---p 00000000 00:00 0 
67c00000-67c02000 r--s 00000000 08:04 6553696    /var/cache/fontconfig/e13b20fdb08344e0e664864cc2ede53d-le32d4.cache-4
67c02000-67c04000 r--s 00000000 08:04 786765     /home/zhaoqunqi/.gradle/caches/modules-2/files-2.1/aopalliance/aopalliance/1.0/235ba8b489512805ac13a8f9ea77a1ca5ebe3e8/aopalliance-1.0.jar
67c04000-67c13000 r--s 0009f000 08:04 786760     /home/zhaoqunqi/.gradle/caches/modules-2/files-2.1/com.google.inject/guice/3.0/9d84f15fe35e2c716a02979fb62f50a29f38aefa/guice-3.0.jar
67c13000-67c1c000 r--s 0006f000 08:04 786835     /home/zhaoqunqi/.gradle/caches/modules-2/files-2.1/log4j/log4j/1.2.17/5af35056b4d257e4b64b9e8069c0746e8b08629f/log4j-1.2.17.jar
67c1c000-67c34000 rw-p 00000000 00:00 0 
67c34000-67c35000 ---p 00000000 00:00 0 
67c35000-67ccb000 rw-p 00000000 00:00 0          [stack:8284]
67ccb000-67e06000 ---p 00000000 00:00 0 
67e06000-67e1c000 rw-p 00000000 00:00 0 
67e1c000-67f56000 ---p 00000000 00:00 0 
67f56000-67f7a000 rw-p 00000000 00:00 0 
67f7a000-67fff000 ---p 00000000 00:00 0 
67fff000-6aac0000 rw-p 00000000 00:00 0 
6aac0000-92180000 ---p 00000000 00:00 0 
92180000-96780000 rw-p 00000000 00:00 0 
96780000-a7200000 ---p 00000000 00:00 0 
a7200000-a7217000 rw-p 00000000 00:00 0 
a7217000-a75c0000 ---p 00000000 00:00 0 
a75c0000-a7b78000 rwxp 00000000 00:00 0 
a7b78000-b65c0000 ---p 00000000 00:00 0 
b65c0000-b65d9000 r-xp 00000000 08:04 6168714    /home/zhaoqunqi/software/java/jdk1.8.0_40/jre/lib/i386/libzip.so
b65d9000-b65da000 rw-p 00018000 08:04 6168714    /home/zhaoqunqi/software/java/jdk1.8.0_40/jre/lib/i386/libzip.so
b65da000-b65e5000 r-xp 00000000 08:04 4063263    /lib/i386-linux-gnu/libnss_files-2.19.so
b65e5000-b65e6000 r--p 0000a000 08:04 4063263    /lib/i386-linux-gnu/libnss_files-2.19.so
b65e6000-b65e7000 rw-p 0000b000 08:04 4063263    /lib/i386-linux-gnu/libnss_files-2.19.so
b65e7000-b65fc000 r-xp 00000000 08:04 4063327    /lib/i386-linux-gnu/libnsl-2.19.so
b65fc000-b65fd000 r--p 00015000 08:04 4063327    /lib/i386-linux-gnu/libnsl-2.19.so
b65fd000-b65fe000 rw-p 00016000 08:04 4063327    /lib/i386-linux-gnu/libnsl-2.19.so
b65fe000-b6600000 rw-p 00000000 00:00 0 
b6600000-b66fa000 rw-p 00000000 00:00 0 
b66fa000-b6700000 ---p 00000000 00:00 0 
b6700000-b6701000 r--s 0000a000 08:04 786767     /home/zhaoqunqi/.gradle/caches/modules-2/files-2.1/asm/asm/3.1/c157def142714c544bdea2e6144645702adf7097/asm-3.1.jar
b6701000-b6703000 r--s 00006000 08:04 786763     /home/zhaoqunqi/.gradle/caches/modules-2/files-2.1/org.slf4j/slf4j-api/1.7.7/2b8019b6249bb05d81d3a3094e468753e2b21311/slf4j-api-1.7.7.jar
b6703000-b6706000 r--s 00006000 08:04 786762     /home/zhaoqunqi/.gradle/caches/modules-2/files-2.1/com.google.code.findbugs/jsr305/3.0.0/5871fb60dc68d67da54a663c3fd636a10a532948/jsr305-3.0.0.jar
b6706000-b6710000 r-xp 00000000 08:04 4063330    /lib/i386-linux-gnu/libnss_nis-2.19.so
b6710000-b6711000 r--p 00009000 08:04 4063330    /lib/i386-linux-gnu/libnss_nis-2.19.so
b6711000-b6712000 rw-p 0000a000 08:04 4063330    /lib/i386-linux-gnu/libnss_nis-2.19.so
b6712000-b6719000 r-xp 00000000 08:04 4063322    /lib/i386-linux-gnu/libnss_compat-2.19.so
b6719000-b671a000 r--p 00006000 08:04 4063322    /lib/i386-linux-gnu/libnss_compat-2.19.so
b671a000-b671b000 rw-p 00007000 08:04 4063322    /lib/i386-linux-gnu/libnss_compat-2.19.so
b671b000-b671c000 r--s 00000000 08:04 786761     /home/zhaoqunqi/.gradle/caches/modules-2/files-2.1/javax.inject/javax.inject/1/6975da39a7040257bd51d21a231b76c915872d38/javax.inject-1.jar
b671c000-b671e000 r--s 00001000 08:04 786836     /home/zhaoqunqi/.gradle/caches/modules-2/files-2.1/org.slf4j/slf4j-log4j12/1.7.7/58f588119ffd1702c77ccab6acb54bfb41bed8bd/slf4j-log4j12-1.7.7.jar
b671e000-b6728000 r--s 00059000 08:04 786756     /home/zhaoqunqi/.gradle/caches/modules-2/files-2.1/org.codehaus.griffon/griffon-core/2.0.0/f1371a8185f915453af7d7fa14b68b901d84d3de/griffon-core-2.0.0.jar
b6728000-b6730000 rw-s 00000000 08:04 1048697    /tmp/hsperfdata_zhaoqunqi/8277 (deleted)
b6730000-b6753000 r-xp 00000000 08:04 6168709    /home/zhaoqunqi/software/java/jdk1.8.0_40/jre/lib/i386/libjava.so
b6753000-b6754000 rw-p 00023000 08:04 6168709    /home/zhaoqunqi/software/java/jdk1.8.0_40/jre/lib/i386/libjava.so
b6754000-b675b000 r-xp 00000000 08:04 4063326    /lib/i386-linux-gnu/librt-2.19.so
b675b000-b675c000 r--p 00006000 08:04 4063326    /lib/i386-linux-gnu/librt-2.19.so
b675c000-b675d000 rw-p 00007000 08:04 4063326    /lib/i386-linux-gnu/librt-2.19.so
b675d000-b6760000 ---p 00000000 00:00 0 
b6760000-b67ae000 rw-p 00000000 00:00 0          [stack:8283]
b67ae000-b67f2000 r-xp 00000000 08:04 4063328    /lib/i386-linux-gnu/libm-2.19.so
b67f2000-b67f3000 r--p 00043000 08:04 4063328    /lib/i386-linux-gnu/libm-2.19.so
b67f3000-b67f4000 rw-p 00044000 08:04 4063328    /lib/i386-linux-gnu/libm-2.19.so
b67f4000-b7146000 r-xp 00000000 08:04 6564952    /home/zhaoqunqi/software/java/jdk1.8.0_40/jre/lib/i386/server/libjvm.so
b7146000-b71b2000 rw-p 00951000 08:04 6564952    /home/zhaoqunqi/software/java/jdk1.8.0_40/jre/lib/i386/server/libjvm.so
b71b2000-b75d9000 rw-p 00000000 00:00 0 
b75d9000-b7782000 r-xp 00000000 08:04 4063333    /lib/i386-linux-gnu/libc-2.19.so
b7782000-b7783000 ---p 001a9000 08:04 4063333    /lib/i386-linux-gnu/libc-2.19.so
b7783000-b7785000 r--p 001a9000 08:04 4063333    /lib/i386-linux-gnu/libc-2.19.so
b7785000-b7786000 rw-p 001ab000 08:04 4063333    /lib/i386-linux-gnu/libc-2.19.so
b7786000-b7789000 rw-p 00000000 00:00 0 
b7789000-b778c000 r-xp 00000000 08:04 4067629    /lib/i386-linux-gnu/libdl-2.19.so
b778c000-b778d000 r--p 00002000 08:04 4067629    /lib/i386-linux-gnu/libdl-2.19.so
b778d000-b778e000 rw-p 00003000 08:04 4067629    /lib/i386-linux-gnu/libdl-2.19.so
b778e000-b77a2000 r-xp 00000000 08:04 5906971    /home/zhaoqunqi/software/java/jdk1.8.0_40/lib/i386/jli/libjli.so
b77a2000-b77a3000 rw-p 00013000 08:04 5906971    /home/zhaoqunqi/software/java/jdk1.8.0_40/lib/i386/jli/libjli.so
b77a3000-b77bb000 r-xp 00000000 08:04 4067513    /lib/i386-linux-gnu/libpthread-2.19.so
b77bb000-b77bc000 r--p 00017000 08:04 4067513    /lib/i386-linux-gnu/libpthread-2.19.so
b77bc000-b77bd000 rw-p 00018000 08:04 4067513    /lib/i386-linux-gnu/libpthread-2.19.so
b77bd000-b77c0000 rw-p 00000000 00:00 0 
b77c0000-b77c2000 r--s 00010000 08:04 786759     /home/zhaoqunqi/.gradle/caches/modules-2/files-2.1/org.codehaus.griffon/griffon-groovy/2.0.0/6a4d48a2a30b7f770c1018898e05ca2ed5291d90/griffon-groovy-2.0.0.jar
b77c2000-b77c3000 r--s 00004000 08:04 786758     /home/zhaoqunqi/.gradle/caches/modules-2/files-2.1/org.codehaus.griffon/griffon-swing-groovy/2.0.0/2be83796b9128d50ad16c4f2efd9d721d430b137/griffon-swing-groovy-2.0.0.jar
b77c3000-b77c6000 r--s 00019000 08:04 786757     /home/zhaoqunqi/.gradle/caches/modules-2/files-2.1/org.codehaus.griffon/griffon-swing/2.0.0/cebe0e7be35a10a529fa41c3b899898b757fed78/griffon-swing-2.0.0.jar
b77c6000-b77c7000 r--s 00004000 08:04 786755     /home/zhaoqunqi/.gradle/caches/modules-2/files-2.1/org.codehaus.griffon/griffon-guice/2.0.0/928ce9f5b6521507bceffa42aa74eb214cc374d/griffon-guice-2.0.0.jar
b77c7000-b77c8000 rw-p 00000000 00:00 0 
b77c8000-b77c9000 ---p 00000000 00:00 0 
b77c9000-b77d4000 r-xp 00000000 08:04 6168670    /home/zhaoqunqi/software/java/jdk1.8.0_40/jre/lib/i386/libverify.so
b77d4000-b77d5000 rw-p 0000b000 08:04 6168670    /home/zhaoqunqi/software/java/jdk1.8.0_40/jre/lib/i386/libverify.so
b77d5000-b77d7000 rw-p 00000000 00:00 0 
b77d7000-b77d8000 r-xp 00000000 00:00 0          [vdso]
b77d8000-b77f8000 r-xp 00000000 08:04 4067628    /lib/i386-linux-gnu/ld-2.19.so
b77f8000-b77f9000 r--p 0001f000 08:04 4067628    /lib/i386-linux-gnu/ld-2.19.so
b77f9000-b77fa000 rw-p 00020000 08:04 4067628    /lib/i386-linux-gnu/ld-2.19.so
bfd2d000-bfd2e000 rwxp 00000000 00:00 0 
bfd5f000-bfd81000 rw-p 00000000 00:00 0          [stack]

VM Arguments:
jvm_args: -Dfile.encoding=UTF-8 
java_command: com.shake.Launcher
java_class_path (initial): /home/zhaoqunqi/griffon/console/build/classes/main:/home/zhaoqunqi/griffon/console/build/resources/main:/home/zhaoqunqi/.gradle/caches/modules-2/files-2.1/org.codehaus.griffon/griffon-guice/2.0.0/928ce9f5b6521507bceffa42aa74eb214cc374d/griffon-guice-2.0.0.jar:/home/zhaoqunqi/.gradle/caches/modules-2/files-2.1/org.codehaus.griffon/griffon-core/2.0.0/f1371a8185f915453af7d7fa14b68b901d84d3de/griffon-core-2.0.0.jar:/home/zhaoqunqi/.gradle/caches/modules-2/files-2.1/org.codehaus.griffon/griffon-swing/2.0.0/cebe0e7be35a10a529fa41c3b899898b757fed78/griffon-swing-2.0.0.jar:/home/zhaoqunqi/.gradle/caches/modules-2/files-2.1/org.codehaus.griffon/griffon-swing-groovy/2.0.0/2be83796b9128d50ad16c4f2efd9d721d430b137/griffon-swing-groovy-2.0.0.jar:/home/zhaoqunqi/.gradle/caches/modules-2/files-2.1/org.codehaus.griffon/griffon-groovy/2.0.0/6a4d48a2a30b7f770c1018898e05ca2ed5291d90/griffon-groovy-2.0.0.jar:/home/zhaoqunqi/.gradle/caches/modules-2/files-2.1/log4j/log4j/1.2.17/5af35056b4d257e4b64b9e8069c0746e8b08629f/log4j-1.2.17.jar:/home/zhaoqunqi/.gradle/caches/modules-2/files-2.1/org.slf4j/slf4j-log4j12/1.7.7/58f588119ffd1702c77ccab6acb54bfb41bed8bd/slf4j-log4j12-1.7.7.jar:/home/zhaoqunqi/.gradle/caches/modules-2/files-2.1/com.google.inject/guice/3.0/9d84f15fe35e2c716a02979fb62f50a29f38aefa/guice-3.0.jar:/home/zhaoqunqi/.gradle/caches/modules-2/files-2.1/javax.inject/javax.inject/1/6975da39a7040257bd51d21a231b76c915872d38/javax.inject-1.jar:/home/zhaoqunqi/.gradle/caches/modules-2/files-2.1/com.google.code.findbugs/jsr305/3.0.0/5871fb60dc68d67da54a663c3fd636a10a532948/jsr305-3.0.0.jar:/home/zhaoqunqi/.gradle/caches/modules-2/files-2.1/org.slf4j/slf4j-api/1.7.7/2b8019b6249bb05d81d3a3094e468753e2b21311/slf4j-api-1.7.7.jar:/home/zhaoqunqi/.gradle/caches/modules-2/files-2.1/org.codehaus.groovy/groovy-all/2.3.7/feb6df9c6936c797159091a451ed8590d67101dc/groovy-all-2.3.7.jar:/home/zhaoqunqi/.gradle/caches/modules-2/files-2.1/aopalliance/aopalliance/1.0/235ba8b4
Launcher Type: SUN_STANDARD

Environment Variables:
PATH=/usr/local/sbin:/usr/local/bin:/usr/sbin:/usr/bin:/sbin:/bin:/usr/games:/usr/local/games
LD_LIBRARY_PATH=/home/zhaoqunqi/software/java/jdk1.8.0_40/jre/lib/i386/server:/home/zhaoqunqi/software/java/jdk1.8.0_40/jre/lib/i386:/home/zhaoqunqi/software/java/jdk1.8.0_40/jre/../lib/i386:/home/zhaoqunqi/software/grails/ggts-3.6.1.RELEASE/jre/lib/i386/client:/home/zhaoqunqi/software/grails/ggts-3.6.1.RELEASE/jre/lib/i386:
SHELL=/bin/bash
DISPLAY=:0

Signal Handlers:
SIGSEGV: [libjvm.so+0x8a3950], sa_mask[0]=11111111011111111101111111111110, sa_flags=SA_RESTART|SA_SIGINFO
SIGBUS: [libjvm.so+0x8a3950], sa_mask[0]=11111111011111111101111111111110, sa_flags=SA_RESTART|SA_SIGINFO
SIGFPE: [libjvm.so+0x727200], sa_mask[0]=11111111011111111101111111111110, sa_flags=SA_RESTART|SA_SIGINFO
SIGPIPE: [libjvm.so+0x727200], sa_mask[0]=11111111011111111101111111111110, sa_flags=SA_RESTART|SA_SIGINFO
SIGXFSZ: [libjvm.so+0x727200], sa_mask[0]=11111111011111111101111111111110, sa_flags=SA_RESTART|SA_SIGINFO
SIGILL: [libjvm.so+0x727200], sa_mask[0]=11111111011111111101111111111110, sa_flags=SA_RESTART|SA_SIGINFO
SIGUSR1: SIG_DFL, sa_mask[0]=00000000000000000000000000000000, sa_flags=none
SIGUSR2: [libjvm.so+0x728770], sa_mask[0]=00100000000000000000000000000000, sa_flags=SA_RESTART|SA_SIGINFO
SIGHUP: [libjvm.so+0x7297b0], sa_mask[0]=11111111011111111101111111111110, sa_flags=SA_RESTART|SA_SIGINFO
SIGINT: [libjvm.so+0x7297b0], sa_mask[0]=11111111011111111101111111111110, sa_flags=SA_RESTART|SA_SIGINFO
SIGTERM: [libjvm.so+0x7297b0], sa_mask[0]=11111111011111111101111111111110, sa_flags=SA_RESTART|SA_SIGINFO
SIGQUIT: [libjvm.so+0x7297b0], sa_mask[0]=11111111011111111101111111111110, sa_flags=SA_RESTART|SA_SIGINFO


---------------  S Y S T E M  ---------------

OS:DISTRIB_ID=Ubuntu
DISTRIB_RELEASE=14.04
DISTRIB_CODENAME=trusty
DISTRIB_DESCRIPTION="Ubuntu 14.04.1 LTS"

uname:Linux 3.13.0-37-generic #64-Ubuntu SMP Mon Sep 22 21:30:01 UTC 2014 i686
libc:glibc 2.19 NPTL 2.19 
rlimit: STACK 8192k, CORE 0k, NPROC 32118, NOFILE 4096, AS infinity
load average:1.87 1.17 0.97

/proc/meminfo:
MemTotal:        4130300 kB
MemFree:          200008 kB
Buffers:           36160 kB
Cached:           497172 kB
SwapCached:         5136 kB
Active:          2700492 kB
Inactive:         991180 kB
Active(anon):    2441152 kB
Inactive(anon):   756768 kB
Active(file):     259340 kB
Inactive(file):   234412 kB
Unevictable:          32 kB
Mlocked:              32 kB
HighTotal:       3280616 kB
HighFree:          41528 kB
LowTotal:         849684 kB
LowFree:          158480 kB
SwapTotal:       3998716 kB
SwapFree:        3969196 kB
Dirty:               848 kB
Writeback:             0 kB
AnonPages:       3153392 kB
Mapped:           266064 kB
Shmem:             39580 kB
Slab:              73928 kB
SReclaimable:      50888 kB
SUnreclaim:        23040 kB
KernelStack:        6072 kB
PageTables:        18816 kB
NFS_Unstable:          0 kB
Bounce:                0 kB
WritebackTmp:          0 kB
CommitLimit:     6063864 kB
Committed_AS:    7924536 kB
VmallocTotal:     122880 kB
VmallocUsed:       22980 kB
VmallocChunk:      47684 kB
HardwareCorrupted:     0 kB
AnonHugePages:   1966080 kB
HugePages_Total:       0
HugePages_Free:        0
HugePages_Rsvd:        0
HugePages_Surp:        0
Hugepagesize:       2048 kB
DirectMap4k:       18424 kB
DirectMap2M:      894976 kB


CPU:total 2 (2 cores per cpu, 1 threads per core) family 6 model 23 stepping 10, cmov, cx8, fxsr, mmx, sse, sse2, sse3, ssse3, sse4.1, tsc

/proc/cpuinfo:
processor	: 0
vendor_id	: GenuineIntel
cpu family	: 6
model		: 23
model name	: Intel(R) Core(TM)2 Duo CPU     T6600  @ 2.20GHz
stepping	: 10
microcode	: 0xa07
cpu MHz		: 2200.000
cache size	: 2048 KB
physical id	: 0
siblings	: 2
core id		: 0
cpu cores	: 2
apicid		: 0
initial apicid	: 0
fdiv_bug	: no
f00f_bug	: no
coma_bug	: no
fpu		: yes
fpu_exception	: yes
cpuid level	: 13
wp		: yes
flags		: fpu vme de pse tsc msr pae mce cx8 apic sep mtrr pge mca cmov pat pse36 clflush dts acpi mmx fxsr sse sse2 ss ht tm pbe nx lm constant_tsc arch_perfmon pebs bts aperfmperf pni dtes64 monitor ds_cpl est tm2 ssse3 cx16 xtpr pdcm sse4_1 xsave lahf_lm dtherm
bogomips	: 4398.97
clflush size	: 64
cache_alignment	: 64
address sizes	: 36 bits physical, 48 bits virtual
power management:

processor	: 1
vendor_id	: GenuineIntel
cpu family	: 6
model		: 23
model name	: Intel(R) Core(TM)2 Duo CPU     T6600  @ 2.20GHz
stepping	: 10
microcode	: 0xa07
cpu MHz		: 2200.000
cache size	: 2048 KB
physical id	: 0
siblings	: 2
core id		: 1
cpu cores	: 2
apicid		: 1
initial apicid	: 1
fdiv_bug	: no
f00f_bug	: no
coma_bug	: no
fpu		: yes
fpu_exception	: yes
cpuid level	: 13
wp		: yes
flags		: fpu vme de pse tsc msr pae mce cx8 apic sep mtrr pge mca cmov pat pse36 clflush dts acpi mmx fxsr sse sse2 ss ht tm pbe nx lm constant_tsc arch_perfmon pebs bts aperfmperf pni dtes64 monitor ds_cpl est tm2 ssse3 cx16 xtpr pdcm sse4_1 xsave lahf_lm dtherm
bogomips	: 4398.97
clflush size	: 64
cache_alignment	: 64
address sizes	: 36 bits physical, 48 bits virtual
power management:



Memory: 4k page, physical 4130300k(200008k free), swap 3998716k(3969196k free)

vm_info: Java HotSpot(TM) Server VM (25.40-b15) for linux-x86 JRE (1.8.0_40-ea-b11), built on Oct 21 2014 23:27:05 by "java_re" with gcc 4.3.0 20080428 (Red Hat 4.3.0-8)

time: Sun Oct 26 22:30:14 2014
elapsed time: 6 seconds (0d 0h 0m 6s)

